[0.027s] Invoking command in '/home/lsw155linuxbox/justbaked/justbaked/build/gazebo': CMAKE_PREFIX_PATH=${CMAKE_PREFIX_PATH}:/opt/ros/jazzy DEBUGINFOD_URLS=https://debuginfod.ubuntu.com /usr/bin/cmake --build /home/lsw155linuxbox/justbaked/justbaked/build/gazebo -- -j8 -l8
[0.075s] Invoked command in '/home/lsw155linuxbox/justbaked/justbaked/build/gazebo' returned '0': CMAKE_PREFIX_PATH=${CMAKE_PREFIX_PATH}:/opt/ros/jazzy DEBUGINFOD_URLS=https://debuginfod.ubuntu.com /usr/bin/cmake --build /home/lsw155linuxbox/justbaked/justbaked/build/gazebo -- -j8 -l8
[0.087s] Invoking command in '/home/lsw155linuxbox/justbaked/justbaked/build/gazebo': CMAKE_PREFIX_PATH=${CMAKE_PREFIX_PATH}:/opt/ros/jazzy DEBUGINFOD_URLS=https://debuginfod.ubuntu.com /usr/bin/cmake --install /home/lsw155linuxbox/justbaked/justbaked/build/gazebo
[0.097s] -- Install configuration: ""
[0.097s] -- Up-to-date: /home/lsw155linuxbox/justbaked/justbaked/install/gazebo/share/gazebo/launch
[0.097s] -- Up-to-date: /home/lsw155linuxbox/justbaked/justbaked/install/gazebo/share/gazebo/launch/world.launch.py
[0.097s] -- Up-to-date: /home/lsw155linuxbox/justbaked/justbaked/install/gazebo/share/gazebo/launch/spawn_robot.launch.py
[0.098s] -- Up-to-date: /home/lsw155linuxbox/justbaked/justbaked/install/gazebo/share/gazebo/worlds
[0.098s] -- Up-to-date: /home/lsw155linuxbox/justbaked/justbaked/install/gazebo/share/gazebo/worlds/firearena.sdf
[0.098s] -- Up-to-date: /home/lsw155linuxbox/justbaked/justbaked/install/gazebo/share/ament_index/resource_index/package_run_dependencies/gazebo
[0.098s] -- Up-to-date: /home/lsw155linuxbox/justbaked/justbaked/install/gazebo/share/ament_index/resource_index/parent_prefix_path/gazebo
[0.099s] -- Up-to-date: /home/lsw155linuxbox/justbaked/justbaked/install/gazebo/share/gazebo/environment/ament_prefix_path.sh
[0.099s] -- Up-to-date: /home/lsw155linuxbox/justbaked/justbaked/install/gazebo/share/gazebo/environment/ament_prefix_path.dsv
[0.099s] -- Up-to-date: /home/lsw155linuxbox/justbaked/justbaked/install/gazebo/share/gazebo/environment/path.sh
[0.100s] -- Up-to-date: /home/lsw155linuxbox/justbaked/justbaked/install/gazebo/share/gazebo/environment/path.dsv
[0.100s] -- Up-to-date: /home/lsw155linuxbox/justbaked/justbaked/install/gazebo/share/gazebo/local_setup.bash
[0.100s] -- Up-to-date: /home/lsw155linuxbox/justbaked/justbaked/install/gazebo/share/gazebo/local_setup.sh
[0.101s] -- Up-to-date: /home/lsw155linuxbox/justbaked/justbaked/install/gazebo/share/gazebo/local_setup.zsh
[0.101s] -- Up-to-date: /home/lsw155linuxbox/justbaked/justbaked/install/gazebo/share/gazebo/local_setup.dsv
[0.101s] -- Installing: /home/lsw155linuxbox/justbaked/justbaked/install/gazebo/share/gazebo/package.dsv
[0.102s] -- Up-to-date: /home/lsw155linuxbox/justbaked/justbaked/install/gazebo/share/ament_index/resource_index/packages/gazebo
[0.102s] -- Up-to-date: /home/lsw155linuxbox/justbaked/justbaked/install/gazebo/share/gazebo/cmake/gazeboConfig.cmake
[0.102s] -- Up-to-date: /home/lsw155linuxbox/justbaked/justbaked/install/gazebo/share/gazebo/cmake/gazeboConfig-version.cmake
[0.102s] -- Up-to-date: /home/lsw155linuxbox/justbaked/justbaked/install/gazebo/share/gazebo/package.xml
[0.111s] Invoked command in '/home/lsw155linuxbox/justbaked/justbaked/build/gazebo' returned '0': CMAKE_PREFIX_PATH=${CMAKE_PREFIX_PATH}:/opt/ros/jazzy DEBUGINFOD_URLS=https://debuginfod.ubuntu.com /usr/bin/cmake --install /home/lsw155linuxbox/justbaked/justbaked/build/gazebo
