[0.057s] Invoking command in '/home/ieee/justbaked/justbaked/build/turtlebot4_navigation': CMAKE_PREFIX_PATH=${CMAKE_PREFIX_PATH}:/opt/ros/jazzy DEBUGINFOD_URLS=https://debuginfod.ubuntu.com /usr/bin/cmake --build /home/ieee/justbaked/justbaked/build/turtlebot4_navigation -- -j4 -l4
[0.245s] Built target ament_cmake_python_symlink_turtlebot4_navigation
[0.672s] running egg_info
[0.723s] writing turtlebot4_navigation.egg-info/PKG-INFO
[0.724s] writing dependency_links to turtlebot4_navigation.egg-info/dependency_links.txt
[0.724s] writing top-level names to turtlebot4_navigation.egg-info/top_level.txt
[0.833s] reading manifest file 'turtlebot4_navigation.egg-info/SOURCES.txt'
[0.835s] writing manifest file 'turtlebot4_navigation.egg-info/SOURCES.txt'
[0.944s] Built target ament_cmake_python_build_turtlebot4_navigation_egg
[0.974s] Invoked command in '/home/ieee/justbaked/justbaked/build/turtlebot4_navigation' returned '0': CMAKE_PREFIX_PATH=${CMAKE_PREFIX_PATH}:/opt/ros/jazzy DEBUGINFOD_URLS=https://debuginfod.ubuntu.com /usr/bin/cmake --build /home/ieee/justbaked/justbaked/build/turtlebot4_navigation -- -j4 -l4
[0.977s] Invoking command in '/home/ieee/justbaked/justbaked/build/turtlebot4_navigation': CMAKE_PREFIX_PATH=${CMAKE_PREFIX_PATH}:/opt/ros/jazzy DEBUGINFOD_URLS=https://debuginfod.ubuntu.com /usr/bin/cmake --install /home/ieee/justbaked/justbaked/build/turtlebot4_navigation
[1.003s] -- Install configuration: ""
[1.003s] -- Execute custom install script
[1.005s] -- Up-to-date symlink: /home/ieee/justbaked/justbaked/install/turtlebot4_navigation/lib/turtlebot4_navigation/TankDemo.py
[1.007s] -- Up-to-date symlink: /home/ieee/justbaked/justbaked/install/turtlebot4_navigation/share/turtlebot4_navigation/config/localization.yaml
[1.009s] -- Up-to-date symlink: /home/ieee/justbaked/justbaked/install/turtlebot4_navigation/share/turtlebot4_navigation/config/nav2.yaml
[1.011s] -- Up-to-date symlink: /home/ieee/justbaked/justbaked/install/turtlebot4_navigation/share/turtlebot4_navigation/config/slam.yaml
[1.013s] -- Up-to-date symlink: /home/ieee/justbaked/justbaked/install/turtlebot4_navigation/share/turtlebot4_navigation/launch/.lgd-nfy0
[1.015s] -- Up-to-date symlink: /home/ieee/justbaked/justbaked/install/turtlebot4_navigation/share/turtlebot4_navigation/launch/full_system_launch.py
[1.015s] -- Up-to-date symlink: /home/ieee/justbaked/justbaked/install/turtlebot4_navigation/share/turtlebot4_navigation/launch/localization.launch.py
[1.015s] -- Up-to-date symlink: /home/ieee/justbaked/justbaked/install/turtlebot4_navigation/share/turtlebot4_navigation/launch/nav2.launch.py
[1.016s] -- Up-to-date symlink: /home/ieee/justbaked/justbaked/install/turtlebot4_navigation/share/turtlebot4_navigation/launch/slam.launch.py
[1.016s] -- Up-to-date symlink: /home/ieee/justbaked/justbaked/install/turtlebot4_navigation/share/turtlebot4_navigation/launch/tank_mov.launch.py
[1.017s] -- Up-to-date symlink: /home/ieee/justbaked/justbaked/install/turtlebot4_navigation/share/turtlebot4_navigation/maps/depot.pgm
[1.018s] -- Up-to-date symlink: /home/ieee/justbaked/justbaked/install/turtlebot4_navigation/share/turtlebot4_navigation/maps/depot.yaml
[1.019s] -- Up-to-date symlink: /home/ieee/justbaked/justbaked/install/turtlebot4_navigation/share/turtlebot4_navigation/maps/maze.pgm
[1.019s] -- Up-to-date symlink: /home/ieee/justbaked/justbaked/install/turtlebot4_navigation/share/turtlebot4_navigation/maps/maze.yaml
[1.020s] -- Up-to-date symlink: /home/ieee/justbaked/justbaked/install/turtlebot4_navigation/share/turtlebot4_navigation/maps/warehouse.pgm
[1.021s] -- Up-to-date symlink: /home/ieee/justbaked/justbaked/install/turtlebot4_navigation/share/turtlebot4_navigation/maps/warehouse.yaml
[1.021s] -- Up-to-date symlink: /home/ieee/justbaked/justbaked/install/turtlebot4_navigation/share/turtlebot4_navigation/turtlebot4_navigation/TankDemo.py
[1.022s] -- Up-to-date symlink: /home/ieee/justbaked/justbaked/install/turtlebot4_navigation/share/turtlebot4_navigation/turtlebot4_navigation/__init__.py
[1.023s] -- Up-to-date symlink: /home/ieee/justbaked/justbaked/install/turtlebot4_navigation/share/turtlebot4_navigation/turtlebot4_navigation/turtlebot4_navigator.py
[1.025s] -- Up-to-date symlink: /home/ieee/justbaked/justbaked/install/turtlebot4_navigation/share/turtlebot4_navigation/environment/pythonpath.sh
[1.025s] -- Up-to-date symlink: /home/ieee/justbaked/justbaked/install/turtlebot4_navigation/share/turtlebot4_navigation/environment/pythonpath.dsv
[1.026s] -- Up-to-date symlink: /home/ieee/justbaked/justbaked/install/turtlebot4_navigation/lib/python3.12/site-packages/turtlebot4_navigation-2.0.1-py3.12.egg-info/PKG-INFO
[1.028s] -- Up-to-date symlink: /home/ieee/justbaked/justbaked/install/turtlebot4_navigation/lib/python3.12/site-packages/turtlebot4_navigation-2.0.1-py3.12.egg-info/SOURCES.txt
[1.028s] -- Up-to-date symlink: /home/ieee/justbaked/justbaked/install/turtlebot4_navigation/lib/python3.12/site-packages/turtlebot4_navigation-2.0.1-py3.12.egg-info/dependency_links.txt
[1.029s] -- Up-to-date symlink: /home/ieee/justbaked/justbaked/install/turtlebot4_navigation/lib/python3.12/site-packages/turtlebot4_navigation-2.0.1-py3.12.egg-info/top_level.txt
[1.030s] -- Up-to-date symlink: /home/ieee/justbaked/justbaked/install/turtlebot4_navigation/lib/python3.12/site-packages/turtlebot4_navigation/TankDemo.py
[1.030s] -- Up-to-date symlink: /home/ieee/justbaked/justbaked/install/turtlebot4_navigation/lib/python3.12/site-packages/turtlebot4_navigation/__init__.py
[1.032s] -- Up-to-date symlink: /home/ieee/justbaked/justbaked/install/turtlebot4_navigation/lib/python3.12/site-packages/turtlebot4_navigation/turtlebot4_navigator.py
[1.032s] -- Up-to-date symlink: /home/ieee/justbaked/justbaked/install/turtlebot4_navigation/lib/python3.12/site-packages/turtlebot4_navigator.py
[1.036s] -- Up-to-date symlink: /home/ieee/justbaked/justbaked/install/turtlebot4_navigation/share/ament_index/resource_index/package_run_dependencies/turtlebot4_navigation
[1.037s] -- Up-to-date symlink: /home/ieee/justbaked/justbaked/install/turtlebot4_navigation/share/ament_index/resource_index/parent_prefix_path/turtlebot4_navigation
[1.038s] -- Up-to-date symlink: /home/ieee/justbaked/justbaked/install/turtlebot4_navigation/share/turtlebot4_navigation/environment/ament_prefix_path.sh
[1.039s] -- Up-to-date symlink: /home/ieee/justbaked/justbaked/install/turtlebot4_navigation/share/turtlebot4_navigation/environment/ament_prefix_path.dsv
[1.040s] -- Up-to-date symlink: /home/ieee/justbaked/justbaked/install/turtlebot4_navigation/share/turtlebot4_navigation/environment/path.sh
[1.042s] -- Up-to-date symlink: /home/ieee/justbaked/justbaked/install/turtlebot4_navigation/share/turtlebot4_navigation/environment/path.dsv
[1.042s] -- Up-to-date symlink: /home/ieee/justbaked/justbaked/install/turtlebot4_navigation/share/turtlebot4_navigation/local_setup.bash
[1.044s] -- Up-to-date symlink: /home/ieee/justbaked/justbaked/install/turtlebot4_navigation/share/turtlebot4_navigation/local_setup.sh
[1.045s] -- Up-to-date symlink: /home/ieee/justbaked/justbaked/install/turtlebot4_navigation/share/turtlebot4_navigation/local_setup.zsh
[1.045s] -- Up-to-date symlink: /home/ieee/justbaked/justbaked/install/turtlebot4_navigation/share/turtlebot4_navigation/local_setup.dsv
[1.046s] -- Symlinking: /home/ieee/justbaked/justbaked/install/turtlebot4_navigation/share/turtlebot4_navigation/package.dsv
[1.067s] -- Up-to-date symlink: /home/ieee/justbaked/justbaked/install/turtlebot4_navigation/share/ament_index/resource_index/packages/turtlebot4_navigation
[1.068s] -- Up-to-date symlink: /home/ieee/justbaked/justbaked/install/turtlebot4_navigation/share/turtlebot4_navigation/cmake/turtlebot4_navigationConfig.cmake
[1.068s] -- Up-to-date symlink: /home/ieee/justbaked/justbaked/install/turtlebot4_navigation/share/turtlebot4_navigation/cmake/turtlebot4_navigationConfig-version.cmake
[1.068s] -- Up-to-date symlink: /home/ieee/justbaked/justbaked/install/turtlebot4_navigation/share/turtlebot4_navigation/package.xml
[1.130s] Listing '/home/ieee/justbaked/justbaked/install/turtlebot4_navigation/lib/python3.12/site-packages/turtlebot4_navigation'...
[1.214s] Invoked command in '/home/ieee/justbaked/justbaked/build/turtlebot4_navigation' returned '0': CMAKE_PREFIX_PATH=${CMAKE_PREFIX_PATH}:/opt/ros/jazzy DEBUGINFOD_URLS=https://debuginfod.ubuntu.com /usr/bin/cmake --install /home/ieee/justbaked/justbaked/build/turtlebot4_navigation
