[0.028s] Invoking command in '/home/jack/justbaked/justbaked/build/justbaked': CMAKE_PREFIX_PATH=${CMAKE_PREFIX_PATH}:/opt/ros/jazzy DEBUGINFOD_URLS=https://debuginfod.ubuntu.com /usr/bin/cmake /home/jack/justbaked/justbaked -DAMENT_CMAKE_SYMLINK_INSTALL=1 -DCMAKE_INSTALL_PREFIX=/home/jack/justbaked/justbaked/install/justbaked
[0.061s] -- Found ament_cmake: 2.5.3 (/opt/ros/jazzy/share/ament_cmake/cmake)
[0.554s] -- Override CMake install command with custom implementation using symlinks instead of copying resources
[0.572s] -- Found ament_lint_auto: 0.17.1 (/opt/ros/jazzy/share/ament_lint_auto/cmake)
[0.801s] -- Added test 'copyright' to check source files copyright and LICENSE
[0.824s] -- Added test 'cppcheck' to perform static code analysis on C / C++ code
[0.824s] -- Configured cppcheck include dirs: 
[0.825s] -- Configured cppcheck exclude dirs and/or files: 
[0.848s] -- Added test 'cpplint' to check C / C++ code against the Google style
[0.849s] -- Configured cpplint exclude dirs and/or files: 
[0.852s] -- Added test 'flake8' to check Python code syntax and style conventions
[0.852s] -- Configured 'flake8' exclude dirs and/or files: 
[0.859s] -- Added test 'lint_cmake' to check CMake code style
[0.862s] -- Added test 'pep257' to check Python code against some of the docstring style conventions in PEP 257
[0.883s] -- Added test 'uncrustify' to check C / C++ code style
[0.884s] -- Configured uncrustify additional arguments: 
[0.887s] -- Added test 'xmllint' to check XML markup files
[0.889s] -- Configuring done (0.8s)
[0.896s] -- Generating done (0.0s)
[0.900s] -- Build files have been written to: /home/jack/justbaked/justbaked/build/justbaked
[0.914s] Invoked command in '/home/jack/justbaked/justbaked/build/justbaked' returned '0': CMAKE_PREFIX_PATH=${CMAKE_PREFIX_PATH}:/opt/ros/jazzy DEBUGINFOD_URLS=https://debuginfod.ubuntu.com /usr/bin/cmake /home/jack/justbaked/justbaked -DAMENT_CMAKE_SYMLINK_INSTALL=1 -DCMAKE_INSTALL_PREFIX=/home/jack/justbaked/justbaked/install/justbaked
[0.915s] Invoking command in '/home/jack/justbaked/justbaked/build/justbaked': CMAKE_PREFIX_PATH=${CMAKE_PREFIX_PATH}:/opt/ros/jazzy DEBUGINFOD_URLS=https://debuginfod.ubuntu.com /usr/bin/cmake --build /home/jack/justbaked/justbaked/build/justbaked -- -j4 -l4
[0.989s] Invoked command in '/home/jack/justbaked/justbaked/build/justbaked' returned '0': CMAKE_PREFIX_PATH=${CMAKE_PREFIX_PATH}:/opt/ros/jazzy DEBUGINFOD_URLS=https://debuginfod.ubuntu.com /usr/bin/cmake --build /home/jack/justbaked/justbaked/build/justbaked -- -j4 -l4
[1.011s] Invoking command in '/home/jack/justbaked/justbaked/build/justbaked': CMAKE_PREFIX_PATH=${CMAKE_PREFIX_PATH}:/opt/ros/jazzy DEBUGINFOD_URLS=https://debuginfod.ubuntu.com /usr/bin/cmake --install /home/jack/justbaked/justbaked/build/justbaked
[1.032s] [31mCMake Error at ament_cmake_symlink_install/ament_cmake_symlink_install.cmake:100 (message):
[1.033s]   ament_cmake_symlink_install_directory() can't find
[1.035s]   '/home/jack/justbaked/justbaked/config'
[1.036s] Call Stack (most recent call first):
[1.036s]   ament_cmake_symlink_install/ament_cmake_symlink_install.cmake:314 (ament_cmake_symlink_install_directory)
[1.037s]   cmake_install.cmake:46 (include)
[1.037s] 
[1.037s] [0m
[1.038s] -- Install configuration: ""
[1.038s] -- Execute custom install script
[1.040s] Invoked command in '/home/jack/justbaked/justbaked/build/justbaked' returned '1': CMAKE_PREFIX_PATH=${CMAKE_PREFIX_PATH}:/opt/ros/jazzy DEBUGINFOD_URLS=https://debuginfod.ubuntu.com /usr/bin/cmake --install /home/jack/justbaked/justbaked/build/justbaked
