[0.037s] Invoking command in '/home/ieee/justbaked/justbaked/build/temp_sens': CMAKE_PREFIX_PATH=${CMAKE_PREFIX_PATH}:/opt/ros/jazzy DEBUGINFOD_URLS=https://debuginfod.ubuntu.com /usr/bin/cmake --build /home/ieee/justbaked/justbaked/build/temp_sens -- -j4 -l4
[0.382s] Built target ament_cmake_python_symlink_temp_sens
[1.018s] running egg_info
[1.077s] writing temp_sens.egg-info/PKG-INFO
[1.078s] writing dependency_links to temp_sens.egg-info/dependency_links.txt
[1.079s] writing top-level names to temp_sens.egg-info/top_level.txt
[1.233s] reading manifest file 'temp_sens.egg-info/SOURCES.txt'
[1.234s] writing manifest file 'temp_sens.egg-info/SOURCES.txt'
[1.361s] Built target ament_cmake_python_build_temp_sens_egg
[1.391s] Invoked command in '/home/ieee/justbaked/justbaked/build/temp_sens' returned '0': CMAKE_PREFIX_PATH=${CMAKE_PREFIX_PATH}:/opt/ros/jazzy DEBUGINFOD_URLS=https://debuginfod.ubuntu.com /usr/bin/cmake --build /home/ieee/justbaked/justbaked/build/temp_sens -- -j4 -l4
[1.392s] Invoking command in '/home/ieee/justbaked/justbaked/build/temp_sens': CMAKE_PREFIX_PATH=${CMAKE_PREFIX_PATH}:/opt/ros/jazzy DEBUGINFOD_URLS=https://debuginfod.ubuntu.com /usr/bin/cmake --install /home/ieee/justbaked/justbaked/build/temp_sens
[1.419s] -- Install configuration: ""
[1.423s] -- Execute custom install script
[1.426s] -- Up-to-date symlink: /home/ieee/justbaked/justbaked/install/temp_sens/lib/temp_sens/mlx90614_node.py
[1.426s] -- Up-to-date symlink: /home/ieee/justbaked/justbaked/install/temp_sens/share/temp_sens/environment/pythonpath.sh
[1.426s] -- Up-to-date symlink: /home/ieee/justbaked/justbaked/install/temp_sens/share/temp_sens/environment/pythonpath.dsv
[1.427s] -- Up-to-date symlink: /home/ieee/justbaked/justbaked/install/temp_sens/lib/python3.12/site-packages/temp_sens-0.0.0-py3.12.egg-info/PKG-INFO
[1.427s] -- Up-to-date symlink: /home/ieee/justbaked/justbaked/install/temp_sens/lib/python3.12/site-packages/temp_sens-0.0.0-py3.12.egg-info/SOURCES.txt
[1.427s] -- Up-to-date symlink: /home/ieee/justbaked/justbaked/install/temp_sens/lib/python3.12/site-packages/temp_sens-0.0.0-py3.12.egg-info/dependency_links.txt
[1.428s] -- Up-to-date symlink: /home/ieee/justbaked/justbaked/install/temp_sens/lib/python3.12/site-packages/temp_sens-0.0.0-py3.12.egg-info/top_level.txt
[1.431s] -- Up-to-date symlink: /home/ieee/justbaked/justbaked/install/temp_sens/lib/python3.12/site-packages/temp_sens/__init__.py
[1.431s] -- Up-to-date symlink: /home/ieee/justbaked/justbaked/install/temp_sens/lib/python3.12/site-packages/temp_sens/mlx90614_node.py
[1.431s] -- Up-to-date symlink: /home/ieee/justbaked/justbaked/install/temp_sens/share/ament_index/resource_index/package_run_dependencies/temp_sens
[1.436s] -- Up-to-date symlink: /home/ieee/justbaked/justbaked/install/temp_sens/share/ament_index/resource_index/parent_prefix_path/temp_sens
[1.436s] -- Up-to-date symlink: /home/ieee/justbaked/justbaked/install/temp_sens/share/temp_sens/environment/ament_prefix_path.sh
[1.436s] -- Up-to-date symlink: /home/ieee/justbaked/justbaked/install/temp_sens/share/temp_sens/environment/ament_prefix_path.dsv
[1.436s] -- Up-to-date symlink: /home/ieee/justbaked/justbaked/install/temp_sens/share/temp_sens/environment/path.sh
[1.438s] -- Up-to-date symlink: /home/ieee/justbaked/justbaked/install/temp_sens/share/temp_sens/environment/path.dsv
[1.438s] -- Up-to-date symlink: /home/ieee/justbaked/justbaked/install/temp_sens/share/temp_sens/local_setup.bash
[1.438s] -- Up-to-date symlink: /home/ieee/justbaked/justbaked/install/temp_sens/share/temp_sens/local_setup.sh
[1.438s] -- Up-to-date symlink: /home/ieee/justbaked/justbaked/install/temp_sens/share/temp_sens/local_setup.zsh
[1.439s] -- Up-to-date symlink: /home/ieee/justbaked/justbaked/install/temp_sens/share/temp_sens/local_setup.dsv
[1.439s] -- Symlinking: /home/ieee/justbaked/justbaked/install/temp_sens/share/temp_sens/package.dsv
[1.484s] -- Up-to-date symlink: /home/ieee/justbaked/justbaked/install/temp_sens/share/ament_index/resource_index/packages/temp_sens
[1.485s] -- Up-to-date symlink: /home/ieee/justbaked/justbaked/install/temp_sens/share/temp_sens/cmake/temp_sensConfig.cmake
[1.485s] -- Up-to-date symlink: /home/ieee/justbaked/justbaked/install/temp_sens/share/temp_sens/cmake/temp_sensConfig-version.cmake
[1.485s] -- Up-to-date symlink: /home/ieee/justbaked/justbaked/install/temp_sens/share/temp_sens/package.xml
[1.614s] Listing '/home/ieee/justbaked/justbaked/install/temp_sens/lib/python3.12/site-packages/temp_sens'...
[1.637s] Invoked command in '/home/ieee/justbaked/justbaked/build/temp_sens' returned '0': CMAKE_PREFIX_PATH=${CMAKE_PREFIX_PATH}:/opt/ros/jazzy DEBUGINFOD_URLS=https://debuginfod.ubuntu.com /usr/bin/cmake --install /home/ieee/justbaked/justbaked/build/temp_sens
