[0.257s] Invoking command in '/home/jack/justbaked/justbaked/build/robdesc': CMAKE_PREFIX_PATH=${CMAKE_PREFIX_PATH}:/opt/ros/jazzy DEBUGINFOD_URLS=https://debuginfod.ubuntu.com /usr/bin/cmake --build /home/jack/justbaked/justbaked/build/robdesc -- -j4 -l4
[1.621s] Invoked command in '/home/jack/justbaked/justbaked/build/robdesc' returned '0': CMAKE_PREFIX_PATH=${CMAKE_PREFIX_PATH}:/opt/ros/jazzy DEBUGINFOD_URLS=https://debuginfod.ubuntu.com /usr/bin/cmake --build /home/jack/justbaked/justbaked/build/robdesc -- -j4 -l4
[1.667s] Invoking command in '/home/jack/justbaked/justbaked/build/robdesc': CMAKE_PREFIX_PATH=${CMAKE_PREFIX_PATH}:/opt/ros/jazzy DEBUGINFOD_URLS=https://debuginfod.ubuntu.com /usr/bin/cmake --install /home/jack/justbaked/justbaked/build/robdesc
[1.693s] -- Install configuration: ""
[1.693s] -- Up-to-date: /home/jack/justbaked/justbaked/install/robdesc/share/robdesc/config
[1.738s] -- Installing: /home/jack/justbaked/justbaked/install/robdesc/share/robdesc/config/slam_toolbox_params.yaml
[1.768s] -- Up-to-date: /home/jack/justbaked/justbaked/install/robdesc/share/robdesc/config/empty.yaml
[1.769s] -- Installing: /home/jack/justbaked/justbaked/install/robdesc/share/robdesc/config/nav2_params.yaml
[1.800s] -- Up-to-date: /home/jack/justbaked/justbaked/install/robdesc/share/robdesc/description
[1.801s] -- Up-to-date: /home/jack/justbaked/justbaked/install/robdesc/share/robdesc/description/rplidar.xacro
[1.801s] -- Up-to-date: /home/jack/justbaked/justbaked/install/robdesc/share/robdesc/description/mobile.gazebo
[1.801s] -- Up-to-date: /home/jack/justbaked/justbaked/install/robdesc/share/robdesc/description/rviz
[1.810s] -- Up-to-date: /home/jack/justbaked/justbaked/install/robdesc/share/robdesc/description/rviz/description.rviz
[1.810s] -- Up-to-date: /home/jack/justbaked/justbaked/install/robdesc/share/robdesc/description/robot.urdf.xacro
[1.810s] -- Up-to-date: /home/jack/justbaked/justbaked/install/robdesc/share/robdesc/description/robotcore.xacro
[1.810s] -- Up-to-date: /home/jack/justbaked/justbaked/install/robdesc/share/robdesc/launch
[1.811s] -- Installing: /home/jack/justbaked/justbaked/install/robdesc/share/robdesc/launch/rsp.launch.py
[1.973s] -- Up-to-date: /home/jack/justbaked/justbaked/install/robdesc/share/ament_index/resource_index/package_run_dependencies/robdesc
[1.973s] -- Up-to-date: /home/jack/justbaked/justbaked/install/robdesc/share/ament_index/resource_index/parent_prefix_path/robdesc
[1.973s] -- Up-to-date: /home/jack/justbaked/justbaked/install/robdesc/share/robdesc/environment/ament_prefix_path.sh
[1.974s] -- Up-to-date: /home/jack/justbaked/justbaked/install/robdesc/share/robdesc/environment/ament_prefix_path.dsv
[1.974s] -- Up-to-date: /home/jack/justbaked/justbaked/install/robdesc/share/robdesc/environment/path.sh
[1.975s] -- Up-to-date: /home/jack/justbaked/justbaked/install/robdesc/share/robdesc/environment/path.dsv
[1.975s] -- Up-to-date: /home/jack/justbaked/justbaked/install/robdesc/share/robdesc/local_setup.bash
[1.976s] -- Up-to-date: /home/jack/justbaked/justbaked/install/robdesc/share/robdesc/local_setup.sh
[1.976s] -- Up-to-date: /home/jack/justbaked/justbaked/install/robdesc/share/robdesc/local_setup.zsh
[1.976s] -- Up-to-date: /home/jack/justbaked/justbaked/install/robdesc/share/robdesc/local_setup.dsv
[1.977s] -- Installing: /home/jack/justbaked/justbaked/install/robdesc/share/robdesc/package.dsv
[1.977s] -- Up-to-date: /home/jack/justbaked/justbaked/install/robdesc/share/ament_index/resource_index/packages/robdesc
[1.978s] -- Up-to-date: /home/jack/justbaked/justbaked/install/robdesc/share/robdesc/cmake/robdescConfig.cmake
[1.978s] -- Up-to-date: /home/jack/justbaked/justbaked/install/robdesc/share/robdesc/cmake/robdescConfig-version.cmake
[1.978s] -- Up-to-date: /home/jack/justbaked/justbaked/install/robdesc/share/robdesc/package.xml
[2.372s] Invoked command in '/home/jack/justbaked/justbaked/build/robdesc' returned '0': CMAKE_PREFIX_PATH=${CMAKE_PREFIX_PATH}:/opt/ros/jazzy DEBUGINFOD_URLS=https://debuginfod.ubuntu.com /usr/bin/cmake --install /home/jack/justbaked/justbaked/build/robdesc
