[0.125s] Invoking command in '/home/lsw155linuxbox/justbaked/justbaked/build/sllidar_ros2': CMAKE_PREFIX_PATH=${CMAKE_PREFIX_PATH}:/home/lsw155linuxbox/homer_ws/install/homer_description:/home/lsw155linuxbox/homer_ws/install/homer_control:/opt/ros/jazzy DEBUGINFOD_URLS=https://debuginfod.ubuntu.com /usr/bin/cmake --build /home/lsw155linuxbox/justbaked/justbaked/build/sllidar_ros2 -- -j8 -l8
[0.943s] [ 20%] Built target sllidar_client
[0.944s] [100%] Built target sllidar_node
[0.960s] Invoked command in '/home/lsw155linuxbox/justbaked/justbaked/build/sllidar_ros2' returned '0': CMAKE_PREFIX_PATH=${CMAKE_PREFIX_PATH}:/home/lsw155linuxbox/homer_ws/install/homer_description:/home/lsw155linuxbox/homer_ws/install/homer_control:/opt/ros/jazzy DEBUGINFOD_URLS=https://debuginfod.ubuntu.com /usr/bin/cmake --build /home/lsw155linuxbox/justbaked/justbaked/build/sllidar_ros2 -- -j8 -l8
[0.962s] Invoking command in '/home/lsw155linuxbox/justbaked/justbaked/build/sllidar_ros2': CMAKE_PREFIX_PATH=${CMAKE_PREFIX_PATH}:/home/lsw155linuxbox/homer_ws/install/homer_description:/home/lsw155linuxbox/homer_ws/install/homer_control:/opt/ros/jazzy DEBUGINFOD_URLS=https://debuginfod.ubuntu.com /usr/bin/cmake --install /home/lsw155linuxbox/justbaked/justbaked/build/sllidar_ros2
[0.975s] -- Install configuration: ""
[0.975s] -- Up-to-date: /home/lsw155linuxbox/justbaked/justbaked/install/sllidar_ros2/share/sllidar_ros2/launch
[0.976s] -- Installing: /home/lsw155linuxbox/justbaked/justbaked/install/sllidar_ros2/share/sllidar_ros2/launch/sllidar_a1_launch.py
[0.976s] -- Up-to-date: /home/lsw155linuxbox/justbaked/justbaked/install/sllidar_ros2/share/sllidar_ros2/rviz
[0.976s] -- Up-to-date: /home/lsw155linuxbox/justbaked/justbaked/install/sllidar_ros2/share/sllidar_ros2/rviz/sllidar_ros2.rviz
[0.983s] -- Up-to-date: /home/lsw155linuxbox/justbaked/justbaked/install/sllidar_ros2/lib/sllidar_ros2/sllidar_node
[0.983s] -- Up-to-date: /home/lsw155linuxbox/justbaked/justbaked/install/sllidar_ros2/lib/sllidar_ros2/sllidar_client
[0.983s] -- Up-to-date: /home/lsw155linuxbox/justbaked/justbaked/install/sllidar_ros2/share/ament_index/resource_index/package_run_dependencies/sllidar_ros2
[0.984s] -- Up-to-date: /home/lsw155linuxbox/justbaked/justbaked/install/sllidar_ros2/share/ament_index/resource_index/parent_prefix_path/sllidar_ros2
[0.984s] -- Up-to-date: /home/lsw155linuxbox/justbaked/justbaked/install/sllidar_ros2/share/sllidar_ros2/environment/ament_prefix_path.sh
[0.984s] -- Up-to-date: /home/lsw155linuxbox/justbaked/justbaked/install/sllidar_ros2/share/sllidar_ros2/environment/ament_prefix_path.dsv
[0.985s] -- Up-to-date: /home/lsw155linuxbox/justbaked/justbaked/install/sllidar_ros2/share/sllidar_ros2/environment/path.sh
[0.985s] -- Up-to-date: /home/lsw155linuxbox/justbaked/justbaked/install/sllidar_ros2/share/sllidar_ros2/environment/path.dsv
[0.985s] -- Up-to-date: /home/lsw155linuxbox/justbaked/justbaked/install/sllidar_ros2/share/sllidar_ros2/local_setup.bash
[0.985s] -- Up-to-date: /home/lsw155linuxbox/justbaked/justbaked/install/sllidar_ros2/share/sllidar_ros2/local_setup.sh
[0.986s] -- Up-to-date: /home/lsw155linuxbox/justbaked/justbaked/install/sllidar_ros2/share/sllidar_ros2/local_setup.zsh
[0.986s] -- Up-to-date: /home/lsw155linuxbox/justbaked/justbaked/install/sllidar_ros2/share/sllidar_ros2/local_setup.dsv
[0.986s] -- Installing: /home/lsw155linuxbox/justbaked/justbaked/install/sllidar_ros2/share/sllidar_ros2/package.dsv
[0.986s] -- Up-to-date: /home/lsw155linuxbox/justbaked/justbaked/install/sllidar_ros2/share/ament_index/resource_index/packages/sllidar_ros2
[0.987s] -- Up-to-date: /home/lsw155linuxbox/justbaked/justbaked/install/sllidar_ros2/share/sllidar_ros2/cmake/ament_cmake_export_dependencies-extras.cmake
[0.987s] -- Up-to-date: /home/lsw155linuxbox/justbaked/justbaked/install/sllidar_ros2/share/sllidar_ros2/cmake/ament_cmake_export_include_directories-extras.cmake
[0.987s] -- Up-to-date: /home/lsw155linuxbox/justbaked/justbaked/install/sllidar_ros2/share/sllidar_ros2/cmake/sllidar_ros2Config.cmake
[0.987s] -- Up-to-date: /home/lsw155linuxbox/justbaked/justbaked/install/sllidar_ros2/share/sllidar_ros2/cmake/sllidar_ros2Config-version.cmake
[0.988s] -- Up-to-date: /home/lsw155linuxbox/justbaked/justbaked/install/sllidar_ros2/share/sllidar_ros2/package.xml
[0.989s] Invoked command in '/home/lsw155linuxbox/justbaked/justbaked/build/sllidar_ros2' returned '0': CMAKE_PREFIX_PATH=${CMAKE_PREFIX_PATH}:/home/lsw155linuxbox/homer_ws/install/homer_description:/home/lsw155linuxbox/homer_ws/install/homer_control:/opt/ros/jazzy DEBUGINFOD_URLS=https://debuginfod.ubuntu.com /usr/bin/cmake --install /home/lsw155linuxbox/justbaked/justbaked/build/sllidar_ros2
