[01m[K/home/ieee/justbaked/justbaked/src/robot_bringup/src/catapult_launch.cpp:24:26:[m[K [01;35m[Kwarning: [m[Kcharacter constant too long for its type
   24 |         super().__init__([01;35m[K'waypoint_nav_node'[m[K)
      |                          [01;35m[K^~~~~~~~~~~~~~~~~~~[m[K
[01m[K/home/ieee/justbaked/justbaked/src/robot_bringup/src/catapult_launch.cpp:25:70:[m[K [01;35m[Kwarning: [m[Kcharacter constant too long for its type
   25 |         self.nav_to_pose_client = ActionClient(self, NavigateToPose, [01;35m[K'navigate_to_pose'[m[K)
      |                                                                      [01;35m[K^~~~~~~~~~~~~~~~~~[m[K
[01m[K/home/ieee/justbaked/justbaked/src/robot_bringup/src/catapult_launch.cpp:29:11:[m[K [01;31m[Kerror: [m[Kinvalid preprocessing directive #Initialize
   29 |         # [01;31m[KInitialize[m[K poses
      |           [01;31m[K^~~~~~~~~~[m[K
[01m[K/home/ieee/justbaked/justbaked/src/robot_bringup/src/catapult_launch.cpp:36:42:[m[K [01;35m[Kwarning: [m[Kmulti-character character constant [[01;35m[K-Wmultichar[m[K]
   36 |         self.home_pose.header.frame_id = [01;35m[K'map'[m[K
      |                                          [01;35m[K^~~~~[m[K
[01m[K/home/ieee/justbaked/justbaked/src/robot_bringup/src/catapult_launch.cpp:42:11:[m[K [01;31m[Kerror: [m[Kinvalid preprocessing directive #Initialize
   42 |         # [01;31m[KInitialize[m[K the servo publisher
      |           [01;31m[K^~~~~~~~~~[m[K
[01m[K/home/ieee/justbaked/justbaked/src/robot_bringup/src/catapult_launch.cpp:43:55:[m[K [01;35m[Kwarning: [m[Kcharacter constant too long for its type
   43 |         self.servo_pub = self.create_publisher(Int32, [01;35m[K'servo_angle'[m[K, 10)
      |                                                       [01;35m[K^~~~~~~~~~~~~[m[K
[01m[K/home/ieee/justbaked/justbaked/src/robot_bringup/src/catapult_launch.cpp:45:11:[m[K [01;31m[Kerror: [m[Kinvalid preprocessing directive #Timer
   45 |         # [01;31m[KTimer[m[K to execute state machine
      |           [01;31m[K^~~~~[m[K
[01m[K/home/ieee/justbaked/justbaked/src/robot_bringup/src/catapult_launch.cpp:49:11:[m[K [01;31m[Kerror: [m[Kinvalid preprocessing directive #Adjust
   49 |         # [01;31m[KAdjust[m[K the file to load round3.yaml or the correct YAML file for this round
      |           [01;31m[K^~~~~~[m[K
[01m[K/home/ieee/justbaked/justbaked/src/robot_bringup/src/catapult_launch.cpp:51:13:[m[K [01;35m[Kwarning: [m[Kcharacter constant too long for its type
   51 |             [01;35m[K'waypoints_file'[m[K,
      |             [01;35m[K^~~~~~~~~~~~~~~~[m[K
[01m[K/home/ieee/justbaked/justbaked/src/robot_bringup/src/catapult_launch.cpp:52:13:[m[K [01;35m[Kwarning: [m[Kcharacter constant too long for its type
   52 |             [01;35m[K'/home/ieee/justbaked/justbaked/src/robot_bringup/waypoints/round3.yaml'[m[K  # Update path as needed
      |             [01;35m[K^~~~~~~~~~~~~~~~~~~~~~~~~~~~~~~~~~~~~~~~~~~~~~~~~~~~~~~~~~~~~~~~~~~~~~~~[m[K
[01m[K/home/ieee/justbaked/justbaked/src/robot_bringup/src/catapult_launch.cpp:52:87:[m[K [01;31m[Kerror: [m[Kstray ‘[01m[K#[m[K’ in program
   52 |             '/home/ieee/justbaked/justbaked/src/robot_bringup/waypoints/round3.yaml'  [01;31m[K#[m[K Update path as needed
      |                                                                                       [01;31m[K^[m[K
[01m[K/home/ieee/justbaked/justbaked/src/robot_bringup/src/catapult_launch.cpp:56:30:[m[K [01;35m[Kwarning: [m[Kcharacter constant too long for its type
   56 |             for wp in config[[01;35m[K'waypoints'[m[K]:
      |                              [01;35m[K^~~~~~~~~~~[m[K
[01m[K/home/ieee/justbaked/justbaked/src/robot_bringup/src/catapult_launch.cpp:58:40:[m[K [01;35m[Kwarning: [m[Kmulti-character character constant [[01;35m[K-Wmultichar[m[K]
   58 |                 pose.header.frame_id = [01;35m[K'map'[m[K
      |                                        [01;35m[K^~~~~[m[K
[01m[K/home/ieee/justbaked/justbaked/src/robot_bringup/src/catapult_launch.cpp:61:73:[m[K [01;35m[Kwarning: [m[Kmulti-character character constant [[01;35m[K-Wmultichar[m[K]
   61 |                 pose.pose.orientation = self.create_quaternion(float(wp[[01;35m[K'yaw'[m[K]))
      |                                                                         [01;35m[K^~~~~[m[K
[01m[K/home/ieee/justbaked/justbaked/src/robot_bringup/src/catapult_launch.cpp:63:11:[m[K [01;31m[Kerror: [m[Kinvalid preprocessing directive #Assume
   63 |         # [01;31m[KAssume[m[K fire waypoint is the last one (adjust as needed)
      |           [01;31m[K^~~~~~[m[K
[01m[K/home/ieee/justbaked/justbaked/src/robot_bringup/src/catapult_launch.cpp:68:11:[m[K [01;31m[Kerror: [m[Kinvalid preprocessing directive #Latch
   68 |         # [01;31m[KLatch[m[K pose set to the waypoint before the latch from round3.yaml
      |           [01;31m[K^~~~~[m[K
[01m[K/home/ieee/justbaked/justbaked/src/robot_bringup/src/catapult_launch.cpp:69:43:[m[K [01;35m[Kwarning: [m[Kmulti-character character constant [[01;35m[K-Wmultichar[m[K]
   69 |         self.latch_pose.header.frame_id = [01;35m[K'map'[m[K
      |                                           [01;35m[K^~~~~[m[K
[01m[K/home/ieee/justbaked/justbaked/src/robot_bringup/src/catapult_launch.cpp:70:58:[m[K [01;31m[Kerror: [m[Kstray ‘[01m[K#[m[K’ in program
   70 |         self.latch_pose.pose.position.x = 1.524 - 0.349  [01;31m[K#[m[K 5 ft - 13.5" ahead
      |                                                          [01;31m[K^[m[K
[01m[K/home/ieee/justbaked/justbaked/src/robot_bringup/src/catapult_launch.cpp:70:71:[m[K [01;35m[Kwarning: [m[Kmissing terminating " character
   70 |         self.latch_pose.pose.position.x = 1.524 - 0.349  # 5 ft - 13.5[01;35m[K"[m[K ahead
      |                                                                       [01;35m[K^[m[K
[01m[K/home/ieee/justbaked/justbaked/src/robot_bringup/src/catapult_launch.cpp:70:71:[m[K [01;31m[Kerror: [m[Kmissing terminating " character
   70 |         self.latch_pose.pose.position.x = 1.524 - 0.349  # 5 ft - 13.5[01;31m[K" ahead[m[K
      |                                                                       [01;31m[K^~~~~~~[m[K
[01m[K/home/ieee/justbaked/justbaked/src/robot_bringup/src/catapult_launch.cpp:71:58:[m[K [01;31m[Kerror: [m[Kstray ‘[01m[K#[m[K’ in program
   71 |         self.latch_pose.pose.position.y = 0.457 - 0.349  [01;31m[K#[m[K 1.5 ft - 11.5" to the side
      |                                                          [01;31m[K^[m[K
[01m[K/home/ieee/justbaked/justbaked/src/robot_bringup/src/catapult_launch.cpp:71:73:[m[K [01;35m[Kwarning: [m[Kmissing terminating " character
   71 |         self.latch_pose.pose.position.y = 0.457 - 0.349  # 1.5 ft - 11.5[01;35m[K"[m[K to the side
      |                                                                         [01;35m[K^[m[K
[01m[K/home/ieee/justbaked/justbaked/src/robot_bringup/src/catapult_launch.cpp:71:73:[m[K [01;31m[Kerror: [m[Kmissing terminating " character
   71 |         self.latch_pose.pose.position.y = 0.457 - 0.349  # 1.5 ft - 11.5[01;31m[K" to the side[m[K
      |                                                                         [01;31m[K^~~~~~~~~~~~~[m[K
[01m[K/home/ieee/justbaked/justbaked/src/robot_bringup/src/catapult_launch.cpp:73:77:[m[K [01;31m[Kerror: [m[Kstray ‘[01m[K#[m[K’ in program
   73 |         self.latch_pose.pose.orientation = self.create_quaternion(math.pi)  [01;31m[K#[m[K 180 degrees yaw
      |                                                                             [01;31m[K^[m[K
[01m[K/home/ieee/justbaked/justbaked/src/robot_bringup/src/catapult_launch.cpp:150:41:[m[K [01;31m[Kerror: [m[Kstray ‘[01m[K#[m[K’ in program
  150 |         yaw = 2 * math.acos(current.w)  [01;31m[K#[m[K Extract current yaw
      |                                         [01;31m[K^[m[K
[01m[K/home/ieee/justbaked/justbaked/src/robot_bringup/src/catapult_launch.cpp:151:34:[m[K [01;31m[Kerror: [m[Kstray ‘[01m[K#[m[K’ in program
  151 |         new_yaw = yaw + math.pi  [01;31m[K#[m[K Add 180 degrees (π radians)
      |                                  [01;31m[K^[m[K
[01m[K/home/ieee/justbaked/justbaked/src/robot_bringup/src/catapult_launch.cpp:156:48:[m[K [01;31m[Kerror: [m[Kstray ‘[01m[K#[m[K’ in program
  156 |         backup_pose.pose.position.x -= 0.1524  [01;31m[K#[m[K Back up 6 inches
      |                                                [01;31m[K^[m[K
[01m[K/home/ieee/justbaked/justbaked/src/robot_bringup/src/catapult_launch.cpp:162:28:[m[K [01;31m[Kerror: [m[Kstray ‘[01m[K#[m[K’ in program
  162 |             time.sleep(2)  [01;31m[K#[m[K Wait 2 seconds
      |                            [01;31m[K^[m[K
[01m[K/home/ieee/justbaked/justbaked/src/robot_bringup/src/catapult_launch.cpp:185:11:[m[K [01;31m[Kerror: [m[Kinvalid preprocessing directive #Send
  185 |         # [01;31m[KSend[m[K the catapult launch command by publishing to the 'servo_angle' topic
      |           [01;31m[K^~~~[m[K
[01m[K/home/ieee/justbaked/justbaked/src/robot_bringup/src/catapult_launch.cpp:186:11:[m[K [01;31m[Kerror: [m[Kinvalid preprocessing directive #The
  186 |         # [01;31m[KThe[m[K angle for launching the catapult is set to 36 degrees
      |           [01;31m[K^~~[m[K
[01m[K/home/ieee/justbaked/justbaked/src/robot_bringup/src/catapult_launch.cpp:198:16:[m[K [01;35m[Kwarning: [m[Kcharacter constant too long for its type
  198 | if __name__ == [01;35m[K'__main__'[m[K:
      |                [01;35m[K^~~~~~~~~~[m[K
[01m[K/home/ieee/justbaked/justbaked/src/robot_bringup/src/catapult_launch.cpp:1:1:[m[K [01;31m[Kerror: [m[K‘[01m[Kimport[m[K’ does not name a type
    1 | [01;31m[Kimport[m[K rclpy
      | [01;31m[K^~~~~~[m[K
[01m[K/home/ieee/justbaked/justbaked/src/robot_bringup/src/catapult_launch.cpp:1:1:[m[K [01;36m[Knote: [m[KC++20 ‘[01m[Kimport[m[K’ only available with ‘[01m[K-fmodules-ts[m[K’
gmake[2]: *** [CMakeFiles/catapult_launch_node.dir/build.make:76: CMakeFiles/catapult_launch_node.dir/src/catapult_launch.cpp.o] Error 1
gmake[1]: *** [CMakeFiles/Makefile2:193: CMakeFiles/catapult_launch_node.dir/all] Error 2
gmake: *** [Makefile:146: all] Error 2
