[0.034s] Invoking command in '/home/ieee/justbaked/justbaked/build/robot_bringup': CMAKE_PREFIX_PATH=${CMAKE_PREFIX_PATH}:/home/ieee/justbaked/justbaked/install/temp_sens:/opt/ros/jazzy DEBUGINFOD_URLS=https://debuginfod.ubuntu.com /usr/bin/cmake /home/ieee/justbaked/justbaked/src/robot_bringup -DCMAKE_INSTALL_PREFIX=/home/ieee/justbaked/justbaked/install/robot_bringup
[0.488s] -- Found ament_cmake: 2.5.3 (/opt/ros/jazzy/share/ament_cmake/cmake)
[0.508s] -- Override CMake install command with custom implementation using symlinks instead of copying resources
[0.518s] -- Found rclcpp: 28.1.6 (/opt/ros/jazzy/share/rclcpp/cmake)
[0.563s] -- Found rosidl_generator_c: 4.6.5 (/opt/ros/jazzy/share/rosidl_generator_c/cmake)
[0.581s] -- Found rosidl_generator_cpp: 4.6.5 (/opt/ros/jazzy/share/rosidl_generator_cpp/cmake)
[0.604s] -- Using all available rosidl_typesupport_c: rosidl_typesupport_fastrtps_c;rosidl_typesupport_introspection_c
[0.631s] -- Using all available rosidl_typesupport_cpp: rosidl_typesupport_fastrtps_cpp;rosidl_typesupport_introspection_cpp
[0.741s] -- Found rmw_implementation_cmake: 7.3.1 (/opt/ros/jazzy/share/rmw_implementation_cmake/cmake)
[0.743s] -- Found rmw_fastrtps_cpp: 8.4.1 (/opt/ros/jazzy/share/rmw_fastrtps_cpp/cmake)
[0.866s] -- Using RMW implementation 'rmw_fastrtps_cpp' as default
[0.972s] -- Found std_msgs: 5.3.5 (/opt/ros/jazzy/share/std_msgs/cmake)
[0.998s] -- Found geometry_msgs: 5.3.5 (/opt/ros/jazzy/share/geometry_msgs/cmake)
[1.021s] -- Found nav2_msgs: 1.3.5 (/opt/ros/jazzy/share/nav2_msgs/cmake)
[1.260s] -- Found tf2: 0.36.8 (/opt/ros/jazzy/share/tf2/cmake)
[1.267s] -- Found tf2_geometry_msgs: 0.36.8 (/opt/ros/jazzy/share/tf2_geometry_msgs/cmake)
[1.277s] -- Found eigen3_cmake_module: 0.3.0 (/opt/ros/jazzy/share/eigen3_cmake_module/cmake)
[1.278s] -- Ensuring Eigen3 include directory is part of orocos-kdl CMake target
[1.419s] -- Found rclpy: 7.1.3 (/opt/ros/jazzy/share/rclpy/cmake)
[1.431s] -- Found ament_lint_auto: 0.17.1 (/opt/ros/jazzy/share/ament_lint_auto/cmake)
[1.679s] -- Added test 'copyright' to check source files copyright and LICENSE
[1.684s] -- Added test 'cppcheck' to perform static code analysis on C / C++ code
[1.685s] -- Configured cppcheck include dirs: 
[1.685s] -- Configured cppcheck exclude dirs and/or files: 
[1.687s] -- Added test 'cpplint' to check C / C++ code against the Google style
[1.688s] -- Configured cpplint exclude dirs and/or files: 
[1.688s] -- Added test 'flake8' to check Python code syntax and style conventions
[1.688s] -- Configured 'flake8' exclude dirs and/or files: 
[1.691s] -- Added test 'lint_cmake' to check CMake code style
[1.694s] -- Added test 'pep257' to check Python code against some of the docstring style conventions in PEP 257
[1.697s] -- Added test 'uncrustify' to check C / C++ code style
[1.697s] -- Configured uncrustify additional arguments: 
[1.701s] -- Added test 'xmllint' to check XML markup files
[1.705s] -- Configuring done (1.6s)
[1.780s] -- Generating done (0.0s)
[1.796s] -- Build files have been written to: /home/ieee/justbaked/justbaked/build/robot_bringup
[1.828s] Invoked command in '/home/ieee/justbaked/justbaked/build/robot_bringup' returned '0': CMAKE_PREFIX_PATH=${CMAKE_PREFIX_PATH}:/home/ieee/justbaked/justbaked/install/temp_sens:/opt/ros/jazzy DEBUGINFOD_URLS=https://debuginfod.ubuntu.com /usr/bin/cmake /home/ieee/justbaked/justbaked/src/robot_bringup -DCMAKE_INSTALL_PREFIX=/home/ieee/justbaked/justbaked/install/robot_bringup
[1.830s] Invoking command in '/home/ieee/justbaked/justbaked/build/robot_bringup': CMAKE_PREFIX_PATH=${CMAKE_PREFIX_PATH}:/home/ieee/justbaked/justbaked/install/temp_sens:/opt/ros/jazzy DEBUGINFOD_URLS=https://debuginfod.ubuntu.com /usr/bin/cmake --build /home/ieee/justbaked/justbaked/build/robot_bringup -- -j4 -l4
[1.991s] [ 33%] Built target determine_fire_location
[1.991s] [ 50%] [32mBuilding CXX object CMakeFiles/catapult_launch_node.dir/src/catapult_launch.cpp.o[0m
[2.008s] [ 83%] Built target waypoint_nav_cpp
[2.021s] [01m[K/home/ieee/justbaked/justbaked/src/robot_bringup/src/catapult_launch.cpp:24:26:[m[K [01;35m[Kwarning: [m[Kcharacter constant too long for its type
[2.021s]    24 |         super().__init__([01;35m[K'waypoint_nav_node'[m[K)
[2.021s]       |                          [01;35m[K^~~~~~~~~~~~~~~~~~~[m[K
[2.021s] [01m[K/home/ieee/justbaked/justbaked/src/robot_bringup/src/catapult_launch.cpp:25:70:[m[K [01;35m[Kwarning: [m[Kcharacter constant too long for its type
[2.021s]    25 |         self.nav_to_pose_client = ActionClient(self, NavigateToPose, [01;35m[K'navigate_to_pose'[m[K)
[2.021s]       |                                                                      [01;35m[K^~~~~~~~~~~~~~~~~~[m[K
[2.021s] [01m[K/home/ieee/justbaked/justbaked/src/robot_bringup/src/catapult_launch.cpp:29:11:[m[K [01;31m[Kerror: [m[Kinvalid preprocessing directive #Initialize
[2.021s]    29 |         # [01;31m[KInitialize[m[K poses
[2.022s]       |           [01;31m[K^~~~~~~~~~[m[K
[2.022s] [01m[K/home/ieee/justbaked/justbaked/src/robot_bringup/src/catapult_launch.cpp:36:42:[m[K [01;35m[Kwarning: [m[Kmulti-character character constant [[01;35m[K-Wmultichar[m[K]
[2.022s]    36 |         self.home_pose.header.frame_id = [01;35m[K'map'[m[K
[2.022s]       |                                          [01;35m[K^~~~~[m[K
[2.022s] [01m[K/home/ieee/justbaked/justbaked/src/robot_bringup/src/catapult_launch.cpp:42:11:[m[K [01;31m[Kerror: [m[Kinvalid preprocessing directive #Initialize
[2.022s]    42 |         # [01;31m[KInitialize[m[K the servo publisher
[2.022s]       |           [01;31m[K^~~~~~~~~~[m[K
[2.022s] [01m[K/home/ieee/justbaked/justbaked/src/robot_bringup/src/catapult_launch.cpp:43:55:[m[K [01;35m[Kwarning: [m[Kcharacter constant too long for its type
[2.022s]    43 |         self.servo_pub = self.create_publisher(Int32, [01;35m[K'servo_angle'[m[K, 10)
[2.022s]       |                                                       [01;35m[K^~~~~~~~~~~~~[m[K
[2.022s] [01m[K/home/ieee/justbaked/justbaked/src/robot_bringup/src/catapult_launch.cpp:45:11:[m[K [01;31m[Kerror: [m[Kinvalid preprocessing directive #Timer
[2.022s]    45 |         # [01;31m[KTimer[m[K to execute state machine
[2.023s]       |           [01;31m[K^~~~~[m[K
[2.023s] [01m[K/home/ieee/justbaked/justbaked/src/robot_bringup/src/catapult_launch.cpp:49:11:[m[K [01;31m[Kerror: [m[Kinvalid preprocessing directive #Adjust
[2.023s]    49 |         # [01;31m[KAdjust[m[K the file to load round3.yaml or the correct YAML file for this round
[2.023s]       |           [01;31m[K^~~~~~[m[K
[2.024s] [01m[K/home/ieee/justbaked/justbaked/src/robot_bringup/src/catapult_launch.cpp:51:13:[m[K [01;35m[Kwarning: [m[Kcharacter constant too long for its type
[2.024s]    51 |             [01;35m[K'waypoints_file'[m[K,
[2.024s]       |             [01;35m[K^~~~~~~~~~~~~~~~[m[K
[2.024s] [01m[K/home/ieee/justbaked/justbaked/src/robot_bringup/src/catapult_launch.cpp:52:13:[m[K [01;35m[Kwarning: [m[Kcharacter constant too long for its type
[2.024s]    52 |             [01;35m[K'/home/ieee/justbaked/justbaked/src/robot_bringup/waypoints/round3.yaml'[m[K  # Update path as needed
[2.024s]       |             [01;35m[K^~~~~~~~~~~~~~~~~~~~~~~~~~~~~~~~~~~~~~~~~~~~~~~~~~~~~~~~~~~~~~~~~~~~~~~~[m[K
[2.024s] [01m[K/home/ieee/justbaked/justbaked/src/robot_bringup/src/catapult_launch.cpp:52:87:[m[K [01;31m[Kerror: [m[Kstray ‘[01m[K#[m[K’ in program
[2.024s]    52 |             '/home/ieee/justbaked/justbaked/src/robot_bringup/waypoints/round3.yaml'  [01;31m[K#[m[K Update path as needed
[2.024s]       |                                                                                       [01;31m[K^[m[K
[2.025s] [01m[K/home/ieee/justbaked/justbaked/src/robot_bringup/src/catapult_launch.cpp:56:30:[m[K [01;35m[Kwarning: [m[Kcharacter constant too long for its type
[2.025s]    56 |             for wp in config[[01;35m[K'waypoints'[m[K]:
[2.025s]       |                              [01;35m[K^~~~~~~~~~~[m[K
[2.025s] [01m[K/home/ieee/justbaked/justbaked/src/robot_bringup/src/catapult_launch.cpp:58:40:[m[K [01;35m[Kwarning: [m[Kmulti-character character constant [[01;35m[K-Wmultichar[m[K]
[2.025s]    58 |                 pose.header.frame_id = [01;35m[K'map'[m[K
[2.025s]       |                                        [01;35m[K^~~~~[m[K
[2.025s] [01m[K/home/ieee/justbaked/justbaked/src/robot_bringup/src/catapult_launch.cpp:61:73:[m[K [01;35m[Kwarning: [m[Kmulti-character character constant [[01;35m[K-Wmultichar[m[K]
[2.025s]    61 |                 pose.pose.orientation = self.create_quaternion(float(wp[[01;35m[K'yaw'[m[K]))
[2.025s]       |                                                                         [01;35m[K^~~~~[m[K
[2.026s] [01m[K/home/ieee/justbaked/justbaked/src/robot_bringup/src/catapult_launch.cpp:63:11:[m[K [01;31m[Kerror: [m[Kinvalid preprocessing directive #Assume
[2.026s]    63 |         # [01;31m[KAssume[m[K fire waypoint is the last one (adjust as needed)
[2.026s]       |           [01;31m[K^~~~~~[m[K
[2.026s] [01m[K/home/ieee/justbaked/justbaked/src/robot_bringup/src/catapult_launch.cpp:68:11:[m[K [01;31m[Kerror: [m[Kinvalid preprocessing directive #Latch
[2.026s]    68 |         # [01;31m[KLatch[m[K pose set to the waypoint before the latch from round3.yaml
[2.026s]       |           [01;31m[K^~~~~[m[K
[2.026s] [01m[K/home/ieee/justbaked/justbaked/src/robot_bringup/src/catapult_launch.cpp:69:43:[m[K [01;35m[Kwarning: [m[Kmulti-character character constant [[01;35m[K-Wmultichar[m[K]
[2.026s]    69 |         self.latch_pose.header.frame_id = [01;35m[K'map'[m[K
[2.027s]       |                                           [01;35m[K^~~~~[m[K
[2.027s] [01m[K/home/ieee/justbaked/justbaked/src/robot_bringup/src/catapult_launch.cpp:70:58:[m[K [01;31m[Kerror: [m[Kstray ‘[01m[K#[m[K’ in program
[2.027s]    70 |         self.latch_pose.pose.position.x = 1.524 - 0.349  [01;31m[K#[m[K 5 ft - 13.5" ahead
[2.027s]       |                                                          [01;31m[K^[m[K
[2.027s] [01m[K/home/ieee/justbaked/justbaked/src/robot_bringup/src/catapult_launch.cpp:70:71:[m[K [01;35m[Kwarning: [m[Kmissing terminating " character
[2.027s]    70 |         self.latch_pose.pose.position.x = 1.524 - 0.349  # 5 ft - 13.5[01;35m[K"[m[K ahead
[2.027s]       |                                                                       [01;35m[K^[m[K
[2.027s] [01m[K/home/ieee/justbaked/justbaked/src/robot_bringup/src/catapult_launch.cpp:70:71:[m[K [01;31m[Kerror: [m[Kmissing terminating " character
[2.027s]    70 |         self.latch_pose.pose.position.x = 1.524 - 0.349  # 5 ft - 13.5[01;31m[K" ahead[m[K
[2.027s]       |                                                                       [01;31m[K^~~~~~~[m[K
[2.027s] [01m[K/home/ieee/justbaked/justbaked/src/robot_bringup/src/catapult_launch.cpp:71:58:[m[K [01;31m[Kerror: [m[Kstray ‘[01m[K#[m[K’ in program
[2.027s]    71 |         self.latch_pose.pose.position.y = 0.457 - 0.349  [01;31m[K#[m[K 1.5 ft - 11.5" to the side
[2.027s]       |                                                          [01;31m[K^[m[K
[2.028s] [01m[K/home/ieee/justbaked/justbaked/src/robot_bringup/src/catapult_launch.cpp:71:73:[m[K [01;35m[Kwarning: [m[Kmissing terminating " character
[2.028s]    71 |         self.latch_pose.pose.position.y = 0.457 - 0.349  # 1.5 ft - 11.5[01;35m[K"[m[K to the side
[2.028s]       |                                                                         [01;35m[K^[m[K
[2.028s] [01m[K/home/ieee/justbaked/justbaked/src/robot_bringup/src/catapult_launch.cpp:71:73:[m[K [01;31m[Kerror: [m[Kmissing terminating " character
[2.028s]    71 |         self.latch_pose.pose.position.y = 0.457 - 0.349  # 1.5 ft - 11.5[01;31m[K" to the side[m[K
[2.028s]       |                                                                         [01;31m[K^~~~~~~~~~~~~[m[K
[2.028s] [01m[K/home/ieee/justbaked/justbaked/src/robot_bringup/src/catapult_launch.cpp:73:77:[m[K [01;31m[Kerror: [m[Kstray ‘[01m[K#[m[K’ in program
[2.028s]    73 |         self.latch_pose.pose.orientation = self.create_quaternion(math.pi)  [01;31m[K#[m[K 180 degrees yaw
[2.028s]       |                                                                             [01;31m[K^[m[K
[2.028s] [01m[K/home/ieee/justbaked/justbaked/src/robot_bringup/src/catapult_launch.cpp:150:41:[m[K [01;31m[Kerror: [m[Kstray ‘[01m[K#[m[K’ in program
[2.028s]   150 |         yaw = 2 * math.acos(current.w)  [01;31m[K#[m[K Extract current yaw
[2.028s]       |                                         [01;31m[K^[m[K
[2.028s] [01m[K/home/ieee/justbaked/justbaked/src/robot_bringup/src/catapult_launch.cpp:151:34:[m[K [01;31m[Kerror: [m[Kstray ‘[01m[K#[m[K’ in program
[2.032s]   151 |         new_yaw = yaw + math.pi  [01;31m[K#[m[K Add 180 degrees (π radians)
[2.032s]       |                                  [01;31m[K^[m[K
[2.032s] [01m[K/home/ieee/justbaked/justbaked/src/robot_bringup/src/catapult_launch.cpp:156:48:[m[K [01;31m[Kerror: [m[Kstray ‘[01m[K#[m[K’ in program
[2.032s]   156 |         backup_pose.pose.position.x -= 0.1524  [01;31m[K#[m[K Back up 6 inches
[2.032s]       |                                                [01;31m[K^[m[K
[2.032s] [01m[K/home/ieee/justbaked/justbaked/src/robot_bringup/src/catapult_launch.cpp:162:28:[m[K [01;31m[Kerror: [m[Kstray ‘[01m[K#[m[K’ in program
[2.032s]   162 |             time.sleep(2)  [01;31m[K#[m[K Wait 2 seconds
[2.033s]       |                            [01;31m[K^[m[K
[2.033s] [01m[K/home/ieee/justbaked/justbaked/src/robot_bringup/src/catapult_launch.cpp:185:11:[m[K [01;31m[Kerror: [m[Kinvalid preprocessing directive #Send
[2.033s]   185 |         # [01;31m[KSend[m[K the catapult launch command by publishing to the 'servo_angle' topic
[2.033s]       |           [01;31m[K^~~~[m[K
[2.033s] [01m[K/home/ieee/justbaked/justbaked/src/robot_bringup/src/catapult_launch.cpp:186:11:[m[K [01;31m[Kerror: [m[Kinvalid preprocessing directive #The
[2.033s]   186 |         # [01;31m[KThe[m[K angle for launching the catapult is set to 36 degrees
[2.033s]       |           [01;31m[K^~~[m[K
[2.033s] [01m[K/home/ieee/justbaked/justbaked/src/robot_bringup/src/catapult_launch.cpp:198:16:[m[K [01;35m[Kwarning: [m[Kcharacter constant too long for its type
[2.034s]   198 | if __name__ == [01;35m[K'__main__'[m[K:
[2.034s]       |                [01;35m[K^~~~~~~~~~[m[K
[2.034s] [01m[K/home/ieee/justbaked/justbaked/src/robot_bringup/src/catapult_launch.cpp:1:1:[m[K [01;31m[Kerror: [m[K‘[01m[Kimport[m[K’ does not name a type
[2.034s]     1 | [01;31m[Kimport[m[K rclpy
[2.034s]       | [01;31m[K^~~~~~[m[K
[2.034s] [01m[K/home/ieee/justbaked/justbaked/src/robot_bringup/src/catapult_launch.cpp:1:1:[m[K [01;36m[Knote: [m[KC++20 ‘[01m[Kimport[m[K’ only available with ‘[01m[K-fmodules-ts[m[K’
[2.034s] gmake[2]: *** [CMakeFiles/catapult_launch_node.dir/build.make:76: CMakeFiles/catapult_launch_node.dir/src/catapult_launch.cpp.o] Error 1
[2.034s] gmake[1]: *** [CMakeFiles/Makefile2:193: CMakeFiles/catapult_launch_node.dir/all] Error 2
[2.034s] gmake: *** [Makefile:146: all] Error 2
[2.035s] Invoked command in '/home/ieee/justbaked/justbaked/build/robot_bringup' returned '2': CMAKE_PREFIX_PATH=${CMAKE_PREFIX_PATH}:/home/ieee/justbaked/justbaked/install/temp_sens:/opt/ros/jazzy DEBUGINFOD_URLS=https://debuginfod.ubuntu.com /usr/bin/cmake --build /home/ieee/justbaked/justbaked/build/robot_bringup -- -j4 -l4
