-- Found ament_cmake: 2.5.3 (/opt/ros/jazzy/share/ament_cmake/cmake)
-- Override CMake install command with custom implementation using symlinks instead of copying resources
-- Found rclpy: 7.1.3 (/opt/ros/jazzy/share/rclpy/cmake)
-- Found ament_lint_auto: 0.17.1 (/opt/ros/jazzy/share/ament_lint_auto/cmake)
-- Added test 'copyright' to check source files copyright and LICENSE
-- Added test 'flake8' to check Python code syntax and style conventions
-- Configured 'flake8' exclude dirs and/or files: 
-- Added test 'lint_cmake' to check CMake code style
-- Added test 'pep257' to check Python code against some of the docstring style conventions in PEP 257
-- Added test 'xmllint' to check XML markup files
-- Configuring done (0.7s)
-- Generating done (0.0s)
-- Build files have been written to: /home/ieee/justbaked/justbaked/build/robot_bringup
-- Install configuration: ""
-- Execute custom install script
-- Up-to-date symlink: /home/ieee/justbaked/justbaked/install/robot_bringup/lib/robot_bringup/cat_servo_gpiozero.py
-- Symlinking: /home/ieee/justbaked/justbaked/install/robot_bringup/lib/robot_bringup/cat_servo_fire.py
-- Up-to-date symlink: /home/ieee/justbaked/justbaked/install/robot_bringup/share/robot_bringup/launch/startup.launch.py
-- Up-to-date symlink: /home/ieee/justbaked/justbaked/install/robot_bringup/share/ament_index/resource_index/package_run_dependencies/robot_bringup
-- Up-to-date symlink: /home/ieee/justbaked/justbaked/install/robot_bringup/share/ament_index/resource_index/parent_prefix_path/robot_bringup
-- Up-to-date symlink: /home/ieee/justbaked/justbaked/install/robot_bringup/share/robot_bringup/environment/ament_prefix_path.sh
-- Up-to-date symlink: /home/ieee/justbaked/justbaked/install/robot_bringup/share/robot_bringup/environment/ament_prefix_path.dsv
-- Up-to-date symlink: /home/ieee/justbaked/justbaked/install/robot_bringup/share/robot_bringup/environment/path.sh
-- Up-to-date symlink: /home/ieee/justbaked/justbaked/install/robot_bringup/share/robot_bringup/environment/path.dsv
-- Up-to-date symlink: /home/ieee/justbaked/justbaked/install/robot_bringup/share/robot_bringup/local_setup.bash
-- Up-to-date symlink: /home/ieee/justbaked/justbaked/install/robot_bringup/share/robot_bringup/local_setup.sh
-- Up-to-date symlink: /home/ieee/justbaked/justbaked/install/robot_bringup/share/robot_bringup/local_setup.zsh
-- Up-to-date symlink: /home/ieee/justbaked/justbaked/install/robot_bringup/share/robot_bringup/local_setup.dsv
-- Symlinking: /home/ieee/justbaked/justbaked/install/robot_bringup/share/robot_bringup/package.dsv
-- Up-to-date symlink: /home/ieee/justbaked/justbaked/install/robot_bringup/share/ament_index/resource_index/packages/robot_bringup
-- Up-to-date symlink: /home/ieee/justbaked/justbaked/install/robot_bringup/share/robot_bringup/cmake/robot_bringupConfig.cmake
-- Up-to-date symlink: /home/ieee/justbaked/justbaked/install/robot_bringup/share/robot_bringup/cmake/robot_bringupConfig-version.cmake
-- Up-to-date symlink: /home/ieee/justbaked/justbaked/install/robot_bringup/share/robot_bringup/package.xml
