[0.032s] Invoking command in '/home/lsw155linuxbox/justbaked/justbaked/build/turtlebot4_navigation': CMAKE_PREFIX_PATH=${CMAKE_PREFIX_PATH}:/home/lsw155linuxbox/homer_ws/install/homer_description:/home/lsw155linuxbox/homer_ws/install/homer_control:/opt/ros/jazzy DEBUGINFOD_URLS=https://debuginfod.ubuntu.com /usr/bin/cmake --build /home/lsw155linuxbox/justbaked/justbaked/build/turtlebot4_navigation -- -j8 -l8
[0.434s] Built target ament_cmake_python_copy_turtlebot4_navigation
[0.842s] running egg_info
[0.914s] writing turtlebot4_navigation.egg-info/PKG-INFO
[0.914s] writing dependency_links to turtlebot4_navigation.egg-info/dependency_links.txt
[0.915s] writing top-level names to turtlebot4_navigation.egg-info/top_level.txt
[1.009s] reading manifest file 'turtlebot4_navigation.egg-info/SOURCES.txt'
[1.010s] writing manifest file 'turtlebot4_navigation.egg-info/SOURCES.txt'
[1.052s] Built target ament_cmake_python_build_turtlebot4_navigation_egg
[1.065s] Invoked command in '/home/lsw155linuxbox/justbaked/justbaked/build/turtlebot4_navigation' returned '0': CMAKE_PREFIX_PATH=${CMAKE_PREFIX_PATH}:/home/lsw155linuxbox/homer_ws/install/homer_description:/home/lsw155linuxbox/homer_ws/install/homer_control:/opt/ros/jazzy DEBUGINFOD_URLS=https://debuginfod.ubuntu.com /usr/bin/cmake --build /home/lsw155linuxbox/justbaked/justbaked/build/turtlebot4_navigation -- -j8 -l8
[1.066s] Invoking command in '/home/lsw155linuxbox/justbaked/justbaked/build/turtlebot4_navigation': CMAKE_PREFIX_PATH=${CMAKE_PREFIX_PATH}:/home/lsw155linuxbox/homer_ws/install/homer_description:/home/lsw155linuxbox/homer_ws/install/homer_control:/opt/ros/jazzy DEBUGINFOD_URLS=https://debuginfod.ubuntu.com /usr/bin/cmake --install /home/lsw155linuxbox/justbaked/justbaked/build/turtlebot4_navigation
[1.077s] -- Install configuration: ""
[1.077s] -- Up-to-date: /home/lsw155linuxbox/justbaked/justbaked/install/turtlebot4_navigation/share/turtlebot4_navigation/config
[1.077s] -- Up-to-date: /home/lsw155linuxbox/justbaked/justbaked/install/turtlebot4_navigation/share/turtlebot4_navigation/config/localization.yaml
[1.077s] -- Up-to-date: /home/lsw155linuxbox/justbaked/justbaked/install/turtlebot4_navigation/share/turtlebot4_navigation/config/nav2.yaml
[1.077s] -- Up-to-date: /home/lsw155linuxbox/justbaked/justbaked/install/turtlebot4_navigation/share/turtlebot4_navigation/config/slam.yaml
[1.077s] -- Up-to-date: /home/lsw155linuxbox/justbaked/justbaked/install/turtlebot4_navigation/share/turtlebot4_navigation/launch
[1.078s] -- Up-to-date: /home/lsw155linuxbox/justbaked/justbaked/install/turtlebot4_navigation/share/turtlebot4_navigation/launch/nav2.launch.py
[1.078s] -- Up-to-date: /home/lsw155linuxbox/justbaked/justbaked/install/turtlebot4_navigation/share/turtlebot4_navigation/launch/localization.launch.py
[1.078s] -- Up-to-date: /home/lsw155linuxbox/justbaked/justbaked/install/turtlebot4_navigation/share/turtlebot4_navigation/launch/slam.launch.py
[1.078s] -- Up-to-date: /home/lsw155linuxbox/justbaked/justbaked/install/turtlebot4_navigation/share/turtlebot4_navigation/maps
[1.078s] -- Up-to-date: /home/lsw155linuxbox/justbaked/justbaked/install/turtlebot4_navigation/share/turtlebot4_navigation/maps/maze.yaml
[1.078s] -- Up-to-date: /home/lsw155linuxbox/justbaked/justbaked/install/turtlebot4_navigation/share/turtlebot4_navigation/maps/depot.pgm
[1.078s] -- Up-to-date: /home/lsw155linuxbox/justbaked/justbaked/install/turtlebot4_navigation/share/turtlebot4_navigation/maps/depot.yaml
[1.079s] -- Up-to-date: /home/lsw155linuxbox/justbaked/justbaked/install/turtlebot4_navigation/share/turtlebot4_navigation/maps/maze.pgm
[1.079s] -- Up-to-date: /home/lsw155linuxbox/justbaked/justbaked/install/turtlebot4_navigation/share/turtlebot4_navigation/maps/warehouse.yaml
[1.079s] -- Up-to-date: /home/lsw155linuxbox/justbaked/justbaked/install/turtlebot4_navigation/share/turtlebot4_navigation/maps/warehouse.pgm
[1.079s] -- Up-to-date: /home/lsw155linuxbox/justbaked/justbaked/install/turtlebot4_navigation/share/turtlebot4_navigation/environment/pythonpath.sh
[1.079s] -- Up-to-date: /home/lsw155linuxbox/justbaked/justbaked/install/turtlebot4_navigation/share/turtlebot4_navigation/environment/pythonpath.dsv
[1.080s] -- Up-to-date: /home/lsw155linuxbox/justbaked/justbaked/install/turtlebot4_navigation/lib/python3.12/site-packages/turtlebot4_navigation-2.0.1-py3.12.egg-info
[1.080s] -- Installing: /home/lsw155linuxbox/justbaked/justbaked/install/turtlebot4_navigation/lib/python3.12/site-packages/turtlebot4_navigation-2.0.1-py3.12.egg-info/PKG-INFO
[1.080s] -- Installing: /home/lsw155linuxbox/justbaked/justbaked/install/turtlebot4_navigation/lib/python3.12/site-packages/turtlebot4_navigation-2.0.1-py3.12.egg-info/SOURCES.txt
[1.080s] -- Installing: /home/lsw155linuxbox/justbaked/justbaked/install/turtlebot4_navigation/lib/python3.12/site-packages/turtlebot4_navigation-2.0.1-py3.12.egg-info/dependency_links.txt
[1.080s] -- Installing: /home/lsw155linuxbox/justbaked/justbaked/install/turtlebot4_navigation/lib/python3.12/site-packages/turtlebot4_navigation-2.0.1-py3.12.egg-info/top_level.txt
[1.081s] -- Up-to-date: /home/lsw155linuxbox/justbaked/justbaked/install/turtlebot4_navigation/lib/python3.12/site-packages/turtlebot4_navigation
[1.081s] -- Up-to-date: /home/lsw155linuxbox/justbaked/justbaked/install/turtlebot4_navigation/lib/python3.12/site-packages/turtlebot4_navigation/__init__.py
[1.081s] -- Up-to-date: /home/lsw155linuxbox/justbaked/justbaked/install/turtlebot4_navigation/lib/python3.12/site-packages/turtlebot4_navigation/turtlebot4_navigator.py
[1.182s] Listing '/home/lsw155linuxbox/justbaked/justbaked/install/turtlebot4_navigation/lib/python3.12/site-packages/turtlebot4_navigation'...
[1.188s] -- Up-to-date: /home/lsw155linuxbox/justbaked/justbaked/install/turtlebot4_navigation/lib/python3.12/site-packages/turtlebot4_navigator.py
[1.235s] -- Up-to-date: /home/lsw155linuxbox/justbaked/justbaked/install/turtlebot4_navigation/share/ament_index/resource_index/package_run_dependencies/turtlebot4_navigation
[1.237s] -- Up-to-date: /home/lsw155linuxbox/justbaked/justbaked/install/turtlebot4_navigation/share/ament_index/resource_index/parent_prefix_path/turtlebot4_navigation
[1.237s] -- Up-to-date: /home/lsw155linuxbox/justbaked/justbaked/install/turtlebot4_navigation/share/turtlebot4_navigation/environment/ament_prefix_path.sh
[1.237s] -- Up-to-date: /home/lsw155linuxbox/justbaked/justbaked/install/turtlebot4_navigation/share/turtlebot4_navigation/environment/ament_prefix_path.dsv
[1.237s] -- Up-to-date: /home/lsw155linuxbox/justbaked/justbaked/install/turtlebot4_navigation/share/turtlebot4_navigation/environment/path.sh
[1.237s] -- Up-to-date: /home/lsw155linuxbox/justbaked/justbaked/install/turtlebot4_navigation/share/turtlebot4_navigation/environment/path.dsv
[1.237s] -- Up-to-date: /home/lsw155linuxbox/justbaked/justbaked/install/turtlebot4_navigation/share/turtlebot4_navigation/local_setup.bash
[1.238s] -- Up-to-date: /home/lsw155linuxbox/justbaked/justbaked/install/turtlebot4_navigation/share/turtlebot4_navigation/local_setup.sh
[1.238s] -- Up-to-date: /home/lsw155linuxbox/justbaked/justbaked/install/turtlebot4_navigation/share/turtlebot4_navigation/local_setup.zsh
[1.238s] -- Up-to-date: /home/lsw155linuxbox/justbaked/justbaked/install/turtlebot4_navigation/share/turtlebot4_navigation/local_setup.dsv
[1.238s] -- Installing: /home/lsw155linuxbox/justbaked/justbaked/install/turtlebot4_navigation/share/turtlebot4_navigation/package.dsv
[1.238s] -- Up-to-date: /home/lsw155linuxbox/justbaked/justbaked/install/turtlebot4_navigation/share/ament_index/resource_index/packages/turtlebot4_navigation
[1.238s] -- Up-to-date: /home/lsw155linuxbox/justbaked/justbaked/install/turtlebot4_navigation/share/turtlebot4_navigation/cmake/turtlebot4_navigationConfig.cmake
[1.238s] -- Up-to-date: /home/lsw155linuxbox/justbaked/justbaked/install/turtlebot4_navigation/share/turtlebot4_navigation/cmake/turtlebot4_navigationConfig-version.cmake
[1.238s] -- Up-to-date: /home/lsw155linuxbox/justbaked/justbaked/install/turtlebot4_navigation/share/turtlebot4_navigation/package.xml
[1.240s] Invoked command in '/home/lsw155linuxbox/justbaked/justbaked/build/turtlebot4_navigation' returned '0': CMAKE_PREFIX_PATH=${CMAKE_PREFIX_PATH}:/home/lsw155linuxbox/homer_ws/install/homer_description:/home/lsw155linuxbox/homer_ws/install/homer_control:/opt/ros/jazzy DEBUGINFOD_URLS=https://debuginfod.ubuntu.com /usr/bin/cmake --install /home/lsw155linuxbox/justbaked/justbaked/build/turtlebot4_navigation
