[0.011s] Invoking command in '/home/ieee/justbaked/justbaked/src/sllidar_ros2/build/sllidar_ros2': DEBUGINFOD_URLS=https://debuginfod.ubuntu.com /usr/bin/cmake /home/ieee/justbaked/justbaked/src/sllidar_ros2 -DAMENT_CMAKE_SYMLINK_INSTALL=1 -DCMAKE_INSTALL_PREFIX=/home/ieee/justbaked/justbaked/src/sllidar_ros2/install/sllidar_ros2
[0.110s] -- The C compiler identification is GNU 13.3.0
[0.208s] -- The CXX compiler identification is GNU 13.3.0
[0.234s] -- Detecting C compiler ABI info
[0.388s] -- Detecting C compiler ABI info - done
[0.404s] -- Check for working C compiler: /usr/bin/cc - skipped
[0.405s] -- Detecting C compile features
[0.405s] -- Detecting C compile features - done
[0.419s] -- Detecting CXX compiler ABI info
[0.585s] -- Detecting CXX compiler ABI info - done
[0.602s] -- Check for working CXX compiler: /usr/bin/c++ - skipped
[0.602s] -- Detecting CXX compile features
[0.603s] -- Detecting CXX compile features - done
[0.611s] [31mCMake Error at CMakeLists.txt:34 (find_package):
[0.611s]   By not providing "Findament_cmake.cmake" in CMAKE_MODULE_PATH this project
[0.611s]   has asked CMake to find a package configuration file provided by
[0.611s]   "ament_cmake", but CMake did not find one.
[0.611s] 
[0.612s]   Could not find a package configuration file provided by "ament_cmake" with
[0.612s]   any of the following names:
[0.612s] 
[0.612s]     ament_cmakeConfig.cmake
[0.612s]     ament_cmake-config.cmake
[0.612s] 
[0.612s]   Add the installation prefix of "ament_cmake" to CMAKE_PREFIX_PATH or set
[0.612s]   "ament_cmake_DIR" to a directory containing one of the above files.  If
[0.612s]   "ament_cmake" provides a separate development package or SDK, be sure it
[0.612s]   has been installed.
[0.612s] 
[0.612s] [0m
[0.612s] -- Configuring incomplete, errors occurred!
[0.617s] Invoked command in '/home/ieee/justbaked/justbaked/src/sllidar_ros2/build/sllidar_ros2' returned '1': DEBUGINFOD_URLS=https://debuginfod.ubuntu.com /usr/bin/cmake /home/ieee/justbaked/justbaked/src/sllidar_ros2 -DAMENT_CMAKE_SYMLINK_INSTALL=1 -DCMAKE_INSTALL_PREFIX=/home/ieee/justbaked/justbaked/src/sllidar_ros2/install/sllidar_ros2
