[0.065s] Invoking command in '/home/ieee/justbaked/justbaked/build/turtlebot4_navigation': CMAKE_PREFIX_PATH=${CMAKE_PREFIX_PATH}:/home/ieee/justbaked/justbaked/install/temp_sens:/opt/ros/jazzy DEBUGINFOD_URLS=https://debuginfod.ubuntu.com /usr/bin/cmake --build /home/ieee/justbaked/justbaked/build/turtlebot4_navigation -- -j4 -l4
[0.267s] Built target ament_cmake_python_symlink_turtlebot4_navigation
[0.797s] running egg_info
[0.854s] writing turtlebot4_navigation.egg-info/PKG-INFO
[0.855s] writing dependency_links to turtlebot4_navigation.egg-info/dependency_links.txt
[0.855s] writing top-level names to turtlebot4_navigation.egg-info/top_level.txt
[0.968s] reading manifest file 'turtlebot4_navigation.egg-info/SOURCES.txt'
[0.969s] writing manifest file 'turtlebot4_navigation.egg-info/SOURCES.txt'
[1.118s] Built target ament_cmake_python_build_turtlebot4_navigation_egg
[1.162s] Invoked command in '/home/ieee/justbaked/justbaked/build/turtlebot4_navigation' returned '0': CMAKE_PREFIX_PATH=${CMAKE_PREFIX_PATH}:/home/ieee/justbaked/justbaked/install/temp_sens:/opt/ros/jazzy DEBUGINFOD_URLS=https://debuginfod.ubuntu.com /usr/bin/cmake --build /home/ieee/justbaked/justbaked/build/turtlebot4_navigation -- -j4 -l4
[1.165s] Invoking command in '/home/ieee/justbaked/justbaked/build/turtlebot4_navigation': CMAKE_PREFIX_PATH=${CMAKE_PREFIX_PATH}:/home/ieee/justbaked/justbaked/install/temp_sens:/opt/ros/jazzy DEBUGINFOD_URLS=https://debuginfod.ubuntu.com /usr/bin/cmake --install /home/ieee/justbaked/justbaked/build/turtlebot4_navigation
[1.191s] -- Install configuration: ""
[1.192s] -- Execute custom install script
[1.193s] -- Up-to-date symlink: /home/ieee/justbaked/justbaked/install/turtlebot4_navigation/lib/turtlebot4_navigation/TankDemo.py
[1.194s] -- Up-to-date symlink: /home/ieee/justbaked/justbaked/install/turtlebot4_navigation/share/turtlebot4_navigation/config/localization.yaml
[1.194s] -- Up-to-date symlink: /home/ieee/justbaked/justbaked/install/turtlebot4_navigation/share/turtlebot4_navigation/config/nav2.yaml
[1.194s] -- Up-to-date symlink: /home/ieee/justbaked/justbaked/install/turtlebot4_navigation/share/turtlebot4_navigation/config/slam.yaml
[1.194s] -- Up-to-date symlink: /home/ieee/justbaked/justbaked/install/turtlebot4_navigation/share/turtlebot4_navigation/launch/.lgd-nfy0
[1.194s] -- Up-to-date symlink: /home/ieee/justbaked/justbaked/install/turtlebot4_navigation/share/turtlebot4_navigation/launch/localization.launch.py
[1.195s] -- Up-to-date symlink: /home/ieee/justbaked/justbaked/install/turtlebot4_navigation/share/turtlebot4_navigation/launch/nav2.launch.py
[1.195s] -- Up-to-date symlink: /home/ieee/justbaked/justbaked/install/turtlebot4_navigation/share/turtlebot4_navigation/launch/slam.launch.py
[1.195s] -- Up-to-date symlink: /home/ieee/justbaked/justbaked/install/turtlebot4_navigation/share/turtlebot4_navigation/launch/tank_mov.launch.py
[1.195s] -- Up-to-date symlink: /home/ieee/justbaked/justbaked/install/turtlebot4_navigation/share/turtlebot4_navigation/maps/depot.pgm
[1.195s] -- Up-to-date symlink: /home/ieee/justbaked/justbaked/install/turtlebot4_navigation/share/turtlebot4_navigation/maps/depot.yaml
[1.195s] -- Up-to-date symlink: /home/ieee/justbaked/justbaked/install/turtlebot4_navigation/share/turtlebot4_navigation/maps/maze.pgm
[1.196s] -- Up-to-date symlink: /home/ieee/justbaked/justbaked/install/turtlebot4_navigation/share/turtlebot4_navigation/maps/maze.yaml
[1.196s] -- Up-to-date symlink: /home/ieee/justbaked/justbaked/install/turtlebot4_navigation/share/turtlebot4_navigation/maps/warehouse.pgm
[1.196s] -- Up-to-date symlink: /home/ieee/justbaked/justbaked/install/turtlebot4_navigation/share/turtlebot4_navigation/maps/warehouse.yaml
[1.196s] -- Up-to-date symlink: /home/ieee/justbaked/justbaked/install/turtlebot4_navigation/share/turtlebot4_navigation/turtlebot4_navigation/TankDemo.py
[1.196s] -- Up-to-date symlink: /home/ieee/justbaked/justbaked/install/turtlebot4_navigation/share/turtlebot4_navigation/turtlebot4_navigation/__init__.py
[1.197s] -- Up-to-date symlink: /home/ieee/justbaked/justbaked/install/turtlebot4_navigation/share/turtlebot4_navigation/turtlebot4_navigation/turtlebot4_navigator.py
[1.197s] -- Up-to-date symlink: /home/ieee/justbaked/justbaked/install/turtlebot4_navigation/share/turtlebot4_navigation/environment/pythonpath.sh
[1.199s] -- Up-to-date symlink: /home/ieee/justbaked/justbaked/install/turtlebot4_navigation/share/turtlebot4_navigation/environment/pythonpath.dsv
[1.199s] -- Up-to-date symlink: /home/ieee/justbaked/justbaked/install/turtlebot4_navigation/lib/python3.12/site-packages/turtlebot4_navigation-2.0.1-py3.12.egg-info/PKG-INFO
[1.199s] -- Up-to-date symlink: /home/ieee/justbaked/justbaked/install/turtlebot4_navigation/lib/python3.12/site-packages/turtlebot4_navigation-2.0.1-py3.12.egg-info/SOURCES.txt
[1.199s] -- Up-to-date symlink: /home/ieee/justbaked/justbaked/install/turtlebot4_navigation/lib/python3.12/site-packages/turtlebot4_navigation-2.0.1-py3.12.egg-info/dependency_links.txt
[1.200s] -- Up-to-date symlink: /home/ieee/justbaked/justbaked/install/turtlebot4_navigation/lib/python3.12/site-packages/turtlebot4_navigation-2.0.1-py3.12.egg-info/top_level.txt
[1.200s] -- Up-to-date symlink: /home/ieee/justbaked/justbaked/install/turtlebot4_navigation/lib/python3.12/site-packages/turtlebot4_navigation/TankDemo.py
[1.201s] -- Up-to-date symlink: /home/ieee/justbaked/justbaked/install/turtlebot4_navigation/lib/python3.12/site-packages/turtlebot4_navigation/__init__.py
[1.201s] -- Up-to-date symlink: /home/ieee/justbaked/justbaked/install/turtlebot4_navigation/lib/python3.12/site-packages/turtlebot4_navigation/turtlebot4_navigator.py
[1.201s] -- Up-to-date symlink: /home/ieee/justbaked/justbaked/install/turtlebot4_navigation/lib/python3.12/site-packages/turtlebot4_navigator.py
[1.202s] -- Up-to-date symlink: /home/ieee/justbaked/justbaked/install/turtlebot4_navigation/share/ament_index/resource_index/package_run_dependencies/turtlebot4_navigation
[1.202s] -- Up-to-date symlink: /home/ieee/justbaked/justbaked/install/turtlebot4_navigation/share/ament_index/resource_index/parent_prefix_path/turtlebot4_navigation
[1.203s] -- Up-to-date symlink: /home/ieee/justbaked/justbaked/install/turtlebot4_navigation/share/turtlebot4_navigation/environment/ament_prefix_path.sh
[1.203s] -- Up-to-date symlink: /home/ieee/justbaked/justbaked/install/turtlebot4_navigation/share/turtlebot4_navigation/environment/ament_prefix_path.dsv
[1.203s] -- Up-to-date symlink: /home/ieee/justbaked/justbaked/install/turtlebot4_navigation/share/turtlebot4_navigation/environment/path.sh
[1.203s] -- Up-to-date symlink: /home/ieee/justbaked/justbaked/install/turtlebot4_navigation/share/turtlebot4_navigation/environment/path.dsv
[1.204s] -- Up-to-date symlink: /home/ieee/justbaked/justbaked/install/turtlebot4_navigation/share/turtlebot4_navigation/local_setup.bash
[1.204s] -- Up-to-date symlink: /home/ieee/justbaked/justbaked/install/turtlebot4_navigation/share/turtlebot4_navigation/local_setup.sh
[1.204s] -- Up-to-date symlink: /home/ieee/justbaked/justbaked/install/turtlebot4_navigation/share/turtlebot4_navigation/local_setup.zsh
[1.205s] -- Up-to-date symlink: /home/ieee/justbaked/justbaked/install/turtlebot4_navigation/share/turtlebot4_navigation/local_setup.dsv
[1.205s] -- Symlinking: /home/ieee/justbaked/justbaked/install/turtlebot4_navigation/share/turtlebot4_navigation/package.dsv
[1.236s] -- Up-to-date symlink: /home/ieee/justbaked/justbaked/install/turtlebot4_navigation/share/ament_index/resource_index/packages/turtlebot4_navigation
[1.236s] -- Up-to-date symlink: /home/ieee/justbaked/justbaked/install/turtlebot4_navigation/share/turtlebot4_navigation/cmake/turtlebot4_navigationConfig.cmake
[1.236s] -- Up-to-date symlink: /home/ieee/justbaked/justbaked/install/turtlebot4_navigation/share/turtlebot4_navigation/cmake/turtlebot4_navigationConfig-version.cmake
[1.237s] -- Up-to-date symlink: /home/ieee/justbaked/justbaked/install/turtlebot4_navigation/share/turtlebot4_navigation/package.xml
[1.332s] Listing '/home/ieee/justbaked/justbaked/install/turtlebot4_navigation/lib/python3.12/site-packages/turtlebot4_navigation'...
[1.516s] Invoked command in '/home/ieee/justbaked/justbaked/build/turtlebot4_navigation' returned '0': CMAKE_PREFIX_PATH=${CMAKE_PREFIX_PATH}:/home/ieee/justbaked/justbaked/install/temp_sens:/opt/ros/jazzy DEBUGINFOD_URLS=https://debuginfod.ubuntu.com /usr/bin/cmake --install /home/ieee/justbaked/justbaked/build/turtlebot4_navigation
