[0.806s] DEBUG:colcon:Command line arguments: ['/usr/bin/colcon', 'build']
[0.806s] DEBUG:colcon:Parsed command line arguments: Namespace(log_base=None, log_level=None, verb_name='build', build_base='build', install_base='install', merge_install=False, symlink_install=False, test_result_base=None, continue_on_error=False, executor='parallel', parallel_workers=4, event_handlers=None, ignore_user_meta=False, metas=['./colcon.meta'], base_paths=['.'], packages_ignore=None, packages_ignore_regex=None, paths=None, packages_up_to=None, packages_up_to_regex=None, packages_above=None, packages_above_and_dependencies=None, packages_above_depth=None, packages_select_by_dep=None, packages_skip_by_dep=None, packages_skip_up_to=None, packages_select_build_failed=False, packages_skip_build_finished=False, packages_select_test_failures=False, packages_skip_test_passed=False, packages_select=None, packages_skip=None, packages_select_regex=None, packages_skip_regex=None, packages_start=None, packages_end=None, allow_overriding=[], cmake_args=None, cmake_target=None, cmake_target_skip_unavailable=False, cmake_clean_cache=False, cmake_clean_first=False, cmake_force_configure=False, ament_cmake_args=None, catkin_cmake_args=None, catkin_skip_building_tests=False, mixin_files=None, mixin=None, verb_parser=<colcon_mixin.mixin.mixin_argument.MixinArgumentDecorator object at 0x7844c78b4680>, verb_extension=<colcon_core.verb.build.BuildVerb object at 0x7844c78b42c0>, main=<bound method BuildVerb.main of <colcon_core.verb.build.BuildVerb object at 0x7844c78b42c0>>, mixin_verb=('build',))
[1.374s] Level 1:colcon.colcon_core.package_discovery:discover_packages(colcon_meta) check parameters
[1.374s] Level 1:colcon.colcon_core.package_discovery:discover_packages(recursive) check parameters
[1.374s] Level 1:colcon.colcon_core.package_discovery:discover_packages(ignore) check parameters
[1.374s] Level 1:colcon.colcon_core.package_discovery:discover_packages(path) check parameters
[1.374s] Level 1:colcon.colcon_core.package_discovery:discover_packages(colcon_meta) discover
[1.375s] Level 1:colcon.colcon_core.package_discovery:discover_packages(recursive) discover
[1.375s] INFO:colcon.colcon_core.package_discovery:Crawling recursively for packages in '/home/jack/justbaked/justbaked'
[1.375s] Level 1:colcon.colcon_core.package_identification:_identify(.) by extensions ['ignore', 'ignore_ament_install']
[1.375s] Level 1:colcon.colcon_core.package_identification:_identify(.) by extension 'ignore'
[1.375s] Level 1:colcon.colcon_core.package_identification:_identify(.) by extension 'ignore_ament_install'
[1.375s] Level 1:colcon.colcon_core.package_identification:_identify(.) by extensions ['colcon_pkg']
[1.376s] Level 1:colcon.colcon_core.package_identification:_identify(.) by extension 'colcon_pkg'
[1.376s] Level 1:colcon.colcon_core.package_identification:_identify(.) by extensions ['colcon_meta']
[1.376s] Level 1:colcon.colcon_core.package_identification:_identify(.) by extension 'colcon_meta'
[1.376s] Level 1:colcon.colcon_core.package_identification:_identify(.) by extensions ['ros']
[1.376s] Level 1:colcon.colcon_core.package_identification:_identify(.) by extension 'ros'
[1.512s] Level 1:colcon.colcon_core.package_identification:_identify(.) by extensions ['cmake', 'python']
[1.512s] Level 1:colcon.colcon_core.package_identification:_identify(.) by extension 'cmake'
[1.512s] Level 1:colcon.colcon_core.package_identification:_identify(.) by extension 'python'
[1.512s] Level 1:colcon.colcon_core.package_identification:_identify(.) by extensions ['python_setup_py']
[1.512s] Level 1:colcon.colcon_core.package_identification:_identify(.) by extension 'python_setup_py'
[1.512s] Level 1:colcon.colcon_core.package_identification:_identify(build) by extensions ['ignore', 'ignore_ament_install']
[1.512s] Level 1:colcon.colcon_core.package_identification:_identify(build) by extension 'ignore'
[1.512s] Level 1:colcon.colcon_core.package_identification:_identify(build) ignored
[1.513s] Level 1:colcon.colcon_core.package_identification:_identify(install) by extensions ['ignore', 'ignore_ament_install']
[1.513s] Level 1:colcon.colcon_core.package_identification:_identify(install) by extension 'ignore'
[1.513s] Level 1:colcon.colcon_core.package_identification:_identify(install) ignored
[1.513s] Level 1:colcon.colcon_core.package_identification:_identify(log) by extensions ['ignore', 'ignore_ament_install']
[1.513s] Level 1:colcon.colcon_core.package_identification:_identify(log) by extension 'ignore'
[1.514s] Level 1:colcon.colcon_core.package_identification:_identify(log) ignored
[1.514s] Level 1:colcon.colcon_core.package_identification:_identify(src) by extensions ['ignore', 'ignore_ament_install']
[1.514s] Level 1:colcon.colcon_core.package_identification:_identify(src) by extension 'ignore'
[1.514s] Level 1:colcon.colcon_core.package_identification:_identify(src) by extension 'ignore_ament_install'
[1.514s] Level 1:colcon.colcon_core.package_identification:_identify(src) by extensions ['colcon_pkg']
[1.514s] Level 1:colcon.colcon_core.package_identification:_identify(src) by extension 'colcon_pkg'
[1.514s] Level 1:colcon.colcon_core.package_identification:_identify(src) by extensions ['colcon_meta']
[1.514s] Level 1:colcon.colcon_core.package_identification:_identify(src) by extension 'colcon_meta'
[1.514s] Level 1:colcon.colcon_core.package_identification:_identify(src) by extensions ['ros']
[1.514s] Level 1:colcon.colcon_core.package_identification:_identify(src) by extension 'ros'
[1.515s] Level 1:colcon.colcon_core.package_identification:_identify(src) by extensions ['cmake', 'python']
[1.515s] Level 1:colcon.colcon_core.package_identification:_identify(src) by extension 'cmake'
[1.515s] Level 1:colcon.colcon_core.package_identification:_identify(src) by extension 'python'
[1.515s] Level 1:colcon.colcon_core.package_identification:_identify(src) by extensions ['python_setup_py']
[1.515s] Level 1:colcon.colcon_core.package_identification:_identify(src) by extension 'python_setup_py'
[1.515s] Level 1:colcon.colcon_core.package_identification:_identify(src/gazebo) by extensions ['ignore', 'ignore_ament_install']
[1.515s] Level 1:colcon.colcon_core.package_identification:_identify(src/gazebo) by extension 'ignore'
[1.515s] Level 1:colcon.colcon_core.package_identification:_identify(src/gazebo) by extension 'ignore_ament_install'
[1.515s] Level 1:colcon.colcon_core.package_identification:_identify(src/gazebo) by extensions ['colcon_pkg']
[1.515s] Level 1:colcon.colcon_core.package_identification:_identify(src/gazebo) by extension 'colcon_pkg'
[1.515s] Level 1:colcon.colcon_core.package_identification:_identify(src/gazebo) by extensions ['colcon_meta']
[1.515s] Level 1:colcon.colcon_core.package_identification:_identify(src/gazebo) by extension 'colcon_meta'
[1.515s] Level 1:colcon.colcon_core.package_identification:_identify(src/gazebo) by extensions ['ros']
[1.516s] Level 1:colcon.colcon_core.package_identification:_identify(src/gazebo) by extension 'ros'
[1.522s] DEBUG:colcon.colcon_core.package_identification:Package 'src/gazebo' with type 'ros.ament_cmake' and name 'gazebo'
[1.522s] Level 1:colcon.colcon_core.package_identification:_identify(src/robdesc) by extensions ['ignore', 'ignore_ament_install']
[1.523s] Level 1:colcon.colcon_core.package_identification:_identify(src/robdesc) by extension 'ignore'
[1.523s] Level 1:colcon.colcon_core.package_identification:_identify(src/robdesc) by extension 'ignore_ament_install'
[1.523s] Level 1:colcon.colcon_core.package_identification:_identify(src/robdesc) by extensions ['colcon_pkg']
[1.523s] Level 1:colcon.colcon_core.package_identification:_identify(src/robdesc) by extension 'colcon_pkg'
[1.523s] Level 1:colcon.colcon_core.package_identification:_identify(src/robdesc) by extensions ['colcon_meta']
[1.523s] Level 1:colcon.colcon_core.package_identification:_identify(src/robdesc) by extension 'colcon_meta'
[1.523s] Level 1:colcon.colcon_core.package_identification:_identify(src/robdesc) by extensions ['ros']
[1.523s] Level 1:colcon.colcon_core.package_identification:_identify(src/robdesc) by extension 'ros'
[1.542s] DEBUG:colcon.colcon_core.package_identification:Package 'src/robdesc' with type 'ros.ament_cmake' and name 'robdesc'
[1.543s] Level 1:colcon.colcon_core.package_identification:_identify(src/tempsens) by extensions ['ignore', 'ignore_ament_install']
[1.543s] Level 1:colcon.colcon_core.package_identification:_identify(src/tempsens) by extension 'ignore'
[1.543s] Level 1:colcon.colcon_core.package_identification:_identify(src/tempsens) by extension 'ignore_ament_install'
[1.543s] Level 1:colcon.colcon_core.package_identification:_identify(src/tempsens) by extensions ['colcon_pkg']
[1.543s] Level 1:colcon.colcon_core.package_identification:_identify(src/tempsens) by extension 'colcon_pkg'
[1.543s] Level 1:colcon.colcon_core.package_identification:_identify(src/tempsens) by extensions ['colcon_meta']
[1.543s] Level 1:colcon.colcon_core.package_identification:_identify(src/tempsens) by extension 'colcon_meta'
[1.543s] Level 1:colcon.colcon_core.package_identification:_identify(src/tempsens) by extensions ['ros']
[1.544s] Level 1:colcon.colcon_core.package_identification:_identify(src/tempsens) by extension 'ros'
[1.559s] DEBUG:colcon.colcon_core.package_identification:Package 'src/tempsens' with type 'ros.ament_cmake' and name 'tempsens'
[1.559s] Level 1:colcon.colcon_core.package_discovery:discover_packages(recursive) using defaults
[1.559s] Level 1:colcon.colcon_core.package_discovery:discover_packages(ignore) discover
[1.560s] Level 1:colcon.colcon_core.package_discovery:discover_packages(ignore) using defaults
[1.560s] Level 1:colcon.colcon_core.package_discovery:discover_packages(path) discover
[1.560s] Level 1:colcon.colcon_core.package_discovery:discover_packages(path) using defaults
[1.702s] Level 1:colcon.colcon_core.package_discovery:discover_packages(prefix_path) check parameters
[1.703s] Level 1:colcon.colcon_core.package_discovery:discover_packages(prefix_path) discover
[1.896s] DEBUG:colcon.colcon_installed_package_information.package_discovery:Found 403 installed packages in /opt/ros/jazzy
[1.899s] Level 1:colcon.colcon_core.package_discovery:discover_packages(prefix_path) using defaults
[11.565s] Level 5:colcon.colcon_core.verb:set package 'gazebo' build argument 'cmake_args' from command line to 'None'
[11.565s] Level 5:colcon.colcon_core.verb:set package 'gazebo' build argument 'cmake_target' from command line to 'None'
[11.566s] Level 5:colcon.colcon_core.verb:set package 'gazebo' build argument 'cmake_target_skip_unavailable' from command line to 'False'
[11.566s] Level 5:colcon.colcon_core.verb:set package 'gazebo' build argument 'cmake_clean_cache' from command line to 'False'
[11.566s] Level 5:colcon.colcon_core.verb:set package 'gazebo' build argument 'cmake_clean_first' from command line to 'False'
[11.566s] Level 5:colcon.colcon_core.verb:set package 'gazebo' build argument 'cmake_force_configure' from command line to 'False'
[11.566s] Level 5:colcon.colcon_core.verb:set package 'gazebo' build argument 'ament_cmake_args' from command line to 'None'
[11.566s] Level 5:colcon.colcon_core.verb:set package 'gazebo' build argument 'catkin_cmake_args' from command line to 'None'
[11.566s] Level 5:colcon.colcon_core.verb:set package 'gazebo' build argument 'catkin_skip_building_tests' from command line to 'False'
[11.566s] DEBUG:colcon.colcon_core.verb:Building package 'gazebo' with the following arguments: {'ament_cmake_args': None, 'build_base': '/home/jack/justbaked/justbaked/build/gazebo', 'catkin_cmake_args': None, 'catkin_skip_building_tests': False, 'cmake_args': None, 'cmake_clean_cache': False, 'cmake_clean_first': False, 'cmake_force_configure': False, 'cmake_target': None, 'cmake_target_skip_unavailable': False, 'install_base': '/home/jack/justbaked/justbaked/install/gazebo', 'merge_install': False, 'path': '/home/jack/justbaked/justbaked/src/gazebo', 'symlink_install': False, 'test_result_base': None}
[11.566s] Level 5:colcon.colcon_core.verb:set package 'robdesc' build argument 'cmake_args' from command line to 'None'
[11.566s] Level 5:colcon.colcon_core.verb:set package 'robdesc' build argument 'cmake_target' from command line to 'None'
[11.567s] Level 5:colcon.colcon_core.verb:set package 'robdesc' build argument 'cmake_target_skip_unavailable' from command line to 'False'
[11.567s] Level 5:colcon.colcon_core.verb:set package 'robdesc' build argument 'cmake_clean_cache' from command line to 'False'
[11.567s] Level 5:colcon.colcon_core.verb:set package 'robdesc' build argument 'cmake_clean_first' from command line to 'False'
[11.567s] Level 5:colcon.colcon_core.verb:set package 'robdesc' build argument 'cmake_force_configure' from command line to 'False'
[11.567s] Level 5:colcon.colcon_core.verb:set package 'robdesc' build argument 'ament_cmake_args' from command line to 'None'
[11.567s] Level 5:colcon.colcon_core.verb:set package 'robdesc' build argument 'catkin_cmake_args' from command line to 'None'
[11.567s] Level 5:colcon.colcon_core.verb:set package 'robdesc' build argument 'catkin_skip_building_tests' from command line to 'False'
[11.567s] DEBUG:colcon.colcon_core.verb:Building package 'robdesc' with the following arguments: {'ament_cmake_args': None, 'build_base': '/home/jack/justbaked/justbaked/build/robdesc', 'catkin_cmake_args': None, 'catkin_skip_building_tests': False, 'cmake_args': None, 'cmake_clean_cache': False, 'cmake_clean_first': False, 'cmake_force_configure': False, 'cmake_target': None, 'cmake_target_skip_unavailable': False, 'install_base': '/home/jack/justbaked/justbaked/install/robdesc', 'merge_install': False, 'path': '/home/jack/justbaked/justbaked/src/robdesc', 'symlink_install': False, 'test_result_base': None}
[11.567s] Level 5:colcon.colcon_core.verb:set package 'tempsens' build argument 'cmake_args' from command line to 'None'
[11.567s] Level 5:colcon.colcon_core.verb:set package 'tempsens' build argument 'cmake_target' from command line to 'None'
[11.567s] Level 5:colcon.colcon_core.verb:set package 'tempsens' build argument 'cmake_target_skip_unavailable' from command line to 'False'
[11.568s] Level 5:colcon.colcon_core.verb:set package 'tempsens' build argument 'cmake_clean_cache' from command line to 'False'
[11.568s] Level 5:colcon.colcon_core.verb:set package 'tempsens' build argument 'cmake_clean_first' from command line to 'False'
[11.568s] Level 5:colcon.colcon_core.verb:set package 'tempsens' build argument 'cmake_force_configure' from command line to 'False'
[11.568s] Level 5:colcon.colcon_core.verb:set package 'tempsens' build argument 'ament_cmake_args' from command line to 'None'
[11.568s] Level 5:colcon.colcon_core.verb:set package 'tempsens' build argument 'catkin_cmake_args' from command line to 'None'
[11.568s] Level 5:colcon.colcon_core.verb:set package 'tempsens' build argument 'catkin_skip_building_tests' from command line to 'False'
[11.568s] DEBUG:colcon.colcon_core.verb:Building package 'tempsens' with the following arguments: {'ament_cmake_args': None, 'build_base': '/home/jack/justbaked/justbaked/build/tempsens', 'catkin_cmake_args': None, 'catkin_skip_building_tests': False, 'cmake_args': None, 'cmake_clean_cache': False, 'cmake_clean_first': False, 'cmake_force_configure': False, 'cmake_target': None, 'cmake_target_skip_unavailable': False, 'install_base': '/home/jack/justbaked/justbaked/install/tempsens', 'merge_install': False, 'path': '/home/jack/justbaked/justbaked/src/tempsens', 'symlink_install': False, 'test_result_base': None}
[11.568s] INFO:colcon.colcon_core.executor:Executing jobs using 'parallel' executor
[11.570s] DEBUG:colcon.colcon_parallel_executor.executor.parallel:run_until_complete
[11.570s] INFO:colcon.colcon_ros.task.ament_cmake.build:Building ROS package in '/home/jack/justbaked/justbaked/src/gazebo' with build type 'ament_cmake'
[11.570s] INFO:colcon.colcon_cmake.task.cmake.build:Building CMake package in '/home/jack/justbaked/justbaked/src/gazebo'
[11.745s] INFO:colcon.colcon_core.plugin_system:Skipping extension 'colcon_core.shell.bat': Not used on non-Windows systems
[11.746s] INFO:colcon.colcon_core.shell:Skip shell extension 'powershell' for command environment: Not usable outside of PowerShell
[11.746s] DEBUG:colcon.colcon_core.shell:Skip shell extension 'dsv' for command environment
[11.773s] INFO:colcon.colcon_ros.task.ament_cmake.build:Building ROS package in '/home/jack/justbaked/justbaked/src/robdesc' with build type 'ament_cmake'
[11.773s] INFO:colcon.colcon_cmake.task.cmake.build:Building CMake package in '/home/jack/justbaked/justbaked/src/robdesc'
[11.773s] INFO:colcon.colcon_core.shell:Skip shell extension 'powershell' for command environment: Not usable outside of PowerShell
[11.773s] DEBUG:colcon.colcon_core.shell:Skip shell extension 'dsv' for command environment
[11.780s] INFO:colcon.colcon_ros.task.ament_cmake.build:Building ROS package in '/home/jack/justbaked/justbaked/src/tempsens' with build type 'ament_cmake'
[11.780s] INFO:colcon.colcon_cmake.task.cmake.build:Building CMake package in '/home/jack/justbaked/justbaked/src/tempsens'
[11.781s] INFO:colcon.colcon_core.shell:Skip shell extension 'powershell' for command environment: Not usable outside of PowerShell
[11.781s] DEBUG:colcon.colcon_core.shell:Skip shell extension 'dsv' for command environment
[11.826s] DEBUG:colcon.colcon_core.event_handler.log_command:Invoking command in '/home/jack/justbaked/justbaked/build/gazebo': CMAKE_PREFIX_PATH=${CMAKE_PREFIX_PATH}:/opt/ros/jazzy DEBUGINFOD_URLS=https://debuginfod.ubuntu.com /usr/bin/cmake --build /home/jack/justbaked/justbaked/build/gazebo -- -j4 -l4
[12.193s] DEBUG:colcon.colcon_core.event_handler.log_command:Invoking command in '/home/jack/justbaked/justbaked/build/robdesc': CMAKE_PREFIX_PATH=${CMAKE_PREFIX_PATH}:/opt/ros/jazzy DEBUGINFOD_URLS=https://debuginfod.ubuntu.com /usr/bin/cmake --build /home/jack/justbaked/justbaked/build/robdesc -- -j4 -l4
[12.274s] DEBUG:colcon.colcon_core.event_handler.log_command:Invoking command in '/home/jack/justbaked/justbaked/build/tempsens': CMAKE_PREFIX_PATH=${CMAKE_PREFIX_PATH}:/opt/ros/jazzy DEBUGINFOD_URLS=https://debuginfod.ubuntu.com /usr/bin/cmake --build /home/jack/justbaked/justbaked/build/tempsens -- -j4 -l4
[13.698s] DEBUG:colcon.colcon_core.event_handler.log_command:Invoked command in '/home/jack/justbaked/justbaked/build/gazebo' returned '0': CMAKE_PREFIX_PATH=${CMAKE_PREFIX_PATH}:/opt/ros/jazzy DEBUGINFOD_URLS=https://debuginfod.ubuntu.com /usr/bin/cmake --build /home/jack/justbaked/justbaked/build/gazebo -- -j4 -l4
[13.715s] DEBUG:colcon.colcon_core.event_handler.log_command:Invoking command in '/home/jack/justbaked/justbaked/build/gazebo': CMAKE_PREFIX_PATH=${CMAKE_PREFIX_PATH}:/opt/ros/jazzy DEBUGINFOD_URLS=https://debuginfod.ubuntu.com /usr/bin/cmake --install /home/jack/justbaked/justbaked/build/gazebo
[13.717s] DEBUG:colcon.colcon_core.event_handler.log_command:Invoked command in '/home/jack/justbaked/justbaked/build/tempsens' returned '0': CMAKE_PREFIX_PATH=${CMAKE_PREFIX_PATH}:/opt/ros/jazzy DEBUGINFOD_URLS=https://debuginfod.ubuntu.com /usr/bin/cmake --build /home/jack/justbaked/justbaked/build/tempsens -- -j4 -l4
[13.721s] DEBUG:colcon.colcon_core.event_handler.log_command:Invoking command in '/home/jack/justbaked/justbaked/build/tempsens': CMAKE_PREFIX_PATH=${CMAKE_PREFIX_PATH}:/opt/ros/jazzy DEBUGINFOD_URLS=https://debuginfod.ubuntu.com /usr/bin/cmake --install /home/jack/justbaked/justbaked/build/tempsens
[13.723s] DEBUG:colcon.colcon_core.event_handler.log_command:Invoked command in '/home/jack/justbaked/justbaked/build/robdesc' returned '0': CMAKE_PREFIX_PATH=${CMAKE_PREFIX_PATH}:/opt/ros/jazzy DEBUGINFOD_URLS=https://debuginfod.ubuntu.com /usr/bin/cmake --build /home/jack/justbaked/justbaked/build/robdesc -- -j4 -l4
[13.725s] DEBUG:colcon.colcon_core.event_handler.log_command:Invoking command in '/home/jack/justbaked/justbaked/build/robdesc': CMAKE_PREFIX_PATH=${CMAKE_PREFIX_PATH}:/opt/ros/jazzy DEBUGINFOD_URLS=https://debuginfod.ubuntu.com /usr/bin/cmake --install /home/jack/justbaked/justbaked/build/robdesc
[14.007s] Level 1:colcon.colcon_core.environment:create_environment_scripts_only(tempsens)
[14.009s] DEBUG:colcon.colcon_core.event_handler.log_command:Invoked command in '/home/jack/justbaked/justbaked/build/tempsens' returned '0': CMAKE_PREFIX_PATH=${CMAKE_PREFIX_PATH}:/opt/ros/jazzy DEBUGINFOD_URLS=https://debuginfod.ubuntu.com /usr/bin/cmake --install /home/jack/justbaked/justbaked/build/tempsens
[14.051s] Level 1:colcon.colcon_core.environment:checking '/home/jack/justbaked/justbaked/install/tempsens' for CMake module files
[14.052s] Level 1:colcon.colcon_core.environment:checking '/home/jack/justbaked/justbaked/install/tempsens' for CMake config files
[14.053s] Level 1:colcon.colcon_core.shell:create_environment_hook('tempsens', 'cmake_prefix_path')
[14.054s] INFO:colcon.colcon_core.shell:Creating environment hook '/home/jack/justbaked/justbaked/install/tempsens/share/tempsens/hook/cmake_prefix_path.ps1'
[14.056s] INFO:colcon.colcon_core.shell:Creating environment descriptor '/home/jack/justbaked/justbaked/install/tempsens/share/tempsens/hook/cmake_prefix_path.dsv'
[14.057s] INFO:colcon.colcon_core.shell:Creating environment hook '/home/jack/justbaked/justbaked/install/tempsens/share/tempsens/hook/cmake_prefix_path.sh'
[14.059s] Level 1:colcon.colcon_core.environment:checking '/home/jack/justbaked/justbaked/install/tempsens/bin'
[14.059s] Level 1:colcon.colcon_core.environment:checking '/home/jack/justbaked/justbaked/install/tempsens/lib/pkgconfig/tempsens.pc'
[14.059s] Level 1:colcon.colcon_core.environment:checking '/home/jack/justbaked/justbaked/install/tempsens/lib/python3.12/site-packages'
[14.060s] Level 1:colcon.colcon_core.environment:checking '/home/jack/justbaked/justbaked/install/tempsens/bin'
[14.060s] INFO:colcon.colcon_core.shell:Creating package script '/home/jack/justbaked/justbaked/install/tempsens/share/tempsens/package.ps1'
[14.062s] INFO:colcon.colcon_core.shell:Creating package descriptor '/home/jack/justbaked/justbaked/install/tempsens/share/tempsens/package.dsv'
[14.063s] INFO:colcon.colcon_core.shell:Creating package script '/home/jack/justbaked/justbaked/install/tempsens/share/tempsens/package.sh'
[14.065s] INFO:colcon.colcon_core.shell:Creating package script '/home/jack/justbaked/justbaked/install/tempsens/share/tempsens/package.bash'
[14.074s] INFO:colcon.colcon_core.shell:Creating package script '/home/jack/justbaked/justbaked/install/tempsens/share/tempsens/package.zsh'
[14.082s] Level 1:colcon.colcon_core.environment:create_file_with_runtime_dependencies(/home/jack/justbaked/justbaked/install/tempsens/share/colcon-core/packages/tempsens)
[14.083s] Level 1:colcon.colcon_core.environment:create_environment_scripts_only(tempsens)
[14.083s] Level 1:colcon.colcon_core.environment:checking '/home/jack/justbaked/justbaked/install/tempsens' for CMake module files
[14.084s] Level 1:colcon.colcon_core.environment:checking '/home/jack/justbaked/justbaked/install/tempsens' for CMake config files
[14.085s] Level 1:colcon.colcon_core.shell:create_environment_hook('tempsens', 'cmake_prefix_path')
[14.085s] INFO:colcon.colcon_core.shell:Creating environment hook '/home/jack/justbaked/justbaked/install/tempsens/share/tempsens/hook/cmake_prefix_path.ps1'
[14.086s] INFO:colcon.colcon_core.shell:Creating environment descriptor '/home/jack/justbaked/justbaked/install/tempsens/share/tempsens/hook/cmake_prefix_path.dsv'
[14.087s] INFO:colcon.colcon_core.shell:Creating environment hook '/home/jack/justbaked/justbaked/install/tempsens/share/tempsens/hook/cmake_prefix_path.sh'
[14.087s] Level 1:colcon.colcon_core.environment:checking '/home/jack/justbaked/justbaked/install/tempsens/bin'
[14.087s] Level 1:colcon.colcon_core.environment:checking '/home/jack/justbaked/justbaked/install/tempsens/lib/pkgconfig/tempsens.pc'
[14.088s] Level 1:colcon.colcon_core.environment:checking '/home/jack/justbaked/justbaked/install/tempsens/lib/python3.12/site-packages'
[14.088s] Level 1:colcon.colcon_core.environment:checking '/home/jack/justbaked/justbaked/install/tempsens/bin'
[14.089s] INFO:colcon.colcon_core.shell:Creating package script '/home/jack/justbaked/justbaked/install/tempsens/share/tempsens/package.ps1'
[14.089s] INFO:colcon.colcon_core.shell:Creating package descriptor '/home/jack/justbaked/justbaked/install/tempsens/share/tempsens/package.dsv'
[14.090s] INFO:colcon.colcon_core.shell:Creating package script '/home/jack/justbaked/justbaked/install/tempsens/share/tempsens/package.sh'
[14.091s] INFO:colcon.colcon_core.shell:Creating package script '/home/jack/justbaked/justbaked/install/tempsens/share/tempsens/package.bash'
[14.092s] INFO:colcon.colcon_core.shell:Creating package script '/home/jack/justbaked/justbaked/install/tempsens/share/tempsens/package.zsh'
[14.092s] Level 1:colcon.colcon_core.environment:create_file_with_runtime_dependencies(/home/jack/justbaked/justbaked/install/tempsens/share/colcon-core/packages/tempsens)
[14.093s] Level 1:colcon.colcon_core.environment:create_environment_scripts_only(robdesc)
[14.093s] Level 1:colcon.colcon_core.environment:checking '/home/jack/justbaked/justbaked/install/robdesc' for CMake module files
[14.095s] DEBUG:colcon.colcon_core.event_handler.log_command:Invoked command in '/home/jack/justbaked/justbaked/build/robdesc' returned '0': CMAKE_PREFIX_PATH=${CMAKE_PREFIX_PATH}:/opt/ros/jazzy DEBUGINFOD_URLS=https://debuginfod.ubuntu.com /usr/bin/cmake --install /home/jack/justbaked/justbaked/build/robdesc
[14.096s] Level 1:colcon.colcon_core.environment:checking '/home/jack/justbaked/justbaked/install/robdesc' for CMake config files
[14.097s] Level 1:colcon.colcon_core.shell:create_environment_hook('robdesc', 'cmake_prefix_path')
[14.098s] INFO:colcon.colcon_core.shell:Creating environment hook '/home/jack/justbaked/justbaked/install/robdesc/share/robdesc/hook/cmake_prefix_path.ps1'
[14.100s] INFO:colcon.colcon_core.shell:Creating environment descriptor '/home/jack/justbaked/justbaked/install/robdesc/share/robdesc/hook/cmake_prefix_path.dsv'
[14.101s] INFO:colcon.colcon_core.shell:Creating environment hook '/home/jack/justbaked/justbaked/install/robdesc/share/robdesc/hook/cmake_prefix_path.sh'
[14.104s] Level 1:colcon.colcon_core.environment:checking '/home/jack/justbaked/justbaked/install/robdesc/bin'
[14.105s] Level 1:colcon.colcon_core.environment:checking '/home/jack/justbaked/justbaked/install/robdesc/lib/pkgconfig/robdesc.pc'
[14.105s] Level 1:colcon.colcon_core.environment:checking '/home/jack/justbaked/justbaked/install/robdesc/lib/python3.12/site-packages'
[14.106s] Level 1:colcon.colcon_core.environment:checking '/home/jack/justbaked/justbaked/install/robdesc/bin'
[14.107s] INFO:colcon.colcon_core.shell:Creating package script '/home/jack/justbaked/justbaked/install/robdesc/share/robdesc/package.ps1'
[14.108s] INFO:colcon.colcon_core.shell:Creating package descriptor '/home/jack/justbaked/justbaked/install/robdesc/share/robdesc/package.dsv'
[14.108s] INFO:colcon.colcon_core.shell:Creating package script '/home/jack/justbaked/justbaked/install/robdesc/share/robdesc/package.sh'
[14.109s] INFO:colcon.colcon_core.shell:Creating package script '/home/jack/justbaked/justbaked/install/robdesc/share/robdesc/package.bash'
[14.110s] INFO:colcon.colcon_core.shell:Creating package script '/home/jack/justbaked/justbaked/install/robdesc/share/robdesc/package.zsh'
[14.110s] Level 1:colcon.colcon_core.environment:create_file_with_runtime_dependencies(/home/jack/justbaked/justbaked/install/robdesc/share/colcon-core/packages/robdesc)
[14.111s] Level 1:colcon.colcon_core.environment:create_environment_scripts_only(robdesc)
[14.111s] Level 1:colcon.colcon_core.environment:checking '/home/jack/justbaked/justbaked/install/robdesc' for CMake module files
[14.113s] Level 1:colcon.colcon_core.environment:checking '/home/jack/justbaked/justbaked/install/robdesc' for CMake config files
[14.113s] Level 1:colcon.colcon_core.shell:create_environment_hook('robdesc', 'cmake_prefix_path')
[14.114s] INFO:colcon.colcon_core.shell:Creating environment hook '/home/jack/justbaked/justbaked/install/robdesc/share/robdesc/hook/cmake_prefix_path.ps1'
[14.114s] INFO:colcon.colcon_core.shell:Creating environment descriptor '/home/jack/justbaked/justbaked/install/robdesc/share/robdesc/hook/cmake_prefix_path.dsv'
[14.115s] INFO:colcon.colcon_core.shell:Creating environment hook '/home/jack/justbaked/justbaked/install/robdesc/share/robdesc/hook/cmake_prefix_path.sh'
[14.116s] Level 1:colcon.colcon_core.environment:checking '/home/jack/justbaked/justbaked/install/robdesc/bin'
[14.116s] Level 1:colcon.colcon_core.environment:checking '/home/jack/justbaked/justbaked/install/robdesc/lib/pkgconfig/robdesc.pc'
[14.116s] Level 1:colcon.colcon_core.environment:checking '/home/jack/justbaked/justbaked/install/robdesc/lib/python3.12/site-packages'
[14.117s] Level 1:colcon.colcon_core.environment:checking '/home/jack/justbaked/justbaked/install/robdesc/bin'
[14.117s] INFO:colcon.colcon_core.shell:Creating package script '/home/jack/justbaked/justbaked/install/robdesc/share/robdesc/package.ps1'
[14.118s] INFO:colcon.colcon_core.shell:Creating package descriptor '/home/jack/justbaked/justbaked/install/robdesc/share/robdesc/package.dsv'
[14.119s] INFO:colcon.colcon_core.shell:Creating package script '/home/jack/justbaked/justbaked/install/robdesc/share/robdesc/package.sh'
[14.120s] INFO:colcon.colcon_core.shell:Creating package script '/home/jack/justbaked/justbaked/install/robdesc/share/robdesc/package.bash'
[14.120s] INFO:colcon.colcon_core.shell:Creating package script '/home/jack/justbaked/justbaked/install/robdesc/share/robdesc/package.zsh'
[14.121s] Level 1:colcon.colcon_core.environment:create_file_with_runtime_dependencies(/home/jack/justbaked/justbaked/install/robdesc/share/colcon-core/packages/robdesc)
[14.121s] Level 1:colcon.colcon_core.environment:create_environment_scripts_only(gazebo)
[14.122s] Level 1:colcon.colcon_core.environment:checking '/home/jack/justbaked/justbaked/install/gazebo' for CMake module files
[14.124s] Level 1:colcon.colcon_core.environment:checking '/home/jack/justbaked/justbaked/install/gazebo' for CMake config files
[14.124s] DEBUG:colcon.colcon_core.event_handler.log_command:Invoked command in '/home/jack/justbaked/justbaked/build/gazebo' returned '0': CMAKE_PREFIX_PATH=${CMAKE_PREFIX_PATH}:/opt/ros/jazzy DEBUGINFOD_URLS=https://debuginfod.ubuntu.com /usr/bin/cmake --install /home/jack/justbaked/justbaked/build/gazebo
[14.125s] Level 1:colcon.colcon_core.shell:create_environment_hook('gazebo', 'cmake_prefix_path')
[14.125s] INFO:colcon.colcon_core.shell:Creating environment hook '/home/jack/justbaked/justbaked/install/gazebo/share/gazebo/hook/cmake_prefix_path.ps1'
[14.126s] INFO:colcon.colcon_core.shell:Creating environment descriptor '/home/jack/justbaked/justbaked/install/gazebo/share/gazebo/hook/cmake_prefix_path.dsv'
[14.126s] INFO:colcon.colcon_core.shell:Creating environment hook '/home/jack/justbaked/justbaked/install/gazebo/share/gazebo/hook/cmake_prefix_path.sh'
[14.127s] Level 1:colcon.colcon_core.environment:checking '/home/jack/justbaked/justbaked/install/gazebo/bin'
[14.127s] Level 1:colcon.colcon_core.environment:checking '/home/jack/justbaked/justbaked/install/gazebo/lib/pkgconfig/gazebo.pc'
[14.128s] Level 1:colcon.colcon_core.environment:checking '/home/jack/justbaked/justbaked/install/gazebo/lib/python3.12/site-packages'
[14.128s] Level 1:colcon.colcon_core.environment:checking '/home/jack/justbaked/justbaked/install/gazebo/bin'
[14.128s] INFO:colcon.colcon_core.shell:Creating package script '/home/jack/justbaked/justbaked/install/gazebo/share/gazebo/package.ps1'
[14.129s] INFO:colcon.colcon_core.shell:Creating package descriptor '/home/jack/justbaked/justbaked/install/gazebo/share/gazebo/package.dsv'
[14.130s] INFO:colcon.colcon_core.shell:Creating package script '/home/jack/justbaked/justbaked/install/gazebo/share/gazebo/package.sh'
[14.130s] INFO:colcon.colcon_core.shell:Creating package script '/home/jack/justbaked/justbaked/install/gazebo/share/gazebo/package.bash'
[14.131s] INFO:colcon.colcon_core.shell:Creating package script '/home/jack/justbaked/justbaked/install/gazebo/share/gazebo/package.zsh'
[14.131s] Level 1:colcon.colcon_core.environment:create_file_with_runtime_dependencies(/home/jack/justbaked/justbaked/install/gazebo/share/colcon-core/packages/gazebo)
[14.132s] Level 1:colcon.colcon_core.environment:create_environment_scripts_only(gazebo)
[14.132s] Level 1:colcon.colcon_core.environment:checking '/home/jack/justbaked/justbaked/install/gazebo' for CMake module files
[14.134s] Level 1:colcon.colcon_core.environment:checking '/home/jack/justbaked/justbaked/install/gazebo' for CMake config files
[14.134s] Level 1:colcon.colcon_core.shell:create_environment_hook('gazebo', 'cmake_prefix_path')
[14.135s] INFO:colcon.colcon_core.shell:Creating environment hook '/home/jack/justbaked/justbaked/install/gazebo/share/gazebo/hook/cmake_prefix_path.ps1'
[14.135s] INFO:colcon.colcon_core.shell:Creating environment descriptor '/home/jack/justbaked/justbaked/install/gazebo/share/gazebo/hook/cmake_prefix_path.dsv'
[14.136s] INFO:colcon.colcon_core.shell:Creating environment hook '/home/jack/justbaked/justbaked/install/gazebo/share/gazebo/hook/cmake_prefix_path.sh'
[14.137s] Level 1:colcon.colcon_core.environment:checking '/home/jack/justbaked/justbaked/install/gazebo/bin'
[14.137s] Level 1:colcon.colcon_core.environment:checking '/home/jack/justbaked/justbaked/install/gazebo/lib/pkgconfig/gazebo.pc'
[14.138s] Level 1:colcon.colcon_core.environment:checking '/home/jack/justbaked/justbaked/install/gazebo/lib/python3.12/site-packages'
[14.138s] Level 1:colcon.colcon_core.environment:checking '/home/jack/justbaked/justbaked/install/gazebo/bin'
[14.139s] INFO:colcon.colcon_core.shell:Creating package script '/home/jack/justbaked/justbaked/install/gazebo/share/gazebo/package.ps1'
[14.140s] INFO:colcon.colcon_core.shell:Creating package descriptor '/home/jack/justbaked/justbaked/install/gazebo/share/gazebo/package.dsv'
[14.141s] INFO:colcon.colcon_core.shell:Creating package script '/home/jack/justbaked/justbaked/install/gazebo/share/gazebo/package.sh'
[14.142s] INFO:colcon.colcon_core.shell:Creating package script '/home/jack/justbaked/justbaked/install/gazebo/share/gazebo/package.bash'
[14.142s] INFO:colcon.colcon_core.shell:Creating package script '/home/jack/justbaked/justbaked/install/gazebo/share/gazebo/package.zsh'
[14.143s] Level 1:colcon.colcon_core.environment:create_file_with_runtime_dependencies(/home/jack/justbaked/justbaked/install/gazebo/share/colcon-core/packages/gazebo)
[14.143s] DEBUG:colcon.colcon_parallel_executor.executor.parallel:closing loop
[14.144s] DEBUG:colcon.colcon_parallel_executor.executor.parallel:loop closed
[14.144s] DEBUG:colcon.colcon_parallel_executor.executor.parallel:run_until_complete finished with '0'
[14.144s] DEBUG:colcon.colcon_core.event_reactor:joining thread
[14.238s] INFO:colcon.colcon_core.plugin_system:Skipping extension 'colcon_notification.desktop_notification.terminal_notifier': Not used on non-Darwin systems
[14.238s] INFO:colcon.colcon_core.plugin_system:Skipping extension 'colcon_notification.desktop_notification.win32': Not used on non-Windows systems
[14.238s] INFO:colcon.colcon_notification.desktop_notification:Sending desktop notification using 'notify2'
[14.347s] DEBUG:colcon.colcon_core.event_reactor:joined thread
[14.348s] INFO:colcon.colcon_core.shell:Creating prefix script '/home/jack/justbaked/justbaked/install/local_setup.ps1'
[14.350s] INFO:colcon.colcon_core.shell:Creating prefix util module '/home/jack/justbaked/justbaked/install/_local_setup_util_ps1.py'
[14.355s] INFO:colcon.colcon_core.shell:Creating prefix chain script '/home/jack/justbaked/justbaked/install/setup.ps1'
[14.357s] INFO:colcon.colcon_core.shell:Creating prefix script '/home/jack/justbaked/justbaked/install/local_setup.sh'
[14.360s] INFO:colcon.colcon_core.shell:Creating prefix util module '/home/jack/justbaked/justbaked/install/_local_setup_util_sh.py'
[14.360s] INFO:colcon.colcon_core.shell:Creating prefix chain script '/home/jack/justbaked/justbaked/install/setup.sh'
[14.365s] INFO:colcon.colcon_core.shell:Creating prefix script '/home/jack/justbaked/justbaked/install/local_setup.bash'
[14.366s] INFO:colcon.colcon_core.shell:Creating prefix chain script '/home/jack/justbaked/justbaked/install/setup.bash'
[14.369s] INFO:colcon.colcon_core.shell:Creating prefix script '/home/jack/justbaked/justbaked/install/local_setup.zsh'
[14.371s] INFO:colcon.colcon_core.shell:Creating prefix chain script '/home/jack/justbaked/justbaked/install/setup.zsh'
