[0.411s] Invoking command in '/home/jack/justbaked/justbaked/build/gazebo': CMAKE_PREFIX_PATH=${CMAKE_PREFIX_PATH}:/opt/ros/jazzy DEBUGINFOD_URLS=https://debuginfod.ubuntu.com /usr/bin/cmake --build /home/jack/justbaked/justbaked/build/gazebo -- -j4 -l4
[2.603s] Invoked command in '/home/jack/justbaked/justbaked/build/gazebo' returned '0': CMAKE_PREFIX_PATH=${CMAKE_PREFIX_PATH}:/opt/ros/jazzy DEBUGINFOD_URLS=https://debuginfod.ubuntu.com /usr/bin/cmake --build /home/jack/justbaked/justbaked/build/gazebo -- -j4 -l4
[2.629s] Invoking command in '/home/jack/justbaked/justbaked/build/gazebo': CMAKE_PREFIX_PATH=${CMAKE_PREFIX_PATH}:/opt/ros/jazzy DEBUGINFOD_URLS=https://debuginfod.ubuntu.com /usr/bin/cmake --install /home/jack/justbaked/justbaked/build/gazebo
[2.761s] -- Install configuration: ""
[2.793s] -- Up-to-date: /home/jack/justbaked/justbaked/install/gazebo/share/gazebo/include
[2.863s] -- Up-to-date: /home/jack/justbaked/justbaked/install/gazebo/share/gazebo/include/gazebo
[2.876s] -- Up-to-date: /home/jack/justbaked/justbaked/install/gazebo/share/gazebo/launch
[2.876s] -- Up-to-date: /home/jack/justbaked/justbaked/install/gazebo/share/gazebo/launch/world.launch.py
[2.876s] -- Up-to-date: /home/jack/justbaked/justbaked/install/gazebo/share/gazebo/launch/spawn_robot.launch.py
[2.914s] -- Up-to-date: /home/jack/justbaked/justbaked/install/gazebo/share/gazebo/launch/__pycache__
[3.004s] -- Up-to-date: /home/jack/justbaked/justbaked/install/gazebo/share/gazebo/launch/__pycache__/spawn_robot.launch.cpython-312.pyc
[3.004s] -- Up-to-date: /home/jack/justbaked/justbaked/install/gazebo/share/gazebo/worlds
[3.014s] -- Up-to-date: /home/jack/justbaked/justbaked/install/gazebo/share/gazebo/worlds/firearena.sdf
[3.014s] -- Up-to-date: /home/jack/justbaked/justbaked/install/gazebo/share/ament_index/resource_index/package_run_dependencies/gazebo
[3.014s] -- Up-to-date: /home/jack/justbaked/justbaked/install/gazebo/share/ament_index/resource_index/parent_prefix_path/gazebo
[3.014s] -- Up-to-date: /home/jack/justbaked/justbaked/install/gazebo/share/gazebo/environment/ament_prefix_path.sh
[3.015s] -- Up-to-date: /home/jack/justbaked/justbaked/install/gazebo/share/gazebo/environment/ament_prefix_path.dsv
[3.015s] -- Up-to-date: /home/jack/justbaked/justbaked/install/gazebo/share/gazebo/environment/path.sh
[3.016s] -- Up-to-date: /home/jack/justbaked/justbaked/install/gazebo/share/gazebo/environment/path.dsv
[3.016s] -- Up-to-date: /home/jack/justbaked/justbaked/install/gazebo/share/gazebo/local_setup.bash
[3.016s] -- Up-to-date: /home/jack/justbaked/justbaked/install/gazebo/share/gazebo/local_setup.sh
[3.016s] -- Up-to-date: /home/jack/justbaked/justbaked/install/gazebo/share/gazebo/local_setup.zsh
[3.016s] -- Up-to-date: /home/jack/justbaked/justbaked/install/gazebo/share/gazebo/local_setup.dsv
[3.017s] -- Installing: /home/jack/justbaked/justbaked/install/gazebo/share/gazebo/package.dsv
[3.047s] -- Up-to-date: /home/jack/justbaked/justbaked/install/gazebo/share/ament_index/resource_index/packages/gazebo
[3.047s] -- Up-to-date: /home/jack/justbaked/justbaked/install/gazebo/share/gazebo/cmake/gazeboConfig.cmake
[3.047s] -- Up-to-date: /home/jack/justbaked/justbaked/install/gazebo/share/gazebo/cmake/gazeboConfig-version.cmake
[3.047s] -- Up-to-date: /home/jack/justbaked/justbaked/install/gazebo/share/gazebo/package.xml
[3.051s] Invoked command in '/home/jack/justbaked/justbaked/build/gazebo' returned '0': CMAKE_PREFIX_PATH=${CMAKE_PREFIX_PATH}:/opt/ros/jazzy DEBUGINFOD_URLS=https://debuginfod.ubuntu.com /usr/bin/cmake --install /home/jack/justbaked/justbaked/build/gazebo
