[0.039s] Invoking command in '/home/ieee/justbaked/justbaked/build/sllidar_ros2': CMAKE_PREFIX_PATH=${CMAKE_PREFIX_PATH}:/opt/ros/jazzy DEBUGINFOD_URLS=https://debuginfod.ubuntu.com /usr/bin/cmake --build /home/ieee/justbaked/justbaked/build/sllidar_ros2 -- -j4 -l4
[0.249s] [ 90%] Built target sllidar_node
[0.259s] [100%] Built target sllidar_client
[0.296s] Invoked command in '/home/ieee/justbaked/justbaked/build/sllidar_ros2' returned '0': CMAKE_PREFIX_PATH=${CMAKE_PREFIX_PATH}:/opt/ros/jazzy DEBUGINFOD_URLS=https://debuginfod.ubuntu.com /usr/bin/cmake --build /home/ieee/justbaked/justbaked/build/sllidar_ros2 -- -j4 -l4
[0.300s] Invoking command in '/home/ieee/justbaked/justbaked/build/sllidar_ros2': CMAKE_PREFIX_PATH=${CMAKE_PREFIX_PATH}:/opt/ros/jazzy DEBUGINFOD_URLS=https://debuginfod.ubuntu.com /usr/bin/cmake --install /home/ieee/justbaked/justbaked/build/sllidar_ros2
[0.329s] -- Install configuration: ""
[0.330s] -- Execute custom install script
[0.331s] -- Up-to-date symlink: /home/ieee/justbaked/justbaked/install/sllidar_ros2/share/sllidar_ros2/launch/sllidar_a1_launch.py
[0.331s] -- Up-to-date symlink: /home/ieee/justbaked/justbaked/install/sllidar_ros2/share/sllidar_ros2/rviz/sllidar_ros2.rviz
[0.337s] -- Up-to-date symlink: /home/ieee/justbaked/justbaked/install/sllidar_ros2/lib/sllidar_ros2/sllidar_node
[0.338s] -- Up-to-date symlink: /home/ieee/justbaked/justbaked/install/sllidar_ros2/lib/sllidar_ros2/sllidar_client
[0.338s] -- Up-to-date symlink: /home/ieee/justbaked/justbaked/install/sllidar_ros2/share/ament_index/resource_index/package_run_dependencies/sllidar_ros2
[0.338s] -- Up-to-date symlink: /home/ieee/justbaked/justbaked/install/sllidar_ros2/share/ament_index/resource_index/parent_prefix_path/sllidar_ros2
[0.338s] -- Up-to-date symlink: /home/ieee/justbaked/justbaked/install/sllidar_ros2/share/sllidar_ros2/environment/ament_prefix_path.sh
[0.338s] -- Up-to-date symlink: /home/ieee/justbaked/justbaked/install/sllidar_ros2/share/sllidar_ros2/environment/ament_prefix_path.dsv
[0.340s] -- Up-to-date symlink: /home/ieee/justbaked/justbaked/install/sllidar_ros2/share/sllidar_ros2/environment/path.sh
[0.340s] -- Up-to-date symlink: /home/ieee/justbaked/justbaked/install/sllidar_ros2/share/sllidar_ros2/environment/path.dsv
[0.340s] -- Up-to-date symlink: /home/ieee/justbaked/justbaked/install/sllidar_ros2/share/sllidar_ros2/local_setup.bash
[0.340s] -- Up-to-date symlink: /home/ieee/justbaked/justbaked/install/sllidar_ros2/share/sllidar_ros2/local_setup.sh
[0.344s] -- Up-to-date symlink: /home/ieee/justbaked/justbaked/install/sllidar_ros2/share/sllidar_ros2/local_setup.zsh
[0.345s] -- Up-to-date symlink: /home/ieee/justbaked/justbaked/install/sllidar_ros2/share/sllidar_ros2/local_setup.dsv
[0.345s] -- Symlinking: /home/ieee/justbaked/justbaked/install/sllidar_ros2/share/sllidar_ros2/package.dsv
[0.371s] -- Up-to-date symlink: /home/ieee/justbaked/justbaked/install/sllidar_ros2/share/ament_index/resource_index/packages/sllidar_ros2
[0.373s] -- Up-to-date symlink: /home/ieee/justbaked/justbaked/install/sllidar_ros2/share/sllidar_ros2/cmake/ament_cmake_export_dependencies-extras.cmake
[0.373s] -- Up-to-date symlink: /home/ieee/justbaked/justbaked/install/sllidar_ros2/share/sllidar_ros2/cmake/ament_cmake_export_include_directories-extras.cmake
[0.374s] -- Up-to-date symlink: /home/ieee/justbaked/justbaked/install/sllidar_ros2/share/sllidar_ros2/cmake/sllidar_ros2Config.cmake
[0.374s] -- Up-to-date symlink: /home/ieee/justbaked/justbaked/install/sllidar_ros2/share/sllidar_ros2/cmake/sllidar_ros2Config-version.cmake
[0.375s] -- Up-to-date symlink: /home/ieee/justbaked/justbaked/install/sllidar_ros2/share/sllidar_ros2/package.xml
[0.380s] Invoked command in '/home/ieee/justbaked/justbaked/build/sllidar_ros2' returned '0': CMAKE_PREFIX_PATH=${CMAKE_PREFIX_PATH}:/opt/ros/jazzy DEBUGINFOD_URLS=https://debuginfod.ubuntu.com /usr/bin/cmake --install /home/ieee/justbaked/justbaked/build/sllidar_ros2
