[0.019s] Invoking command in '/home/lsw155linuxbox/justbaked/justbaked/build/tempsens': CMAKE_PREFIX_PATH=${CMAKE_PREFIX_PATH}:/opt/ros/jazzy DEBUGINFOD_URLS=https://debuginfod.ubuntu.com /usr/bin/cmake --build /home/lsw155linuxbox/justbaked/justbaked/build/tempsens -- -j8 -l8
[0.048s] -- Found ament_cmake: 2.5.3 (/opt/ros/jazzy/share/ament_cmake/cmake)
[0.329s] -- Found ament_lint_auto: 0.17.1 (/opt/ros/jazzy/share/ament_lint_auto/cmake)
[0.447s] -- Added test 'lint_cmake' to check CMake code style
[0.448s] -- Added test 'xmllint' to check XML markup files
[0.449s] -- Configuring done (0.4s)
[0.452s] -- Generating done (0.0s)
[0.454s] -- Build files have been written to: /home/lsw155linuxbox/justbaked/justbaked/build/tempsens
[0.479s] Invoked command in '/home/lsw155linuxbox/justbaked/justbaked/build/tempsens' returned '0': CMAKE_PREFIX_PATH=${CMAKE_PREFIX_PATH}:/opt/ros/jazzy DEBUGINFOD_URLS=https://debuginfod.ubuntu.com /usr/bin/cmake --build /home/lsw155linuxbox/justbaked/justbaked/build/tempsens -- -j8 -l8
[0.480s] Invoking command in '/home/lsw155linuxbox/justbaked/justbaked/build/tempsens': CMAKE_PREFIX_PATH=${CMAKE_PREFIX_PATH}:/opt/ros/jazzy DEBUGINFOD_URLS=https://debuginfod.ubuntu.com /usr/bin/cmake --install /home/lsw155linuxbox/justbaked/justbaked/build/tempsens
[0.492s] -- Install configuration: ""
[0.492s] -- Up-to-date: /home/lsw155linuxbox/justbaked/justbaked/install/tempsens/share/tempsens
[0.493s] -- Up-to-date: /home/lsw155linuxbox/justbaked/justbaked/install/tempsens/share/ament_index/resource_index/package_run_dependencies/tempsens
[0.493s] -- Up-to-date: /home/lsw155linuxbox/justbaked/justbaked/install/tempsens/share/ament_index/resource_index/parent_prefix_path/tempsens
[0.493s] -- Up-to-date: /home/lsw155linuxbox/justbaked/justbaked/install/tempsens/share/tempsens/environment/ament_prefix_path.sh
[0.493s] -- Up-to-date: /home/lsw155linuxbox/justbaked/justbaked/install/tempsens/share/tempsens/environment/ament_prefix_path.dsv
[0.493s] -- Up-to-date: /home/lsw155linuxbox/justbaked/justbaked/install/tempsens/share/tempsens/environment/path.sh
[0.493s] -- Up-to-date: /home/lsw155linuxbox/justbaked/justbaked/install/tempsens/share/tempsens/environment/path.dsv
[0.494s] -- Up-to-date: /home/lsw155linuxbox/justbaked/justbaked/install/tempsens/share/tempsens/local_setup.bash
[0.494s] -- Up-to-date: /home/lsw155linuxbox/justbaked/justbaked/install/tempsens/share/tempsens/local_setup.sh
[0.494s] -- Up-to-date: /home/lsw155linuxbox/justbaked/justbaked/install/tempsens/share/tempsens/local_setup.zsh
[0.494s] -- Up-to-date: /home/lsw155linuxbox/justbaked/justbaked/install/tempsens/share/tempsens/local_setup.dsv
[0.494s] -- Up-to-date: /home/lsw155linuxbox/justbaked/justbaked/install/tempsens/share/tempsens/package.dsv
[0.495s] -- Up-to-date: /home/lsw155linuxbox/justbaked/justbaked/install/tempsens/share/ament_index/resource_index/packages/tempsens
[0.495s] -- Up-to-date: /home/lsw155linuxbox/justbaked/justbaked/install/tempsens/share/tempsens/cmake/tempsensConfig.cmake
[0.495s] -- Up-to-date: /home/lsw155linuxbox/justbaked/justbaked/install/tempsens/share/tempsens/cmake/tempsensConfig-version.cmake
[0.495s] -- Up-to-date: /home/lsw155linuxbox/justbaked/justbaked/install/tempsens/share/tempsens/package.xml
[0.496s] Invoked command in '/home/lsw155linuxbox/justbaked/justbaked/build/tempsens' returned '0': CMAKE_PREFIX_PATH=${CMAKE_PREFIX_PATH}:/opt/ros/jazzy DEBUGINFOD_URLS=https://debuginfod.ubuntu.com /usr/bin/cmake --install /home/lsw155linuxbox/justbaked/justbaked/build/tempsens
