[0.396s] DEBUG:colcon:Command line arguments: ['/usr/bin/colcon', 'build']
[0.396s] DEBUG:colcon:Parsed command line arguments: Namespace(log_base=None, log_level=None, verb_name='build', build_base='build', install_base='install', merge_install=False, symlink_install=False, test_result_base=None, continue_on_error=False, executor='parallel', parallel_workers=8, event_handlers=None, ignore_user_meta=False, metas=['./colcon.meta'], base_paths=['.'], packages_ignore=None, packages_ignore_regex=None, paths=None, packages_up_to=None, packages_up_to_regex=None, packages_above=None, packages_above_and_dependencies=None, packages_above_depth=None, packages_select_by_dep=None, packages_skip_by_dep=None, packages_skip_up_to=None, packages_select_build_failed=False, packages_skip_build_finished=False, packages_select_test_failures=False, packages_skip_test_passed=False, packages_select=None, packages_skip=None, packages_select_regex=None, packages_skip_regex=None, packages_start=None, packages_end=None, allow_overriding=[], cmake_args=None, cmake_target=None, cmake_target_skip_unavailable=False, cmake_clean_cache=False, cmake_clean_first=False, cmake_force_configure=False, ament_cmake_args=None, catkin_cmake_args=None, catkin_skip_building_tests=False, mixin_files=None, mixin=None, verb_parser=<colcon_mixin.mixin.mixin_argument.MixinArgumentDecorator object at 0x7da9d318be90>, verb_extension=<colcon_core.verb.build.BuildVerb object at 0x7da9d318b800>, main=<bound method BuildVerb.main of <colcon_core.verb.build.BuildVerb object at 0x7da9d318b800>>, mixin_verb=('build',))
[0.740s] Level 1:colcon.colcon_core.package_discovery:discover_packages(colcon_meta) check parameters
[0.740s] Level 1:colcon.colcon_core.package_discovery:discover_packages(recursive) check parameters
[0.740s] Level 1:colcon.colcon_core.package_discovery:discover_packages(ignore) check parameters
[0.741s] Level 1:colcon.colcon_core.package_discovery:discover_packages(path) check parameters
[0.741s] Level 1:colcon.colcon_core.package_discovery:discover_packages(colcon_meta) discover
[0.741s] Level 1:colcon.colcon_core.package_discovery:discover_packages(recursive) discover
[0.741s] INFO:colcon.colcon_core.package_discovery:Crawling recursively for packages in '/home/lsw155linuxbox/justbaked/justbaked'
[0.742s] Level 1:colcon.colcon_core.package_identification:_identify(.) by extensions ['ignore', 'ignore_ament_install']
[0.742s] Level 1:colcon.colcon_core.package_identification:_identify(.) by extension 'ignore'
[0.742s] Level 1:colcon.colcon_core.package_identification:_identify(.) by extension 'ignore_ament_install'
[0.742s] Level 1:colcon.colcon_core.package_identification:_identify(.) by extensions ['colcon_pkg']
[0.743s] Level 1:colcon.colcon_core.package_identification:_identify(.) by extension 'colcon_pkg'
[0.743s] Level 1:colcon.colcon_core.package_identification:_identify(.) by extensions ['colcon_meta']
[0.743s] Level 1:colcon.colcon_core.package_identification:_identify(.) by extension 'colcon_meta'
[0.743s] Level 1:colcon.colcon_core.package_identification:_identify(.) by extensions ['ros']
[0.743s] Level 1:colcon.colcon_core.package_identification:_identify(.) by extension 'ros'
[0.869s] Level 1:colcon.colcon_core.package_identification:_identify(.) by extensions ['cmake', 'python']
[0.869s] Level 1:colcon.colcon_core.package_identification:_identify(.) by extension 'cmake'
[0.870s] Level 1:colcon.colcon_core.package_identification:_identify(.) by extension 'python'
[0.870s] Level 1:colcon.colcon_core.package_identification:_identify(.) by extensions ['python_setup_py']
[0.870s] Level 1:colcon.colcon_core.package_identification:_identify(.) by extension 'python_setup_py'
[0.870s] Level 1:colcon.colcon_core.package_identification:_identify(build) by extensions ['ignore', 'ignore_ament_install']
[0.871s] Level 1:colcon.colcon_core.package_identification:_identify(build) by extension 'ignore'
[0.871s] Level 1:colcon.colcon_core.package_identification:_identify(build) ignored
[0.871s] Level 1:colcon.colcon_core.package_identification:_identify(install) by extensions ['ignore', 'ignore_ament_install']
[0.872s] Level 1:colcon.colcon_core.package_identification:_identify(install) by extension 'ignore'
[0.872s] Level 1:colcon.colcon_core.package_identification:_identify(install) ignored
[0.873s] Level 1:colcon.colcon_core.package_identification:_identify(log) by extensions ['ignore', 'ignore_ament_install']
[0.873s] Level 1:colcon.colcon_core.package_identification:_identify(log) by extension 'ignore'
[0.873s] Level 1:colcon.colcon_core.package_identification:_identify(log) ignored
[0.873s] Level 1:colcon.colcon_core.package_identification:_identify(src) by extensions ['ignore', 'ignore_ament_install']
[0.874s] Level 1:colcon.colcon_core.package_identification:_identify(src) by extension 'ignore'
[0.874s] Level 1:colcon.colcon_core.package_identification:_identify(src) by extension 'ignore_ament_install'
[0.874s] Level 1:colcon.colcon_core.package_identification:_identify(src) by extensions ['colcon_pkg']
[0.874s] Level 1:colcon.colcon_core.package_identification:_identify(src) by extension 'colcon_pkg'
[0.875s] Level 1:colcon.colcon_core.package_identification:_identify(src) by extensions ['colcon_meta']
[0.875s] Level 1:colcon.colcon_core.package_identification:_identify(src) by extension 'colcon_meta'
[0.875s] Level 1:colcon.colcon_core.package_identification:_identify(src) by extensions ['ros']
[0.875s] Level 1:colcon.colcon_core.package_identification:_identify(src) by extension 'ros'
[0.875s] Level 1:colcon.colcon_core.package_identification:_identify(src) by extensions ['cmake', 'python']
[0.876s] Level 1:colcon.colcon_core.package_identification:_identify(src) by extension 'cmake'
[0.876s] Level 1:colcon.colcon_core.package_identification:_identify(src) by extension 'python'
[0.876s] Level 1:colcon.colcon_core.package_identification:_identify(src) by extensions ['python_setup_py']
[0.876s] Level 1:colcon.colcon_core.package_identification:_identify(src) by extension 'python_setup_py'
[0.877s] Level 1:colcon.colcon_core.package_identification:_identify(src/sllidar_ros2) by extensions ['ignore', 'ignore_ament_install']
[0.877s] Level 1:colcon.colcon_core.package_identification:_identify(src/sllidar_ros2) by extension 'ignore'
[0.877s] Level 1:colcon.colcon_core.package_identification:_identify(src/sllidar_ros2) by extension 'ignore_ament_install'
[0.877s] Level 1:colcon.colcon_core.package_identification:_identify(src/sllidar_ros2) by extensions ['colcon_pkg']
[0.878s] Level 1:colcon.colcon_core.package_identification:_identify(src/sllidar_ros2) by extension 'colcon_pkg'
[0.878s] Level 1:colcon.colcon_core.package_identification:_identify(src/sllidar_ros2) by extensions ['colcon_meta']
[0.878s] Level 1:colcon.colcon_core.package_identification:_identify(src/sllidar_ros2) by extension 'colcon_meta'
[0.878s] Level 1:colcon.colcon_core.package_identification:_identify(src/sllidar_ros2) by extensions ['ros']
[0.878s] Level 1:colcon.colcon_core.package_identification:_identify(src/sllidar_ros2) by extension 'ros'
[0.884s] DEBUG:colcon.colcon_core.package_identification:Package 'src/sllidar_ros2' with type 'ros.ament_cmake' and name 'sllidar_ros2'
[0.885s] Level 1:colcon.colcon_core.package_identification:_identify(src/turtlebot4_description) by extensions ['ignore', 'ignore_ament_install']
[0.885s] Level 1:colcon.colcon_core.package_identification:_identify(src/turtlebot4_description) by extension 'ignore'
[0.885s] Level 1:colcon.colcon_core.package_identification:_identify(src/turtlebot4_description) by extension 'ignore_ament_install'
[0.886s] Level 1:colcon.colcon_core.package_identification:_identify(src/turtlebot4_description) by extensions ['colcon_pkg']
[0.886s] Level 1:colcon.colcon_core.package_identification:_identify(src/turtlebot4_description) by extension 'colcon_pkg'
[0.886s] Level 1:colcon.colcon_core.package_identification:_identify(src/turtlebot4_description) by extensions ['colcon_meta']
[0.886s] Level 1:colcon.colcon_core.package_identification:_identify(src/turtlebot4_description) by extension 'colcon_meta'
[0.886s] Level 1:colcon.colcon_core.package_identification:_identify(src/turtlebot4_description) by extensions ['ros']
[0.886s] Level 1:colcon.colcon_core.package_identification:_identify(src/turtlebot4_description) by extension 'ros'
[0.888s] DEBUG:colcon.colcon_core.package_identification:Package 'src/turtlebot4_description' with type 'ros.ament_cmake' and name 'turtlebot4_description'
[0.888s] Level 1:colcon.colcon_core.package_identification:_identify(src/turtlebot4_navigation) by extensions ['ignore', 'ignore_ament_install']
[0.889s] Level 1:colcon.colcon_core.package_identification:_identify(src/turtlebot4_navigation) by extension 'ignore'
[0.889s] Level 1:colcon.colcon_core.package_identification:_identify(src/turtlebot4_navigation) by extension 'ignore_ament_install'
[0.889s] Level 1:colcon.colcon_core.package_identification:_identify(src/turtlebot4_navigation) by extensions ['colcon_pkg']
[0.889s] Level 1:colcon.colcon_core.package_identification:_identify(src/turtlebot4_navigation) by extension 'colcon_pkg'
[0.890s] Level 1:colcon.colcon_core.package_identification:_identify(src/turtlebot4_navigation) by extensions ['colcon_meta']
[0.890s] Level 1:colcon.colcon_core.package_identification:_identify(src/turtlebot4_navigation) by extension 'colcon_meta'
[0.890s] Level 1:colcon.colcon_core.package_identification:_identify(src/turtlebot4_navigation) by extensions ['ros']
[0.890s] Level 1:colcon.colcon_core.package_identification:_identify(src/turtlebot4_navigation) by extension 'ros'
[0.891s] DEBUG:colcon.colcon_core.package_identification:Package 'src/turtlebot4_navigation' with type 'ros.ament_cmake' and name 'turtlebot4_navigation'
[0.892s] Level 1:colcon.colcon_core.package_discovery:discover_packages(recursive) using defaults
[0.892s] Level 1:colcon.colcon_core.package_discovery:discover_packages(ignore) discover
[0.892s] Level 1:colcon.colcon_core.package_discovery:discover_packages(ignore) using defaults
[0.892s] Level 1:colcon.colcon_core.package_discovery:discover_packages(path) discover
[0.892s] Level 1:colcon.colcon_core.package_discovery:discover_packages(path) using defaults
[0.981s] Level 1:colcon.colcon_core.package_discovery:discover_packages(prefix_path) check parameters
[0.981s] Level 1:colcon.colcon_core.package_discovery:discover_packages(prefix_path) discover
[0.997s] DEBUG:colcon.colcon_installed_package_information.package_discovery:Found 3 installed packages in /home/lsw155linuxbox/justbaked/justbaked/install
[1.000s] DEBUG:colcon.colcon_installed_package_information.package_discovery:Found 4 installed packages in /home/lsw155linuxbox/homer_ws/install
[1.007s] DEBUG:colcon.colcon_installed_package_information.package_discovery:Found 416 installed packages in /opt/ros/jazzy
[1.012s] Level 1:colcon.colcon_core.package_discovery:discover_packages(prefix_path) using defaults
[1.168s] Level 5:colcon.colcon_core.verb:set package 'sllidar_ros2' build argument 'cmake_args' from command line to 'None'
[1.168s] Level 5:colcon.colcon_core.verb:set package 'sllidar_ros2' build argument 'cmake_target' from command line to 'None'
[1.168s] Level 5:colcon.colcon_core.verb:set package 'sllidar_ros2' build argument 'cmake_target_skip_unavailable' from command line to 'False'
[1.168s] Level 5:colcon.colcon_core.verb:set package 'sllidar_ros2' build argument 'cmake_clean_cache' from command line to 'False'
[1.168s] Level 5:colcon.colcon_core.verb:set package 'sllidar_ros2' build argument 'cmake_clean_first' from command line to 'False'
[1.168s] Level 5:colcon.colcon_core.verb:set package 'sllidar_ros2' build argument 'cmake_force_configure' from command line to 'False'
[1.168s] Level 5:colcon.colcon_core.verb:set package 'sllidar_ros2' build argument 'ament_cmake_args' from command line to 'None'
[1.168s] Level 5:colcon.colcon_core.verb:set package 'sllidar_ros2' build argument 'catkin_cmake_args' from command line to 'None'
[1.168s] Level 5:colcon.colcon_core.verb:set package 'sllidar_ros2' build argument 'catkin_skip_building_tests' from command line to 'False'
[1.168s] DEBUG:colcon.colcon_core.verb:Building package 'sllidar_ros2' with the following arguments: {'ament_cmake_args': None, 'build_base': '/home/lsw155linuxbox/justbaked/justbaked/build/sllidar_ros2', 'catkin_cmake_args': None, 'catkin_skip_building_tests': False, 'cmake_args': None, 'cmake_clean_cache': False, 'cmake_clean_first': False, 'cmake_force_configure': False, 'cmake_target': None, 'cmake_target_skip_unavailable': False, 'install_base': '/home/lsw155linuxbox/justbaked/justbaked/install/sllidar_ros2', 'merge_install': False, 'path': '/home/lsw155linuxbox/justbaked/justbaked/src/sllidar_ros2', 'symlink_install': False, 'test_result_base': None}
[1.168s] Level 5:colcon.colcon_core.verb:set package 'turtlebot4_description' build argument 'cmake_args' from command line to 'None'
[1.168s] Level 5:colcon.colcon_core.verb:set package 'turtlebot4_description' build argument 'cmake_target' from command line to 'None'
[1.169s] Level 5:colcon.colcon_core.verb:set package 'turtlebot4_description' build argument 'cmake_target_skip_unavailable' from command line to 'False'
[1.169s] Level 5:colcon.colcon_core.verb:set package 'turtlebot4_description' build argument 'cmake_clean_cache' from command line to 'False'
[1.169s] Level 5:colcon.colcon_core.verb:set package 'turtlebot4_description' build argument 'cmake_clean_first' from command line to 'False'
[1.169s] Level 5:colcon.colcon_core.verb:set package 'turtlebot4_description' build argument 'cmake_force_configure' from command line to 'False'
[1.169s] Level 5:colcon.colcon_core.verb:set package 'turtlebot4_description' build argument 'ament_cmake_args' from command line to 'None'
[1.169s] Level 5:colcon.colcon_core.verb:set package 'turtlebot4_description' build argument 'catkin_cmake_args' from command line to 'None'
[1.169s] Level 5:colcon.colcon_core.verb:set package 'turtlebot4_description' build argument 'catkin_skip_building_tests' from command line to 'False'
[1.169s] DEBUG:colcon.colcon_core.verb:Building package 'turtlebot4_description' with the following arguments: {'ament_cmake_args': None, 'build_base': '/home/lsw155linuxbox/justbaked/justbaked/build/turtlebot4_description', 'catkin_cmake_args': None, 'catkin_skip_building_tests': False, 'cmake_args': None, 'cmake_clean_cache': False, 'cmake_clean_first': False, 'cmake_force_configure': False, 'cmake_target': None, 'cmake_target_skip_unavailable': False, 'install_base': '/home/lsw155linuxbox/justbaked/justbaked/install/turtlebot4_description', 'merge_install': False, 'path': '/home/lsw155linuxbox/justbaked/justbaked/src/turtlebot4_description', 'symlink_install': False, 'test_result_base': None}
[1.169s] Level 5:colcon.colcon_core.verb:set package 'turtlebot4_navigation' build argument 'cmake_args' from command line to 'None'
[1.169s] Level 5:colcon.colcon_core.verb:set package 'turtlebot4_navigation' build argument 'cmake_target' from command line to 'None'
[1.169s] Level 5:colcon.colcon_core.verb:set package 'turtlebot4_navigation' build argument 'cmake_target_skip_unavailable' from command line to 'False'
[1.169s] Level 5:colcon.colcon_core.verb:set package 'turtlebot4_navigation' build argument 'cmake_clean_cache' from command line to 'False'
[1.169s] Level 5:colcon.colcon_core.verb:set package 'turtlebot4_navigation' build argument 'cmake_clean_first' from command line to 'False'
[1.169s] Level 5:colcon.colcon_core.verb:set package 'turtlebot4_navigation' build argument 'cmake_force_configure' from command line to 'False'
[1.169s] Level 5:colcon.colcon_core.verb:set package 'turtlebot4_navigation' build argument 'ament_cmake_args' from command line to 'None'
[1.169s] Level 5:colcon.colcon_core.verb:set package 'turtlebot4_navigation' build argument 'catkin_cmake_args' from command line to 'None'
[1.169s] Level 5:colcon.colcon_core.verb:set package 'turtlebot4_navigation' build argument 'catkin_skip_building_tests' from command line to 'False'
[1.169s] DEBUG:colcon.colcon_core.verb:Building package 'turtlebot4_navigation' with the following arguments: {'ament_cmake_args': None, 'build_base': '/home/lsw155linuxbox/justbaked/justbaked/build/turtlebot4_navigation', 'catkin_cmake_args': None, 'catkin_skip_building_tests': False, 'cmake_args': None, 'cmake_clean_cache': False, 'cmake_clean_first': False, 'cmake_force_configure': False, 'cmake_target': None, 'cmake_target_skip_unavailable': False, 'install_base': '/home/lsw155linuxbox/justbaked/justbaked/install/turtlebot4_navigation', 'merge_install': False, 'path': '/home/lsw155linuxbox/justbaked/justbaked/src/turtlebot4_navigation', 'symlink_install': False, 'test_result_base': None}
[1.170s] INFO:colcon.colcon_core.executor:Executing jobs using 'parallel' executor
[1.171s] DEBUG:colcon.colcon_parallel_executor.executor.parallel:run_until_complete
[1.171s] INFO:colcon.colcon_ros.task.ament_cmake.build:Building ROS package in '/home/lsw155linuxbox/justbaked/justbaked/src/sllidar_ros2' with build type 'ament_cmake'
[1.171s] INFO:colcon.colcon_cmake.task.cmake.build:Building CMake package in '/home/lsw155linuxbox/justbaked/justbaked/src/sllidar_ros2'
[1.228s] INFO:colcon.colcon_core.plugin_system:Skipping extension 'colcon_core.shell.bat': Not used on non-Windows systems
[1.229s] INFO:colcon.colcon_core.shell:Skip shell extension 'powershell' for command environment: Not usable outside of PowerShell
[1.229s] DEBUG:colcon.colcon_core.shell:Skip shell extension 'dsv' for command environment
[1.265s] INFO:colcon.colcon_ros.task.ament_cmake.build:Building ROS package in '/home/lsw155linuxbox/justbaked/justbaked/src/turtlebot4_description' with build type 'ament_cmake'
[1.266s] INFO:colcon.colcon_cmake.task.cmake.build:Building CMake package in '/home/lsw155linuxbox/justbaked/justbaked/src/turtlebot4_description'
[1.266s] INFO:colcon.colcon_core.shell:Skip shell extension 'powershell' for command environment: Not usable outside of PowerShell
[1.266s] DEBUG:colcon.colcon_core.shell:Skip shell extension 'dsv' for command environment
[1.276s] INFO:colcon.colcon_ros.task.ament_cmake.build:Building ROS package in '/home/lsw155linuxbox/justbaked/justbaked/src/turtlebot4_navigation' with build type 'ament_cmake'
[1.276s] INFO:colcon.colcon_cmake.task.cmake.build:Building CMake package in '/home/lsw155linuxbox/justbaked/justbaked/src/turtlebot4_navigation'
[1.277s] INFO:colcon.colcon_core.shell:Skip shell extension 'powershell' for command environment: Not usable outside of PowerShell
[1.277s] DEBUG:colcon.colcon_core.shell:Skip shell extension 'dsv' for command environment
[1.297s] DEBUG:colcon.colcon_core.event_handler.log_command:Invoking command in '/home/lsw155linuxbox/justbaked/justbaked/build/sllidar_ros2': CMAKE_PREFIX_PATH=${CMAKE_PREFIX_PATH}:/home/lsw155linuxbox/homer_ws/install/homer_description:/home/lsw155linuxbox/homer_ws/install/homer_control:/opt/ros/jazzy DEBUGINFOD_URLS=https://debuginfod.ubuntu.com /usr/bin/cmake --build /home/lsw155linuxbox/justbaked/justbaked/build/sllidar_ros2 -- -j8 -l8
[1.303s] DEBUG:colcon.colcon_core.event_handler.log_command:Invoking command in '/home/lsw155linuxbox/justbaked/justbaked/build/turtlebot4_description': CMAKE_PREFIX_PATH=${CMAKE_PREFIX_PATH}:/home/lsw155linuxbox/homer_ws/install/homer_description:/home/lsw155linuxbox/homer_ws/install/homer_control:/opt/ros/jazzy DEBUGINFOD_URLS=https://debuginfod.ubuntu.com /usr/bin/cmake --build /home/lsw155linuxbox/justbaked/justbaked/build/turtlebot4_description -- -j8 -l8
[1.309s] DEBUG:colcon.colcon_core.event_handler.log_command:Invoking command in '/home/lsw155linuxbox/justbaked/justbaked/build/turtlebot4_navigation': CMAKE_PREFIX_PATH=${CMAKE_PREFIX_PATH}:/home/lsw155linuxbox/homer_ws/install/homer_description:/home/lsw155linuxbox/homer_ws/install/homer_control:/opt/ros/jazzy DEBUGINFOD_URLS=https://debuginfod.ubuntu.com /usr/bin/cmake --build /home/lsw155linuxbox/justbaked/justbaked/build/turtlebot4_navigation -- -j8 -l8
[1.643s] DEBUG:colcon.colcon_core.event_handler.log_command:Invoked command in '/home/lsw155linuxbox/justbaked/justbaked/build/turtlebot4_description' returned '0': CMAKE_PREFIX_PATH=${CMAKE_PREFIX_PATH}:/home/lsw155linuxbox/homer_ws/install/homer_description:/home/lsw155linuxbox/homer_ws/install/homer_control:/opt/ros/jazzy DEBUGINFOD_URLS=https://debuginfod.ubuntu.com /usr/bin/cmake --build /home/lsw155linuxbox/justbaked/justbaked/build/turtlebot4_description -- -j8 -l8
[1.656s] DEBUG:colcon.colcon_core.event_handler.log_command:Invoking command in '/home/lsw155linuxbox/justbaked/justbaked/build/turtlebot4_description': CMAKE_PREFIX_PATH=${CMAKE_PREFIX_PATH}:/home/lsw155linuxbox/homer_ws/install/homer_description:/home/lsw155linuxbox/homer_ws/install/homer_control:/opt/ros/jazzy DEBUGINFOD_URLS=https://debuginfod.ubuntu.com /usr/bin/cmake --install /home/lsw155linuxbox/justbaked/justbaked/build/turtlebot4_description
[1.696s] Level 1:colcon.colcon_core.environment:create_environment_scripts_only(turtlebot4_description)
[1.697s] DEBUG:colcon.colcon_core.event_handler.log_command:Invoked command in '/home/lsw155linuxbox/justbaked/justbaked/build/turtlebot4_description' returned '0': CMAKE_PREFIX_PATH=${CMAKE_PREFIX_PATH}:/home/lsw155linuxbox/homer_ws/install/homer_description:/home/lsw155linuxbox/homer_ws/install/homer_control:/opt/ros/jazzy DEBUGINFOD_URLS=https://debuginfod.ubuntu.com /usr/bin/cmake --install /home/lsw155linuxbox/justbaked/justbaked/build/turtlebot4_description
[1.815s] Level 1:colcon.colcon_core.environment:checking '/home/lsw155linuxbox/justbaked/justbaked/install/turtlebot4_description' for CMake module files
[1.816s] Level 1:colcon.colcon_core.environment:checking '/home/lsw155linuxbox/justbaked/justbaked/install/turtlebot4_description' for CMake config files
[1.816s] Level 1:colcon.colcon_core.shell:create_environment_hook('turtlebot4_description', 'cmake_prefix_path')
[1.816s] INFO:colcon.colcon_core.shell:Creating environment hook '/home/lsw155linuxbox/justbaked/justbaked/install/turtlebot4_description/share/turtlebot4_description/hook/cmake_prefix_path.ps1'
[1.840s] INFO:colcon.colcon_core.shell:Creating environment descriptor '/home/lsw155linuxbox/justbaked/justbaked/install/turtlebot4_description/share/turtlebot4_description/hook/cmake_prefix_path.dsv'
[1.880s] INFO:colcon.colcon_core.shell:Creating environment hook '/home/lsw155linuxbox/justbaked/justbaked/install/turtlebot4_description/share/turtlebot4_description/hook/cmake_prefix_path.sh'
[1.881s] Level 1:colcon.colcon_core.environment:checking '/home/lsw155linuxbox/justbaked/justbaked/install/turtlebot4_description/bin'
[1.881s] Level 1:colcon.colcon_core.environment:checking '/home/lsw155linuxbox/justbaked/justbaked/install/turtlebot4_description/lib/pkgconfig/turtlebot4_description.pc'
[1.882s] Level 1:colcon.colcon_core.environment:checking '/home/lsw155linuxbox/justbaked/justbaked/install/turtlebot4_description/lib/python3.12/site-packages'
[1.882s] Level 1:colcon.colcon_core.environment:checking '/home/lsw155linuxbox/justbaked/justbaked/install/turtlebot4_description/bin'
[1.882s] INFO:colcon.colcon_core.shell:Creating package script '/home/lsw155linuxbox/justbaked/justbaked/install/turtlebot4_description/share/turtlebot4_description/package.ps1'
[1.883s] INFO:colcon.colcon_core.shell:Creating package descriptor '/home/lsw155linuxbox/justbaked/justbaked/install/turtlebot4_description/share/turtlebot4_description/package.dsv'
[1.885s] INFO:colcon.colcon_core.shell:Creating package script '/home/lsw155linuxbox/justbaked/justbaked/install/turtlebot4_description/share/turtlebot4_description/package.sh'
[1.886s] INFO:colcon.colcon_core.shell:Creating package script '/home/lsw155linuxbox/justbaked/justbaked/install/turtlebot4_description/share/turtlebot4_description/package.bash'
[1.919s] INFO:colcon.colcon_core.shell:Creating package script '/home/lsw155linuxbox/justbaked/justbaked/install/turtlebot4_description/share/turtlebot4_description/package.zsh'
[1.950s] Level 1:colcon.colcon_core.environment:create_file_with_runtime_dependencies(/home/lsw155linuxbox/justbaked/justbaked/install/turtlebot4_description/share/colcon-core/packages/turtlebot4_description)
[1.951s] Level 1:colcon.colcon_core.environment:create_environment_scripts_only(turtlebot4_description)
[1.951s] Level 1:colcon.colcon_core.environment:checking '/home/lsw155linuxbox/justbaked/justbaked/install/turtlebot4_description' for CMake module files
[1.952s] Level 1:colcon.colcon_core.environment:checking '/home/lsw155linuxbox/justbaked/justbaked/install/turtlebot4_description' for CMake config files
[1.952s] Level 1:colcon.colcon_core.shell:create_environment_hook('turtlebot4_description', 'cmake_prefix_path')
[1.952s] INFO:colcon.colcon_core.shell:Creating environment hook '/home/lsw155linuxbox/justbaked/justbaked/install/turtlebot4_description/share/turtlebot4_description/hook/cmake_prefix_path.ps1'
[1.952s] INFO:colcon.colcon_core.shell:Creating environment descriptor '/home/lsw155linuxbox/justbaked/justbaked/install/turtlebot4_description/share/turtlebot4_description/hook/cmake_prefix_path.dsv'
[1.953s] INFO:colcon.colcon_core.shell:Creating environment hook '/home/lsw155linuxbox/justbaked/justbaked/install/turtlebot4_description/share/turtlebot4_description/hook/cmake_prefix_path.sh'
[1.953s] Level 1:colcon.colcon_core.environment:checking '/home/lsw155linuxbox/justbaked/justbaked/install/turtlebot4_description/bin'
[1.954s] Level 1:colcon.colcon_core.environment:checking '/home/lsw155linuxbox/justbaked/justbaked/install/turtlebot4_description/lib/pkgconfig/turtlebot4_description.pc'
[1.954s] Level 1:colcon.colcon_core.environment:checking '/home/lsw155linuxbox/justbaked/justbaked/install/turtlebot4_description/lib/python3.12/site-packages'
[1.954s] Level 1:colcon.colcon_core.environment:checking '/home/lsw155linuxbox/justbaked/justbaked/install/turtlebot4_description/bin'
[1.954s] INFO:colcon.colcon_core.shell:Creating package script '/home/lsw155linuxbox/justbaked/justbaked/install/turtlebot4_description/share/turtlebot4_description/package.ps1'
[1.955s] INFO:colcon.colcon_core.shell:Creating package descriptor '/home/lsw155linuxbox/justbaked/justbaked/install/turtlebot4_description/share/turtlebot4_description/package.dsv'
[1.955s] INFO:colcon.colcon_core.shell:Creating package script '/home/lsw155linuxbox/justbaked/justbaked/install/turtlebot4_description/share/turtlebot4_description/package.sh'
[1.956s] INFO:colcon.colcon_core.shell:Creating package script '/home/lsw155linuxbox/justbaked/justbaked/install/turtlebot4_description/share/turtlebot4_description/package.bash'
[1.956s] INFO:colcon.colcon_core.shell:Creating package script '/home/lsw155linuxbox/justbaked/justbaked/install/turtlebot4_description/share/turtlebot4_description/package.zsh'
[1.957s] Level 1:colcon.colcon_core.environment:create_file_with_runtime_dependencies(/home/lsw155linuxbox/justbaked/justbaked/install/turtlebot4_description/share/colcon-core/packages/turtlebot4_description)
[2.132s] DEBUG:colcon.colcon_core.event_handler.log_command:Invoked command in '/home/lsw155linuxbox/justbaked/justbaked/build/sllidar_ros2' returned '0': CMAKE_PREFIX_PATH=${CMAKE_PREFIX_PATH}:/home/lsw155linuxbox/homer_ws/install/homer_description:/home/lsw155linuxbox/homer_ws/install/homer_control:/opt/ros/jazzy DEBUGINFOD_URLS=https://debuginfod.ubuntu.com /usr/bin/cmake --build /home/lsw155linuxbox/justbaked/justbaked/build/sllidar_ros2 -- -j8 -l8
[2.134s] DEBUG:colcon.colcon_core.event_handler.log_command:Invoking command in '/home/lsw155linuxbox/justbaked/justbaked/build/sllidar_ros2': CMAKE_PREFIX_PATH=${CMAKE_PREFIX_PATH}:/home/lsw155linuxbox/homer_ws/install/homer_description:/home/lsw155linuxbox/homer_ws/install/homer_control:/opt/ros/jazzy DEBUGINFOD_URLS=https://debuginfod.ubuntu.com /usr/bin/cmake --install /home/lsw155linuxbox/justbaked/justbaked/build/sllidar_ros2
[2.160s] Level 1:colcon.colcon_core.environment:create_environment_scripts_only(sllidar_ros2)
[2.160s] Level 1:colcon.colcon_core.environment:checking '/home/lsw155linuxbox/justbaked/justbaked/install/sllidar_ros2' for CMake module files
[2.161s] DEBUG:colcon.colcon_core.event_handler.log_command:Invoked command in '/home/lsw155linuxbox/justbaked/justbaked/build/sllidar_ros2' returned '0': CMAKE_PREFIX_PATH=${CMAKE_PREFIX_PATH}:/home/lsw155linuxbox/homer_ws/install/homer_description:/home/lsw155linuxbox/homer_ws/install/homer_control:/opt/ros/jazzy DEBUGINFOD_URLS=https://debuginfod.ubuntu.com /usr/bin/cmake --install /home/lsw155linuxbox/justbaked/justbaked/build/sllidar_ros2
[2.162s] Level 1:colcon.colcon_core.environment:checking '/home/lsw155linuxbox/justbaked/justbaked/install/sllidar_ros2' for CMake config files
[2.162s] Level 1:colcon.colcon_core.shell:create_environment_hook('sllidar_ros2', 'cmake_prefix_path')
[2.163s] INFO:colcon.colcon_core.shell:Creating environment hook '/home/lsw155linuxbox/justbaked/justbaked/install/sllidar_ros2/share/sllidar_ros2/hook/cmake_prefix_path.ps1'
[2.163s] INFO:colcon.colcon_core.shell:Creating environment descriptor '/home/lsw155linuxbox/justbaked/justbaked/install/sllidar_ros2/share/sllidar_ros2/hook/cmake_prefix_path.dsv'
[2.164s] INFO:colcon.colcon_core.shell:Creating environment hook '/home/lsw155linuxbox/justbaked/justbaked/install/sllidar_ros2/share/sllidar_ros2/hook/cmake_prefix_path.sh'
[2.165s] Level 1:colcon.colcon_core.environment:checking '/home/lsw155linuxbox/justbaked/justbaked/install/sllidar_ros2/lib'
[2.165s] Level 1:colcon.colcon_core.environment:checking '/home/lsw155linuxbox/justbaked/justbaked/install/sllidar_ros2/bin'
[2.165s] Level 1:colcon.colcon_core.environment:checking '/home/lsw155linuxbox/justbaked/justbaked/install/sllidar_ros2/lib/pkgconfig/sllidar_ros2.pc'
[2.165s] Level 1:colcon.colcon_core.environment:checking '/home/lsw155linuxbox/justbaked/justbaked/install/sllidar_ros2/lib/python3.12/site-packages'
[2.165s] Level 1:colcon.colcon_core.environment:checking '/home/lsw155linuxbox/justbaked/justbaked/install/sllidar_ros2/bin'
[2.166s] INFO:colcon.colcon_core.shell:Creating package script '/home/lsw155linuxbox/justbaked/justbaked/install/sllidar_ros2/share/sllidar_ros2/package.ps1'
[2.166s] INFO:colcon.colcon_core.shell:Creating package descriptor '/home/lsw155linuxbox/justbaked/justbaked/install/sllidar_ros2/share/sllidar_ros2/package.dsv'
[2.167s] INFO:colcon.colcon_core.shell:Creating package script '/home/lsw155linuxbox/justbaked/justbaked/install/sllidar_ros2/share/sllidar_ros2/package.sh'
[2.167s] INFO:colcon.colcon_core.shell:Creating package script '/home/lsw155linuxbox/justbaked/justbaked/install/sllidar_ros2/share/sllidar_ros2/package.bash'
[2.168s] INFO:colcon.colcon_core.shell:Creating package script '/home/lsw155linuxbox/justbaked/justbaked/install/sllidar_ros2/share/sllidar_ros2/package.zsh'
[2.168s] Level 1:colcon.colcon_core.environment:create_file_with_runtime_dependencies(/home/lsw155linuxbox/justbaked/justbaked/install/sllidar_ros2/share/colcon-core/packages/sllidar_ros2)
[2.169s] Level 1:colcon.colcon_core.environment:create_environment_scripts_only(sllidar_ros2)
[2.169s] Level 1:colcon.colcon_core.environment:checking '/home/lsw155linuxbox/justbaked/justbaked/install/sllidar_ros2' for CMake module files
[2.170s] Level 1:colcon.colcon_core.environment:checking '/home/lsw155linuxbox/justbaked/justbaked/install/sllidar_ros2' for CMake config files
[2.170s] Level 1:colcon.colcon_core.shell:create_environment_hook('sllidar_ros2', 'cmake_prefix_path')
[2.170s] INFO:colcon.colcon_core.shell:Creating environment hook '/home/lsw155linuxbox/justbaked/justbaked/install/sllidar_ros2/share/sllidar_ros2/hook/cmake_prefix_path.ps1'
[2.171s] INFO:colcon.colcon_core.shell:Creating environment descriptor '/home/lsw155linuxbox/justbaked/justbaked/install/sllidar_ros2/share/sllidar_ros2/hook/cmake_prefix_path.dsv'
[2.171s] INFO:colcon.colcon_core.shell:Creating environment hook '/home/lsw155linuxbox/justbaked/justbaked/install/sllidar_ros2/share/sllidar_ros2/hook/cmake_prefix_path.sh'
[2.172s] Level 1:colcon.colcon_core.environment:checking '/home/lsw155linuxbox/justbaked/justbaked/install/sllidar_ros2/lib'
[2.172s] Level 1:colcon.colcon_core.environment:checking '/home/lsw155linuxbox/justbaked/justbaked/install/sllidar_ros2/bin'
[2.172s] Level 1:colcon.colcon_core.environment:checking '/home/lsw155linuxbox/justbaked/justbaked/install/sllidar_ros2/lib/pkgconfig/sllidar_ros2.pc'
[2.172s] Level 1:colcon.colcon_core.environment:checking '/home/lsw155linuxbox/justbaked/justbaked/install/sllidar_ros2/lib/python3.12/site-packages'
[2.173s] Level 1:colcon.colcon_core.environment:checking '/home/lsw155linuxbox/justbaked/justbaked/install/sllidar_ros2/bin'
[2.173s] INFO:colcon.colcon_core.shell:Creating package script '/home/lsw155linuxbox/justbaked/justbaked/install/sllidar_ros2/share/sllidar_ros2/package.ps1'
[2.173s] INFO:colcon.colcon_core.shell:Creating package descriptor '/home/lsw155linuxbox/justbaked/justbaked/install/sllidar_ros2/share/sllidar_ros2/package.dsv'
[2.174s] INFO:colcon.colcon_core.shell:Creating package script '/home/lsw155linuxbox/justbaked/justbaked/install/sllidar_ros2/share/sllidar_ros2/package.sh'
[2.175s] INFO:colcon.colcon_core.shell:Creating package script '/home/lsw155linuxbox/justbaked/justbaked/install/sllidar_ros2/share/sllidar_ros2/package.bash'
[2.175s] INFO:colcon.colcon_core.shell:Creating package script '/home/lsw155linuxbox/justbaked/justbaked/install/sllidar_ros2/share/sllidar_ros2/package.zsh'
[2.175s] Level 1:colcon.colcon_core.environment:create_file_with_runtime_dependencies(/home/lsw155linuxbox/justbaked/justbaked/install/sllidar_ros2/share/colcon-core/packages/sllidar_ros2)
[2.342s] DEBUG:colcon.colcon_core.event_handler.log_command:Invoked command in '/home/lsw155linuxbox/justbaked/justbaked/build/turtlebot4_navigation' returned '0': CMAKE_PREFIX_PATH=${CMAKE_PREFIX_PATH}:/home/lsw155linuxbox/homer_ws/install/homer_description:/home/lsw155linuxbox/homer_ws/install/homer_control:/opt/ros/jazzy DEBUGINFOD_URLS=https://debuginfod.ubuntu.com /usr/bin/cmake --build /home/lsw155linuxbox/justbaked/justbaked/build/turtlebot4_navigation -- -j8 -l8
[2.343s] DEBUG:colcon.colcon_core.event_handler.log_command:Invoking command in '/home/lsw155linuxbox/justbaked/justbaked/build/turtlebot4_navigation': CMAKE_PREFIX_PATH=${CMAKE_PREFIX_PATH}:/home/lsw155linuxbox/homer_ws/install/homer_description:/home/lsw155linuxbox/homer_ws/install/homer_control:/opt/ros/jazzy DEBUGINFOD_URLS=https://debuginfod.ubuntu.com /usr/bin/cmake --install /home/lsw155linuxbox/justbaked/justbaked/build/turtlebot4_navigation
[2.516s] Level 1:colcon.colcon_core.environment:create_environment_scripts_only(turtlebot4_navigation)
[2.516s] Level 1:colcon.colcon_core.environment:checking '/home/lsw155linuxbox/justbaked/justbaked/install/turtlebot4_navigation' for CMake module files
[2.517s] DEBUG:colcon.colcon_core.event_handler.log_command:Invoked command in '/home/lsw155linuxbox/justbaked/justbaked/build/turtlebot4_navigation' returned '0': CMAKE_PREFIX_PATH=${CMAKE_PREFIX_PATH}:/home/lsw155linuxbox/homer_ws/install/homer_description:/home/lsw155linuxbox/homer_ws/install/homer_control:/opt/ros/jazzy DEBUGINFOD_URLS=https://debuginfod.ubuntu.com /usr/bin/cmake --install /home/lsw155linuxbox/justbaked/justbaked/build/turtlebot4_navigation
[2.518s] Level 1:colcon.colcon_core.environment:checking '/home/lsw155linuxbox/justbaked/justbaked/install/turtlebot4_navigation' for CMake config files
[2.519s] Level 1:colcon.colcon_core.shell:create_environment_hook('turtlebot4_navigation', 'cmake_prefix_path')
[2.519s] INFO:colcon.colcon_core.shell:Creating environment hook '/home/lsw155linuxbox/justbaked/justbaked/install/turtlebot4_navigation/share/turtlebot4_navigation/hook/cmake_prefix_path.ps1'
[2.520s] INFO:colcon.colcon_core.shell:Creating environment descriptor '/home/lsw155linuxbox/justbaked/justbaked/install/turtlebot4_navigation/share/turtlebot4_navigation/hook/cmake_prefix_path.dsv'
[2.521s] INFO:colcon.colcon_core.shell:Creating environment hook '/home/lsw155linuxbox/justbaked/justbaked/install/turtlebot4_navigation/share/turtlebot4_navigation/hook/cmake_prefix_path.sh'
[2.521s] Level 1:colcon.colcon_core.environment:checking '/home/lsw155linuxbox/justbaked/justbaked/install/turtlebot4_navigation/lib'
[2.522s] Level 1:colcon.colcon_core.environment:checking '/home/lsw155linuxbox/justbaked/justbaked/install/turtlebot4_navigation/bin'
[2.522s] Level 1:colcon.colcon_core.environment:checking '/home/lsw155linuxbox/justbaked/justbaked/install/turtlebot4_navigation/lib/pkgconfig/turtlebot4_navigation.pc'
[2.522s] Level 1:colcon.colcon_core.environment:checking '/home/lsw155linuxbox/justbaked/justbaked/install/turtlebot4_navigation/lib/python3.12/site-packages'
[2.522s] Level 1:colcon.colcon_core.shell:create_environment_hook('turtlebot4_navigation', 'pythonpath')
[2.522s] INFO:colcon.colcon_core.shell:Creating environment hook '/home/lsw155linuxbox/justbaked/justbaked/install/turtlebot4_navigation/share/turtlebot4_navigation/hook/pythonpath.ps1'
[2.523s] INFO:colcon.colcon_core.shell:Creating environment descriptor '/home/lsw155linuxbox/justbaked/justbaked/install/turtlebot4_navigation/share/turtlebot4_navigation/hook/pythonpath.dsv'
[2.523s] INFO:colcon.colcon_core.shell:Creating environment hook '/home/lsw155linuxbox/justbaked/justbaked/install/turtlebot4_navigation/share/turtlebot4_navigation/hook/pythonpath.sh'
[2.524s] Level 1:colcon.colcon_core.environment:checking '/home/lsw155linuxbox/justbaked/justbaked/install/turtlebot4_navigation/bin'
[2.524s] INFO:colcon.colcon_core.shell:Creating package script '/home/lsw155linuxbox/justbaked/justbaked/install/turtlebot4_navigation/share/turtlebot4_navigation/package.ps1'
[2.525s] INFO:colcon.colcon_core.shell:Creating package descriptor '/home/lsw155linuxbox/justbaked/justbaked/install/turtlebot4_navigation/share/turtlebot4_navigation/package.dsv'
[2.526s] INFO:colcon.colcon_core.shell:Creating package script '/home/lsw155linuxbox/justbaked/justbaked/install/turtlebot4_navigation/share/turtlebot4_navigation/package.sh'
[2.526s] INFO:colcon.colcon_core.shell:Creating package script '/home/lsw155linuxbox/justbaked/justbaked/install/turtlebot4_navigation/share/turtlebot4_navigation/package.bash'
[2.526s] INFO:colcon.colcon_core.shell:Creating package script '/home/lsw155linuxbox/justbaked/justbaked/install/turtlebot4_navigation/share/turtlebot4_navigation/package.zsh'
[2.527s] Level 1:colcon.colcon_core.environment:create_file_with_runtime_dependencies(/home/lsw155linuxbox/justbaked/justbaked/install/turtlebot4_navigation/share/colcon-core/packages/turtlebot4_navigation)
[2.527s] Level 1:colcon.colcon_core.environment:create_environment_scripts_only(turtlebot4_navigation)
[2.528s] Level 1:colcon.colcon_core.environment:checking '/home/lsw155linuxbox/justbaked/justbaked/install/turtlebot4_navigation' for CMake module files
[2.529s] Level 1:colcon.colcon_core.environment:checking '/home/lsw155linuxbox/justbaked/justbaked/install/turtlebot4_navigation' for CMake config files
[2.530s] Level 1:colcon.colcon_core.shell:create_environment_hook('turtlebot4_navigation', 'cmake_prefix_path')
[2.530s] INFO:colcon.colcon_core.shell:Creating environment hook '/home/lsw155linuxbox/justbaked/justbaked/install/turtlebot4_navigation/share/turtlebot4_navigation/hook/cmake_prefix_path.ps1'
[2.530s] INFO:colcon.colcon_core.shell:Creating environment descriptor '/home/lsw155linuxbox/justbaked/justbaked/install/turtlebot4_navigation/share/turtlebot4_navigation/hook/cmake_prefix_path.dsv'
[2.531s] INFO:colcon.colcon_core.shell:Creating environment hook '/home/lsw155linuxbox/justbaked/justbaked/install/turtlebot4_navigation/share/turtlebot4_navigation/hook/cmake_prefix_path.sh'
[2.554s] Level 1:colcon.colcon_core.environment:checking '/home/lsw155linuxbox/justbaked/justbaked/install/turtlebot4_navigation/lib'
[2.555s] Level 1:colcon.colcon_core.environment:checking '/home/lsw155linuxbox/justbaked/justbaked/install/turtlebot4_navigation/bin'
[2.555s] Level 1:colcon.colcon_core.environment:checking '/home/lsw155linuxbox/justbaked/justbaked/install/turtlebot4_navigation/lib/pkgconfig/turtlebot4_navigation.pc'
[2.555s] Level 1:colcon.colcon_core.environment:checking '/home/lsw155linuxbox/justbaked/justbaked/install/turtlebot4_navigation/lib/python3.12/site-packages'
[2.555s] Level 1:colcon.colcon_core.shell:create_environment_hook('turtlebot4_navigation', 'pythonpath')
[2.555s] INFO:colcon.colcon_core.shell:Creating environment hook '/home/lsw155linuxbox/justbaked/justbaked/install/turtlebot4_navigation/share/turtlebot4_navigation/hook/pythonpath.ps1'
[2.556s] INFO:colcon.colcon_core.shell:Creating environment descriptor '/home/lsw155linuxbox/justbaked/justbaked/install/turtlebot4_navigation/share/turtlebot4_navigation/hook/pythonpath.dsv'
[2.556s] INFO:colcon.colcon_core.shell:Creating environment hook '/home/lsw155linuxbox/justbaked/justbaked/install/turtlebot4_navigation/share/turtlebot4_navigation/hook/pythonpath.sh'
[2.557s] Level 1:colcon.colcon_core.environment:checking '/home/lsw155linuxbox/justbaked/justbaked/install/turtlebot4_navigation/bin'
[2.557s] INFO:colcon.colcon_core.shell:Creating package script '/home/lsw155linuxbox/justbaked/justbaked/install/turtlebot4_navigation/share/turtlebot4_navigation/package.ps1'
[2.558s] INFO:colcon.colcon_core.shell:Creating package descriptor '/home/lsw155linuxbox/justbaked/justbaked/install/turtlebot4_navigation/share/turtlebot4_navigation/package.dsv'
[2.559s] INFO:colcon.colcon_core.shell:Creating package script '/home/lsw155linuxbox/justbaked/justbaked/install/turtlebot4_navigation/share/turtlebot4_navigation/package.sh'
[2.559s] INFO:colcon.colcon_core.shell:Creating package script '/home/lsw155linuxbox/justbaked/justbaked/install/turtlebot4_navigation/share/turtlebot4_navigation/package.bash'
[2.560s] INFO:colcon.colcon_core.shell:Creating package script '/home/lsw155linuxbox/justbaked/justbaked/install/turtlebot4_navigation/share/turtlebot4_navigation/package.zsh'
[2.560s] Level 1:colcon.colcon_core.environment:create_file_with_runtime_dependencies(/home/lsw155linuxbox/justbaked/justbaked/install/turtlebot4_navigation/share/colcon-core/packages/turtlebot4_navigation)
[2.560s] DEBUG:colcon.colcon_parallel_executor.executor.parallel:closing loop
[2.561s] DEBUG:colcon.colcon_parallel_executor.executor.parallel:loop closed
[2.561s] DEBUG:colcon.colcon_parallel_executor.executor.parallel:run_until_complete finished with '0'
[2.561s] DEBUG:colcon.colcon_core.event_reactor:joining thread
[2.583s] INFO:colcon.colcon_core.plugin_system:Skipping extension 'colcon_notification.desktop_notification.terminal_notifier': Not used on non-Darwin systems
[2.583s] INFO:colcon.colcon_core.plugin_system:Skipping extension 'colcon_notification.desktop_notification.win32': Not used on non-Windows systems
[2.583s] INFO:colcon.colcon_notification.desktop_notification:Sending desktop notification using 'notify2'
[2.602s] DEBUG:colcon.colcon_core.event_reactor:joined thread
[2.603s] INFO:colcon.colcon_core.shell:Creating prefix script '/home/lsw155linuxbox/justbaked/justbaked/install/local_setup.ps1'
[2.623s] INFO:colcon.colcon_core.shell:Creating prefix util module '/home/lsw155linuxbox/justbaked/justbaked/install/_local_setup_util_ps1.py'
[2.631s] INFO:colcon.colcon_core.shell:Creating prefix chain script '/home/lsw155linuxbox/justbaked/justbaked/install/setup.ps1'
[2.634s] INFO:colcon.colcon_core.shell:Creating prefix script '/home/lsw155linuxbox/justbaked/justbaked/install/local_setup.sh'
[2.636s] INFO:colcon.colcon_core.shell:Creating prefix util module '/home/lsw155linuxbox/justbaked/justbaked/install/_local_setup_util_sh.py'
[2.637s] INFO:colcon.colcon_core.shell:Creating prefix chain script '/home/lsw155linuxbox/justbaked/justbaked/install/setup.sh'
[2.640s] INFO:colcon.colcon_core.shell:Creating prefix script '/home/lsw155linuxbox/justbaked/justbaked/install/local_setup.bash'
[2.651s] INFO:colcon.colcon_core.shell:Creating prefix chain script '/home/lsw155linuxbox/justbaked/justbaked/install/setup.bash'
[2.654s] INFO:colcon.colcon_core.shell:Creating prefix script '/home/lsw155linuxbox/justbaked/justbaked/install/local_setup.zsh'
[2.655s] INFO:colcon.colcon_core.shell:Creating prefix chain script '/home/lsw155linuxbox/justbaked/justbaked/install/setup.zsh'
