[0.137s] DEBUG:colcon:Command line arguments: ['/usr/bin/colcon', 'build']
[0.137s] DEBUG:colcon:Parsed command line arguments: Namespace(log_base=None, log_level=None, verb_name='build', build_base='build', install_base='install', merge_install=False, symlink_install=False, test_result_base=None, continue_on_error=False, executor='parallel', parallel_workers=4, event_handlers=None, ignore_user_meta=False, metas=['./colcon.meta'], base_paths=['.'], packages_ignore=None, packages_ignore_regex=None, paths=None, packages_up_to=None, packages_up_to_regex=None, packages_above=None, packages_above_and_dependencies=None, packages_above_depth=None, packages_select_by_dep=None, packages_skip_by_dep=None, packages_skip_up_to=None, packages_select_build_failed=False, packages_skip_build_finished=False, packages_select_test_failures=False, packages_skip_test_passed=False, packages_select=None, packages_skip=None, packages_select_regex=None, packages_skip_regex=None, packages_start=None, packages_end=None, cmake_args=None, cmake_target=None, cmake_target_skip_unavailable=False, cmake_clean_cache=False, cmake_clean_first=False, cmake_force_configure=False, ament_cmake_args=None, catkin_cmake_args=None, catkin_skip_building_tests=False, verb_parser=<colcon_defaults.argument_parser.defaults.DefaultArgumentsDecorator object at 0xffffb4435280>, verb_extension=<colcon_core.verb.build.BuildVerb object at 0xffffb4434f20>, main=<bound method BuildVerb.main of <colcon_core.verb.build.BuildVerb object at 0xffffb4434f20>>)
[0.192s] Level 1:colcon.colcon_core.package_discovery:discover_packages(colcon_meta) check parameters
[0.192s] Level 1:colcon.colcon_core.package_discovery:discover_packages(recursive) check parameters
[0.192s] Level 1:colcon.colcon_core.package_discovery:discover_packages(ignore) check parameters
[0.192s] Level 1:colcon.colcon_core.package_discovery:discover_packages(path) check parameters
[0.192s] Level 1:colcon.colcon_core.package_discovery:discover_packages(colcon_meta) discover
[0.193s] Level 1:colcon.colcon_core.package_discovery:discover_packages(recursive) discover
[0.193s] INFO:colcon.colcon_core.package_discovery:Crawling recursively for packages in '/home/ieee/justbaked/justbaked'
[0.193s] Level 1:colcon.colcon_core.package_identification:_identify(.) by extensions ['ignore', 'ignore_ament_install']
[0.193s] Level 1:colcon.colcon_core.package_identification:_identify(.) by extension 'ignore'
[0.193s] Level 1:colcon.colcon_core.package_identification:_identify(.) by extension 'ignore_ament_install'
[0.193s] Level 1:colcon.colcon_core.package_identification:_identify(.) by extensions ['colcon_pkg']
[0.193s] Level 1:colcon.colcon_core.package_identification:_identify(.) by extension 'colcon_pkg'
[0.193s] Level 1:colcon.colcon_core.package_identification:_identify(.) by extensions ['colcon_meta']
[0.193s] Level 1:colcon.colcon_core.package_identification:_identify(.) by extension 'colcon_meta'
[0.193s] Level 1:colcon.colcon_core.package_identification:_identify(.) by extensions ['ros']
[0.193s] Level 1:colcon.colcon_core.package_identification:_identify(.) by extension 'ros'
[0.229s] Level 1:colcon.colcon_core.package_identification:_identify(.) by extensions ['cmake', 'python']
[0.229s] Level 1:colcon.colcon_core.package_identification:_identify(.) by extension 'cmake'
[0.229s] Level 1:colcon.colcon_core.package_identification:_identify(.) by extension 'python'
[0.229s] Level 1:colcon.colcon_core.package_identification:_identify(.) by extensions ['python_setup_py']
[0.229s] Level 1:colcon.colcon_core.package_identification:_identify(.) by extension 'python_setup_py'
[0.229s] Level 1:colcon.colcon_core.package_identification:_identify(build) by extensions ['ignore', 'ignore_ament_install']
[0.229s] Level 1:colcon.colcon_core.package_identification:_identify(build) by extension 'ignore'
[0.230s] Level 1:colcon.colcon_core.package_identification:_identify(build) ignored
[0.230s] Level 1:colcon.colcon_core.package_identification:_identify(install) by extensions ['ignore', 'ignore_ament_install']
[0.230s] Level 1:colcon.colcon_core.package_identification:_identify(install) by extension 'ignore'
[0.230s] Level 1:colcon.colcon_core.package_identification:_identify(install) ignored
[0.230s] Level 1:colcon.colcon_core.package_identification:_identify(log) by extensions ['ignore', 'ignore_ament_install']
[0.230s] Level 1:colcon.colcon_core.package_identification:_identify(log) by extension 'ignore'
[0.230s] Level 1:colcon.colcon_core.package_identification:_identify(log) ignored
[0.230s] Level 1:colcon.colcon_core.package_identification:_identify(src) by extensions ['ignore', 'ignore_ament_install']
[0.230s] Level 1:colcon.colcon_core.package_identification:_identify(src) by extension 'ignore'
[0.230s] Level 1:colcon.colcon_core.package_identification:_identify(src) by extension 'ignore_ament_install'
[0.230s] Level 1:colcon.colcon_core.package_identification:_identify(src) by extensions ['colcon_pkg']
[0.230s] Level 1:colcon.colcon_core.package_identification:_identify(src) by extension 'colcon_pkg'
[0.230s] Level 1:colcon.colcon_core.package_identification:_identify(src) by extensions ['colcon_meta']
[0.230s] Level 1:colcon.colcon_core.package_identification:_identify(src) by extension 'colcon_meta'
[0.231s] Level 1:colcon.colcon_core.package_identification:_identify(src) by extensions ['ros']
[0.231s] Level 1:colcon.colcon_core.package_identification:_identify(src) by extension 'ros'
[0.231s] Level 1:colcon.colcon_core.package_identification:_identify(src) by extensions ['cmake', 'python']
[0.231s] Level 1:colcon.colcon_core.package_identification:_identify(src) by extension 'cmake'
[0.231s] Level 1:colcon.colcon_core.package_identification:_identify(src) by extension 'python'
[0.231s] Level 1:colcon.colcon_core.package_identification:_identify(src) by extensions ['python_setup_py']
[0.231s] Level 1:colcon.colcon_core.package_identification:_identify(src) by extension 'python_setup_py'
[0.231s] Level 1:colcon.colcon_core.package_identification:_identify(src/sllidar_ros2) by extensions ['ignore', 'ignore_ament_install']
[0.231s] Level 1:colcon.colcon_core.package_identification:_identify(src/sllidar_ros2) by extension 'ignore'
[0.231s] Level 1:colcon.colcon_core.package_identification:_identify(src/sllidar_ros2) by extension 'ignore_ament_install'
[0.231s] Level 1:colcon.colcon_core.package_identification:_identify(src/sllidar_ros2) by extensions ['colcon_pkg']
[0.231s] Level 1:colcon.colcon_core.package_identification:_identify(src/sllidar_ros2) by extension 'colcon_pkg'
[0.231s] Level 1:colcon.colcon_core.package_identification:_identify(src/sllidar_ros2) by extensions ['colcon_meta']
[0.231s] Level 1:colcon.colcon_core.package_identification:_identify(src/sllidar_ros2) by extension 'colcon_meta'
[0.231s] Level 1:colcon.colcon_core.package_identification:_identify(src/sllidar_ros2) by extensions ['ros']
[0.231s] Level 1:colcon.colcon_core.package_identification:_identify(src/sllidar_ros2) by extension 'ros'
[0.236s] DEBUG:colcon.colcon_core.package_identification:Package 'src/sllidar_ros2' with type 'ros.ament_cmake' and name 'sllidar_ros2'
[0.237s] Level 1:colcon.colcon_core.package_identification:_identify(src/temp_sens) by extensions ['ignore', 'ignore_ament_install']
[0.237s] Level 1:colcon.colcon_core.package_identification:_identify(src/temp_sens) by extension 'ignore'
[0.237s] Level 1:colcon.colcon_core.package_identification:_identify(src/temp_sens) by extension 'ignore_ament_install'
[0.237s] Level 1:colcon.colcon_core.package_identification:_identify(src/temp_sens) by extensions ['colcon_pkg']
[0.237s] Level 1:colcon.colcon_core.package_identification:_identify(src/temp_sens) by extension 'colcon_pkg'
[0.237s] Level 1:colcon.colcon_core.package_identification:_identify(src/temp_sens) by extensions ['colcon_meta']
[0.237s] Level 1:colcon.colcon_core.package_identification:_identify(src/temp_sens) by extension 'colcon_meta'
[0.237s] Level 1:colcon.colcon_core.package_identification:_identify(src/temp_sens) by extensions ['ros']
[0.237s] Level 1:colcon.colcon_core.package_identification:_identify(src/temp_sens) by extension 'ros'
[0.238s] DEBUG:colcon.colcon_core.package_identification:Package 'src/temp_sens' with type 'ros.ament_cmake' and name 'temp_sens'
[0.238s] Level 1:colcon.colcon_core.package_identification:_identify(src/turtlebot4_description) by extensions ['ignore', 'ignore_ament_install']
[0.238s] Level 1:colcon.colcon_core.package_identification:_identify(src/turtlebot4_description) by extension 'ignore'
[0.238s] Level 1:colcon.colcon_core.package_identification:_identify(src/turtlebot4_description) by extension 'ignore_ament_install'
[0.238s] Level 1:colcon.colcon_core.package_identification:_identify(src/turtlebot4_description) by extensions ['colcon_pkg']
[0.238s] Level 1:colcon.colcon_core.package_identification:_identify(src/turtlebot4_description) by extension 'colcon_pkg'
[0.238s] Level 1:colcon.colcon_core.package_identification:_identify(src/turtlebot4_description) by extensions ['colcon_meta']
[0.238s] Level 1:colcon.colcon_core.package_identification:_identify(src/turtlebot4_description) by extension 'colcon_meta'
[0.238s] Level 1:colcon.colcon_core.package_identification:_identify(src/turtlebot4_description) by extensions ['ros']
[0.238s] Level 1:colcon.colcon_core.package_identification:_identify(src/turtlebot4_description) by extension 'ros'
[0.239s] DEBUG:colcon.colcon_core.package_identification:Package 'src/turtlebot4_description' with type 'ros.ament_cmake' and name 'turtlebot4_description'
[0.239s] Level 1:colcon.colcon_core.package_identification:_identify(src/turtlebot4_navigation) by extensions ['ignore', 'ignore_ament_install']
[0.239s] Level 1:colcon.colcon_core.package_identification:_identify(src/turtlebot4_navigation) by extension 'ignore'
[0.239s] Level 1:colcon.colcon_core.package_identification:_identify(src/turtlebot4_navigation) by extension 'ignore_ament_install'
[0.239s] Level 1:colcon.colcon_core.package_identification:_identify(src/turtlebot4_navigation) by extensions ['colcon_pkg']
[0.239s] Level 1:colcon.colcon_core.package_identification:_identify(src/turtlebot4_navigation) by extension 'colcon_pkg'
[0.239s] Level 1:colcon.colcon_core.package_identification:_identify(src/turtlebot4_navigation) by extensions ['colcon_meta']
[0.239s] Level 1:colcon.colcon_core.package_identification:_identify(src/turtlebot4_navigation) by extension 'colcon_meta'
[0.239s] Level 1:colcon.colcon_core.package_identification:_identify(src/turtlebot4_navigation) by extensions ['ros']
[0.239s] Level 1:colcon.colcon_core.package_identification:_identify(src/turtlebot4_navigation) by extension 'ros'
[0.240s] DEBUG:colcon.colcon_core.package_identification:Package 'src/turtlebot4_navigation' with type 'ros.ament_cmake' and name 'turtlebot4_navigation'
[0.240s] Level 1:colcon.colcon_core.package_discovery:discover_packages(recursive) using defaults
[0.240s] Level 1:colcon.colcon_core.package_discovery:discover_packages(ignore) discover
[0.240s] Level 1:colcon.colcon_core.package_discovery:discover_packages(ignore) using defaults
[0.240s] Level 1:colcon.colcon_core.package_discovery:discover_packages(path) discover
[0.240s] Level 1:colcon.colcon_core.package_discovery:discover_packages(path) using defaults
[0.263s] Level 5:colcon.colcon_core.verb:set package 'sllidar_ros2' build argument 'cmake_args' from command line to 'None'
[0.264s] Level 5:colcon.colcon_core.verb:set package 'sllidar_ros2' build argument 'cmake_target' from command line to 'None'
[0.264s] Level 5:colcon.colcon_core.verb:set package 'sllidar_ros2' build argument 'cmake_target_skip_unavailable' from command line to 'False'
[0.264s] Level 5:colcon.colcon_core.verb:set package 'sllidar_ros2' build argument 'cmake_clean_cache' from command line to 'False'
[0.264s] Level 5:colcon.colcon_core.verb:set package 'sllidar_ros2' build argument 'cmake_clean_first' from command line to 'False'
[0.264s] Level 5:colcon.colcon_core.verb:set package 'sllidar_ros2' build argument 'cmake_force_configure' from command line to 'False'
[0.264s] Level 5:colcon.colcon_core.verb:set package 'sllidar_ros2' build argument 'ament_cmake_args' from command line to 'None'
[0.264s] Level 5:colcon.colcon_core.verb:set package 'sllidar_ros2' build argument 'catkin_cmake_args' from command line to 'None'
[0.264s] Level 5:colcon.colcon_core.verb:set package 'sllidar_ros2' build argument 'catkin_skip_building_tests' from command line to 'False'
[0.264s] DEBUG:colcon.colcon_core.verb:Building package 'sllidar_ros2' with the following arguments: {'ament_cmake_args': None, 'build_base': '/home/ieee/justbaked/justbaked/build/sllidar_ros2', 'catkin_cmake_args': None, 'catkin_skip_building_tests': False, 'cmake_args': None, 'cmake_clean_cache': False, 'cmake_clean_first': False, 'cmake_force_configure': False, 'cmake_target': None, 'cmake_target_skip_unavailable': False, 'install_base': '/home/ieee/justbaked/justbaked/install/sllidar_ros2', 'merge_install': False, 'path': '/home/ieee/justbaked/justbaked/src/sllidar_ros2', 'symlink_install': False, 'test_result_base': None}
[0.264s] Level 5:colcon.colcon_core.verb:set package 'temp_sens' build argument 'cmake_args' from command line to 'None'
[0.264s] Level 5:colcon.colcon_core.verb:set package 'temp_sens' build argument 'cmake_target' from command line to 'None'
[0.264s] Level 5:colcon.colcon_core.verb:set package 'temp_sens' build argument 'cmake_target_skip_unavailable' from command line to 'False'
[0.264s] Level 5:colcon.colcon_core.verb:set package 'temp_sens' build argument 'cmake_clean_cache' from command line to 'False'
[0.264s] Level 5:colcon.colcon_core.verb:set package 'temp_sens' build argument 'cmake_clean_first' from command line to 'False'
[0.264s] Level 5:colcon.colcon_core.verb:set package 'temp_sens' build argument 'cmake_force_configure' from command line to 'False'
[0.264s] Level 5:colcon.colcon_core.verb:set package 'temp_sens' build argument 'ament_cmake_args' from command line to 'None'
[0.264s] Level 5:colcon.colcon_core.verb:set package 'temp_sens' build argument 'catkin_cmake_args' from command line to 'None'
[0.264s] Level 5:colcon.colcon_core.verb:set package 'temp_sens' build argument 'catkin_skip_building_tests' from command line to 'False'
[0.264s] DEBUG:colcon.colcon_core.verb:Building package 'temp_sens' with the following arguments: {'ament_cmake_args': None, 'build_base': '/home/ieee/justbaked/justbaked/build/temp_sens', 'catkin_cmake_args': None, 'catkin_skip_building_tests': False, 'cmake_args': None, 'cmake_clean_cache': False, 'cmake_clean_first': False, 'cmake_force_configure': False, 'cmake_target': None, 'cmake_target_skip_unavailable': False, 'install_base': '/home/ieee/justbaked/justbaked/install/temp_sens', 'merge_install': False, 'path': '/home/ieee/justbaked/justbaked/src/temp_sens', 'symlink_install': False, 'test_result_base': None}
[0.265s] Level 5:colcon.colcon_core.verb:set package 'turtlebot4_description' build argument 'cmake_args' from command line to 'None'
[0.265s] Level 5:colcon.colcon_core.verb:set package 'turtlebot4_description' build argument 'cmake_target' from command line to 'None'
[0.265s] Level 5:colcon.colcon_core.verb:set package 'turtlebot4_description' build argument 'cmake_target_skip_unavailable' from command line to 'False'
[0.265s] Level 5:colcon.colcon_core.verb:set package 'turtlebot4_description' build argument 'cmake_clean_cache' from command line to 'False'
[0.265s] Level 5:colcon.colcon_core.verb:set package 'turtlebot4_description' build argument 'cmake_clean_first' from command line to 'False'
[0.265s] Level 5:colcon.colcon_core.verb:set package 'turtlebot4_description' build argument 'cmake_force_configure' from command line to 'False'
[0.265s] Level 5:colcon.colcon_core.verb:set package 'turtlebot4_description' build argument 'ament_cmake_args' from command line to 'None'
[0.265s] Level 5:colcon.colcon_core.verb:set package 'turtlebot4_description' build argument 'catkin_cmake_args' from command line to 'None'
[0.265s] Level 5:colcon.colcon_core.verb:set package 'turtlebot4_description' build argument 'catkin_skip_building_tests' from command line to 'False'
[0.265s] DEBUG:colcon.colcon_core.verb:Building package 'turtlebot4_description' with the following arguments: {'ament_cmake_args': None, 'build_base': '/home/ieee/justbaked/justbaked/build/turtlebot4_description', 'catkin_cmake_args': None, 'catkin_skip_building_tests': False, 'cmake_args': None, 'cmake_clean_cache': False, 'cmake_clean_first': False, 'cmake_force_configure': False, 'cmake_target': None, 'cmake_target_skip_unavailable': False, 'install_base': '/home/ieee/justbaked/justbaked/install/turtlebot4_description', 'merge_install': False, 'path': '/home/ieee/justbaked/justbaked/src/turtlebot4_description', 'symlink_install': False, 'test_result_base': None}
[0.265s] Level 5:colcon.colcon_core.verb:set package 'turtlebot4_navigation' build argument 'cmake_args' from command line to 'None'
[0.265s] Level 5:colcon.colcon_core.verb:set package 'turtlebot4_navigation' build argument 'cmake_target' from command line to 'None'
[0.265s] Level 5:colcon.colcon_core.verb:set package 'turtlebot4_navigation' build argument 'cmake_target_skip_unavailable' from command line to 'False'
[0.265s] Level 5:colcon.colcon_core.verb:set package 'turtlebot4_navigation' build argument 'cmake_clean_cache' from command line to 'False'
[0.265s] Level 5:colcon.colcon_core.verb:set package 'turtlebot4_navigation' build argument 'cmake_clean_first' from command line to 'False'
[0.265s] Level 5:colcon.colcon_core.verb:set package 'turtlebot4_navigation' build argument 'cmake_force_configure' from command line to 'False'
[0.265s] Level 5:colcon.colcon_core.verb:set package 'turtlebot4_navigation' build argument 'ament_cmake_args' from command line to 'None'
[0.265s] Level 5:colcon.colcon_core.verb:set package 'turtlebot4_navigation' build argument 'catkin_cmake_args' from command line to 'None'
[0.265s] Level 5:colcon.colcon_core.verb:set package 'turtlebot4_navigation' build argument 'catkin_skip_building_tests' from command line to 'False'
[0.265s] DEBUG:colcon.colcon_core.verb:Building package 'turtlebot4_navigation' with the following arguments: {'ament_cmake_args': None, 'build_base': '/home/ieee/justbaked/justbaked/build/turtlebot4_navigation', 'catkin_cmake_args': None, 'catkin_skip_building_tests': False, 'cmake_args': None, 'cmake_clean_cache': False, 'cmake_clean_first': False, 'cmake_force_configure': False, 'cmake_target': None, 'cmake_target_skip_unavailable': False, 'install_base': '/home/ieee/justbaked/justbaked/install/turtlebot4_navigation', 'merge_install': False, 'path': '/home/ieee/justbaked/justbaked/src/turtlebot4_navigation', 'symlink_install': False, 'test_result_base': None}
[0.266s] INFO:colcon.colcon_core.executor:Executing jobs using 'parallel' executor
[0.267s] DEBUG:colcon.colcon_parallel_executor.executor.parallel:run_until_complete
[0.267s] INFO:colcon.colcon_ros.task.ament_cmake.build:Building ROS package in '/home/ieee/justbaked/justbaked/src/sllidar_ros2' with build type 'ament_cmake'
[0.268s] INFO:colcon.colcon_cmake.task.cmake.build:Building CMake package in '/home/ieee/justbaked/justbaked/src/sllidar_ros2'
[0.270s] INFO:colcon.colcon_core.plugin_system:Skipping extension 'colcon_core.shell.bat': Not used on non-Windows systems
[0.270s] DEBUG:colcon.colcon_core.shell:Skip shell extension 'dsv' for command environment
[0.277s] INFO:colcon.colcon_ros.task.ament_cmake.build:Building ROS package in '/home/ieee/justbaked/justbaked/src/temp_sens' with build type 'ament_cmake'
[0.277s] INFO:colcon.colcon_cmake.task.cmake.build:Building CMake package in '/home/ieee/justbaked/justbaked/src/temp_sens'
[0.277s] DEBUG:colcon.colcon_core.shell:Skip shell extension 'dsv' for command environment
[0.283s] INFO:colcon.colcon_ros.task.ament_cmake.build:Building ROS package in '/home/ieee/justbaked/justbaked/src/turtlebot4_description' with build type 'ament_cmake'
[0.283s] INFO:colcon.colcon_cmake.task.cmake.build:Building CMake package in '/home/ieee/justbaked/justbaked/src/turtlebot4_description'
[0.283s] DEBUG:colcon.colcon_core.shell:Skip shell extension 'dsv' for command environment
[0.288s] INFO:colcon.colcon_ros.task.ament_cmake.build:Building ROS package in '/home/ieee/justbaked/justbaked/src/turtlebot4_navigation' with build type 'ament_cmake'
[0.289s] INFO:colcon.colcon_cmake.task.cmake.build:Building CMake package in '/home/ieee/justbaked/justbaked/src/turtlebot4_navigation'
[0.289s] DEBUG:colcon.colcon_core.shell:Skip shell extension 'dsv' for command environment
[0.302s] DEBUG:colcon.colcon_core.event_handler.log_command:Invoking command in '/home/ieee/justbaked/justbaked/build/sllidar_ros2': CMAKE_PREFIX_PATH=${CMAKE_PREFIX_PATH}:/home/ieee/justbaked/justbaked/install/temp_sens:/opt/ros/jazzy DEBUGINFOD_URLS=https://debuginfod.ubuntu.com /usr/bin/cmake --build /home/ieee/justbaked/justbaked/build/sllidar_ros2 -- -j4 -l4
[0.306s] DEBUG:colcon.colcon_core.event_handler.log_command:Invoking command in '/home/ieee/justbaked/justbaked/build/temp_sens': CMAKE_PREFIX_PATH=${CMAKE_PREFIX_PATH}:/home/ieee/justbaked/justbaked/install/temp_sens:/opt/ros/jazzy DEBUGINFOD_URLS=https://debuginfod.ubuntu.com /usr/bin/cmake --build /home/ieee/justbaked/justbaked/build/temp_sens -- -j4 -l4
[0.310s] DEBUG:colcon.colcon_core.event_handler.log_command:Invoking command in '/home/ieee/justbaked/justbaked/build/turtlebot4_description': CMAKE_PREFIX_PATH=${CMAKE_PREFIX_PATH}:/home/ieee/justbaked/justbaked/install/temp_sens:/opt/ros/jazzy DEBUGINFOD_URLS=https://debuginfod.ubuntu.com /usr/bin/cmake --build /home/ieee/justbaked/justbaked/build/turtlebot4_description -- -j4 -l4
[0.318s] DEBUG:colcon.colcon_core.event_handler.log_command:Invoking command in '/home/ieee/justbaked/justbaked/build/turtlebot4_navigation': CMAKE_PREFIX_PATH=${CMAKE_PREFIX_PATH}:/home/ieee/justbaked/justbaked/install/temp_sens:/opt/ros/jazzy DEBUGINFOD_URLS=https://debuginfod.ubuntu.com /usr/bin/cmake --build /home/ieee/justbaked/justbaked/build/turtlebot4_navigation -- -j4 -l4
[0.409s] DEBUG:colcon.colcon_core.event_handler.log_command:Invoked command in '/home/ieee/justbaked/justbaked/build/turtlebot4_description' returned '0': CMAKE_PREFIX_PATH=${CMAKE_PREFIX_PATH}:/home/ieee/justbaked/justbaked/install/temp_sens:/opt/ros/jazzy DEBUGINFOD_URLS=https://debuginfod.ubuntu.com /usr/bin/cmake --build /home/ieee/justbaked/justbaked/build/turtlebot4_description -- -j4 -l4
[0.445s] DEBUG:colcon.colcon_core.event_handler.log_command:Invoking command in '/home/ieee/justbaked/justbaked/build/turtlebot4_description': CMAKE_PREFIX_PATH=${CMAKE_PREFIX_PATH}:/home/ieee/justbaked/justbaked/install/temp_sens:/opt/ros/jazzy DEBUGINFOD_URLS=https://debuginfod.ubuntu.com /usr/bin/cmake --install /home/ieee/justbaked/justbaked/build/turtlebot4_description
[0.507s] Level 1:colcon.colcon_core.environment:create_environment_scripts_only(turtlebot4_description)
[0.508s] DEBUG:colcon.colcon_core.event_handler.log_command:Invoked command in '/home/ieee/justbaked/justbaked/build/turtlebot4_description' returned '0': CMAKE_PREFIX_PATH=${CMAKE_PREFIX_PATH}:/home/ieee/justbaked/justbaked/install/temp_sens:/opt/ros/jazzy DEBUGINFOD_URLS=https://debuginfod.ubuntu.com /usr/bin/cmake --install /home/ieee/justbaked/justbaked/build/turtlebot4_description
[0.514s] Level 1:colcon.colcon_core.environment:checking '/home/ieee/justbaked/justbaked/install/turtlebot4_description' for CMake module files
[0.516s] Level 1:colcon.colcon_core.environment:checking '/home/ieee/justbaked/justbaked/install/turtlebot4_description' for CMake config files
[0.517s] Level 1:colcon.colcon_core.shell:create_environment_hook('turtlebot4_description', 'cmake_prefix_path')
[0.517s] INFO:colcon.colcon_core.shell:Creating environment descriptor '/home/ieee/justbaked/justbaked/install/turtlebot4_description/share/turtlebot4_description/hook/cmake_prefix_path.dsv'
[0.519s] INFO:colcon.colcon_core.shell:Creating environment hook '/home/ieee/justbaked/justbaked/install/turtlebot4_description/share/turtlebot4_description/hook/cmake_prefix_path.sh'
[0.522s] Level 1:colcon.colcon_core.environment:checking '/home/ieee/justbaked/justbaked/install/turtlebot4_description/bin'
[0.523s] Level 1:colcon.colcon_core.environment:checking '/home/ieee/justbaked/justbaked/install/turtlebot4_description/lib/pkgconfig/turtlebot4_description.pc'
[0.528s] Level 1:colcon.colcon_core.environment:checking '/home/ieee/justbaked/justbaked/install/turtlebot4_description/lib/python3.12/site-packages'
[0.528s] Level 1:colcon.colcon_core.environment:checking '/home/ieee/justbaked/justbaked/install/turtlebot4_description/bin'
[0.529s] INFO:colcon.colcon_core.shell:Creating package descriptor '/home/ieee/justbaked/justbaked/install/turtlebot4_description/share/turtlebot4_description/package.dsv'
[0.530s] INFO:colcon.colcon_core.shell:Creating package script '/home/ieee/justbaked/justbaked/install/turtlebot4_description/share/turtlebot4_description/package.sh'
[0.531s] INFO:colcon.colcon_core.shell:Creating package script '/home/ieee/justbaked/justbaked/install/turtlebot4_description/share/turtlebot4_description/package.bash'
[0.532s] INFO:colcon.colcon_core.shell:Creating package script '/home/ieee/justbaked/justbaked/install/turtlebot4_description/share/turtlebot4_description/package.zsh'
[0.533s] Level 1:colcon.colcon_core.environment:create_file_with_runtime_dependencies(/home/ieee/justbaked/justbaked/install/turtlebot4_description/share/colcon-core/packages/turtlebot4_description)
[0.534s] Level 1:colcon.colcon_core.environment:create_environment_scripts_only(turtlebot4_description)
[0.534s] Level 1:colcon.colcon_core.environment:checking '/home/ieee/justbaked/justbaked/install/turtlebot4_description' for CMake module files
[0.535s] Level 1:colcon.colcon_core.environment:checking '/home/ieee/justbaked/justbaked/install/turtlebot4_description' for CMake config files
[0.535s] Level 1:colcon.colcon_core.shell:create_environment_hook('turtlebot4_description', 'cmake_prefix_path')
[0.536s] INFO:colcon.colcon_core.shell:Creating environment descriptor '/home/ieee/justbaked/justbaked/install/turtlebot4_description/share/turtlebot4_description/hook/cmake_prefix_path.dsv'
[0.536s] INFO:colcon.colcon_core.shell:Creating environment hook '/home/ieee/justbaked/justbaked/install/turtlebot4_description/share/turtlebot4_description/hook/cmake_prefix_path.sh'
[0.538s] Level 1:colcon.colcon_core.environment:checking '/home/ieee/justbaked/justbaked/install/turtlebot4_description/bin'
[0.538s] Level 1:colcon.colcon_core.environment:checking '/home/ieee/justbaked/justbaked/install/turtlebot4_description/lib/pkgconfig/turtlebot4_description.pc'
[0.538s] Level 1:colcon.colcon_core.environment:checking '/home/ieee/justbaked/justbaked/install/turtlebot4_description/lib/python3.12/site-packages'
[0.538s] Level 1:colcon.colcon_core.environment:checking '/home/ieee/justbaked/justbaked/install/turtlebot4_description/bin'
[0.539s] INFO:colcon.colcon_core.shell:Creating package descriptor '/home/ieee/justbaked/justbaked/install/turtlebot4_description/share/turtlebot4_description/package.dsv'
[0.539s] INFO:colcon.colcon_core.shell:Creating package script '/home/ieee/justbaked/justbaked/install/turtlebot4_description/share/turtlebot4_description/package.sh'
[0.540s] INFO:colcon.colcon_core.shell:Creating package script '/home/ieee/justbaked/justbaked/install/turtlebot4_description/share/turtlebot4_description/package.bash'
[0.541s] INFO:colcon.colcon_core.shell:Creating package script '/home/ieee/justbaked/justbaked/install/turtlebot4_description/share/turtlebot4_description/package.zsh'
[0.541s] Level 1:colcon.colcon_core.environment:create_file_with_runtime_dependencies(/home/ieee/justbaked/justbaked/install/turtlebot4_description/share/colcon-core/packages/turtlebot4_description)
[0.546s] DEBUG:colcon.colcon_core.event_handler.log_command:Invoked command in '/home/ieee/justbaked/justbaked/build/sllidar_ros2' returned '0': CMAKE_PREFIX_PATH=${CMAKE_PREFIX_PATH}:/home/ieee/justbaked/justbaked/install/temp_sens:/opt/ros/jazzy DEBUGINFOD_URLS=https://debuginfod.ubuntu.com /usr/bin/cmake --build /home/ieee/justbaked/justbaked/build/sllidar_ros2 -- -j4 -l4
[0.546s] DEBUG:colcon.colcon_core.event_handler.log_command:Invoking command in '/home/ieee/justbaked/justbaked/build/sllidar_ros2': CMAKE_PREFIX_PATH=${CMAKE_PREFIX_PATH}:/home/ieee/justbaked/justbaked/install/temp_sens:/opt/ros/jazzy DEBUGINFOD_URLS=https://debuginfod.ubuntu.com /usr/bin/cmake --install /home/ieee/justbaked/justbaked/build/sllidar_ros2
[0.603s] Level 1:colcon.colcon_core.environment:create_environment_scripts_only(sllidar_ros2)
[0.603s] Level 1:colcon.colcon_core.environment:checking '/home/ieee/justbaked/justbaked/install/sllidar_ros2' for CMake module files
[0.604s] DEBUG:colcon.colcon_core.event_handler.log_command:Invoked command in '/home/ieee/justbaked/justbaked/build/sllidar_ros2' returned '0': CMAKE_PREFIX_PATH=${CMAKE_PREFIX_PATH}:/home/ieee/justbaked/justbaked/install/temp_sens:/opt/ros/jazzy DEBUGINFOD_URLS=https://debuginfod.ubuntu.com /usr/bin/cmake --install /home/ieee/justbaked/justbaked/build/sllidar_ros2
[0.605s] Level 1:colcon.colcon_core.environment:checking '/home/ieee/justbaked/justbaked/install/sllidar_ros2' for CMake config files
[0.605s] Level 1:colcon.colcon_core.shell:create_environment_hook('sllidar_ros2', 'cmake_prefix_path')
[0.606s] INFO:colcon.colcon_core.shell:Creating environment descriptor '/home/ieee/justbaked/justbaked/install/sllidar_ros2/share/sllidar_ros2/hook/cmake_prefix_path.dsv'
[0.607s] INFO:colcon.colcon_core.shell:Creating environment hook '/home/ieee/justbaked/justbaked/install/sllidar_ros2/share/sllidar_ros2/hook/cmake_prefix_path.sh'
[0.608s] Level 1:colcon.colcon_core.environment:checking '/home/ieee/justbaked/justbaked/install/sllidar_ros2/lib'
[0.608s] Level 1:colcon.colcon_core.environment:checking '/home/ieee/justbaked/justbaked/install/sllidar_ros2/bin'
[0.608s] Level 1:colcon.colcon_core.environment:checking '/home/ieee/justbaked/justbaked/install/sllidar_ros2/lib/pkgconfig/sllidar_ros2.pc'
[0.609s] Level 1:colcon.colcon_core.environment:checking '/home/ieee/justbaked/justbaked/install/sllidar_ros2/lib/python3.12/site-packages'
[0.609s] Level 1:colcon.colcon_core.environment:checking '/home/ieee/justbaked/justbaked/install/sllidar_ros2/bin'
[0.610s] INFO:colcon.colcon_core.shell:Creating package descriptor '/home/ieee/justbaked/justbaked/install/sllidar_ros2/share/sllidar_ros2/package.dsv'
[0.610s] INFO:colcon.colcon_core.shell:Creating package script '/home/ieee/justbaked/justbaked/install/sllidar_ros2/share/sllidar_ros2/package.sh'
[0.611s] INFO:colcon.colcon_core.shell:Creating package script '/home/ieee/justbaked/justbaked/install/sllidar_ros2/share/sllidar_ros2/package.bash'
[0.612s] INFO:colcon.colcon_core.shell:Creating package script '/home/ieee/justbaked/justbaked/install/sllidar_ros2/share/sllidar_ros2/package.zsh'
[0.612s] Level 1:colcon.colcon_core.environment:create_file_with_runtime_dependencies(/home/ieee/justbaked/justbaked/install/sllidar_ros2/share/colcon-core/packages/sllidar_ros2)
[0.613s] Level 1:colcon.colcon_core.environment:create_environment_scripts_only(sllidar_ros2)
[0.613s] Level 1:colcon.colcon_core.environment:checking '/home/ieee/justbaked/justbaked/install/sllidar_ros2' for CMake module files
[0.615s] Level 1:colcon.colcon_core.environment:checking '/home/ieee/justbaked/justbaked/install/sllidar_ros2' for CMake config files
[0.615s] Level 1:colcon.colcon_core.shell:create_environment_hook('sllidar_ros2', 'cmake_prefix_path')
[0.616s] INFO:colcon.colcon_core.shell:Creating environment descriptor '/home/ieee/justbaked/justbaked/install/sllidar_ros2/share/sllidar_ros2/hook/cmake_prefix_path.dsv'
[0.616s] INFO:colcon.colcon_core.shell:Creating environment hook '/home/ieee/justbaked/justbaked/install/sllidar_ros2/share/sllidar_ros2/hook/cmake_prefix_path.sh'
[0.618s] Level 1:colcon.colcon_core.environment:checking '/home/ieee/justbaked/justbaked/install/sllidar_ros2/lib'
[0.618s] Level 1:colcon.colcon_core.environment:checking '/home/ieee/justbaked/justbaked/install/sllidar_ros2/bin'
[0.618s] Level 1:colcon.colcon_core.environment:checking '/home/ieee/justbaked/justbaked/install/sllidar_ros2/lib/pkgconfig/sllidar_ros2.pc'
[0.618s] Level 1:colcon.colcon_core.environment:checking '/home/ieee/justbaked/justbaked/install/sllidar_ros2/lib/python3.12/site-packages'
[0.618s] Level 1:colcon.colcon_core.environment:checking '/home/ieee/justbaked/justbaked/install/sllidar_ros2/bin'
[0.619s] INFO:colcon.colcon_core.shell:Creating package descriptor '/home/ieee/justbaked/justbaked/install/sllidar_ros2/share/sllidar_ros2/package.dsv'
[0.620s] INFO:colcon.colcon_core.shell:Creating package script '/home/ieee/justbaked/justbaked/install/sllidar_ros2/share/sllidar_ros2/package.sh'
[0.620s] INFO:colcon.colcon_core.shell:Creating package script '/home/ieee/justbaked/justbaked/install/sllidar_ros2/share/sllidar_ros2/package.bash'
[0.621s] INFO:colcon.colcon_core.shell:Creating package script '/home/ieee/justbaked/justbaked/install/sllidar_ros2/share/sllidar_ros2/package.zsh'
[0.621s] Level 1:colcon.colcon_core.environment:create_file_with_runtime_dependencies(/home/ieee/justbaked/justbaked/install/sllidar_ros2/share/colcon-core/packages/sllidar_ros2)
[1.058s] DEBUG:colcon.colcon_core.event_handler.log_command:Invoked command in '/home/ieee/justbaked/justbaked/build/turtlebot4_navigation' returned '0': CMAKE_PREFIX_PATH=${CMAKE_PREFIX_PATH}:/home/ieee/justbaked/justbaked/install/temp_sens:/opt/ros/jazzy DEBUGINFOD_URLS=https://debuginfod.ubuntu.com /usr/bin/cmake --build /home/ieee/justbaked/justbaked/build/turtlebot4_navigation -- -j4 -l4
[1.060s] DEBUG:colcon.colcon_core.event_handler.log_command:Invoking command in '/home/ieee/justbaked/justbaked/build/turtlebot4_navigation': CMAKE_PREFIX_PATH=${CMAKE_PREFIX_PATH}:/home/ieee/justbaked/justbaked/install/temp_sens:/opt/ros/jazzy DEBUGINFOD_URLS=https://debuginfod.ubuntu.com /usr/bin/cmake --install /home/ieee/justbaked/justbaked/build/turtlebot4_navigation
[1.256s] Level 1:colcon.colcon_core.environment:create_environment_scripts_only(turtlebot4_navigation)
[1.256s] Level 1:colcon.colcon_core.environment:checking '/home/ieee/justbaked/justbaked/install/turtlebot4_navigation' for CMake module files
[1.257s] DEBUG:colcon.colcon_core.event_handler.log_command:Invoked command in '/home/ieee/justbaked/justbaked/build/turtlebot4_navigation' returned '0': CMAKE_PREFIX_PATH=${CMAKE_PREFIX_PATH}:/home/ieee/justbaked/justbaked/install/temp_sens:/opt/ros/jazzy DEBUGINFOD_URLS=https://debuginfod.ubuntu.com /usr/bin/cmake --install /home/ieee/justbaked/justbaked/build/turtlebot4_navigation
[1.257s] Level 1:colcon.colcon_core.environment:checking '/home/ieee/justbaked/justbaked/install/turtlebot4_navigation' for CMake config files
[1.258s] Level 1:colcon.colcon_core.shell:create_environment_hook('turtlebot4_navigation', 'cmake_prefix_path')
[1.258s] INFO:colcon.colcon_core.shell:Creating environment descriptor '/home/ieee/justbaked/justbaked/install/turtlebot4_navigation/share/turtlebot4_navigation/hook/cmake_prefix_path.dsv'
[1.259s] INFO:colcon.colcon_core.shell:Creating environment hook '/home/ieee/justbaked/justbaked/install/turtlebot4_navigation/share/turtlebot4_navigation/hook/cmake_prefix_path.sh'
[1.259s] Level 1:colcon.colcon_core.environment:checking '/home/ieee/justbaked/justbaked/install/turtlebot4_navigation/lib'
[1.260s] Level 1:colcon.colcon_core.environment:checking '/home/ieee/justbaked/justbaked/install/turtlebot4_navigation/bin'
[1.260s] Level 1:colcon.colcon_core.environment:checking '/home/ieee/justbaked/justbaked/install/turtlebot4_navigation/lib/pkgconfig/turtlebot4_navigation.pc'
[1.260s] Level 1:colcon.colcon_core.environment:checking '/home/ieee/justbaked/justbaked/install/turtlebot4_navigation/lib/python3.12/site-packages'
[1.260s] Level 1:colcon.colcon_core.shell:create_environment_hook('turtlebot4_navigation', 'pythonpath')
[1.260s] INFO:colcon.colcon_core.shell:Creating environment descriptor '/home/ieee/justbaked/justbaked/install/turtlebot4_navigation/share/turtlebot4_navigation/hook/pythonpath.dsv'
[1.261s] INFO:colcon.colcon_core.shell:Creating environment hook '/home/ieee/justbaked/justbaked/install/turtlebot4_navigation/share/turtlebot4_navigation/hook/pythonpath.sh'
[1.262s] Level 1:colcon.colcon_core.environment:checking '/home/ieee/justbaked/justbaked/install/turtlebot4_navigation/bin'
[1.262s] INFO:colcon.colcon_core.shell:Creating package descriptor '/home/ieee/justbaked/justbaked/install/turtlebot4_navigation/share/turtlebot4_navigation/package.dsv'
[1.263s] INFO:colcon.colcon_core.shell:Creating package script '/home/ieee/justbaked/justbaked/install/turtlebot4_navigation/share/turtlebot4_navigation/package.sh'
[1.263s] INFO:colcon.colcon_core.shell:Creating package script '/home/ieee/justbaked/justbaked/install/turtlebot4_navigation/share/turtlebot4_navigation/package.bash'
[1.264s] INFO:colcon.colcon_core.shell:Creating package script '/home/ieee/justbaked/justbaked/install/turtlebot4_navigation/share/turtlebot4_navigation/package.zsh'
[1.264s] Level 1:colcon.colcon_core.environment:create_file_with_runtime_dependencies(/home/ieee/justbaked/justbaked/install/turtlebot4_navigation/share/colcon-core/packages/turtlebot4_navigation)
[1.265s] Level 1:colcon.colcon_core.environment:create_environment_scripts_only(turtlebot4_navigation)
[1.265s] Level 1:colcon.colcon_core.environment:checking '/home/ieee/justbaked/justbaked/install/turtlebot4_navigation' for CMake module files
[1.266s] Level 1:colcon.colcon_core.environment:checking '/home/ieee/justbaked/justbaked/install/turtlebot4_navigation' for CMake config files
[1.267s] Level 1:colcon.colcon_core.shell:create_environment_hook('turtlebot4_navigation', 'cmake_prefix_path')
[1.267s] INFO:colcon.colcon_core.shell:Creating environment descriptor '/home/ieee/justbaked/justbaked/install/turtlebot4_navigation/share/turtlebot4_navigation/hook/cmake_prefix_path.dsv'
[1.267s] INFO:colcon.colcon_core.shell:Creating environment hook '/home/ieee/justbaked/justbaked/install/turtlebot4_navigation/share/turtlebot4_navigation/hook/cmake_prefix_path.sh'
[1.268s] Level 1:colcon.colcon_core.environment:checking '/home/ieee/justbaked/justbaked/install/turtlebot4_navigation/lib'
[1.268s] Level 1:colcon.colcon_core.environment:checking '/home/ieee/justbaked/justbaked/install/turtlebot4_navigation/bin'
[1.269s] Level 1:colcon.colcon_core.environment:checking '/home/ieee/justbaked/justbaked/install/turtlebot4_navigation/lib/pkgconfig/turtlebot4_navigation.pc'
[1.269s] Level 1:colcon.colcon_core.environment:checking '/home/ieee/justbaked/justbaked/install/turtlebot4_navigation/lib/python3.12/site-packages'
[1.269s] Level 1:colcon.colcon_core.shell:create_environment_hook('turtlebot4_navigation', 'pythonpath')
[1.269s] INFO:colcon.colcon_core.shell:Creating environment descriptor '/home/ieee/justbaked/justbaked/install/turtlebot4_navigation/share/turtlebot4_navigation/hook/pythonpath.dsv'
[1.270s] INFO:colcon.colcon_core.shell:Creating environment hook '/home/ieee/justbaked/justbaked/install/turtlebot4_navigation/share/turtlebot4_navigation/hook/pythonpath.sh'
[1.271s] Level 1:colcon.colcon_core.environment:checking '/home/ieee/justbaked/justbaked/install/turtlebot4_navigation/bin'
[1.271s] INFO:colcon.colcon_core.shell:Creating package descriptor '/home/ieee/justbaked/justbaked/install/turtlebot4_navigation/share/turtlebot4_navigation/package.dsv'
[1.272s] INFO:colcon.colcon_core.shell:Creating package script '/home/ieee/justbaked/justbaked/install/turtlebot4_navigation/share/turtlebot4_navigation/package.sh'
[1.272s] INFO:colcon.colcon_core.shell:Creating package script '/home/ieee/justbaked/justbaked/install/turtlebot4_navigation/share/turtlebot4_navigation/package.bash'
[1.273s] INFO:colcon.colcon_core.shell:Creating package script '/home/ieee/justbaked/justbaked/install/turtlebot4_navigation/share/turtlebot4_navigation/package.zsh'
[1.273s] Level 1:colcon.colcon_core.environment:create_file_with_runtime_dependencies(/home/ieee/justbaked/justbaked/install/turtlebot4_navigation/share/colcon-core/packages/turtlebot4_navigation)
[1.707s] DEBUG:colcon.colcon_core.event_handler.log_command:Invoked command in '/home/ieee/justbaked/justbaked/build/temp_sens' returned '0': CMAKE_PREFIX_PATH=${CMAKE_PREFIX_PATH}:/home/ieee/justbaked/justbaked/install/temp_sens:/opt/ros/jazzy DEBUGINFOD_URLS=https://debuginfod.ubuntu.com /usr/bin/cmake --build /home/ieee/justbaked/justbaked/build/temp_sens -- -j4 -l4
[1.709s] DEBUG:colcon.colcon_core.event_handler.log_command:Invoking command in '/home/ieee/justbaked/justbaked/build/temp_sens': CMAKE_PREFIX_PATH=${CMAKE_PREFIX_PATH}:/home/ieee/justbaked/justbaked/install/temp_sens:/opt/ros/jazzy DEBUGINFOD_URLS=https://debuginfod.ubuntu.com /usr/bin/cmake --install /home/ieee/justbaked/justbaked/build/temp_sens
[1.833s] Level 1:colcon.colcon_core.environment:create_environment_scripts_only(temp_sens)
[1.834s] Level 1:colcon.colcon_core.environment:checking '/home/ieee/justbaked/justbaked/install/temp_sens' for CMake module files
[1.834s] DEBUG:colcon.colcon_core.event_handler.log_command:Invoked command in '/home/ieee/justbaked/justbaked/build/temp_sens' returned '0': CMAKE_PREFIX_PATH=${CMAKE_PREFIX_PATH}:/home/ieee/justbaked/justbaked/install/temp_sens:/opt/ros/jazzy DEBUGINFOD_URLS=https://debuginfod.ubuntu.com /usr/bin/cmake --install /home/ieee/justbaked/justbaked/build/temp_sens
[1.835s] Level 1:colcon.colcon_core.environment:checking '/home/ieee/justbaked/justbaked/install/temp_sens' for CMake config files
[1.835s] Level 1:colcon.colcon_core.shell:create_environment_hook('temp_sens', 'cmake_prefix_path')
[1.835s] INFO:colcon.colcon_core.shell:Creating environment descriptor '/home/ieee/justbaked/justbaked/install/temp_sens/share/temp_sens/hook/cmake_prefix_path.dsv'
[1.836s] INFO:colcon.colcon_core.shell:Creating environment hook '/home/ieee/justbaked/justbaked/install/temp_sens/share/temp_sens/hook/cmake_prefix_path.sh'
[1.837s] Level 1:colcon.colcon_core.environment:checking '/home/ieee/justbaked/justbaked/install/temp_sens/lib'
[1.837s] Level 1:colcon.colcon_core.environment:checking '/home/ieee/justbaked/justbaked/install/temp_sens/bin'
[1.837s] Level 1:colcon.colcon_core.environment:checking '/home/ieee/justbaked/justbaked/install/temp_sens/lib/pkgconfig/temp_sens.pc'
[1.837s] Level 1:colcon.colcon_core.environment:checking '/home/ieee/justbaked/justbaked/install/temp_sens/lib/python3.12/site-packages'
[1.837s] Level 1:colcon.colcon_core.shell:create_environment_hook('temp_sens', 'pythonpath')
[1.838s] INFO:colcon.colcon_core.shell:Creating environment descriptor '/home/ieee/justbaked/justbaked/install/temp_sens/share/temp_sens/hook/pythonpath.dsv'
[1.838s] INFO:colcon.colcon_core.shell:Creating environment hook '/home/ieee/justbaked/justbaked/install/temp_sens/share/temp_sens/hook/pythonpath.sh'
[1.839s] Level 1:colcon.colcon_core.environment:checking '/home/ieee/justbaked/justbaked/install/temp_sens/bin'
[1.839s] INFO:colcon.colcon_core.shell:Creating package descriptor '/home/ieee/justbaked/justbaked/install/temp_sens/share/temp_sens/package.dsv'
[1.840s] INFO:colcon.colcon_core.shell:Creating package script '/home/ieee/justbaked/justbaked/install/temp_sens/share/temp_sens/package.sh'
[1.840s] INFO:colcon.colcon_core.shell:Creating package script '/home/ieee/justbaked/justbaked/install/temp_sens/share/temp_sens/package.bash'
[1.841s] INFO:colcon.colcon_core.shell:Creating package script '/home/ieee/justbaked/justbaked/install/temp_sens/share/temp_sens/package.zsh'
[1.841s] Level 1:colcon.colcon_core.environment:create_file_with_runtime_dependencies(/home/ieee/justbaked/justbaked/install/temp_sens/share/colcon-core/packages/temp_sens)
[1.842s] Level 1:colcon.colcon_core.environment:create_environment_scripts_only(temp_sens)
[1.842s] Level 1:colcon.colcon_core.environment:checking '/home/ieee/justbaked/justbaked/install/temp_sens' for CMake module files
[1.842s] Level 1:colcon.colcon_core.environment:checking '/home/ieee/justbaked/justbaked/install/temp_sens' for CMake config files
[1.843s] Level 1:colcon.colcon_core.shell:create_environment_hook('temp_sens', 'cmake_prefix_path')
[1.843s] INFO:colcon.colcon_core.shell:Creating environment descriptor '/home/ieee/justbaked/justbaked/install/temp_sens/share/temp_sens/hook/cmake_prefix_path.dsv'
[1.844s] INFO:colcon.colcon_core.shell:Creating environment hook '/home/ieee/justbaked/justbaked/install/temp_sens/share/temp_sens/hook/cmake_prefix_path.sh'
[1.844s] Level 1:colcon.colcon_core.environment:checking '/home/ieee/justbaked/justbaked/install/temp_sens/lib'
[1.844s] Level 1:colcon.colcon_core.environment:checking '/home/ieee/justbaked/justbaked/install/temp_sens/bin'
[1.844s] Level 1:colcon.colcon_core.environment:checking '/home/ieee/justbaked/justbaked/install/temp_sens/lib/pkgconfig/temp_sens.pc'
[1.845s] Level 1:colcon.colcon_core.environment:checking '/home/ieee/justbaked/justbaked/install/temp_sens/lib/python3.12/site-packages'
[1.845s] Level 1:colcon.colcon_core.shell:create_environment_hook('temp_sens', 'pythonpath')
[1.845s] INFO:colcon.colcon_core.shell:Creating environment descriptor '/home/ieee/justbaked/justbaked/install/temp_sens/share/temp_sens/hook/pythonpath.dsv'
[1.846s] INFO:colcon.colcon_core.shell:Creating environment hook '/home/ieee/justbaked/justbaked/install/temp_sens/share/temp_sens/hook/pythonpath.sh'
[1.846s] Level 1:colcon.colcon_core.environment:checking '/home/ieee/justbaked/justbaked/install/temp_sens/bin'
[1.847s] INFO:colcon.colcon_core.shell:Creating package descriptor '/home/ieee/justbaked/justbaked/install/temp_sens/share/temp_sens/package.dsv'
[1.847s] INFO:colcon.colcon_core.shell:Creating package script '/home/ieee/justbaked/justbaked/install/temp_sens/share/temp_sens/package.sh'
[1.848s] INFO:colcon.colcon_core.shell:Creating package script '/home/ieee/justbaked/justbaked/install/temp_sens/share/temp_sens/package.bash'
[1.848s] INFO:colcon.colcon_core.shell:Creating package script '/home/ieee/justbaked/justbaked/install/temp_sens/share/temp_sens/package.zsh'
[1.849s] Level 1:colcon.colcon_core.environment:create_file_with_runtime_dependencies(/home/ieee/justbaked/justbaked/install/temp_sens/share/colcon-core/packages/temp_sens)
[1.849s] DEBUG:colcon.colcon_parallel_executor.executor.parallel:closing loop
[1.849s] DEBUG:colcon.colcon_parallel_executor.executor.parallel:loop closed
[1.849s] DEBUG:colcon.colcon_parallel_executor.executor.parallel:run_until_complete finished with '0'
[1.850s] DEBUG:colcon.colcon_core.event_reactor:joining thread
[1.860s] INFO:colcon.colcon_core.plugin_system:Skipping extension 'colcon_notification.desktop_notification.terminal_notifier': Not used on non-Darwin systems
[1.860s] INFO:colcon.colcon_core.plugin_system:Skipping extension 'colcon_notification.desktop_notification.win32': Not used on non-Windows systems
[1.860s] INFO:colcon.colcon_notification.desktop_notification:Sending desktop notification using 'notify2'
[1.877s] DEBUG:colcon.colcon_core.event_reactor:joined thread
[1.878s] INFO:colcon.colcon_core.shell:Creating prefix script '/home/ieee/justbaked/justbaked/install/local_setup.sh'
[1.878s] INFO:colcon.colcon_core.shell:Creating prefix util module '/home/ieee/justbaked/justbaked/install/_local_setup_util_sh.py'
[1.880s] INFO:colcon.colcon_core.shell:Creating prefix chain script '/home/ieee/justbaked/justbaked/install/setup.sh'
[1.881s] INFO:colcon.colcon_core.shell:Creating prefix script '/home/ieee/justbaked/justbaked/install/local_setup.bash'
[1.882s] INFO:colcon.colcon_core.shell:Creating prefix chain script '/home/ieee/justbaked/justbaked/install/setup.bash'
[1.883s] INFO:colcon.colcon_core.shell:Creating prefix script '/home/ieee/justbaked/justbaked/install/local_setup.zsh'
[1.884s] INFO:colcon.colcon_core.shell:Creating prefix chain script '/home/ieee/justbaked/justbaked/install/setup.zsh'
