-- The C compiler identification is GNU 13.3.0
-- The CXX compiler identification is GNU 13.3.0
-- Detecting C compiler ABI info
-- Detecting C compiler ABI info - done
-- Check for working C compiler: /usr/bin/cc - skipped
-- Detecting C compile features
-- Detecting C compile features - done
-- Detecting CXX compiler ABI info
-- Detecting CXX compiler ABI info - done
-- Check for working CXX compiler: /usr/bin/c++ - skipped
-- Detecting CXX compile features
-- Detecting CXX compile features - done
-- Found ament_cmake: 2.5.3 (/opt/ros/jazzy/share/ament_cmake/cmake)
-- Found Python3: /usr/bin/python3 (found version "3.12.3") found components: Interpreter 
-- Found ament_lint_auto: 0.17.1 (/opt/ros/jazzy/share/ament_lint_auto/cmake)
-- Added test 'lint_cmake' to check CMake code style
-- Added test 'xmllint' to check XML markup files
-- Configuring done (7.4s)
-- Generating done (0.0s)
-- Build files have been written to: /home/jack/ASUIEEE25/justbaked/build/tempsense
-- Install configuration: ""
-- Installing: /home/jack/ASUIEEE25/justbaked/install/tempsense/share/ament_index/resource_index/package_run_dependencies/tempsense
-- Installing: /home/jack/ASUIEEE25/justbaked/install/tempsense/share/ament_index/resource_index/parent_prefix_path/tempsense
-- Installing: /home/jack/ASUIEEE25/justbaked/install/tempsense/share/tempsense/environment/ament_prefix_path.sh
-- Installing: /home/jack/ASUIEEE25/justbaked/install/tempsense/share/tempsense/environment/ament_prefix_path.dsv
-- Installing: /home/jack/ASUIEEE25/justbaked/install/tempsense/share/tempsense/environment/path.sh
-- Installing: /home/jack/ASUIEEE25/justbaked/install/tempsense/share/tempsense/environment/path.dsv
-- Installing: /home/jack/ASUIEEE25/justbaked/install/tempsense/share/tempsense/local_setup.bash
-- Installing: /home/jack/ASUIEEE25/justbaked/install/tempsense/share/tempsense/local_setup.sh
-- Installing: /home/jack/ASUIEEE25/justbaked/install/tempsense/share/tempsense/local_setup.zsh
-- Installing: /home/jack/ASUIEEE25/justbaked/install/tempsense/share/tempsense/local_setup.dsv
-- Installing: /home/jack/ASUIEEE25/justbaked/install/tempsense/share/tempsense/package.dsv
-- Installing: /home/jack/ASUIEEE25/justbaked/install/tempsense/share/ament_index/resource_index/packages/tempsense
-- Installing: /home/jack/ASUIEEE25/justbaked/install/tempsense/share/tempsense/cmake/tempsenseConfig.cmake
-- Installing: /home/jack/ASUIEEE25/justbaked/install/tempsense/share/tempsense/cmake/tempsenseConfig-version.cmake
-- Installing: /home/jack/ASUIEEE25/justbaked/install/tempsense/share/tempsense/package.xml
