[0.080s] Invoking command in '/home/jack/justbaked/justbaked/build/tempsens': CMAKE_PREFIX_PATH=${CMAKE_PREFIX_PATH}:/opt/ros/jazzy DEBUGINFOD_URLS=https://debuginfod.ubuntu.com /usr/bin/cmake --build /home/jack/justbaked/justbaked/build/tempsens -- -j4 -l4
[0.476s] Invoked command in '/home/jack/justbaked/justbaked/build/tempsens' returned '0': CMAKE_PREFIX_PATH=${CMAKE_PREFIX_PATH}:/opt/ros/jazzy DEBUGINFOD_URLS=https://debuginfod.ubuntu.com /usr/bin/cmake --build /home/jack/justbaked/justbaked/build/tempsens -- -j4 -l4
[0.479s] Invoking command in '/home/jack/justbaked/justbaked/build/tempsens': CMAKE_PREFIX_PATH=${CMAKE_PREFIX_PATH}:/opt/ros/jazzy DEBUGINFOD_URLS=https://debuginfod.ubuntu.com /usr/bin/cmake --install /home/jack/justbaked/justbaked/build/tempsens
[0.504s] -- Install configuration: ""
[0.504s] -- Up-to-date: /home/jack/justbaked/justbaked/install/tempsens/share/tempsens/include
[0.504s] -- Up-to-date: /home/jack/justbaked/justbaked/install/tempsens/share/tempsens/include/tempsens
[0.504s] -- Up-to-date: /home/jack/justbaked/justbaked/install/tempsens/share/tempsens/src
[0.505s] -- Up-to-date: /home/jack/justbaked/justbaked/install/tempsens/share/ament_index/resource_index/package_run_dependencies/tempsens
[0.505s] -- Up-to-date: /home/jack/justbaked/justbaked/install/tempsens/share/ament_index/resource_index/parent_prefix_path/tempsens
[0.505s] -- Up-to-date: /home/jack/justbaked/justbaked/install/tempsens/share/tempsens/environment/ament_prefix_path.sh
[0.505s] -- Up-to-date: /home/jack/justbaked/justbaked/install/tempsens/share/tempsens/environment/ament_prefix_path.dsv
[0.505s] -- Up-to-date: /home/jack/justbaked/justbaked/install/tempsens/share/tempsens/environment/path.sh
[0.506s] -- Up-to-date: /home/jack/justbaked/justbaked/install/tempsens/share/tempsens/environment/path.dsv
[0.506s] -- Up-to-date: /home/jack/justbaked/justbaked/install/tempsens/share/tempsens/local_setup.bash
[0.506s] -- Up-to-date: /home/jack/justbaked/justbaked/install/tempsens/share/tempsens/local_setup.sh
[0.506s] -- Up-to-date: /home/jack/justbaked/justbaked/install/tempsens/share/tempsens/local_setup.zsh
[0.506s] -- Up-to-date: /home/jack/justbaked/justbaked/install/tempsens/share/tempsens/local_setup.dsv
[0.506s] -- Installing: /home/jack/justbaked/justbaked/install/tempsens/share/tempsens/package.dsv
[0.524s] -- Up-to-date: /home/jack/justbaked/justbaked/install/tempsens/share/ament_index/resource_index/packages/tempsens
[0.524s] -- Up-to-date: /home/jack/justbaked/justbaked/install/tempsens/share/tempsens/cmake/tempsensConfig.cmake
[0.524s] -- Up-to-date: /home/jack/justbaked/justbaked/install/tempsens/share/tempsens/cmake/tempsensConfig-version.cmake
[0.524s] -- Up-to-date: /home/jack/justbaked/justbaked/install/tempsens/share/tempsens/package.xml
[0.537s] Invoked command in '/home/jack/justbaked/justbaked/build/tempsens' returned '0': CMAKE_PREFIX_PATH=${CMAKE_PREFIX_PATH}:/opt/ros/jazzy DEBUGINFOD_URLS=https://debuginfod.ubuntu.com /usr/bin/cmake --install /home/jack/justbaked/justbaked/build/tempsens
