[5.274s] DEBUG:colcon:Command line arguments: ['/usr/bin/colcon', 'build']
[5.274s] DEBUG:colcon:Parsed command line arguments: Namespace(log_base=None, log_level=None, verb_name='build', build_base='build', install_base='install', merge_install=False, symlink_install=False, test_result_base=None, continue_on_error=False, executor='parallel', parallel_workers=4, event_handlers=None, ignore_user_meta=False, metas=['./colcon.meta'], base_paths=['.'], packages_ignore=None, packages_ignore_regex=None, paths=None, packages_up_to=None, packages_up_to_regex=None, packages_above=None, packages_above_and_dependencies=None, packages_above_depth=None, packages_select_by_dep=None, packages_skip_by_dep=None, packages_skip_up_to=None, packages_select_build_failed=False, packages_skip_build_finished=False, packages_select_test_failures=False, packages_skip_test_passed=False, packages_select=None, packages_skip=None, packages_select_regex=None, packages_skip_regex=None, packages_start=None, packages_end=None, allow_overriding=[], cmake_args=None, cmake_target=None, cmake_target_skip_unavailable=False, cmake_clean_cache=False, cmake_clean_first=False, cmake_force_configure=False, ament_cmake_args=None, catkin_cmake_args=None, catkin_skip_building_tests=False, mixin_files=None, mixin=None, verb_parser=<colcon_mixin.mixin.mixin_argument.MixinArgumentDecorator object at 0x7b70086a41d0>, verb_extension=<colcon_core.verb.build.BuildVerb object at 0x7b7008683ce0>, main=<bound method BuildVerb.main of <colcon_core.verb.build.BuildVerb object at 0x7b7008683ce0>>, mixin_verb=('build',))
[5.760s] Level 1:colcon.colcon_core.package_discovery:discover_packages(colcon_meta) check parameters
[5.761s] Level 1:colcon.colcon_core.package_discovery:discover_packages(recursive) check parameters
[5.761s] Level 1:colcon.colcon_core.package_discovery:discover_packages(ignore) check parameters
[5.761s] Level 1:colcon.colcon_core.package_discovery:discover_packages(path) check parameters
[5.761s] Level 1:colcon.colcon_core.package_discovery:discover_packages(colcon_meta) discover
[5.761s] Level 1:colcon.colcon_core.package_discovery:discover_packages(recursive) discover
[5.761s] INFO:colcon.colcon_core.package_discovery:Crawling recursively for packages in '/home/jack/ASUIEEE25/justbaked'
[5.761s] Level 1:colcon.colcon_core.package_identification:_identify(.) by extensions ['ignore', 'ignore_ament_install']
[5.761s] Level 1:colcon.colcon_core.package_identification:_identify(.) by extension 'ignore'
[5.761s] Level 1:colcon.colcon_core.package_identification:_identify(.) by extension 'ignore_ament_install'
[5.762s] Level 1:colcon.colcon_core.package_identification:_identify(.) by extensions ['colcon_pkg']
[5.762s] Level 1:colcon.colcon_core.package_identification:_identify(.) by extension 'colcon_pkg'
[5.762s] Level 1:colcon.colcon_core.package_identification:_identify(.) by extensions ['colcon_meta']
[5.762s] Level 1:colcon.colcon_core.package_identification:_identify(.) by extension 'colcon_meta'
[5.762s] Level 1:colcon.colcon_core.package_identification:_identify(.) by extensions ['ros']
[5.762s] Level 1:colcon.colcon_core.package_identification:_identify(.) by extension 'ros'
[6.006s] Level 1:colcon.colcon_core.package_identification:_identify(.) by extensions ['cmake', 'python']
[6.007s] Level 1:colcon.colcon_core.package_identification:_identify(.) by extension 'cmake'
[6.007s] Level 1:colcon.colcon_core.package_identification:_identify(.) by extension 'python'
[6.007s] Level 1:colcon.colcon_core.package_identification:_identify(.) by extensions ['python_setup_py']
[6.007s] Level 1:colcon.colcon_core.package_identification:_identify(.) by extension 'python_setup_py'
[6.007s] Level 1:colcon.colcon_core.package_identification:_identify(build) by extensions ['ignore', 'ignore_ament_install']
[6.007s] Level 1:colcon.colcon_core.package_identification:_identify(build) by extension 'ignore'
[6.007s] Level 1:colcon.colcon_core.package_identification:_identify(build) ignored
[6.008s] Level 1:colcon.colcon_core.package_identification:_identify(install) by extensions ['ignore', 'ignore_ament_install']
[6.008s] Level 1:colcon.colcon_core.package_identification:_identify(install) by extension 'ignore'
[6.008s] Level 1:colcon.colcon_core.package_identification:_identify(install) ignored
[6.008s] Level 1:colcon.colcon_core.package_identification:_identify(log) by extensions ['ignore', 'ignore_ament_install']
[6.008s] Level 1:colcon.colcon_core.package_identification:_identify(log) by extension 'ignore'
[6.008s] Level 1:colcon.colcon_core.package_identification:_identify(log) ignored
[6.008s] Level 1:colcon.colcon_core.package_identification:_identify(src) by extensions ['ignore', 'ignore_ament_install']
[6.009s] Level 1:colcon.colcon_core.package_identification:_identify(src) by extension 'ignore'
[6.009s] Level 1:colcon.colcon_core.package_identification:_identify(src) by extension 'ignore_ament_install'
[6.009s] Level 1:colcon.colcon_core.package_identification:_identify(src) by extensions ['colcon_pkg']
[6.009s] Level 1:colcon.colcon_core.package_identification:_identify(src) by extension 'colcon_pkg'
[6.009s] Level 1:colcon.colcon_core.package_identification:_identify(src) by extensions ['colcon_meta']
[6.009s] Level 1:colcon.colcon_core.package_identification:_identify(src) by extension 'colcon_meta'
[6.009s] Level 1:colcon.colcon_core.package_identification:_identify(src) by extensions ['ros']
[6.009s] Level 1:colcon.colcon_core.package_identification:_identify(src) by extension 'ros'
[6.009s] Level 1:colcon.colcon_core.package_identification:_identify(src) by extensions ['cmake', 'python']
[6.009s] Level 1:colcon.colcon_core.package_identification:_identify(src) by extension 'cmake'
[6.010s] Level 1:colcon.colcon_core.package_identification:_identify(src) by extension 'python'
[6.010s] Level 1:colcon.colcon_core.package_identification:_identify(src) by extensions ['python_setup_py']
[6.010s] Level 1:colcon.colcon_core.package_identification:_identify(src) by extension 'python_setup_py'
[6.010s] Level 1:colcon.colcon_core.package_identification:_identify(src/build) by extensions ['ignore', 'ignore_ament_install']
[6.010s] Level 1:colcon.colcon_core.package_identification:_identify(src/build) by extension 'ignore'
[6.010s] Level 1:colcon.colcon_core.package_identification:_identify(src/build) ignored
[6.010s] Level 1:colcon.colcon_core.package_identification:_identify(src/install) by extensions ['ignore', 'ignore_ament_install']
[6.011s] Level 1:colcon.colcon_core.package_identification:_identify(src/install) by extension 'ignore'
[6.011s] Level 1:colcon.colcon_core.package_identification:_identify(src/install) ignored
[6.011s] Level 1:colcon.colcon_core.package_identification:_identify(src/log) by extensions ['ignore', 'ignore_ament_install']
[6.011s] Level 1:colcon.colcon_core.package_identification:_identify(src/log) by extension 'ignore'
[6.011s] Level 1:colcon.colcon_core.package_identification:_identify(src/log) ignored
[6.011s] Level 1:colcon.colcon_core.package_identification:_identify(src/ros_gz) by extensions ['ignore', 'ignore_ament_install']
[6.012s] Level 1:colcon.colcon_core.package_identification:_identify(src/ros_gz) by extension 'ignore'
[6.012s] Level 1:colcon.colcon_core.package_identification:_identify(src/ros_gz) by extension 'ignore_ament_install'
[6.012s] Level 1:colcon.colcon_core.package_identification:_identify(src/ros_gz) by extensions ['colcon_pkg']
[6.012s] Level 1:colcon.colcon_core.package_identification:_identify(src/ros_gz) by extension 'colcon_pkg'
[6.012s] Level 1:colcon.colcon_core.package_identification:_identify(src/ros_gz) by extensions ['colcon_meta']
[6.012s] Level 1:colcon.colcon_core.package_identification:_identify(src/ros_gz) by extension 'colcon_meta'
[6.012s] Level 1:colcon.colcon_core.package_identification:_identify(src/ros_gz) by extensions ['ros']
[6.012s] Level 1:colcon.colcon_core.package_identification:_identify(src/ros_gz) by extension 'ros'
[6.012s] Level 1:colcon.colcon_core.package_identification:_identify(src/ros_gz) by extensions ['cmake', 'python']
[6.012s] Level 1:colcon.colcon_core.package_identification:_identify(src/ros_gz) by extension 'cmake'
[6.013s] Level 1:colcon.colcon_core.package_identification:_identify(src/ros_gz) by extension 'python'
[6.013s] Level 1:colcon.colcon_core.package_identification:_identify(src/ros_gz) by extensions ['python_setup_py']
[6.013s] Level 1:colcon.colcon_core.package_identification:_identify(src/ros_gz) by extension 'python_setup_py'
[6.013s] Level 1:colcon.colcon_core.package_identification:_identify(src/ros_gz/img) by extensions ['ignore', 'ignore_ament_install']
[6.013s] Level 1:colcon.colcon_core.package_identification:_identify(src/ros_gz/img) by extension 'ignore'
[6.013s] Level 1:colcon.colcon_core.package_identification:_identify(src/ros_gz/img) by extension 'ignore_ament_install'
[6.013s] Level 1:colcon.colcon_core.package_identification:_identify(src/ros_gz/img) by extensions ['colcon_pkg']
[6.013s] Level 1:colcon.colcon_core.package_identification:_identify(src/ros_gz/img) by extension 'colcon_pkg'
[6.013s] Level 1:colcon.colcon_core.package_identification:_identify(src/ros_gz/img) by extensions ['colcon_meta']
[6.014s] Level 1:colcon.colcon_core.package_identification:_identify(src/ros_gz/img) by extension 'colcon_meta'
[6.014s] Level 1:colcon.colcon_core.package_identification:_identify(src/ros_gz/img) by extensions ['ros']
[6.014s] Level 1:colcon.colcon_core.package_identification:_identify(src/ros_gz/img) by extension 'ros'
[6.014s] Level 1:colcon.colcon_core.package_identification:_identify(src/ros_gz/img) by extensions ['cmake', 'python']
[6.014s] Level 1:colcon.colcon_core.package_identification:_identify(src/ros_gz/img) by extension 'cmake'
[6.014s] Level 1:colcon.colcon_core.package_identification:_identify(src/ros_gz/img) by extension 'python'
[6.014s] Level 1:colcon.colcon_core.package_identification:_identify(src/ros_gz/img) by extensions ['python_setup_py']
[6.014s] Level 1:colcon.colcon_core.package_identification:_identify(src/ros_gz/img) by extension 'python_setup_py'
[6.014s] Level 1:colcon.colcon_core.package_identification:_identify(src/ros_gz/ros_gz) by extensions ['ignore', 'ignore_ament_install']
[6.015s] Level 1:colcon.colcon_core.package_identification:_identify(src/ros_gz/ros_gz) by extension 'ignore'
[6.015s] Level 1:colcon.colcon_core.package_identification:_identify(src/ros_gz/ros_gz) by extension 'ignore_ament_install'
[6.015s] Level 1:colcon.colcon_core.package_identification:_identify(src/ros_gz/ros_gz) by extensions ['colcon_pkg']
[6.015s] Level 1:colcon.colcon_core.package_identification:_identify(src/ros_gz/ros_gz) by extension 'colcon_pkg'
[6.015s] Level 1:colcon.colcon_core.package_identification:_identify(src/ros_gz/ros_gz) by extensions ['colcon_meta']
[6.015s] Level 1:colcon.colcon_core.package_identification:_identify(src/ros_gz/ros_gz) by extension 'colcon_meta'
[6.015s] Level 1:colcon.colcon_core.package_identification:_identify(src/ros_gz/ros_gz) by extensions ['ros']
[6.015s] Level 1:colcon.colcon_core.package_identification:_identify(src/ros_gz/ros_gz) by extension 'ros'
[6.048s] DEBUG:colcon.colcon_core.package_identification:Package 'src/ros_gz/ros_gz' with type 'ros.ament_cmake' and name 'ros_gz'
[6.048s] Level 1:colcon.colcon_core.package_identification:_identify(src/ros_gz/ros_gz_bridge) by extensions ['ignore', 'ignore_ament_install']
[6.049s] Level 1:colcon.colcon_core.package_identification:_identify(src/ros_gz/ros_gz_bridge) by extension 'ignore'
[6.049s] Level 1:colcon.colcon_core.package_identification:_identify(src/ros_gz/ros_gz_bridge) by extension 'ignore_ament_install'
[6.049s] Level 1:colcon.colcon_core.package_identification:_identify(src/ros_gz/ros_gz_bridge) by extensions ['colcon_pkg']
[6.049s] Level 1:colcon.colcon_core.package_identification:_identify(src/ros_gz/ros_gz_bridge) by extension 'colcon_pkg'
[6.049s] Level 1:colcon.colcon_core.package_identification:_identify(src/ros_gz/ros_gz_bridge) by extensions ['colcon_meta']
[6.049s] Level 1:colcon.colcon_core.package_identification:_identify(src/ros_gz/ros_gz_bridge) by extension 'colcon_meta'
[6.049s] Level 1:colcon.colcon_core.package_identification:_identify(src/ros_gz/ros_gz_bridge) by extensions ['ros']
[6.049s] Level 1:colcon.colcon_core.package_identification:_identify(src/ros_gz/ros_gz_bridge) by extension 'ros'
[6.055s] DEBUG:colcon.colcon_core.package_identification:Package 'src/ros_gz/ros_gz_bridge' with type 'ros.ament_cmake' and name 'ros_gz_bridge'
[6.056s] Level 1:colcon.colcon_core.package_identification:_identify(src/ros_gz/ros_gz_image) by extensions ['ignore', 'ignore_ament_install']
[6.056s] Level 1:colcon.colcon_core.package_identification:_identify(src/ros_gz/ros_gz_image) by extension 'ignore'
[6.056s] Level 1:colcon.colcon_core.package_identification:_identify(src/ros_gz/ros_gz_image) by extension 'ignore_ament_install'
[6.056s] Level 1:colcon.colcon_core.package_identification:_identify(src/ros_gz/ros_gz_image) by extensions ['colcon_pkg']
[6.056s] Level 1:colcon.colcon_core.package_identification:_identify(src/ros_gz/ros_gz_image) by extension 'colcon_pkg'
[6.056s] Level 1:colcon.colcon_core.package_identification:_identify(src/ros_gz/ros_gz_image) by extensions ['colcon_meta']
[6.056s] Level 1:colcon.colcon_core.package_identification:_identify(src/ros_gz/ros_gz_image) by extension 'colcon_meta'
[6.057s] Level 1:colcon.colcon_core.package_identification:_identify(src/ros_gz/ros_gz_image) by extensions ['ros']
[6.057s] Level 1:colcon.colcon_core.package_identification:_identify(src/ros_gz/ros_gz_image) by extension 'ros'
[6.068s] DEBUG:colcon.colcon_core.package_identification:Package 'src/ros_gz/ros_gz_image' with type 'ros.ament_cmake' and name 'ros_gz_image'
[6.068s] Level 1:colcon.colcon_core.package_identification:_identify(src/ros_gz/ros_gz_interfaces) by extensions ['ignore', 'ignore_ament_install']
[6.068s] Level 1:colcon.colcon_core.package_identification:_identify(src/ros_gz/ros_gz_interfaces) by extension 'ignore'
[6.069s] Level 1:colcon.colcon_core.package_identification:_identify(src/ros_gz/ros_gz_interfaces) by extension 'ignore_ament_install'
[6.069s] Level 1:colcon.colcon_core.package_identification:_identify(src/ros_gz/ros_gz_interfaces) by extensions ['colcon_pkg']
[6.069s] Level 1:colcon.colcon_core.package_identification:_identify(src/ros_gz/ros_gz_interfaces) by extension 'colcon_pkg'
[6.069s] Level 1:colcon.colcon_core.package_identification:_identify(src/ros_gz/ros_gz_interfaces) by extensions ['colcon_meta']
[6.069s] Level 1:colcon.colcon_core.package_identification:_identify(src/ros_gz/ros_gz_interfaces) by extension 'colcon_meta'
[6.070s] Level 1:colcon.colcon_core.package_identification:_identify(src/ros_gz/ros_gz_interfaces) by extensions ['ros']
[6.070s] Level 1:colcon.colcon_core.package_identification:_identify(src/ros_gz/ros_gz_interfaces) by extension 'ros'
[6.074s] DEBUG:colcon.colcon_core.package_identification:Package 'src/ros_gz/ros_gz_interfaces' with type 'ros.ament_cmake' and name 'ros_gz_interfaces'
[6.074s] Level 1:colcon.colcon_core.package_identification:_identify(src/ros_gz/ros_gz_point_cloud) by extensions ['ignore', 'ignore_ament_install']
[6.074s] Level 1:colcon.colcon_core.package_identification:_identify(src/ros_gz/ros_gz_point_cloud) by extension 'ignore'
[6.074s] Level 1:colcon.colcon_core.package_identification:_identify(src/ros_gz/ros_gz_point_cloud) ignored
[6.074s] Level 1:colcon.colcon_core.package_identification:_identify(src/ros_gz/ros_gz_sim) by extensions ['ignore', 'ignore_ament_install']
[6.074s] Level 1:colcon.colcon_core.package_identification:_identify(src/ros_gz/ros_gz_sim) by extension 'ignore'
[6.074s] Level 1:colcon.colcon_core.package_identification:_identify(src/ros_gz/ros_gz_sim) by extension 'ignore_ament_install'
[6.075s] Level 1:colcon.colcon_core.package_identification:_identify(src/ros_gz/ros_gz_sim) by extensions ['colcon_pkg']
[6.075s] Level 1:colcon.colcon_core.package_identification:_identify(src/ros_gz/ros_gz_sim) by extension 'colcon_pkg'
[6.075s] Level 1:colcon.colcon_core.package_identification:_identify(src/ros_gz/ros_gz_sim) by extensions ['colcon_meta']
[6.075s] Level 1:colcon.colcon_core.package_identification:_identify(src/ros_gz/ros_gz_sim) by extension 'colcon_meta'
[6.075s] Level 1:colcon.colcon_core.package_identification:_identify(src/ros_gz/ros_gz_sim) by extensions ['ros']
[6.075s] Level 1:colcon.colcon_core.package_identification:_identify(src/ros_gz/ros_gz_sim) by extension 'ros'
[6.081s] DEBUG:colcon.colcon_core.package_identification:Package 'src/ros_gz/ros_gz_sim' with type 'ros.ament_cmake' and name 'ros_gz_sim'
[6.081s] Level 1:colcon.colcon_core.package_identification:_identify(src/ros_gz/ros_gz_sim_demos) by extensions ['ignore', 'ignore_ament_install']
[6.081s] Level 1:colcon.colcon_core.package_identification:_identify(src/ros_gz/ros_gz_sim_demos) by extension 'ignore'
[6.081s] Level 1:colcon.colcon_core.package_identification:_identify(src/ros_gz/ros_gz_sim_demos) by extension 'ignore_ament_install'
[6.081s] Level 1:colcon.colcon_core.package_identification:_identify(src/ros_gz/ros_gz_sim_demos) by extensions ['colcon_pkg']
[6.081s] Level 1:colcon.colcon_core.package_identification:_identify(src/ros_gz/ros_gz_sim_demos) by extension 'colcon_pkg'
[6.081s] Level 1:colcon.colcon_core.package_identification:_identify(src/ros_gz/ros_gz_sim_demos) by extensions ['colcon_meta']
[6.081s] Level 1:colcon.colcon_core.package_identification:_identify(src/ros_gz/ros_gz_sim_demos) by extension 'colcon_meta'
[6.081s] Level 1:colcon.colcon_core.package_identification:_identify(src/ros_gz/ros_gz_sim_demos) by extensions ['ros']
[6.082s] Level 1:colcon.colcon_core.package_identification:_identify(src/ros_gz/ros_gz_sim_demos) by extension 'ros'
[6.101s] DEBUG:colcon.colcon_core.package_identification:Package 'src/ros_gz/ros_gz_sim_demos' with type 'ros.ament_cmake' and name 'ros_gz_sim_demos'
[6.101s] Level 1:colcon.colcon_core.package_identification:_identify(src/ros_gz/test_ros_gz_bridge) by extensions ['ignore', 'ignore_ament_install']
[6.101s] Level 1:colcon.colcon_core.package_identification:_identify(src/ros_gz/test_ros_gz_bridge) by extension 'ignore'
[6.101s] Level 1:colcon.colcon_core.package_identification:_identify(src/ros_gz/test_ros_gz_bridge) by extension 'ignore_ament_install'
[6.101s] Level 1:colcon.colcon_core.package_identification:_identify(src/ros_gz/test_ros_gz_bridge) by extensions ['colcon_pkg']
[6.101s] Level 1:colcon.colcon_core.package_identification:_identify(src/ros_gz/test_ros_gz_bridge) by extension 'colcon_pkg'
[6.102s] Level 1:colcon.colcon_core.package_identification:_identify(src/ros_gz/test_ros_gz_bridge) by extensions ['colcon_meta']
[6.102s] Level 1:colcon.colcon_core.package_identification:_identify(src/ros_gz/test_ros_gz_bridge) by extension 'colcon_meta'
[6.102s] Level 1:colcon.colcon_core.package_identification:_identify(src/ros_gz/test_ros_gz_bridge) by extensions ['ros']
[6.102s] Level 1:colcon.colcon_core.package_identification:_identify(src/ros_gz/test_ros_gz_bridge) by extension 'ros'
[6.104s] DEBUG:colcon.colcon_core.package_identification:Package 'src/ros_gz/test_ros_gz_bridge' with type 'ros.ament_cmake' and name 'test_ros_gz_bridge'
[6.104s] Level 1:colcon.colcon_core.package_identification:_identify(src/tempsens) by extensions ['ignore', 'ignore_ament_install']
[6.104s] Level 1:colcon.colcon_core.package_identification:_identify(src/tempsens) by extension 'ignore'
[6.104s] Level 1:colcon.colcon_core.package_identification:_identify(src/tempsens) by extension 'ignore_ament_install'
[6.104s] Level 1:colcon.colcon_core.package_identification:_identify(src/tempsens) by extensions ['colcon_pkg']
[6.104s] Level 1:colcon.colcon_core.package_identification:_identify(src/tempsens) by extension 'colcon_pkg'
[6.104s] Level 1:colcon.colcon_core.package_identification:_identify(src/tempsens) by extensions ['colcon_meta']
[6.105s] Level 1:colcon.colcon_core.package_identification:_identify(src/tempsens) by extension 'colcon_meta'
[6.105s] Level 1:colcon.colcon_core.package_identification:_identify(src/tempsens) by extensions ['ros']
[6.105s] Level 1:colcon.colcon_core.package_identification:_identify(src/tempsens) by extension 'ros'
[6.130s] DEBUG:colcon.colcon_core.package_identification:Package 'src/tempsens' with type 'ros.ament_cmake' and name 'tempsens'
[6.130s] Level 1:colcon.colcon_core.package_discovery:discover_packages(recursive) using defaults
[6.130s] Level 1:colcon.colcon_core.package_discovery:discover_packages(ignore) discover
[6.130s] Level 1:colcon.colcon_core.package_discovery:discover_packages(ignore) using defaults
[6.131s] Level 1:colcon.colcon_core.package_discovery:discover_packages(path) discover
[6.131s] Level 1:colcon.colcon_core.package_discovery:discover_packages(path) using defaults
[6.284s] Level 1:colcon.colcon_core.package_discovery:discover_packages(prefix_path) check parameters
[6.284s] Level 1:colcon.colcon_core.package_discovery:discover_packages(prefix_path) discover
[6.297s] DEBUG:colcon.colcon_installed_package_information.package_discovery:Found 343 installed packages in /opt/ros/jazzy
[6.300s] Level 1:colcon.colcon_core.package_discovery:discover_packages(prefix_path) using defaults
[6.426s] Level 5:colcon.colcon_core.verb:set package 'ros_gz_interfaces' build argument 'cmake_args' from command line to 'None'
[6.426s] Level 5:colcon.colcon_core.verb:set package 'ros_gz_interfaces' build argument 'cmake_target' from command line to 'None'
[6.426s] Level 5:colcon.colcon_core.verb:set package 'ros_gz_interfaces' build argument 'cmake_target_skip_unavailable' from command line to 'False'
[6.426s] Level 5:colcon.colcon_core.verb:set package 'ros_gz_interfaces' build argument 'cmake_clean_cache' from command line to 'False'
[6.426s] Level 5:colcon.colcon_core.verb:set package 'ros_gz_interfaces' build argument 'cmake_clean_first' from command line to 'False'
[6.426s] Level 5:colcon.colcon_core.verb:set package 'ros_gz_interfaces' build argument 'cmake_force_configure' from command line to 'False'
[6.426s] Level 5:colcon.colcon_core.verb:set package 'ros_gz_interfaces' build argument 'ament_cmake_args' from command line to 'None'
[6.426s] Level 5:colcon.colcon_core.verb:set package 'ros_gz_interfaces' build argument 'catkin_cmake_args' from command line to 'None'
[6.426s] Level 5:colcon.colcon_core.verb:set package 'ros_gz_interfaces' build argument 'catkin_skip_building_tests' from command line to 'False'
[6.426s] DEBUG:colcon.colcon_core.verb:Building package 'ros_gz_interfaces' with the following arguments: {'ament_cmake_args': None, 'build_base': '/home/jack/ASUIEEE25/justbaked/build/ros_gz_interfaces', 'catkin_cmake_args': None, 'catkin_skip_building_tests': False, 'cmake_args': None, 'cmake_clean_cache': False, 'cmake_clean_first': False, 'cmake_force_configure': False, 'cmake_target': None, 'cmake_target_skip_unavailable': False, 'install_base': '/home/jack/ASUIEEE25/justbaked/install/ros_gz_interfaces', 'merge_install': False, 'path': '/home/jack/ASUIEEE25/justbaked/src/ros_gz/ros_gz_interfaces', 'symlink_install': False, 'test_result_base': None}
[6.427s] Level 5:colcon.colcon_core.verb:set package 'ros_gz_sim' build argument 'cmake_args' from command line to 'None'
[6.427s] Level 5:colcon.colcon_core.verb:set package 'ros_gz_sim' build argument 'cmake_target' from command line to 'None'
[6.427s] Level 5:colcon.colcon_core.verb:set package 'ros_gz_sim' build argument 'cmake_target_skip_unavailable' from command line to 'False'
[6.427s] Level 5:colcon.colcon_core.verb:set package 'ros_gz_sim' build argument 'cmake_clean_cache' from command line to 'False'
[6.427s] Level 5:colcon.colcon_core.verb:set package 'ros_gz_sim' build argument 'cmake_clean_first' from command line to 'False'
[6.427s] Level 5:colcon.colcon_core.verb:set package 'ros_gz_sim' build argument 'cmake_force_configure' from command line to 'False'
[6.427s] Level 5:colcon.colcon_core.verb:set package 'ros_gz_sim' build argument 'ament_cmake_args' from command line to 'None'
[6.427s] Level 5:colcon.colcon_core.verb:set package 'ros_gz_sim' build argument 'catkin_cmake_args' from command line to 'None'
[6.427s] Level 5:colcon.colcon_core.verb:set package 'ros_gz_sim' build argument 'catkin_skip_building_tests' from command line to 'False'
[6.427s] DEBUG:colcon.colcon_core.verb:Building package 'ros_gz_sim' with the following arguments: {'ament_cmake_args': None, 'build_base': '/home/jack/ASUIEEE25/justbaked/build/ros_gz_sim', 'catkin_cmake_args': None, 'catkin_skip_building_tests': False, 'cmake_args': None, 'cmake_clean_cache': False, 'cmake_clean_first': False, 'cmake_force_configure': False, 'cmake_target': None, 'cmake_target_skip_unavailable': False, 'install_base': '/home/jack/ASUIEEE25/justbaked/install/ros_gz_sim', 'merge_install': False, 'path': '/home/jack/ASUIEEE25/justbaked/src/ros_gz/ros_gz_sim', 'symlink_install': False, 'test_result_base': None}
[6.428s] Level 5:colcon.colcon_core.verb:set package 'tempsens' build argument 'cmake_args' from command line to 'None'
[6.428s] Level 5:colcon.colcon_core.verb:set package 'tempsens' build argument 'cmake_target' from command line to 'None'
[6.428s] Level 5:colcon.colcon_core.verb:set package 'tempsens' build argument 'cmake_target_skip_unavailable' from command line to 'False'
[6.428s] Level 5:colcon.colcon_core.verb:set package 'tempsens' build argument 'cmake_clean_cache' from command line to 'False'
[6.428s] Level 5:colcon.colcon_core.verb:set package 'tempsens' build argument 'cmake_clean_first' from command line to 'False'
[6.428s] Level 5:colcon.colcon_core.verb:set package 'tempsens' build argument 'cmake_force_configure' from command line to 'False'
[6.428s] Level 5:colcon.colcon_core.verb:set package 'tempsens' build argument 'ament_cmake_args' from command line to 'None'
[6.428s] Level 5:colcon.colcon_core.verb:set package 'tempsens' build argument 'catkin_cmake_args' from command line to 'None'
[6.428s] Level 5:colcon.colcon_core.verb:set package 'tempsens' build argument 'catkin_skip_building_tests' from command line to 'False'
[6.428s] DEBUG:colcon.colcon_core.verb:Building package 'tempsens' with the following arguments: {'ament_cmake_args': None, 'build_base': '/home/jack/ASUIEEE25/justbaked/build/tempsens', 'catkin_cmake_args': None, 'catkin_skip_building_tests': False, 'cmake_args': None, 'cmake_clean_cache': False, 'cmake_clean_first': False, 'cmake_force_configure': False, 'cmake_target': None, 'cmake_target_skip_unavailable': False, 'install_base': '/home/jack/ASUIEEE25/justbaked/install/tempsens', 'merge_install': False, 'path': '/home/jack/ASUIEEE25/justbaked/src/tempsens', 'symlink_install': False, 'test_result_base': None}
[6.429s] Level 5:colcon.colcon_core.verb:set package 'ros_gz_bridge' build argument 'cmake_args' from command line to 'None'
[6.429s] Level 5:colcon.colcon_core.verb:set package 'ros_gz_bridge' build argument 'cmake_target' from command line to 'None'
[6.429s] Level 5:colcon.colcon_core.verb:set package 'ros_gz_bridge' build argument 'cmake_target_skip_unavailable' from command line to 'False'
[6.429s] Level 5:colcon.colcon_core.verb:set package 'ros_gz_bridge' build argument 'cmake_clean_cache' from command line to 'False'
[6.429s] Level 5:colcon.colcon_core.verb:set package 'ros_gz_bridge' build argument 'cmake_clean_first' from command line to 'False'
[6.429s] Level 5:colcon.colcon_core.verb:set package 'ros_gz_bridge' build argument 'cmake_force_configure' from command line to 'False'
[6.429s] Level 5:colcon.colcon_core.verb:set package 'ros_gz_bridge' build argument 'ament_cmake_args' from command line to 'None'
[6.429s] Level 5:colcon.colcon_core.verb:set package 'ros_gz_bridge' build argument 'catkin_cmake_args' from command line to 'None'
[6.429s] Level 5:colcon.colcon_core.verb:set package 'ros_gz_bridge' build argument 'catkin_skip_building_tests' from command line to 'False'
[6.429s] DEBUG:colcon.colcon_core.verb:Building package 'ros_gz_bridge' with the following arguments: {'ament_cmake_args': None, 'build_base': '/home/jack/ASUIEEE25/justbaked/build/ros_gz_bridge', 'catkin_cmake_args': None, 'catkin_skip_building_tests': False, 'cmake_args': None, 'cmake_clean_cache': False, 'cmake_clean_first': False, 'cmake_force_configure': False, 'cmake_target': None, 'cmake_target_skip_unavailable': False, 'install_base': '/home/jack/ASUIEEE25/justbaked/install/ros_gz_bridge', 'merge_install': False, 'path': '/home/jack/ASUIEEE25/justbaked/src/ros_gz/ros_gz_bridge', 'symlink_install': False, 'test_result_base': None}
[6.430s] Level 5:colcon.colcon_core.verb:set package 'ros_gz_image' build argument 'cmake_args' from command line to 'None'
[6.430s] Level 5:colcon.colcon_core.verb:set package 'ros_gz_image' build argument 'cmake_target' from command line to 'None'
[6.430s] Level 5:colcon.colcon_core.verb:set package 'ros_gz_image' build argument 'cmake_target_skip_unavailable' from command line to 'False'
[6.430s] Level 5:colcon.colcon_core.verb:set package 'ros_gz_image' build argument 'cmake_clean_cache' from command line to 'False'
[6.430s] Level 5:colcon.colcon_core.verb:set package 'ros_gz_image' build argument 'cmake_clean_first' from command line to 'False'
[6.430s] Level 5:colcon.colcon_core.verb:set package 'ros_gz_image' build argument 'cmake_force_configure' from command line to 'False'
[6.430s] Level 5:colcon.colcon_core.verb:set package 'ros_gz_image' build argument 'ament_cmake_args' from command line to 'None'
[6.430s] Level 5:colcon.colcon_core.verb:set package 'ros_gz_image' build argument 'catkin_cmake_args' from command line to 'None'
[6.430s] Level 5:colcon.colcon_core.verb:set package 'ros_gz_image' build argument 'catkin_skip_building_tests' from command line to 'False'
[6.430s] DEBUG:colcon.colcon_core.verb:Building package 'ros_gz_image' with the following arguments: {'ament_cmake_args': None, 'build_base': '/home/jack/ASUIEEE25/justbaked/build/ros_gz_image', 'catkin_cmake_args': None, 'catkin_skip_building_tests': False, 'cmake_args': None, 'cmake_clean_cache': False, 'cmake_clean_first': False, 'cmake_force_configure': False, 'cmake_target': None, 'cmake_target_skip_unavailable': False, 'install_base': '/home/jack/ASUIEEE25/justbaked/install/ros_gz_image', 'merge_install': False, 'path': '/home/jack/ASUIEEE25/justbaked/src/ros_gz/ros_gz_image', 'symlink_install': False, 'test_result_base': None}
[6.431s] Level 5:colcon.colcon_core.verb:set package 'test_ros_gz_bridge' build argument 'cmake_args' from command line to 'None'
[6.431s] Level 5:colcon.colcon_core.verb:set package 'test_ros_gz_bridge' build argument 'cmake_target' from command line to 'None'
[6.431s] Level 5:colcon.colcon_core.verb:set package 'test_ros_gz_bridge' build argument 'cmake_target_skip_unavailable' from command line to 'False'
[6.431s] Level 5:colcon.colcon_core.verb:set package 'test_ros_gz_bridge' build argument 'cmake_clean_cache' from command line to 'False'
[6.431s] Level 5:colcon.colcon_core.verb:set package 'test_ros_gz_bridge' build argument 'cmake_clean_first' from command line to 'False'
[6.431s] Level 5:colcon.colcon_core.verb:set package 'test_ros_gz_bridge' build argument 'cmake_force_configure' from command line to 'False'
[6.431s] Level 5:colcon.colcon_core.verb:set package 'test_ros_gz_bridge' build argument 'ament_cmake_args' from command line to 'None'
[6.431s] Level 5:colcon.colcon_core.verb:set package 'test_ros_gz_bridge' build argument 'catkin_cmake_args' from command line to 'None'
[6.431s] Level 5:colcon.colcon_core.verb:set package 'test_ros_gz_bridge' build argument 'catkin_skip_building_tests' from command line to 'False'
[6.431s] DEBUG:colcon.colcon_core.verb:Building package 'test_ros_gz_bridge' with the following arguments: {'ament_cmake_args': None, 'build_base': '/home/jack/ASUIEEE25/justbaked/build/test_ros_gz_bridge', 'catkin_cmake_args': None, 'catkin_skip_building_tests': False, 'cmake_args': None, 'cmake_clean_cache': False, 'cmake_clean_first': False, 'cmake_force_configure': False, 'cmake_target': None, 'cmake_target_skip_unavailable': False, 'install_base': '/home/jack/ASUIEEE25/justbaked/install/test_ros_gz_bridge', 'merge_install': False, 'path': '/home/jack/ASUIEEE25/justbaked/src/ros_gz/test_ros_gz_bridge', 'symlink_install': False, 'test_result_base': None}
[6.431s] Level 5:colcon.colcon_core.verb:set package 'ros_gz_sim_demos' build argument 'cmake_args' from command line to 'None'
[6.431s] Level 5:colcon.colcon_core.verb:set package 'ros_gz_sim_demos' build argument 'cmake_target' from command line to 'None'
[6.432s] Level 5:colcon.colcon_core.verb:set package 'ros_gz_sim_demos' build argument 'cmake_target_skip_unavailable' from command line to 'False'
[6.432s] Level 5:colcon.colcon_core.verb:set package 'ros_gz_sim_demos' build argument 'cmake_clean_cache' from command line to 'False'
[6.432s] Level 5:colcon.colcon_core.verb:set package 'ros_gz_sim_demos' build argument 'cmake_clean_first' from command line to 'False'
[6.432s] Level 5:colcon.colcon_core.verb:set package 'ros_gz_sim_demos' build argument 'cmake_force_configure' from command line to 'False'
[6.432s] Level 5:colcon.colcon_core.verb:set package 'ros_gz_sim_demos' build argument 'ament_cmake_args' from command line to 'None'
[6.432s] Level 5:colcon.colcon_core.verb:set package 'ros_gz_sim_demos' build argument 'catkin_cmake_args' from command line to 'None'
[6.432s] Level 5:colcon.colcon_core.verb:set package 'ros_gz_sim_demos' build argument 'catkin_skip_building_tests' from command line to 'False'
[6.432s] DEBUG:colcon.colcon_core.verb:Building package 'ros_gz_sim_demos' with the following arguments: {'ament_cmake_args': None, 'build_base': '/home/jack/ASUIEEE25/justbaked/build/ros_gz_sim_demos', 'catkin_cmake_args': None, 'catkin_skip_building_tests': False, 'cmake_args': None, 'cmake_clean_cache': False, 'cmake_clean_first': False, 'cmake_force_configure': False, 'cmake_target': None, 'cmake_target_skip_unavailable': False, 'install_base': '/home/jack/ASUIEEE25/justbaked/install/ros_gz_sim_demos', 'merge_install': False, 'path': '/home/jack/ASUIEEE25/justbaked/src/ros_gz/ros_gz_sim_demos', 'symlink_install': False, 'test_result_base': None}
[6.432s] Level 5:colcon.colcon_core.verb:set package 'ros_gz' build argument 'cmake_args' from command line to 'None'
[6.432s] Level 5:colcon.colcon_core.verb:set package 'ros_gz' build argument 'cmake_target' from command line to 'None'
[6.432s] Level 5:colcon.colcon_core.verb:set package 'ros_gz' build argument 'cmake_target_skip_unavailable' from command line to 'False'
[6.432s] Level 5:colcon.colcon_core.verb:set package 'ros_gz' build argument 'cmake_clean_cache' from command line to 'False'
[6.432s] Level 5:colcon.colcon_core.verb:set package 'ros_gz' build argument 'cmake_clean_first' from command line to 'False'
[6.432s] Level 5:colcon.colcon_core.verb:set package 'ros_gz' build argument 'cmake_force_configure' from command line to 'False'
[6.433s] Level 5:colcon.colcon_core.verb:set package 'ros_gz' build argument 'ament_cmake_args' from command line to 'None'
[6.433s] Level 5:colcon.colcon_core.verb:set package 'ros_gz' build argument 'catkin_cmake_args' from command line to 'None'
[6.433s] Level 5:colcon.colcon_core.verb:set package 'ros_gz' build argument 'catkin_skip_building_tests' from command line to 'False'
[6.433s] DEBUG:colcon.colcon_core.verb:Building package 'ros_gz' with the following arguments: {'ament_cmake_args': None, 'build_base': '/home/jack/ASUIEEE25/justbaked/build/ros_gz', 'catkin_cmake_args': None, 'catkin_skip_building_tests': False, 'cmake_args': None, 'cmake_clean_cache': False, 'cmake_clean_first': False, 'cmake_force_configure': False, 'cmake_target': None, 'cmake_target_skip_unavailable': False, 'install_base': '/home/jack/ASUIEEE25/justbaked/install/ros_gz', 'merge_install': False, 'path': '/home/jack/ASUIEEE25/justbaked/src/ros_gz/ros_gz', 'symlink_install': False, 'test_result_base': None}
[6.433s] INFO:colcon.colcon_core.executor:Executing jobs using 'parallel' executor
[6.434s] DEBUG:colcon.colcon_parallel_executor.executor.parallel:run_until_complete
[6.434s] INFO:colcon.colcon_ros.task.ament_cmake.build:Building ROS package in '/home/jack/ASUIEEE25/justbaked/src/ros_gz/ros_gz_interfaces' with build type 'ament_cmake'
[6.435s] INFO:colcon.colcon_cmake.task.cmake.build:Building CMake package in '/home/jack/ASUIEEE25/justbaked/src/ros_gz/ros_gz_interfaces'
[6.450s] INFO:colcon.colcon_core.plugin_system:Skipping extension 'colcon_core.shell.bat': Not used on non-Windows systems
[6.450s] INFO:colcon.colcon_core.shell:Skip shell extension 'powershell' for command environment: Not usable outside of PowerShell
[6.450s] DEBUG:colcon.colcon_core.shell:Skip shell extension 'dsv' for command environment
[6.457s] INFO:colcon.colcon_ros.task.ament_cmake.build:Building ROS package in '/home/jack/ASUIEEE25/justbaked/src/ros_gz/ros_gz_sim' with build type 'ament_cmake'
[6.457s] INFO:colcon.colcon_cmake.task.cmake.build:Building CMake package in '/home/jack/ASUIEEE25/justbaked/src/ros_gz/ros_gz_sim'
[6.457s] INFO:colcon.colcon_core.shell:Skip shell extension 'powershell' for command environment: Not usable outside of PowerShell
[6.457s] DEBUG:colcon.colcon_core.shell:Skip shell extension 'dsv' for command environment
[6.463s] INFO:colcon.colcon_ros.task.ament_cmake.build:Building ROS package in '/home/jack/ASUIEEE25/justbaked/src/tempsens' with build type 'ament_cmake'
[6.463s] INFO:colcon.colcon_cmake.task.cmake.build:Building CMake package in '/home/jack/ASUIEEE25/justbaked/src/tempsens'
[6.464s] INFO:colcon.colcon_core.shell:Skip shell extension 'powershell' for command environment: Not usable outside of PowerShell
[6.464s] DEBUG:colcon.colcon_core.shell:Skip shell extension 'dsv' for command environment
[6.501s] DEBUG:colcon.colcon_core.event_handler.log_command:Invoking command in '/home/jack/ASUIEEE25/justbaked/build/ros_gz_interfaces': CMAKE_PREFIX_PATH=${CMAKE_PREFIX_PATH}:/opt/ros/jazzy DEBUGINFOD_URLS=https://debuginfod.ubuntu.com /usr/bin/cmake --build /home/jack/ASUIEEE25/justbaked/build/ros_gz_interfaces -- -j4 -l4
[7.224s] DEBUG:colcon.colcon_core.event_handler.log_command:Invoking command in '/home/jack/ASUIEEE25/justbaked/build/ros_gz_sim': CMAKE_PREFIX_PATH=${CMAKE_PREFIX_PATH}:/opt/ros/jazzy DEBUGINFOD_URLS=https://debuginfod.ubuntu.com /usr/bin/cmake --build /home/jack/ASUIEEE25/justbaked/build/ros_gz_sim -- -j4 -l4
[7.296s] DEBUG:colcon.colcon_core.event_handler.log_command:Invoking command in '/home/jack/ASUIEEE25/justbaked/build/tempsens': CMAKE_PREFIX_PATH=${CMAKE_PREFIX_PATH}:/opt/ros/jazzy DEBUGINFOD_URLS=https://debuginfod.ubuntu.com /usr/bin/cmake --build /home/jack/ASUIEEE25/justbaked/build/tempsens -- -j4 -l4
[9.379s] DEBUG:colcon.colcon_core.event_handler.log_command:Invoked command in '/home/jack/ASUIEEE25/justbaked/build/tempsens' returned '0': CMAKE_PREFIX_PATH=${CMAKE_PREFIX_PATH}:/opt/ros/jazzy DEBUGINFOD_URLS=https://debuginfod.ubuntu.com /usr/bin/cmake --build /home/jack/ASUIEEE25/justbaked/build/tempsens -- -j4 -l4
[9.447s] DEBUG:colcon.colcon_core.event_handler.log_command:Invoking command in '/home/jack/ASUIEEE25/justbaked/build/tempsens': CMAKE_PREFIX_PATH=${CMAKE_PREFIX_PATH}:/opt/ros/jazzy DEBUGINFOD_URLS=https://debuginfod.ubuntu.com /usr/bin/cmake --install /home/jack/ASUIEEE25/justbaked/build/tempsens
[9.654s] Level 1:colcon.colcon_core.environment:create_environment_scripts_only(tempsens)
[9.655s] DEBUG:colcon.colcon_core.event_handler.log_command:Invoked command in '/home/jack/ASUIEEE25/justbaked/build/tempsens' returned '0': CMAKE_PREFIX_PATH=${CMAKE_PREFIX_PATH}:/opt/ros/jazzy DEBUGINFOD_URLS=https://debuginfod.ubuntu.com /usr/bin/cmake --install /home/jack/ASUIEEE25/justbaked/build/tempsens
[10.113s] Level 1:colcon.colcon_core.environment:checking '/home/jack/ASUIEEE25/justbaked/install/tempsens' for CMake module files
[10.114s] Level 1:colcon.colcon_core.environment:checking '/home/jack/ASUIEEE25/justbaked/install/tempsens' for CMake config files
[10.159s] Level 1:colcon.colcon_core.shell:create_environment_hook('tempsens', 'cmake_prefix_path')
[10.159s] INFO:colcon.colcon_core.shell:Creating environment hook '/home/jack/ASUIEEE25/justbaked/install/tempsens/share/tempsens/hook/cmake_prefix_path.ps1'
[10.179s] INFO:colcon.colcon_core.shell:Creating environment descriptor '/home/jack/ASUIEEE25/justbaked/install/tempsens/share/tempsens/hook/cmake_prefix_path.dsv'
[10.186s] INFO:colcon.colcon_core.shell:Creating environment hook '/home/jack/ASUIEEE25/justbaked/install/tempsens/share/tempsens/hook/cmake_prefix_path.sh'
[10.189s] Level 1:colcon.colcon_core.environment:checking '/home/jack/ASUIEEE25/justbaked/install/tempsens/bin'
[10.190s] Level 1:colcon.colcon_core.environment:checking '/home/jack/ASUIEEE25/justbaked/install/tempsens/lib/pkgconfig/tempsens.pc'
[10.190s] Level 1:colcon.colcon_core.environment:checking '/home/jack/ASUIEEE25/justbaked/install/tempsens/lib/python3.12/site-packages'
[10.191s] Level 1:colcon.colcon_core.environment:checking '/home/jack/ASUIEEE25/justbaked/install/tempsens/bin'
[10.191s] INFO:colcon.colcon_core.shell:Creating package script '/home/jack/ASUIEEE25/justbaked/install/tempsens/share/tempsens/package.ps1'
[10.195s] INFO:colcon.colcon_core.shell:Creating package descriptor '/home/jack/ASUIEEE25/justbaked/install/tempsens/share/tempsens/package.dsv'
[10.380s] INFO:colcon.colcon_core.shell:Creating package script '/home/jack/ASUIEEE25/justbaked/install/tempsens/share/tempsens/package.sh'
[10.449s] INFO:colcon.colcon_core.shell:Creating package script '/home/jack/ASUIEEE25/justbaked/install/tempsens/share/tempsens/package.bash'
[10.497s] INFO:colcon.colcon_core.shell:Creating package script '/home/jack/ASUIEEE25/justbaked/install/tempsens/share/tempsens/package.zsh'
[10.557s] Level 1:colcon.colcon_core.environment:create_file_with_runtime_dependencies(/home/jack/ASUIEEE25/justbaked/install/tempsens/share/colcon-core/packages/tempsens)
[10.558s] Level 1:colcon.colcon_core.environment:create_environment_scripts_only(tempsens)
[10.558s] Level 1:colcon.colcon_core.environment:checking '/home/jack/ASUIEEE25/justbaked/install/tempsens' for CMake module files
[10.559s] Level 1:colcon.colcon_core.environment:checking '/home/jack/ASUIEEE25/justbaked/install/tempsens' for CMake config files
[10.559s] Level 1:colcon.colcon_core.shell:create_environment_hook('tempsens', 'cmake_prefix_path')
[10.560s] INFO:colcon.colcon_core.shell:Creating environment hook '/home/jack/ASUIEEE25/justbaked/install/tempsens/share/tempsens/hook/cmake_prefix_path.ps1'
[10.560s] INFO:colcon.colcon_core.shell:Creating environment descriptor '/home/jack/ASUIEEE25/justbaked/install/tempsens/share/tempsens/hook/cmake_prefix_path.dsv'
[10.561s] INFO:colcon.colcon_core.shell:Creating environment hook '/home/jack/ASUIEEE25/justbaked/install/tempsens/share/tempsens/hook/cmake_prefix_path.sh'
[10.562s] Level 1:colcon.colcon_core.environment:checking '/home/jack/ASUIEEE25/justbaked/install/tempsens/bin'
[10.562s] Level 1:colcon.colcon_core.environment:checking '/home/jack/ASUIEEE25/justbaked/install/tempsens/lib/pkgconfig/tempsens.pc'
[10.562s] Level 1:colcon.colcon_core.environment:checking '/home/jack/ASUIEEE25/justbaked/install/tempsens/lib/python3.12/site-packages'
[10.563s] Level 1:colcon.colcon_core.environment:checking '/home/jack/ASUIEEE25/justbaked/install/tempsens/bin'
[10.563s] INFO:colcon.colcon_core.shell:Creating package script '/home/jack/ASUIEEE25/justbaked/install/tempsens/share/tempsens/package.ps1'
[10.564s] INFO:colcon.colcon_core.shell:Creating package descriptor '/home/jack/ASUIEEE25/justbaked/install/tempsens/share/tempsens/package.dsv'
[10.564s] INFO:colcon.colcon_core.shell:Creating package script '/home/jack/ASUIEEE25/justbaked/install/tempsens/share/tempsens/package.sh'
[10.565s] INFO:colcon.colcon_core.shell:Creating package script '/home/jack/ASUIEEE25/justbaked/install/tempsens/share/tempsens/package.bash'
[10.566s] INFO:colcon.colcon_core.shell:Creating package script '/home/jack/ASUIEEE25/justbaked/install/tempsens/share/tempsens/package.zsh'
[10.568s] Level 1:colcon.colcon_core.environment:create_file_with_runtime_dependencies(/home/jack/ASUIEEE25/justbaked/install/tempsens/share/colcon-core/packages/tempsens)
[13.848s] DEBUG:colcon.colcon_core.event_handler.log_command:Invoked command in '/home/jack/ASUIEEE25/justbaked/build/ros_gz_sim' returned '0': CMAKE_PREFIX_PATH=${CMAKE_PREFIX_PATH}:/opt/ros/jazzy DEBUGINFOD_URLS=https://debuginfod.ubuntu.com /usr/bin/cmake --build /home/jack/ASUIEEE25/justbaked/build/ros_gz_sim -- -j4 -l4
[13.951s] DEBUG:colcon.colcon_core.event_handler.log_command:Invoking command in '/home/jack/ASUIEEE25/justbaked/build/ros_gz_sim': CMAKE_PREFIX_PATH=${CMAKE_PREFIX_PATH}:/opt/ros/jazzy DEBUGINFOD_URLS=https://debuginfod.ubuntu.com /usr/bin/cmake --install /home/jack/ASUIEEE25/justbaked/build/ros_gz_sim
[14.032s] DEBUG:colcon.colcon_core.event_handler.log_command:Invoked command in '/home/jack/ASUIEEE25/justbaked/build/ros_gz_interfaces' returned '0': CMAKE_PREFIX_PATH=${CMAKE_PREFIX_PATH}:/opt/ros/jazzy DEBUGINFOD_URLS=https://debuginfod.ubuntu.com /usr/bin/cmake --build /home/jack/ASUIEEE25/justbaked/build/ros_gz_interfaces -- -j4 -l4
[14.135s] DEBUG:colcon.colcon_core.event_handler.log_command:Invoking command in '/home/jack/ASUIEEE25/justbaked/build/ros_gz_interfaces': CMAKE_PREFIX_PATH=${CMAKE_PREFIX_PATH}:/opt/ros/jazzy DEBUGINFOD_URLS=https://debuginfod.ubuntu.com /usr/bin/cmake --install /home/jack/ASUIEEE25/justbaked/build/ros_gz_interfaces
[14.731s] Level 1:colcon.colcon_core.environment:create_environment_scripts_only(ros_gz_sim)
[14.732s] Level 1:colcon.colcon_core.environment:checking '/home/jack/ASUIEEE25/justbaked/install/ros_gz_sim' for CMake module files
[14.752s] DEBUG:colcon.colcon_core.event_handler.log_command:Invoked command in '/home/jack/ASUIEEE25/justbaked/build/ros_gz_sim' returned '0': CMAKE_PREFIX_PATH=${CMAKE_PREFIX_PATH}:/opt/ros/jazzy DEBUGINFOD_URLS=https://debuginfod.ubuntu.com /usr/bin/cmake --install /home/jack/ASUIEEE25/justbaked/build/ros_gz_sim
[14.755s] Level 1:colcon.colcon_core.environment:checking '/home/jack/ASUIEEE25/justbaked/install/ros_gz_sim' for CMake config files
[14.795s] Level 1:colcon.colcon_core.shell:create_environment_hook('ros_gz_sim', 'cmake_prefix_path')
[14.795s] INFO:colcon.colcon_core.shell:Creating environment hook '/home/jack/ASUIEEE25/justbaked/install/ros_gz_sim/share/ros_gz_sim/hook/cmake_prefix_path.ps1'
[14.797s] INFO:colcon.colcon_core.shell:Creating environment descriptor '/home/jack/ASUIEEE25/justbaked/install/ros_gz_sim/share/ros_gz_sim/hook/cmake_prefix_path.dsv'
[14.799s] INFO:colcon.colcon_core.shell:Creating environment hook '/home/jack/ASUIEEE25/justbaked/install/ros_gz_sim/share/ros_gz_sim/hook/cmake_prefix_path.sh'
[14.800s] Level 1:colcon.colcon_core.environment:checking '/home/jack/ASUIEEE25/justbaked/install/ros_gz_sim/lib'
[14.801s] Level 1:colcon.colcon_core.shell:create_environment_hook('ros_gz_sim', 'ld_library_path_lib')
[14.801s] INFO:colcon.colcon_core.shell:Creating environment hook '/home/jack/ASUIEEE25/justbaked/install/ros_gz_sim/share/ros_gz_sim/hook/ld_library_path_lib.ps1'
[14.803s] INFO:colcon.colcon_core.shell:Creating environment descriptor '/home/jack/ASUIEEE25/justbaked/install/ros_gz_sim/share/ros_gz_sim/hook/ld_library_path_lib.dsv'
[14.804s] INFO:colcon.colcon_core.shell:Creating environment hook '/home/jack/ASUIEEE25/justbaked/install/ros_gz_sim/share/ros_gz_sim/hook/ld_library_path_lib.sh'
[14.805s] Level 1:colcon.colcon_core.environment:checking '/home/jack/ASUIEEE25/justbaked/install/ros_gz_sim/bin'
[14.805s] Level 1:colcon.colcon_core.environment:checking '/home/jack/ASUIEEE25/justbaked/install/ros_gz_sim/lib/pkgconfig/ros_gz_sim.pc'
[14.807s] Level 1:colcon.colcon_core.environment:checking '/home/jack/ASUIEEE25/justbaked/install/ros_gz_sim/lib/python3.12/site-packages'
[14.807s] Level 1:colcon.colcon_core.shell:create_environment_hook('ros_gz_sim', 'pythonpath')
[14.807s] INFO:colcon.colcon_core.shell:Creating environment hook '/home/jack/ASUIEEE25/justbaked/install/ros_gz_sim/share/ros_gz_sim/hook/pythonpath.ps1'
[14.808s] INFO:colcon.colcon_core.shell:Creating environment descriptor '/home/jack/ASUIEEE25/justbaked/install/ros_gz_sim/share/ros_gz_sim/hook/pythonpath.dsv'
[14.809s] INFO:colcon.colcon_core.shell:Creating environment hook '/home/jack/ASUIEEE25/justbaked/install/ros_gz_sim/share/ros_gz_sim/hook/pythonpath.sh'
[14.811s] Level 1:colcon.colcon_core.environment:checking '/home/jack/ASUIEEE25/justbaked/install/ros_gz_sim/bin'
[14.812s] INFO:colcon.colcon_core.shell:Creating package script '/home/jack/ASUIEEE25/justbaked/install/ros_gz_sim/share/ros_gz_sim/package.ps1'
[14.813s] INFO:colcon.colcon_core.shell:Creating package descriptor '/home/jack/ASUIEEE25/justbaked/install/ros_gz_sim/share/ros_gz_sim/package.dsv'
[14.815s] INFO:colcon.colcon_core.shell:Creating package script '/home/jack/ASUIEEE25/justbaked/install/ros_gz_sim/share/ros_gz_sim/package.sh'
[14.817s] INFO:colcon.colcon_core.shell:Creating package script '/home/jack/ASUIEEE25/justbaked/install/ros_gz_sim/share/ros_gz_sim/package.bash'
[14.818s] INFO:colcon.colcon_core.shell:Creating package script '/home/jack/ASUIEEE25/justbaked/install/ros_gz_sim/share/ros_gz_sim/package.zsh'
[14.821s] Level 1:colcon.colcon_core.environment:create_file_with_runtime_dependencies(/home/jack/ASUIEEE25/justbaked/install/ros_gz_sim/share/colcon-core/packages/ros_gz_sim)
[14.822s] Level 1:colcon.colcon_core.environment:create_environment_scripts_only(ros_gz_sim)
[14.823s] Level 1:colcon.colcon_core.environment:checking '/home/jack/ASUIEEE25/justbaked/install/ros_gz_sim' for CMake module files
[14.824s] Level 1:colcon.colcon_core.environment:checking '/home/jack/ASUIEEE25/justbaked/install/ros_gz_sim' for CMake config files
[14.825s] Level 1:colcon.colcon_core.shell:create_environment_hook('ros_gz_sim', 'cmake_prefix_path')
[14.825s] INFO:colcon.colcon_core.shell:Creating environment hook '/home/jack/ASUIEEE25/justbaked/install/ros_gz_sim/share/ros_gz_sim/hook/cmake_prefix_path.ps1'
[14.826s] INFO:colcon.colcon_core.shell:Creating environment descriptor '/home/jack/ASUIEEE25/justbaked/install/ros_gz_sim/share/ros_gz_sim/hook/cmake_prefix_path.dsv'
[14.827s] INFO:colcon.colcon_core.shell:Creating environment hook '/home/jack/ASUIEEE25/justbaked/install/ros_gz_sim/share/ros_gz_sim/hook/cmake_prefix_path.sh'
[14.830s] Level 1:colcon.colcon_core.environment:checking '/home/jack/ASUIEEE25/justbaked/install/ros_gz_sim/lib'
[14.830s] Level 1:colcon.colcon_core.shell:create_environment_hook('ros_gz_sim', 'ld_library_path_lib')
[14.830s] INFO:colcon.colcon_core.shell:Creating environment hook '/home/jack/ASUIEEE25/justbaked/install/ros_gz_sim/share/ros_gz_sim/hook/ld_library_path_lib.ps1'
[14.831s] INFO:colcon.colcon_core.shell:Creating environment descriptor '/home/jack/ASUIEEE25/justbaked/install/ros_gz_sim/share/ros_gz_sim/hook/ld_library_path_lib.dsv'
[14.833s] INFO:colcon.colcon_core.shell:Creating environment hook '/home/jack/ASUIEEE25/justbaked/install/ros_gz_sim/share/ros_gz_sim/hook/ld_library_path_lib.sh'
[14.836s] Level 1:colcon.colcon_core.environment:checking '/home/jack/ASUIEEE25/justbaked/install/ros_gz_sim/bin'
[14.836s] Level 1:colcon.colcon_core.environment:checking '/home/jack/ASUIEEE25/justbaked/install/ros_gz_sim/lib/pkgconfig/ros_gz_sim.pc'
[14.837s] Level 1:colcon.colcon_core.environment:checking '/home/jack/ASUIEEE25/justbaked/install/ros_gz_sim/lib/python3.12/site-packages'
[14.838s] Level 1:colcon.colcon_core.shell:create_environment_hook('ros_gz_sim', 'pythonpath')
[14.839s] INFO:colcon.colcon_core.shell:Creating environment hook '/home/jack/ASUIEEE25/justbaked/install/ros_gz_sim/share/ros_gz_sim/hook/pythonpath.ps1'
[14.839s] INFO:colcon.colcon_core.shell:Creating environment descriptor '/home/jack/ASUIEEE25/justbaked/install/ros_gz_sim/share/ros_gz_sim/hook/pythonpath.dsv'
[14.842s] INFO:colcon.colcon_core.shell:Creating environment hook '/home/jack/ASUIEEE25/justbaked/install/ros_gz_sim/share/ros_gz_sim/hook/pythonpath.sh'
[14.844s] Level 1:colcon.colcon_core.environment:checking '/home/jack/ASUIEEE25/justbaked/install/ros_gz_sim/bin'
[14.846s] INFO:colcon.colcon_core.shell:Creating package script '/home/jack/ASUIEEE25/justbaked/install/ros_gz_sim/share/ros_gz_sim/package.ps1'
[14.848s] INFO:colcon.colcon_core.shell:Creating package descriptor '/home/jack/ASUIEEE25/justbaked/install/ros_gz_sim/share/ros_gz_sim/package.dsv'
[14.855s] INFO:colcon.colcon_core.shell:Creating package script '/home/jack/ASUIEEE25/justbaked/install/ros_gz_sim/share/ros_gz_sim/package.sh'
[14.859s] INFO:colcon.colcon_core.shell:Creating package script '/home/jack/ASUIEEE25/justbaked/install/ros_gz_sim/share/ros_gz_sim/package.bash'
[14.861s] INFO:colcon.colcon_core.shell:Creating package script '/home/jack/ASUIEEE25/justbaked/install/ros_gz_sim/share/ros_gz_sim/package.zsh'
[14.862s] Level 1:colcon.colcon_core.environment:create_file_with_runtime_dependencies(/home/jack/ASUIEEE25/justbaked/install/ros_gz_sim/share/colcon-core/packages/ros_gz_sim)
[15.526s] Level 1:colcon.colcon_core.environment:create_environment_scripts_only(ros_gz_interfaces)
[15.526s] Level 1:colcon.colcon_core.environment:checking '/home/jack/ASUIEEE25/justbaked/install/ros_gz_interfaces' for CMake module files
[15.528s] DEBUG:colcon.colcon_core.event_handler.log_command:Invoked command in '/home/jack/ASUIEEE25/justbaked/build/ros_gz_interfaces' returned '0': CMAKE_PREFIX_PATH=${CMAKE_PREFIX_PATH}:/opt/ros/jazzy DEBUGINFOD_URLS=https://debuginfod.ubuntu.com /usr/bin/cmake --install /home/jack/ASUIEEE25/justbaked/build/ros_gz_interfaces
[15.529s] Level 1:colcon.colcon_core.environment:checking '/home/jack/ASUIEEE25/justbaked/install/ros_gz_interfaces' for CMake config files
[15.532s] Level 1:colcon.colcon_core.shell:create_environment_hook('ros_gz_interfaces', 'cmake_prefix_path')
[15.532s] INFO:colcon.colcon_core.shell:Creating environment hook '/home/jack/ASUIEEE25/justbaked/install/ros_gz_interfaces/share/ros_gz_interfaces/hook/cmake_prefix_path.ps1'
[15.533s] INFO:colcon.colcon_core.shell:Creating environment descriptor '/home/jack/ASUIEEE25/justbaked/install/ros_gz_interfaces/share/ros_gz_interfaces/hook/cmake_prefix_path.dsv'
[15.534s] INFO:colcon.colcon_core.shell:Creating environment hook '/home/jack/ASUIEEE25/justbaked/install/ros_gz_interfaces/share/ros_gz_interfaces/hook/cmake_prefix_path.sh'
[15.535s] Level 1:colcon.colcon_core.environment:checking '/home/jack/ASUIEEE25/justbaked/install/ros_gz_interfaces/lib'
[15.535s] Level 1:colcon.colcon_core.shell:create_environment_hook('ros_gz_interfaces', 'ld_library_path_lib')
[15.535s] INFO:colcon.colcon_core.shell:Creating environment hook '/home/jack/ASUIEEE25/justbaked/install/ros_gz_interfaces/share/ros_gz_interfaces/hook/ld_library_path_lib.ps1'
[15.536s] INFO:colcon.colcon_core.shell:Creating environment descriptor '/home/jack/ASUIEEE25/justbaked/install/ros_gz_interfaces/share/ros_gz_interfaces/hook/ld_library_path_lib.dsv'
[15.537s] INFO:colcon.colcon_core.shell:Creating environment hook '/home/jack/ASUIEEE25/justbaked/install/ros_gz_interfaces/share/ros_gz_interfaces/hook/ld_library_path_lib.sh'
[15.538s] Level 1:colcon.colcon_core.environment:checking '/home/jack/ASUIEEE25/justbaked/install/ros_gz_interfaces/bin'
[15.538s] Level 1:colcon.colcon_core.environment:checking '/home/jack/ASUIEEE25/justbaked/install/ros_gz_interfaces/lib/pkgconfig/ros_gz_interfaces.pc'
[15.539s] Level 1:colcon.colcon_core.environment:checking '/home/jack/ASUIEEE25/justbaked/install/ros_gz_interfaces/lib/python3.12/site-packages'
[15.539s] Level 1:colcon.colcon_core.shell:create_environment_hook('ros_gz_interfaces', 'pythonpath')
[15.539s] INFO:colcon.colcon_core.shell:Creating environment hook '/home/jack/ASUIEEE25/justbaked/install/ros_gz_interfaces/share/ros_gz_interfaces/hook/pythonpath.ps1'
[15.540s] INFO:colcon.colcon_core.shell:Creating environment descriptor '/home/jack/ASUIEEE25/justbaked/install/ros_gz_interfaces/share/ros_gz_interfaces/hook/pythonpath.dsv'
[15.541s] INFO:colcon.colcon_core.shell:Creating environment hook '/home/jack/ASUIEEE25/justbaked/install/ros_gz_interfaces/share/ros_gz_interfaces/hook/pythonpath.sh'
[15.542s] Level 1:colcon.colcon_core.environment:checking '/home/jack/ASUIEEE25/justbaked/install/ros_gz_interfaces/bin'
[15.543s] INFO:colcon.colcon_core.shell:Creating package script '/home/jack/ASUIEEE25/justbaked/install/ros_gz_interfaces/share/ros_gz_interfaces/package.ps1'
[15.544s] INFO:colcon.colcon_core.shell:Creating package descriptor '/home/jack/ASUIEEE25/justbaked/install/ros_gz_interfaces/share/ros_gz_interfaces/package.dsv'
[15.545s] INFO:colcon.colcon_core.shell:Creating package script '/home/jack/ASUIEEE25/justbaked/install/ros_gz_interfaces/share/ros_gz_interfaces/package.sh'
[15.546s] INFO:colcon.colcon_core.shell:Creating package script '/home/jack/ASUIEEE25/justbaked/install/ros_gz_interfaces/share/ros_gz_interfaces/package.bash'
[15.547s] INFO:colcon.colcon_core.shell:Creating package script '/home/jack/ASUIEEE25/justbaked/install/ros_gz_interfaces/share/ros_gz_interfaces/package.zsh'
[15.548s] Level 1:colcon.colcon_core.environment:create_file_with_runtime_dependencies(/home/jack/ASUIEEE25/justbaked/install/ros_gz_interfaces/share/colcon-core/packages/ros_gz_interfaces)
[15.549s] Level 1:colcon.colcon_core.environment:create_environment_scripts_only(ros_gz_interfaces)
[15.549s] Level 1:colcon.colcon_core.environment:checking '/home/jack/ASUIEEE25/justbaked/install/ros_gz_interfaces' for CMake module files
[15.551s] Level 1:colcon.colcon_core.environment:checking '/home/jack/ASUIEEE25/justbaked/install/ros_gz_interfaces' for CMake config files
[15.552s] Level 1:colcon.colcon_core.shell:create_environment_hook('ros_gz_interfaces', 'cmake_prefix_path')
[15.552s] INFO:colcon.colcon_core.shell:Creating environment hook '/home/jack/ASUIEEE25/justbaked/install/ros_gz_interfaces/share/ros_gz_interfaces/hook/cmake_prefix_path.ps1'
[15.553s] INFO:colcon.colcon_core.shell:Creating environment descriptor '/home/jack/ASUIEEE25/justbaked/install/ros_gz_interfaces/share/ros_gz_interfaces/hook/cmake_prefix_path.dsv'
[15.554s] INFO:colcon.colcon_core.shell:Creating environment hook '/home/jack/ASUIEEE25/justbaked/install/ros_gz_interfaces/share/ros_gz_interfaces/hook/cmake_prefix_path.sh'
[15.555s] Level 1:colcon.colcon_core.environment:checking '/home/jack/ASUIEEE25/justbaked/install/ros_gz_interfaces/lib'
[15.555s] Level 1:colcon.colcon_core.shell:create_environment_hook('ros_gz_interfaces', 'ld_library_path_lib')
[15.555s] INFO:colcon.colcon_core.shell:Creating environment hook '/home/jack/ASUIEEE25/justbaked/install/ros_gz_interfaces/share/ros_gz_interfaces/hook/ld_library_path_lib.ps1'
[15.556s] INFO:colcon.colcon_core.shell:Creating environment descriptor '/home/jack/ASUIEEE25/justbaked/install/ros_gz_interfaces/share/ros_gz_interfaces/hook/ld_library_path_lib.dsv'
[15.557s] INFO:colcon.colcon_core.shell:Creating environment hook '/home/jack/ASUIEEE25/justbaked/install/ros_gz_interfaces/share/ros_gz_interfaces/hook/ld_library_path_lib.sh'
[15.558s] Level 1:colcon.colcon_core.environment:checking '/home/jack/ASUIEEE25/justbaked/install/ros_gz_interfaces/bin'
[15.558s] Level 1:colcon.colcon_core.environment:checking '/home/jack/ASUIEEE25/justbaked/install/ros_gz_interfaces/lib/pkgconfig/ros_gz_interfaces.pc'
[15.559s] Level 1:colcon.colcon_core.environment:checking '/home/jack/ASUIEEE25/justbaked/install/ros_gz_interfaces/lib/python3.12/site-packages'
[15.559s] Level 1:colcon.colcon_core.shell:create_environment_hook('ros_gz_interfaces', 'pythonpath')
[15.559s] INFO:colcon.colcon_core.shell:Creating environment hook '/home/jack/ASUIEEE25/justbaked/install/ros_gz_interfaces/share/ros_gz_interfaces/hook/pythonpath.ps1'
[15.560s] INFO:colcon.colcon_core.shell:Creating environment descriptor '/home/jack/ASUIEEE25/justbaked/install/ros_gz_interfaces/share/ros_gz_interfaces/hook/pythonpath.dsv'
[15.561s] INFO:colcon.colcon_core.shell:Creating environment hook '/home/jack/ASUIEEE25/justbaked/install/ros_gz_interfaces/share/ros_gz_interfaces/hook/pythonpath.sh'
[15.562s] Level 1:colcon.colcon_core.environment:checking '/home/jack/ASUIEEE25/justbaked/install/ros_gz_interfaces/bin'
[15.562s] INFO:colcon.colcon_core.shell:Creating package script '/home/jack/ASUIEEE25/justbaked/install/ros_gz_interfaces/share/ros_gz_interfaces/package.ps1'
[15.564s] INFO:colcon.colcon_core.shell:Creating package descriptor '/home/jack/ASUIEEE25/justbaked/install/ros_gz_interfaces/share/ros_gz_interfaces/package.dsv'
[15.565s] INFO:colcon.colcon_core.shell:Creating package script '/home/jack/ASUIEEE25/justbaked/install/ros_gz_interfaces/share/ros_gz_interfaces/package.sh'
[15.566s] INFO:colcon.colcon_core.shell:Creating package script '/home/jack/ASUIEEE25/justbaked/install/ros_gz_interfaces/share/ros_gz_interfaces/package.bash'
[15.567s] INFO:colcon.colcon_core.shell:Creating package script '/home/jack/ASUIEEE25/justbaked/install/ros_gz_interfaces/share/ros_gz_interfaces/package.zsh'
[15.567s] Level 1:colcon.colcon_core.environment:create_file_with_runtime_dependencies(/home/jack/ASUIEEE25/justbaked/install/ros_gz_interfaces/share/colcon-core/packages/ros_gz_interfaces)
[15.568s] INFO:colcon.colcon_ros.task.ament_cmake.build:Building ROS package in '/home/jack/ASUIEEE25/justbaked/src/ros_gz/ros_gz_bridge' with build type 'ament_cmake'
[15.568s] INFO:colcon.colcon_cmake.task.cmake.build:Building CMake package in '/home/jack/ASUIEEE25/justbaked/src/ros_gz/ros_gz_bridge'
[15.568s] INFO:colcon.colcon_core.shell:Skip shell extension 'powershell' for command environment: Not usable outside of PowerShell
[15.568s] DEBUG:colcon.colcon_core.shell:Skip shell extension 'dsv' for command environment
[15.646s] DEBUG:colcon.colcon_core.event_handler.log_command:Invoking command in '/home/jack/ASUIEEE25/justbaked/build/ros_gz_bridge': AMENT_PREFIX_PATH=/home/jack/ASUIEEE25/justbaked/install/ros_gz_interfaces:${AMENT_PREFIX_PATH} CMAKE_PREFIX_PATH=/home/jack/ASUIEEE25/justbaked/install/ros_gz_interfaces:/opt/ros/jazzy/opt/gz_sim_vendor:/opt/ros/jazzy/opt/gz_sensors_vendor:/opt/ros/jazzy/opt/gz_physics_vendor:/opt/ros/jazzy/opt/sdformat_vendor:/opt/ros/jazzy/opt/gz_gui_vendor:/opt/ros/jazzy/opt/gz_transport_vendor:/opt/ros/jazzy/opt/gz_rendering_vendor:/opt/ros/jazzy/opt/gz_plugin_vendor:/opt/ros/jazzy/opt/gz_fuel_tools_vendor:/opt/ros/jazzy/opt/gz_msgs_vendor:/opt/ros/jazzy/opt/gz_common_vendor:/opt/ros/jazzy/opt/gz_math_vendor:/opt/ros/jazzy/opt/gz_utils_vendor:/opt/ros/jazzy/opt/gz_tools_vendor:/opt/ros/jazzy/opt/gz_ogre_next_vendor:/opt/ros/jazzy/opt/gz_dartsim_vendor:/opt/ros/jazzy/opt/gz_cmake_vendor:/opt/ros/jazzy DEBUGINFOD_URLS=https://debuginfod.ubuntu.com LD_LIBRARY_PATH=/home/jack/ASUIEEE25/justbaked/install/ros_gz_interfaces/lib:${LD_LIBRARY_PATH} PYTHONPATH=/home/jack/ASUIEEE25/justbaked/install/ros_gz_interfaces/lib/python3.12/site-packages:${PYTHONPATH} /usr/bin/cmake --build /home/jack/ASUIEEE25/justbaked/build/ros_gz_bridge -- -j4 -l4
