[0.767s] Invoking command in '/home/jack/ASUIEEE25/justbaked/build/ros_gz_sim': CMAKE_PREFIX_PATH=${CMAKE_PREFIX_PATH}:/opt/ros/jazzy DEBUGINFOD_URLS=https://debuginfod.ubuntu.com /usr/bin/cmake --build /home/jack/ASUIEEE25/justbaked/build/ros_gz_sim -- -j4 -l4
[4.880s] [  0%] Built target ament_cmake_python_copy_ros_gz_sim_setup
[5.176s] [  0%] Built target ament_cmake_python_copy_ros_gz_sim
[6.001s] [ 10%] Built target ros_gz_sim
[6.305s] [ 20%] Built target gzserver
[6.328s] [ 40%] Built target remove
[6.328s] [ 40%] Built target create
[6.466s] [ 50%] Built target gzserver_component
[6.749s] [ 60%] Built target gtest_main
[6.756s] [ 70%] Built target gtest
[6.963s] [ 80%] Built target test_create
[6.976s] [ 90%] Built target test_stopwatch
[6.983s] [100%] Built target test_remove
[7.126s] running egg_info
[7.174s] writing ros_gz_sim.egg-info/PKG-INFO
[7.175s] writing dependency_links to ros_gz_sim.egg-info/dependency_links.txt
[7.178s] writing entry points to ros_gz_sim.egg-info/entry_points.txt
[7.178s] writing top-level names to ros_gz_sim.egg-info/top_level.txt
[7.310s] reading manifest file 'ros_gz_sim.egg-info/SOURCES.txt'
[7.323s] writing manifest file 'ros_gz_sim.egg-info/SOURCES.txt'
[7.374s] [100%] Built target ament_cmake_python_build_ros_gz_sim_egg
[7.391s] Invoked command in '/home/jack/ASUIEEE25/justbaked/build/ros_gz_sim' returned '0': CMAKE_PREFIX_PATH=${CMAKE_PREFIX_PATH}:/opt/ros/jazzy DEBUGINFOD_URLS=https://debuginfod.ubuntu.com /usr/bin/cmake --build /home/jack/ASUIEEE25/justbaked/build/ros_gz_sim -- -j4 -l4
[7.494s] Invoking command in '/home/jack/ASUIEEE25/justbaked/build/ros_gz_sim': CMAKE_PREFIX_PATH=${CMAKE_PREFIX_PATH}:/opt/ros/jazzy DEBUGINFOD_URLS=https://debuginfod.ubuntu.com /usr/bin/cmake --install /home/jack/ASUIEEE25/justbaked/build/ros_gz_sim
[7.529s] -- Install configuration: ""
[7.569s] -- Up-to-date: /home/jack/ASUIEEE25/justbaked/install/ros_gz_sim/share/ros_gz_sim/environment/pythonpath.sh
[7.569s] -- Up-to-date: /home/jack/ASUIEEE25/justbaked/install/ros_gz_sim/share/ros_gz_sim/environment/pythonpath.dsv
[7.570s] -- Up-to-date: /home/jack/ASUIEEE25/justbaked/install/ros_gz_sim/lib/python3.12/site-packages/ros_gz_sim-1.0.8-py3.12.egg-info
[7.583s] -- Installing: /home/jack/ASUIEEE25/justbaked/install/ros_gz_sim/lib/python3.12/site-packages/ros_gz_sim-1.0.8-py3.12.egg-info/PKG-INFO
[7.584s] -- Installing: /home/jack/ASUIEEE25/justbaked/install/ros_gz_sim/lib/python3.12/site-packages/ros_gz_sim-1.0.8-py3.12.egg-info/top_level.txt
[7.584s] -- Installing: /home/jack/ASUIEEE25/justbaked/install/ros_gz_sim/lib/python3.12/site-packages/ros_gz_sim-1.0.8-py3.12.egg-info/dependency_links.txt
[7.584s] -- Installing: /home/jack/ASUIEEE25/justbaked/install/ros_gz_sim/lib/python3.12/site-packages/ros_gz_sim-1.0.8-py3.12.egg-info/entry_points.txt
[7.585s] -- Installing: /home/jack/ASUIEEE25/justbaked/install/ros_gz_sim/lib/python3.12/site-packages/ros_gz_sim-1.0.8-py3.12.egg-info/SOURCES.txt
[7.585s] -- Up-to-date: /home/jack/ASUIEEE25/justbaked/install/ros_gz_sim/lib/python3.12/site-packages/ros_gz_sim
[7.599s] -- Up-to-date: /home/jack/ASUIEEE25/justbaked/install/ros_gz_sim/lib/python3.12/site-packages/ros_gz_sim/actions
[7.627s] -- Up-to-date: /home/jack/ASUIEEE25/justbaked/install/ros_gz_sim/lib/python3.12/site-packages/ros_gz_sim/actions/gzserver.py
[7.628s] -- Up-to-date: /home/jack/ASUIEEE25/justbaked/install/ros_gz_sim/lib/python3.12/site-packages/ros_gz_sim/actions/__init__.py
[7.628s] -- Up-to-date: /home/jack/ASUIEEE25/justbaked/install/ros_gz_sim/lib/python3.12/site-packages/ros_gz_sim/actions/gz_spawn_model.py
[7.628s] -- Up-to-date: /home/jack/ASUIEEE25/justbaked/install/ros_gz_sim/lib/python3.12/site-packages/ros_gz_sim/__init__.py
[7.815s] Listing '/home/jack/ASUIEEE25/justbaked/install/ros_gz_sim/lib/python3.12/site-packages/ros_gz_sim'...
[7.815s] Listing '/home/jack/ASUIEEE25/justbaked/install/ros_gz_sim/lib/python3.12/site-packages/ros_gz_sim/actions'...
[7.837s] -- Up-to-date: /home/jack/ASUIEEE25/justbaked/install/ros_gz_sim/include/ros_gz_sim
[7.837s] -- Up-to-date: /home/jack/ASUIEEE25/justbaked/install/ros_gz_sim/include/ros_gz_sim/Stopwatch.hpp
[7.936s] -- Up-to-date: /home/jack/ASUIEEE25/justbaked/install/ros_gz_sim/lib/ros_gz_sim/gzserver
[7.943s] -- Up-to-date: /home/jack/ASUIEEE25/justbaked/install/ros_gz_sim/share/ros_gz_sim/launch/gz_sim.launch.py
[7.943s] -- Up-to-date: /home/jack/ASUIEEE25/justbaked/install/ros_gz_sim/share/ros_gz_sim/launch/gz_server.launch
[7.944s] -- Up-to-date: /home/jack/ASUIEEE25/justbaked/install/ros_gz_sim/share/ros_gz_sim/launch/gz_server.launch.py
[7.944s] -- Up-to-date: /home/jack/ASUIEEE25/justbaked/install/ros_gz_sim/share/ros_gz_sim/launch/gz_spawn_model.launch
[7.944s] -- Up-to-date: /home/jack/ASUIEEE25/justbaked/install/ros_gz_sim/share/ros_gz_sim/launch/gz_spawn_model.launch.py
[7.944s] -- Up-to-date: /home/jack/ASUIEEE25/justbaked/install/ros_gz_sim/share/ros_gz_sim/launch/ros_gz_sim.launch
[7.944s] -- Up-to-date: /home/jack/ASUIEEE25/justbaked/install/ros_gz_sim/share/ros_gz_sim/launch/ros_gz_sim.launch.py
[7.944s] -- Up-to-date: /home/jack/ASUIEEE25/justbaked/install/ros_gz_sim/share/ros_gz_sim/launch/ros_gz_spawn_model.launch.py
[7.944s] -- Up-to-date: /home/jack/ASUIEEE25/justbaked/install/ros_gz_sim/share/ros_gz_sim/launch/gz_remove_model.launch.py
[8.009s] -- Up-to-date: /home/jack/ASUIEEE25/justbaked/install/ros_gz_sim/lib/ros_gz_sim/create
[8.031s] -- Up-to-date: /home/jack/ASUIEEE25/justbaked/install/ros_gz_sim/lib/ros_gz_sim/remove
[8.032s] -- Up-to-date: /home/jack/ASUIEEE25/justbaked/install/ros_gz_sim/lib/ros_gz_sim/gzserver
[8.043s] -- Up-to-date: /home/jack/ASUIEEE25/justbaked/install/ros_gz_sim/lib/libgzserver_component.so
[8.087s] -- Up-to-date: /home/jack/ASUIEEE25/justbaked/install/ros_gz_sim/lib/libros_gz_sim.so
[8.113s] -- Up-to-date: /home/jack/ASUIEEE25/justbaked/install/ros_gz_sim/lib/ros_gz_sim/test_stopwatch
[8.156s] -- Up-to-date: /home/jack/ASUIEEE25/justbaked/install/ros_gz_sim/lib/ros_gz_sim/test_create
[8.182s] -- Up-to-date: /home/jack/ASUIEEE25/justbaked/install/ros_gz_sim/lib/ros_gz_sim/test_remove
[8.185s] -- Up-to-date: /home/jack/ASUIEEE25/justbaked/install/ros_gz_sim/share/ament_index/resource_index/package_run_dependencies/ros_gz_sim
[8.201s] -- Up-to-date: /home/jack/ASUIEEE25/justbaked/install/ros_gz_sim/share/ament_index/resource_index/parent_prefix_path/ros_gz_sim
[8.202s] -- Up-to-date: /home/jack/ASUIEEE25/justbaked/install/ros_gz_sim/share/ros_gz_sim/environment/ament_prefix_path.sh
[8.202s] -- Up-to-date: /home/jack/ASUIEEE25/justbaked/install/ros_gz_sim/share/ros_gz_sim/environment/ament_prefix_path.dsv
[8.202s] -- Up-to-date: /home/jack/ASUIEEE25/justbaked/install/ros_gz_sim/share/ros_gz_sim/environment/path.sh
[8.202s] -- Up-to-date: /home/jack/ASUIEEE25/justbaked/install/ros_gz_sim/share/ros_gz_sim/environment/path.dsv
[8.203s] -- Up-to-date: /home/jack/ASUIEEE25/justbaked/install/ros_gz_sim/share/ros_gz_sim/local_setup.bash
[8.203s] -- Up-to-date: /home/jack/ASUIEEE25/justbaked/install/ros_gz_sim/share/ros_gz_sim/local_setup.sh
[8.203s] -- Up-to-date: /home/jack/ASUIEEE25/justbaked/install/ros_gz_sim/share/ros_gz_sim/local_setup.zsh
[8.203s] -- Up-to-date: /home/jack/ASUIEEE25/justbaked/install/ros_gz_sim/share/ros_gz_sim/local_setup.dsv
[8.203s] -- Installing: /home/jack/ASUIEEE25/justbaked/install/ros_gz_sim/share/ros_gz_sim/package.dsv
[8.219s] -- Up-to-date: /home/jack/ASUIEEE25/justbaked/install/ros_gz_sim/share/ament_index/resource_index/packages/ros_gz_sim
[8.230s] -- Up-to-date: /home/jack/ASUIEEE25/justbaked/install/ros_gz_sim/share/ament_index/resource_index/rclcpp_components/ros_gz_sim
[8.263s] -- Up-to-date: /home/jack/ASUIEEE25/justbaked/install/ros_gz_sim/share/ros_gz_sim/cmake/export_gzserver_componentExport.cmake
[8.263s] -- Up-to-date: /home/jack/ASUIEEE25/justbaked/install/ros_gz_sim/share/ros_gz_sim/cmake/export_gzserver_componentExport-noconfig.cmake
[8.266s] -- Up-to-date: /home/jack/ASUIEEE25/justbaked/install/ros_gz_sim/share/ros_gz_sim/cmake/ros_gz_simExport.cmake
[8.266s] -- Up-to-date: /home/jack/ASUIEEE25/justbaked/install/ros_gz_sim/share/ros_gz_sim/cmake/ros_gz_simExport-noconfig.cmake
[8.266s] -- Up-to-date: /home/jack/ASUIEEE25/justbaked/install/ros_gz_sim/share/ros_gz_sim/cmake/ament_cmake_export_targets-extras.cmake
[8.266s] -- Up-to-date: /home/jack/ASUIEEE25/justbaked/install/ros_gz_sim/share/ros_gz_sim/cmake/ament_cmake_export_dependencies-extras.cmake
[8.266s] -- Up-to-date: /home/jack/ASUIEEE25/justbaked/install/ros_gz_sim/share/ros_gz_sim/cmake/ros_gz_simConfig.cmake
[8.266s] -- Up-to-date: /home/jack/ASUIEEE25/justbaked/install/ros_gz_sim/share/ros_gz_sim/cmake/ros_gz_simConfig-version.cmake
[8.267s] -- Up-to-date: /home/jack/ASUIEEE25/justbaked/install/ros_gz_sim/share/ros_gz_sim/package.xml
[8.294s] Invoked command in '/home/jack/ASUIEEE25/justbaked/build/ros_gz_sim' returned '0': CMAKE_PREFIX_PATH=${CMAKE_PREFIX_PATH}:/opt/ros/jazzy DEBUGINFOD_URLS=https://debuginfod.ubuntu.com /usr/bin/cmake --install /home/jack/ASUIEEE25/justbaked/build/ros_gz_sim
