[0.021s] Invoking command in '/home/lsw155linuxbox/justbaked/justbaked/build/tempsens': CMAKE_PREFIX_PATH=${CMAKE_PREFIX_PATH}:/opt/ros/jazzy DEBUGINFOD_URLS=https://debuginfod.ubuntu.com /usr/bin/cmake --build /home/lsw155linuxbox/justbaked/justbaked/build/tempsens -- -j8 -l8
[0.077s] Invoked command in '/home/lsw155linuxbox/justbaked/justbaked/build/tempsens' returned '0': CMAKE_PREFIX_PATH=${CMAKE_PREFIX_PATH}:/opt/ros/jazzy DEBUGINFOD_URLS=https://debuginfod.ubuntu.com /usr/bin/cmake --build /home/lsw155linuxbox/justbaked/justbaked/build/tempsens -- -j8 -l8
[0.079s] Invoking command in '/home/lsw155linuxbox/justbaked/justbaked/build/tempsens': CMAKE_PREFIX_PATH=${CMAKE_PREFIX_PATH}:/opt/ros/jazzy DEBUGINFOD_URLS=https://debuginfod.ubuntu.com /usr/bin/cmake --install /home/lsw155linuxbox/justbaked/justbaked/build/tempsens
[0.104s] -- Install configuration: ""
[0.105s] -- Up-to-date: /home/lsw155linuxbox/justbaked/justbaked/install/tempsens/share/tempsens
[0.106s] -- Up-to-date: /home/lsw155linuxbox/justbaked/justbaked/install/tempsens/share/ament_index/resource_index/package_run_dependencies/tempsens
[0.107s] -- Up-to-date: /home/lsw155linuxbox/justbaked/justbaked/install/tempsens/share/ament_index/resource_index/parent_prefix_path/tempsens
[0.107s] -- Up-to-date: /home/lsw155linuxbox/justbaked/justbaked/install/tempsens/share/tempsens/environment/ament_prefix_path.sh
[0.108s] -- Up-to-date: /home/lsw155linuxbox/justbaked/justbaked/install/tempsens/share/tempsens/environment/ament_prefix_path.dsv
[0.108s] -- Up-to-date: /home/lsw155linuxbox/justbaked/justbaked/install/tempsens/share/tempsens/environment/path.sh
[0.109s] -- Up-to-date: /home/lsw155linuxbox/justbaked/justbaked/install/tempsens/share/tempsens/environment/path.dsv
[0.109s] -- Up-to-date: /home/lsw155linuxbox/justbaked/justbaked/install/tempsens/share/tempsens/local_setup.bash
[0.109s] -- Up-to-date: /home/lsw155linuxbox/justbaked/justbaked/install/tempsens/share/tempsens/local_setup.sh
[0.110s] -- Up-to-date: /home/lsw155linuxbox/justbaked/justbaked/install/tempsens/share/tempsens/local_setup.zsh
[0.111s] -- Up-to-date: /home/lsw155linuxbox/justbaked/justbaked/install/tempsens/share/tempsens/local_setup.dsv
[0.112s] -- Installing: /home/lsw155linuxbox/justbaked/justbaked/install/tempsens/share/tempsens/package.dsv
[0.112s] -- Up-to-date: /home/lsw155linuxbox/justbaked/justbaked/install/tempsens/share/ament_index/resource_index/packages/tempsens
[0.112s] -- Up-to-date: /home/lsw155linuxbox/justbaked/justbaked/install/tempsens/share/tempsens/cmake/tempsensConfig.cmake
[0.113s] -- Up-to-date: /home/lsw155linuxbox/justbaked/justbaked/install/tempsens/share/tempsens/cmake/tempsensConfig-version.cmake
[0.113s] -- Up-to-date: /home/lsw155linuxbox/justbaked/justbaked/install/tempsens/share/tempsens/package.xml
[0.146s] Invoked command in '/home/lsw155linuxbox/justbaked/justbaked/build/tempsens' returned '0': CMAKE_PREFIX_PATH=${CMAKE_PREFIX_PATH}:/opt/ros/jazzy DEBUGINFOD_URLS=https://debuginfod.ubuntu.com /usr/bin/cmake --install /home/lsw155linuxbox/justbaked/justbaked/build/tempsens
