[0.019s] Invoking command in '/home/lsw155linuxbox/justbaked/justbaked/build/turtlebot4_navigation': CMAKE_PREFIX_PATH=${CMAKE_PREFIX_PATH}:/home/lsw155linuxbox/homer_ws/install/homer_description:/home/lsw155linuxbox/homer_ws/install/homer_control:/opt/ros/jazzy DEBUGINFOD_URLS=https://debuginfod.ubuntu.com /usr/bin/cmake --build /home/lsw155linuxbox/justbaked/justbaked/build/turtlebot4_navigation -- -j8 -l8
[0.092s] Built target ament_cmake_python_copy_turtlebot4_navigation
[0.382s] running egg_info
[0.414s] writing turtlebot4_navigation.egg-info/PKG-INFO
[0.414s] writing dependency_links to turtlebot4_navigation.egg-info/dependency_links.txt
[0.414s] writing top-level names to turtlebot4_navigation.egg-info/top_level.txt
[0.505s] reading manifest file 'turtlebot4_navigation.egg-info/SOURCES.txt'
[0.505s] writing manifest file 'turtlebot4_navigation.egg-info/SOURCES.txt'
[0.539s] Built target ament_cmake_python_build_turtlebot4_navigation_egg
[0.554s] Invoked command in '/home/lsw155linuxbox/justbaked/justbaked/build/turtlebot4_navigation' returned '0': CMAKE_PREFIX_PATH=${CMAKE_PREFIX_PATH}:/home/lsw155linuxbox/homer_ws/install/homer_description:/home/lsw155linuxbox/homer_ws/install/homer_control:/opt/ros/jazzy DEBUGINFOD_URLS=https://debuginfod.ubuntu.com /usr/bin/cmake --build /home/lsw155linuxbox/justbaked/justbaked/build/turtlebot4_navigation -- -j8 -l8
[0.556s] Invoking command in '/home/lsw155linuxbox/justbaked/justbaked/build/turtlebot4_navigation': CMAKE_PREFIX_PATH=${CMAKE_PREFIX_PATH}:/home/lsw155linuxbox/homer_ws/install/homer_description:/home/lsw155linuxbox/homer_ws/install/homer_control:/opt/ros/jazzy DEBUGINFOD_URLS=https://debuginfod.ubuntu.com /usr/bin/cmake --install /home/lsw155linuxbox/justbaked/justbaked/build/turtlebot4_navigation
[0.567s] -- Install configuration: ""
[0.567s] -- Up-to-date: /home/lsw155linuxbox/justbaked/justbaked/install/turtlebot4_navigation/share/turtlebot4_navigation/config
[0.568s] -- Up-to-date: /home/lsw155linuxbox/justbaked/justbaked/install/turtlebot4_navigation/share/turtlebot4_navigation/config/localization.yaml
[0.568s] -- Up-to-date: /home/lsw155linuxbox/justbaked/justbaked/install/turtlebot4_navigation/share/turtlebot4_navigation/config/nav2.yaml
[0.568s] -- Installing: /home/lsw155linuxbox/justbaked/justbaked/install/turtlebot4_navigation/share/turtlebot4_navigation/config/slam.yaml
[0.568s] -- Up-to-date: /home/lsw155linuxbox/justbaked/justbaked/install/turtlebot4_navigation/share/turtlebot4_navigation/launch
[0.568s] -- Up-to-date: /home/lsw155linuxbox/justbaked/justbaked/install/turtlebot4_navigation/share/turtlebot4_navigation/launch/nav2.launch.py
[0.569s] -- Up-to-date: /home/lsw155linuxbox/justbaked/justbaked/install/turtlebot4_navigation/share/turtlebot4_navigation/launch/localization.launch.py
[0.569s] -- Up-to-date: /home/lsw155linuxbox/justbaked/justbaked/install/turtlebot4_navigation/share/turtlebot4_navigation/launch/slam.launch.py
[0.569s] -- Up-to-date: /home/lsw155linuxbox/justbaked/justbaked/install/turtlebot4_navigation/share/turtlebot4_navigation/maps
[0.569s] -- Up-to-date: /home/lsw155linuxbox/justbaked/justbaked/install/turtlebot4_navigation/share/turtlebot4_navigation/maps/maze.yaml
[0.569s] -- Up-to-date: /home/lsw155linuxbox/justbaked/justbaked/install/turtlebot4_navigation/share/turtlebot4_navigation/maps/depot.pgm
[0.569s] -- Up-to-date: /home/lsw155linuxbox/justbaked/justbaked/install/turtlebot4_navigation/share/turtlebot4_navigation/maps/depot.yaml
[0.570s] -- Up-to-date: /home/lsw155linuxbox/justbaked/justbaked/install/turtlebot4_navigation/share/turtlebot4_navigation/maps/maze.pgm
[0.570s] -- Up-to-date: /home/lsw155linuxbox/justbaked/justbaked/install/turtlebot4_navigation/share/turtlebot4_navigation/maps/warehouse.yaml
[0.570s] -- Up-to-date: /home/lsw155linuxbox/justbaked/justbaked/install/turtlebot4_navigation/share/turtlebot4_navigation/maps/warehouse.pgm
[0.570s] -- Up-to-date: /home/lsw155linuxbox/justbaked/justbaked/install/turtlebot4_navigation/share/turtlebot4_navigation/environment/pythonpath.sh
[0.570s] -- Up-to-date: /home/lsw155linuxbox/justbaked/justbaked/install/turtlebot4_navigation/share/turtlebot4_navigation/environment/pythonpath.dsv
[0.570s] -- Up-to-date: /home/lsw155linuxbox/justbaked/justbaked/install/turtlebot4_navigation/lib/python3.12/site-packages/turtlebot4_navigation-2.0.1-py3.12.egg-info
[0.570s] -- Installing: /home/lsw155linuxbox/justbaked/justbaked/install/turtlebot4_navigation/lib/python3.12/site-packages/turtlebot4_navigation-2.0.1-py3.12.egg-info/PKG-INFO
[0.571s] -- Installing: /home/lsw155linuxbox/justbaked/justbaked/install/turtlebot4_navigation/lib/python3.12/site-packages/turtlebot4_navigation-2.0.1-py3.12.egg-info/SOURCES.txt
[0.571s] -- Installing: /home/lsw155linuxbox/justbaked/justbaked/install/turtlebot4_navigation/lib/python3.12/site-packages/turtlebot4_navigation-2.0.1-py3.12.egg-info/dependency_links.txt
[0.571s] -- Installing: /home/lsw155linuxbox/justbaked/justbaked/install/turtlebot4_navigation/lib/python3.12/site-packages/turtlebot4_navigation-2.0.1-py3.12.egg-info/top_level.txt
[0.571s] -- Up-to-date: /home/lsw155linuxbox/justbaked/justbaked/install/turtlebot4_navigation/lib/python3.12/site-packages/turtlebot4_navigation
[0.571s] -- Up-to-date: /home/lsw155linuxbox/justbaked/justbaked/install/turtlebot4_navigation/lib/python3.12/site-packages/turtlebot4_navigation/__init__.py
[0.571s] -- Up-to-date: /home/lsw155linuxbox/justbaked/justbaked/install/turtlebot4_navigation/lib/python3.12/site-packages/turtlebot4_navigation/turtlebot4_navigator.py
[0.611s] Listing '/home/lsw155linuxbox/justbaked/justbaked/install/turtlebot4_navigation/lib/python3.12/site-packages/turtlebot4_navigation'...
[0.616s] -- Up-to-date: /home/lsw155linuxbox/justbaked/justbaked/install/turtlebot4_navigation/lib/python3.12/site-packages/turtlebot4_navigator.py
[0.665s] -- Up-to-date: /home/lsw155linuxbox/justbaked/justbaked/install/turtlebot4_navigation/share/ament_index/resource_index/package_run_dependencies/turtlebot4_navigation
[0.666s] -- Up-to-date: /home/lsw155linuxbox/justbaked/justbaked/install/turtlebot4_navigation/share/ament_index/resource_index/parent_prefix_path/turtlebot4_navigation
[0.666s] -- Up-to-date: /home/lsw155linuxbox/justbaked/justbaked/install/turtlebot4_navigation/share/turtlebot4_navigation/environment/ament_prefix_path.sh
[0.666s] -- Up-to-date: /home/lsw155linuxbox/justbaked/justbaked/install/turtlebot4_navigation/share/turtlebot4_navigation/environment/ament_prefix_path.dsv
[0.666s] -- Up-to-date: /home/lsw155linuxbox/justbaked/justbaked/install/turtlebot4_navigation/share/turtlebot4_navigation/environment/path.sh
[0.666s] -- Up-to-date: /home/lsw155linuxbox/justbaked/justbaked/install/turtlebot4_navigation/share/turtlebot4_navigation/environment/path.dsv
[0.666s] -- Up-to-date: /home/lsw155linuxbox/justbaked/justbaked/install/turtlebot4_navigation/share/turtlebot4_navigation/local_setup.bash
[0.666s] -- Up-to-date: /home/lsw155linuxbox/justbaked/justbaked/install/turtlebot4_navigation/share/turtlebot4_navigation/local_setup.sh
[0.667s] -- Up-to-date: /home/lsw155linuxbox/justbaked/justbaked/install/turtlebot4_navigation/share/turtlebot4_navigation/local_setup.zsh
[0.667s] -- Up-to-date: /home/lsw155linuxbox/justbaked/justbaked/install/turtlebot4_navigation/share/turtlebot4_navigation/local_setup.dsv
[0.667s] -- Installing: /home/lsw155linuxbox/justbaked/justbaked/install/turtlebot4_navigation/share/turtlebot4_navigation/package.dsv
[0.667s] -- Up-to-date: /home/lsw155linuxbox/justbaked/justbaked/install/turtlebot4_navigation/share/ament_index/resource_index/packages/turtlebot4_navigation
[0.667s] -- Up-to-date: /home/lsw155linuxbox/justbaked/justbaked/install/turtlebot4_navigation/share/turtlebot4_navigation/cmake/turtlebot4_navigationConfig.cmake
[0.667s] -- Up-to-date: /home/lsw155linuxbox/justbaked/justbaked/install/turtlebot4_navigation/share/turtlebot4_navigation/cmake/turtlebot4_navigationConfig-version.cmake
[0.667s] -- Up-to-date: /home/lsw155linuxbox/justbaked/justbaked/install/turtlebot4_navigation/share/turtlebot4_navigation/package.xml
[0.671s] Invoked command in '/home/lsw155linuxbox/justbaked/justbaked/build/turtlebot4_navigation' returned '0': CMAKE_PREFIX_PATH=${CMAKE_PREFIX_PATH}:/home/lsw155linuxbox/homer_ws/install/homer_description:/home/lsw155linuxbox/homer_ws/install/homer_control:/opt/ros/jazzy DEBUGINFOD_URLS=https://debuginfod.ubuntu.com /usr/bin/cmake --install /home/lsw155linuxbox/justbaked/justbaked/build/turtlebot4_navigation
