[0.663s] Invoking command in '/home/ieee/justbaked/justbaked/build/turtlebot4_description': CMAKE_PREFIX_PATH=${CMAKE_PREFIX_PATH}:/home/ieee/justbaked/justbaked/install/temp_sens:/opt/ros/jazzy DEBUGINFOD_URLS=https://debuginfod.ubuntu.com /usr/bin/cmake --build /home/ieee/justbaked/justbaked/build/turtlebot4_description -- -j4 -l4
[0.930s] Invoked command in '/home/ieee/justbaked/justbaked/build/turtlebot4_description' returned '0': CMAKE_PREFIX_PATH=${CMAKE_PREFIX_PATH}:/home/ieee/justbaked/justbaked/install/temp_sens:/opt/ros/jazzy DEBUGINFOD_URLS=https://debuginfod.ubuntu.com /usr/bin/cmake --build /home/ieee/justbaked/justbaked/build/turtlebot4_description -- -j4 -l4
[0.936s] Invoking command in '/home/ieee/justbaked/justbaked/build/turtlebot4_description': CMAKE_PREFIX_PATH=${CMAKE_PREFIX_PATH}:/home/ieee/justbaked/justbaked/install/temp_sens:/opt/ros/jazzy DEBUGINFOD_URLS=https://debuginfod.ubuntu.com /usr/bin/cmake --install /home/ieee/justbaked/justbaked/build/turtlebot4_description
[0.966s] -- Install configuration: ""
[0.970s] -- Execute custom install script
[0.971s] -- Up-to-date symlink: /home/ieee/justbaked/justbaked/install/turtlebot4_description/share/turtlebot4_description/launch/robot_description.launch.py
[0.975s] -- Up-to-date symlink: /home/ieee/justbaked/justbaked/install/turtlebot4_description/share/turtlebot4_description/urdf/lite/robot.urdf.xacro
[0.977s] -- Up-to-date symlink: /home/ieee/justbaked/justbaked/install/turtlebot4_description/share/turtlebot4_description/urdf/lite/rplidar.xacro
[0.978s] -- Up-to-date symlink: /home/ieee/justbaked/justbaked/install/turtlebot4_description/share/turtlebot4_description/urdf/sensors/rplidar.xacro
[0.979s] -- Up-to-date symlink: /home/ieee/justbaked/justbaked/install/turtlebot4_description/share/turtlebot4_description/urdf/standard/robotcore.xacro
[0.981s] -- Up-to-date symlink: /home/ieee/justbaked/justbaked/install/turtlebot4_description/share/turtlebot4_description/urdf/standard/turtlebot4.urdf.xacro
[0.982s] -- Up-to-date symlink: /home/ieee/justbaked/justbaked/install/turtlebot4_description/share/ament_index/resource_index/package_run_dependencies/turtlebot4_description
[0.983s] -- Up-to-date symlink: /home/ieee/justbaked/justbaked/install/turtlebot4_description/share/ament_index/resource_index/parent_prefix_path/turtlebot4_description
[0.983s] -- Up-to-date symlink: /home/ieee/justbaked/justbaked/install/turtlebot4_description/share/turtlebot4_description/environment/ament_prefix_path.sh
[0.983s] -- Up-to-date symlink: /home/ieee/justbaked/justbaked/install/turtlebot4_description/share/turtlebot4_description/environment/ament_prefix_path.dsv
[0.983s] -- Up-to-date symlink: /home/ieee/justbaked/justbaked/install/turtlebot4_description/share/turtlebot4_description/environment/path.sh
[0.983s] -- Up-to-date symlink: /home/ieee/justbaked/justbaked/install/turtlebot4_description/share/turtlebot4_description/environment/path.dsv
[0.983s] -- Up-to-date symlink: /home/ieee/justbaked/justbaked/install/turtlebot4_description/share/turtlebot4_description/local_setup.bash
[0.984s] -- Up-to-date symlink: /home/ieee/justbaked/justbaked/install/turtlebot4_description/share/turtlebot4_description/local_setup.sh
[0.984s] -- Up-to-date symlink: /home/ieee/justbaked/justbaked/install/turtlebot4_description/share/turtlebot4_description/local_setup.zsh
[0.984s] -- Up-to-date symlink: /home/ieee/justbaked/justbaked/install/turtlebot4_description/share/turtlebot4_description/local_setup.dsv
[0.984s] -- Symlinking: /home/ieee/justbaked/justbaked/install/turtlebot4_description/share/turtlebot4_description/package.dsv
[1.033s] -- Up-to-date symlink: /home/ieee/justbaked/justbaked/install/turtlebot4_description/share/ament_index/resource_index/packages/turtlebot4_description
[1.034s] -- Up-to-date symlink: /home/ieee/justbaked/justbaked/install/turtlebot4_description/share/turtlebot4_description/cmake/turtlebot4_descriptionConfig.cmake
[1.034s] -- Up-to-date symlink: /home/ieee/justbaked/justbaked/install/turtlebot4_description/share/turtlebot4_description/cmake/turtlebot4_descriptionConfig-version.cmake
[1.035s] -- Up-to-date symlink: /home/ieee/justbaked/justbaked/install/turtlebot4_description/share/turtlebot4_description/package.xml
[1.041s] Invoked command in '/home/ieee/justbaked/justbaked/build/turtlebot4_description' returned '0': CMAKE_PREFIX_PATH=${CMAKE_PREFIX_PATH}:/home/ieee/justbaked/justbaked/install/temp_sens:/opt/ros/jazzy DEBUGINFOD_URLS=https://debuginfod.ubuntu.com /usr/bin/cmake --install /home/ieee/justbaked/justbaked/build/turtlebot4_description
