[1.426s] Invoking command in '/home/ieee/justbaked/justbaked/src/temp_sens': DEBUGINFOD_URLS=https://debuginfod.ubuntu.com PYTHONPATH=/home/ieee/justbaked/justbaked/build/temp_sens/prefix_override:/usr/lib/python3/dist-packages/colcon_core/task/python/colcon_distutils_commands:/home/ieee/justbaked/justbaked/install/temp_sens/lib/python3.12/site-packages:${PYTHONPATH} /usr/bin/python3 -W ignore:setup.py install is deprecated -W ignore:easy_install command is deprecated setup.py egg_info --egg-base ../../build/temp_sens build --build-base /home/ieee/justbaked/justbaked/build/temp_sens/build install --record /home/ieee/justbaked/justbaked/build/temp_sens/install.log --single-version-externally-managed install_data
[1.792s] running egg_info
[1.818s] writing ../../build/temp_sens/temp_sens.egg-info/PKG-INFO
[1.818s] writing dependency_links to ../../build/temp_sens/temp_sens.egg-info/dependency_links.txt
[1.818s] writing entry points to ../../build/temp_sens/temp_sens.egg-info/entry_points.txt
[1.819s] writing requirements to ../../build/temp_sens/temp_sens.egg-info/requires.txt
[1.819s] writing top-level names to ../../build/temp_sens/temp_sens.egg-info/top_level.txt
[1.871s] reading manifest file '../../build/temp_sens/temp_sens.egg-info/SOURCES.txt'
[1.871s] adding license file 'LICENSE'
[1.872s] writing manifest file '../../build/temp_sens/temp_sens.egg-info/SOURCES.txt'
[1.872s] running build
[1.872s] running build_py
[1.873s] running install
[1.882s] running install_lib
[1.910s] running install_data
[1.910s] running install_egg_info
[1.937s] removing '/home/ieee/justbaked/justbaked/install/temp_sens/lib/python3.12/site-packages/temp_sens-0.0.1-py3.12.egg-info' (and everything under it)
[1.938s] Copying ../../build/temp_sens/temp_sens.egg-info to /home/ieee/justbaked/justbaked/install/temp_sens/lib/python3.12/site-packages/temp_sens-0.0.1-py3.12.egg-info
[1.939s] running install_scripts
[2.126s] Installing serial_temp_reader script to /home/ieee/justbaked/justbaked/install/temp_sens/lib/temp_sens
[2.126s] writing list of installed files to '/home/ieee/justbaked/justbaked/build/temp_sens/install.log'
[2.205s] Invoked command in '/home/ieee/justbaked/justbaked/src/temp_sens' returned '0': DEBUGINFOD_URLS=https://debuginfod.ubuntu.com PYTHONPATH=/home/ieee/justbaked/justbaked/build/temp_sens/prefix_override:/usr/lib/python3/dist-packages/colcon_core/task/python/colcon_distutils_commands:/home/ieee/justbaked/justbaked/install/temp_sens/lib/python3.12/site-packages:${PYTHONPATH} /usr/bin/python3 -W ignore:setup.py install is deprecated -W ignore:easy_install command is deprecated setup.py egg_info --egg-base ../../build/temp_sens build --build-base /home/ieee/justbaked/justbaked/build/temp_sens/build install --record /home/ieee/justbaked/justbaked/build/temp_sens/install.log --single-version-externally-managed install_data
