running egg_info
creating ../../build/trackRobot/trackRobot.egg-info
writing ../../build/trackRobot/trackRobot.egg-info/PKG-INFO
writing dependency_links to ../../build/trackRobot/trackRobot.egg-info/dependency_links.txt
writing requirements to ../../build/trackRobot/trackRobot.egg-info/requires.txt
writing top-level names to ../../build/trackRobot/trackRobot.egg-info/top_level.txt
writing manifest file '../../build/trackRobot/trackRobot.egg-info/SOURCES.txt'
reading manifest file '../../build/trackRobot/trackRobot.egg-info/SOURCES.txt'
adding license file 'LICENSE'
writing manifest file '../../build/trackRobot/trackRobot.egg-info/SOURCES.txt'
running build
running build_py
creating /home/jack/ASUIEEE25/justbaked/build/trackRobot/build
creating /home/jack/ASUIEEE25/justbaked/build/trackRobot/build/lib
creating /home/jack/ASUIEEE25/justbaked/build/trackRobot/build/lib/trackRobot
copying trackRobot/__init__.py -> /home/jack/ASUIEEE25/justbaked/build/trackRobot/build/lib/trackRobot
running install
running install_lib
creating /home/jack/ASUIEEE25/justbaked/install/trackRobot/lib/python3.12/site-packages/trackRobot
copying /home/jack/ASUIEEE25/justbaked/build/trackRobot/build/lib/trackRobot/__init__.py -> /home/jack/ASUIEEE25/justbaked/install/trackRobot/lib/python3.12/site-packages/trackRobot
byte-compiling /home/jack/ASUIEEE25/justbaked/install/trackRobot/lib/python3.12/site-packages/trackRobot/__init__.py to __init__.cpython-312.pyc
running install_data
creating /home/jack/ASUIEEE25/justbaked/install/trackRobot/share/ament_index
creating /home/jack/ASUIEEE25/justbaked/install/trackRobot/share/ament_index/resource_index
creating /home/jack/ASUIEEE25/justbaked/install/trackRobot/share/ament_index/resource_index/packages
copying resource/trackRobot -> /home/jack/ASUIEEE25/justbaked/install/trackRobot/share/ament_index/resource_index/packages
copying package.xml -> /home/jack/ASUIEEE25/justbaked/install/trackRobot/share/trackRobot
running install_egg_info
Copying ../../build/trackRobot/trackRobot.egg-info to /home/jack/ASUIEEE25/justbaked/install/trackRobot/lib/python3.12/site-packages/trackRobot-0.0.0-py3.12.egg-info
running install_scripts
writing list of installed files to '/home/jack/ASUIEEE25/justbaked/build/trackRobot/install.log'
