[8.592s] Invoking command in '/home/jack/ASUIEEE25/justbaked/src/trackRobot': DEBUGINFOD_URLS=https://debuginfod.ubuntu.com PYTHONPATH=/home/jack/ASUIEEE25/justbaked/build/trackRobot/prefix_override:/usr/lib/python3/dist-packages/colcon_core/task/python/colcon_distutils_commands:/home/jack/ASUIEEE25/justbaked/install/trackRobot/lib/python3.12/site-packages:${PYTHONPATH} /usr/bin/python3 -W ignore:setup.py install is deprecated -W ignore:easy_install command is deprecated setup.py egg_info --egg-base ../../build/trackRobot build --build-base /home/jack/ASUIEEE25/justbaked/build/trackRobot/build install --record /home/jack/ASUIEEE25/justbaked/build/trackRobot/install.log --single-version-externally-managed install_data
[9.145s] running egg_info
[9.145s] creating ../../build/trackRobot/trackRobot.egg-info
[9.191s] writing ../../build/trackRobot/trackRobot.egg-info/PKG-INFO
[9.191s] writing dependency_links to ../../build/trackRobot/trackRobot.egg-info/dependency_links.txt
[9.191s] writing requirements to ../../build/trackRobot/trackRobot.egg-info/requires.txt
[9.192s] writing top-level names to ../../build/trackRobot/trackRobot.egg-info/top_level.txt
[9.192s] writing manifest file '../../build/trackRobot/trackRobot.egg-info/SOURCES.txt'
[9.285s] reading manifest file '../../build/trackRobot/trackRobot.egg-info/SOURCES.txt'
[9.285s] adding license file 'LICENSE'
[9.286s] writing manifest file '../../build/trackRobot/trackRobot.egg-info/SOURCES.txt'
[9.286s] running build
[9.286s] running build_py
[9.287s] creating /home/jack/ASUIEEE25/justbaked/build/trackRobot/build
[9.287s] creating /home/jack/ASUIEEE25/justbaked/build/trackRobot/build/lib
[9.287s] creating /home/jack/ASUIEEE25/justbaked/build/trackRobot/build/lib/trackRobot
[9.287s] copying trackRobot/__init__.py -> /home/jack/ASUIEEE25/justbaked/build/trackRobot/build/lib/trackRobot
[9.287s] running install
[9.304s] running install_lib
[9.358s] creating /home/jack/ASUIEEE25/justbaked/install/trackRobot/lib/python3.12/site-packages/trackRobot
[9.358s] copying /home/jack/ASUIEEE25/justbaked/build/trackRobot/build/lib/trackRobot/__init__.py -> /home/jack/ASUIEEE25/justbaked/install/trackRobot/lib/python3.12/site-packages/trackRobot
[9.358s] byte-compiling /home/jack/ASUIEEE25/justbaked/install/trackRobot/lib/python3.12/site-packages/trackRobot/__init__.py to __init__.cpython-312.pyc
[9.358s] running install_data
[9.358s] creating /home/jack/ASUIEEE25/justbaked/install/trackRobot/share/ament_index
[9.358s] creating /home/jack/ASUIEEE25/justbaked/install/trackRobot/share/ament_index/resource_index
[9.359s] creating /home/jack/ASUIEEE25/justbaked/install/trackRobot/share/ament_index/resource_index/packages
[9.359s] copying resource/trackRobot -> /home/jack/ASUIEEE25/justbaked/install/trackRobot/share/ament_index/resource_index/packages
[9.359s] copying package.xml -> /home/jack/ASUIEEE25/justbaked/install/trackRobot/share/trackRobot
[9.359s] running install_egg_info
[9.404s] Copying ../../build/trackRobot/trackRobot.egg-info to /home/jack/ASUIEEE25/justbaked/install/trackRobot/lib/python3.12/site-packages/trackRobot-0.0.0-py3.12.egg-info
[9.412s] running install_scripts
[9.684s] writing list of installed files to '/home/jack/ASUIEEE25/justbaked/build/trackRobot/install.log'
[9.737s] Invoked command in '/home/jack/ASUIEEE25/justbaked/src/trackRobot' returned '0': DEBUGINFOD_URLS=https://debuginfod.ubuntu.com PYTHONPATH=/home/jack/ASUIEEE25/justbaked/build/trackRobot/prefix_override:/usr/lib/python3/dist-packages/colcon_core/task/python/colcon_distutils_commands:/home/jack/ASUIEEE25/justbaked/install/trackRobot/lib/python3.12/site-packages:${PYTHONPATH} /usr/bin/python3 -W ignore:setup.py install is deprecated -W ignore:easy_install command is deprecated setup.py egg_info --egg-base ../../build/trackRobot build --build-base /home/jack/ASUIEEE25/justbaked/build/trackRobot/build install --record /home/jack/ASUIEEE25/justbaked/build/trackRobot/install.log --single-version-externally-managed install_data
