[0.027s] Invoking command in '/home/ieee/justbaked/justbaked/build/sllidar_ros2': CMAKE_PREFIX_PATH=${CMAKE_PREFIX_PATH}:/opt/ros/jazzy DEBUGINFOD_URLS=https://debuginfod.ubuntu.com /usr/bin/cmake /home/ieee/justbaked/justbaked/src/sllidar_ros2 -DAMENT_CMAKE_SYMLINK_INSTALL=1 -DCMAKE_INSTALL_PREFIX=/home/ieee/justbaked/justbaked/install/sllidar_ros2
[0.510s] -- The C compiler identification is GNU 13.3.0
[0.510s] -- The CXX compiler identification is GNU 13.3.0
[0.510s] -- Detecting C compiler ABI info
[0.522s] -- Detecting C compiler ABI info - done
[0.540s] -- Check for working C compiler: /usr/bin/cc - skipped
[0.541s] -- Detecting C compile features
[0.541s] -- Detecting C compile features - done
[0.560s] -- Detecting CXX compiler ABI info
[0.845s] -- Detecting CXX compiler ABI info - done
[0.878s] -- Check for working CXX compiler: /usr/bin/c++ - skipped
[0.879s] -- Detecting CXX compile features
[0.880s] -- Detecting CXX compile features - done
[0.898s] -- Found ament_cmake: 2.5.3 (/opt/ros/jazzy/share/ament_cmake/cmake)
[1.257s] -- Found Python3: /usr/bin/python3 (found version "3.12.3") found components: Interpreter 
[1.450s] -- Override CMake install command with custom implementation using symlinks instead of copying resources
[1.544s] -- Found rclcpp: 28.1.6 (/opt/ros/jazzy/share/rclcpp/cmake)
[1.636s] -- Found rosidl_generator_c: 4.6.5 (/opt/ros/jazzy/share/rosidl_generator_c/cmake)
[1.672s] -- Found rosidl_generator_cpp: 4.6.5 (/opt/ros/jazzy/share/rosidl_generator_cpp/cmake)
[1.711s] -- Using all available rosidl_typesupport_c: rosidl_typesupport_fastrtps_c;rosidl_typesupport_introspection_c
[1.755s] -- Using all available rosidl_typesupport_cpp: rosidl_typesupport_fastrtps_cpp;rosidl_typesupport_introspection_cpp
[1.924s] -- Found rmw_implementation_cmake: 7.3.1 (/opt/ros/jazzy/share/rmw_implementation_cmake/cmake)
[1.932s] -- Found rmw_fastrtps_cpp: 8.4.1 (/opt/ros/jazzy/share/rmw_fastrtps_cpp/cmake)
[2.135s] -- Found OpenSSL: /usr/lib/aarch64-linux-gnu/libcrypto.so (found version "3.0.13")  
[2.172s] -- Found FastRTPS: /opt/ros/jazzy/include (Required is at least version "2.13") 
[2.222s] -- Using RMW implementation 'rmw_fastrtps_cpp' as default
[2.363s] -- Found sensor_msgs: 5.3.5 (/opt/ros/jazzy/share/sensor_msgs/cmake)
[2.470s] -- Found std_srvs: 5.3.5 (/opt/ros/jazzy/share/std_srvs/cmake)
[2.727s] -- Configuring done (2.7s)
[2.764s] -- Generating done (0.0s)
[2.775s] -- Build files have been written to: /home/ieee/justbaked/justbaked/build/sllidar_ros2
[2.808s] Invoked command in '/home/ieee/justbaked/justbaked/build/sllidar_ros2' returned '0': CMAKE_PREFIX_PATH=${CMAKE_PREFIX_PATH}:/opt/ros/jazzy DEBUGINFOD_URLS=https://debuginfod.ubuntu.com /usr/bin/cmake /home/ieee/justbaked/justbaked/src/sllidar_ros2 -DAMENT_CMAKE_SYMLINK_INSTALL=1 -DCMAKE_INSTALL_PREFIX=/home/ieee/justbaked/justbaked/install/sllidar_ros2
[2.808s] Invoking command in '/home/ieee/justbaked/justbaked/build/sllidar_ros2': CMAKE_PREFIX_PATH=${CMAKE_PREFIX_PATH}:/opt/ros/jazzy DEBUGINFOD_URLS=https://debuginfod.ubuntu.com /usr/bin/cmake --build /home/ieee/justbaked/justbaked/build/sllidar_ros2 -- -j4 -l4
[2.960s] [  5%] [32mBuilding CXX object CMakeFiles/sllidar_client.dir/src/sllidar_client.cpp.o[0m
[2.981s] [ 10%] [32mBuilding CXX object CMakeFiles/sllidar_node.dir/sdk/src/arch/linux/net_serial.cpp.o[0m
[2.981s] [ 15%] [32mBuilding CXX object CMakeFiles/sllidar_node.dir/sdk/src/arch/linux/net_socket.cpp.o[0m
[2.985s] [ 20%] [32mBuilding CXX object CMakeFiles/sllidar_node.dir/src/sllidar_node.cpp.o[0m
[3.916s] [01m[K/home/ieee/justbaked/justbaked/src/sllidar_ros2/sdk/src/arch/linux/net_serial.cpp:[m[K In member function ‘[01m[Kbool rp::arch::net::raw_serial::[01;32m[Kopen[m[K(const char*, uint32_t, uint32_t)[m[K’:
[3.917s] [01m[K/home/ieee/justbaked/justbaked/src/sllidar_ros2/sdk/src/arch/linux/net_serial.cpp:97:74:[m[K [01;35m[Kwarning: [m[Kunused parameter ‘[01m[Kflags[m[K’ [[01;35m[K-Wunused-parameter[m[K]
[3.917s]    97 | bool raw_serial::open(const char * portname, uint32_t baudrate, [01;35m[Kuint32_t flags[m[K)
[3.917s]       |                                                                 [01;35m[K~~~~~~~~~^~~~~[m[K
[3.920s] [01m[K/home/ieee/justbaked/justbaked/src/sllidar_ros2/sdk/src/arch/linux/net_serial.cpp:[m[K In member function ‘[01m[Kvirtual void rp::arch::net::raw_serial::[01;32m[Kflush[m[K(_u32)[m[K’:
[3.920s] [01m[K/home/ieee/justbaked/justbaked/src/sllidar_ros2/sdk/src/arch/linux/net_serial.cpp:281:30:[m[K [01;35m[Kwarning: [m[Kunused parameter ‘[01m[Kflags[m[K’ [[01;35m[K-Wunused-parameter[m[K]
[3.921s]   281 | void raw_serial::flush( [01;35m[K_u32 flags[m[K)
[3.921s]       |                         [01;35m[K~~~~~^~~~~[m[K
[3.921s] [01m[K/home/ieee/justbaked/justbaked/src/sllidar_ros2/sdk/src/arch/linux/net_serial.cpp:[m[K In member function ‘[01m[Kvirtual int rp::arch::net::raw_serial::[01;32m[Kwaitforsent[m[K(_u32, size_t*)[m[K’:
[3.921s] [01m[K/home/ieee/justbaked/justbaked/src/sllidar_ros2/sdk/src/arch/linux/net_serial.cpp:286:34:[m[K [01;35m[Kwarning: [m[Kunused parameter ‘[01m[Ktimeout[m[K’ [[01;35m[K-Wunused-parameter[m[K]
[3.921s]   286 | int raw_serial::waitforsent([01;35m[K_u32 timeout[m[K, size_t * returned_size)
[3.921s]       |                             [01;35m[K~~~~~^~~~~~~[m[K
[3.922s] [01m[K/home/ieee/justbaked/justbaked/src/sllidar_ros2/sdk/src/arch/linux/net_serial.cpp:[m[K In member function ‘[01m[Kvirtual int rp::arch::net::raw_serial::[01;32m[Kwaitforrecv[m[K(_u32, size_t*)[m[K’:
[3.922s] [01m[K/home/ieee/justbaked/justbaked/src/sllidar_ros2/sdk/src/arch/linux/net_serial.cpp:292:34:[m[K [01;35m[Kwarning: [m[Kunused parameter ‘[01m[Ktimeout[m[K’ [[01;35m[K-Wunused-parameter[m[K]
[3.923s]   292 | int raw_serial::waitforrecv([01;35m[K_u32 timeout[m[K, size_t * returned_size)
[3.923s]       |                             [01;35m[K~~~~~^~~~~~~[m[K
[3.924s] [01m[K/home/ieee/justbaked/justbaked/src/sllidar_ros2/sdk/src/arch/linux/net_serial.cpp:[m[K In member function ‘[01m[Kvirtual void rp::arch::net::raw_serial::[01;32m[KcancelOperation[m[K()[m[K’:
[3.924s] [01m[K/home/ieee/justbaked/justbaked/src/sllidar_ros2/sdk/src/arch/linux/net_serial.cpp:427:5:[m[K [01;35m[Kwarning: [m[Kvalue computed is not used [[01;35m[K-Wunused-value[m[K]
[3.924s]   427 |     [01;35m[K(int)::write(_selfpipe[1], "x", 1)[m[K;
[3.924s]       |     [01;35m[K^~~~~~~~~~~~~~~~~~~~~~~~~~~~~~~~~~[m[K
[4.192s] [ 25%] [32mBuilding CXX object CMakeFiles/sllidar_node.dir/sdk/src/arch/linux/timer.cpp.o[0m
[4.339s] In file included from [01m[K/home/ieee/justbaked/justbaked/src/sllidar_ros2/./sdk/include/rplidar_protocol.h:36[m[K,
[4.339s]                  from [01m[K/home/ieee/justbaked/justbaked/src/sllidar_ros2/./sdk/include/rplidar.h:39[m[K,
[4.340s]                  from [01m[K/home/ieee/justbaked/justbaked/src/sllidar_ros2/./sdk/src/sdkcommon.h:49[m[K,
[4.340s]                  from [01m[K/home/ieee/justbaked/justbaked/src/sllidar_ros2/sdk/src/arch/linux/net_socket.cpp:10[m[K:
[4.340s] [01m[K/home/ieee/justbaked/justbaked/src/sllidar_ros2/./sdk/include/sl_lidar_protocol.h:66:16:[m[K [01;35m[Kwarning: [m[KISO C++ forbids zero-size array ‘[01m[Kdata[m[K’ [[01;35m[K-Wpedantic[m[K]
[4.340s]    66 |     sl_u8 data[[01;35m[K0[m[K];
[4.340s]       |                [01;35m[K^[m[K
[4.340s] In file included from [01m[K/home/ieee/justbaked/justbaked/src/sllidar_ros2/./sdk/include/rplidar_cmd.h:36[m[K,
[4.340s]                  from [01m[K/home/ieee/justbaked/justbaked/src/sllidar_ros2/./sdk/include/rplidar.h:40[m[K:
[4.340s] [01m[K/home/ieee/justbaked/justbaked/src/sllidar_ros2/./sdk/include/sl_lidar_cmd.h:324:20:[m[K [01;35m[Kwarning: [m[KISO C++ forbids zero-size array ‘[01m[Kpayload[m[K’ [[01;35m[K-Wpedantic[m[K]
[4.340s]   324 |     sl_u8  payload[[01;35m[K0[m[K];
[4.340s]       |                    [01;35m[K^[m[K
[4.450s] In file included from [01m[K/home/ieee/justbaked/justbaked/src/sllidar_ros2/./sdk/src/arch/linux/arch_linux.h:42[m[K,
[4.456s]                  from [01m[K/home/ieee/justbaked/justbaked/src/sllidar_ros2/./sdk/src/sdkcommon.h:41[m[K:
[4.457s] [01m[K/home/ieee/justbaked/justbaked/src/sllidar_ros2/sdk/src/arch/linux/net_socket.cpp:[m[K In member function ‘[01m[Kvirtual u_result rp::arch::net::DGramSocketImpl::[01;32m[KsendTo[m[K(const rp::net::SocketAddress*, const void*, size_t)[m[K’:
[4.457s] [01m[K/home/ieee/justbaked/justbaked/src/sllidar_ros2/sdk/src/arch/linux/net_socket.cpp:733:24:[m[K [01;35m[Kwarning: [m[Kcomparison of integer expressions of different signedness: ‘[01m[Kint[m[K’ and ‘[01m[Ksize_t[m[K’ {aka ‘[01m[Klong unsigned int[m[K’} [[01;35m[K-Wsign-compare[m[K]
[4.457s]   733 |             assert([01;35m[Kans == len[m[K);
[4.457s]       |                    [01;35m[K~~~~^~~~~~[m[K
[5.264s] [ 30%] [32mBuilding CXX object CMakeFiles/sllidar_node.dir/sdk/src/dataunpacker/dataunpacker.cpp.o[0m
[6.187s] [ 35%] [32mBuilding CXX object CMakeFiles/sllidar_node.dir/sdk/src/dataunpacker/unpacker/handler_capsules.cpp.o[0m
[7.021s] In file included from [01m[K/home/ieee/justbaked/justbaked/src/sllidar_ros2/./sdk/include/rplidar_protocol.h:36[m[K,
[7.023s]                  from [01m[K/home/ieee/justbaked/justbaked/src/sllidar_ros2/./sdk/include/rplidar.h:39[m[K,
[7.025s]                  from [01m[K/home/ieee/justbaked/justbaked/src/sllidar_ros2/./sdk/src/sdkcommon.h:49[m[K,
[7.025s]                  from [01m[K/home/ieee/justbaked/justbaked/src/sllidar_ros2/sdk/src/dataunpacker/dataunnpacker_commondef.h:41[m[K,
[7.025s]                  from [01m[K/home/ieee/justbaked/justbaked/src/sllidar_ros2/sdk/src/dataunpacker/dataunpacker.cpp:39[m[K:
[7.025s] [01m[K/home/ieee/justbaked/justbaked/src/sllidar_ros2/./sdk/include/sl_lidar_protocol.h:66:16:[m[K [01;35m[Kwarning: [m[KISO C++ forbids zero-size array ‘[01m[Kdata[m[K’ [[01;35m[K-Wpedantic[m[K]
[7.025s]    66 |     sl_u8 data[[01;35m[K0[m[K];
[7.026s]       |                [01;35m[K^[m[K
[7.026s] In file included from [01m[K/home/ieee/justbaked/justbaked/src/sllidar_ros2/./sdk/include/rplidar_cmd.h:36[m[K,
[7.031s]                  from [01m[K/home/ieee/justbaked/justbaked/src/sllidar_ros2/./sdk/include/rplidar.h:40[m[K:
[7.031s] [01m[K/home/ieee/justbaked/justbaked/src/sllidar_ros2/./sdk/include/sl_lidar_cmd.h:324:20:[m[K [01;35m[Kwarning: [m[KISO C++ forbids zero-size array ‘[01m[Kpayload[m[K’ [[01;35m[K-Wpedantic[m[K]
[7.031s]   324 |     sl_u8  payload[[01;35m[K0[m[K];
[7.032s]       |                    [01;35m[K^[m[K
[7.482s] In file included from [01m[K/home/ieee/justbaked/justbaked/src/sllidar_ros2/sdk/src/dataunpacker/dataunpacker.cpp:40[m[K:
[7.487s] [01m[K/home/ieee/justbaked/justbaked/src/sllidar_ros2/sdk/src/dataunpacker/dataunpacker.h:[m[K In member function ‘[01m[Kvirtual void sl::internal::LIDARSampleDataListener::[01;32m[KonCustomSampleDataDecoded[m[K(_u8, _u32, const void*, size_t)[m[K’:
[7.488s] [01m[K/home/ieee/justbaked/justbaked/src/sllidar_ros2/sdk/src/dataunpacker/dataunpacker.h:54:52:[m[K [01;35m[Kwarning: [m[Kunused parameter ‘[01m[KansType[m[K’ [[01;35m[K-Wunused-parameter[m[K]
[7.488s]    54 |         virtual void onCustomSampleDataDecoded([01;35m[K_u8 ansType[m[K, _u32 customCode, const void* data, size_t size) {}
[7.488s]       |                                                [01;35m[K~~~~^~~~~~~[m[K
[7.488s] [01m[K/home/ieee/justbaked/justbaked/src/sllidar_ros2/sdk/src/dataunpacker/dataunpacker.h:54:66:[m[K [01;35m[Kwarning: [m[Kunused parameter ‘[01m[KcustomCode[m[K’ [[01;35m[K-Wunused-parameter[m[K]
[7.488s]    54 |         virtual void onCustomSampleDataDecoded(_u8 ansType, [01;35m[K_u32 customCode[m[K, const void* data, size_t size) {}
[7.488s]       |                                                             [01;35m[K~~~~~^~~~~~~~~~[m[K
[7.488s] [01m[K/home/ieee/justbaked/justbaked/src/sllidar_ros2/sdk/src/dataunpacker/dataunpacker.h:54:90:[m[K [01;35m[Kwarning: [m[Kunused parameter ‘[01m[Kdata[m[K’ [[01;35m[K-Wunused-parameter[m[K]
[7.489s]    54 |         virtual void onCustomSampleDataDecoded(_u8 ansType, _u32 customCode, [01;35m[Kconst void* data[m[K, size_t size) {}
[7.489s]       |                                                                              [01;35m[K~~~~~~~~~~~~^~~~[m[K
[7.489s] [01m[K/home/ieee/justbaked/justbaked/src/sllidar_ros2/sdk/src/dataunpacker/dataunpacker.h:54:103:[m[K [01;35m[Kwarning: [m[Kunused parameter ‘[01m[Ksize[m[K’ [[01;35m[K-Wunused-parameter[m[K]
[7.489s]    54 |         virtual void onCustomSampleDataDecoded(_u8 ansType, _u32 customCode, const void* data, [01;35m[Ksize_t size[m[K) {}
[7.489s]       |                                                                                                [01;35m[K~~~~~~~^~~~[m[K
[7.489s] [01m[K/home/ieee/justbaked/justbaked/src/sllidar_ros2/sdk/src/dataunpacker/dataunpacker.h:[m[K In member function ‘[01m[Kvirtual void sl::internal::LIDARSampleDataListener::[01;32m[KonDecodingError[m[K(int, _u8, const void*, size_t)[m[K’:
[7.490s] [01m[K/home/ieee/justbaked/justbaked/src/sllidar_ros2/sdk/src/dataunpacker/dataunpacker.h:56:42:[m[K [01;35m[Kwarning: [m[Kunused parameter ‘[01m[KerrMsg[m[K’ [[01;35m[K-Wunused-parameter[m[K]
[7.490s]    56 |         virtual void onDecodingError([01;35m[Kint errMsg[m[K, _u8 ansType, const void* payload, size_t size) {}
[7.496s]       |                                      [01;35m[K~~~~^~~~~~[m[K
[7.496s] [01m[K/home/ieee/justbaked/justbaked/src/sllidar_ros2/sdk/src/dataunpacker/dataunpacker.h:56:54:[m[K [01;35m[Kwarning: [m[Kunused parameter ‘[01m[KansType[m[K’ [[01;35m[K-Wunused-parameter[m[K]
[7.497s]    56 |         virtual void onDecodingError(int errMsg, [01;35m[K_u8 ansType[m[K, const void* payload, size_t size) {}
[7.497s]       |                                                  [01;35m[K~~~~^~~~~~~[m[K
[7.497s] [01m[K/home/ieee/justbaked/justbaked/src/sllidar_ros2/sdk/src/dataunpacker/dataunpacker.h:56:75:[m[K [01;35m[Kwarning: [m[Kunused parameter ‘[01m[Kpayload[m[K’ [[01;35m[K-Wunused-parameter[m[K]
[7.497s]    56 |         virtual void onDecodingError(int errMsg, _u8 ansType, [01;35m[Kconst void* payload[m[K, size_t size) {}
[7.497s]       |                                                               [01;35m[K~~~~~~~~~~~~^~~~~~~[m[K
[7.497s] [01m[K/home/ieee/justbaked/justbaked/src/sllidar_ros2/sdk/src/dataunpacker/dataunpacker.h:56:91:[m[K [01;35m[Kwarning: [m[Kunused parameter ‘[01m[Ksize[m[K’ [[01;35m[K-Wunused-parameter[m[K]
[7.497s]    56 |         virtual void onDecodingError(int errMsg, _u8 ansType, const void* payload, [01;35m[Ksize_t size[m[K) {}
[7.497s]       |                                                                                    [01;35m[K~~~~~~~^~~~[m[K
[8.030s] In file included from [01m[K/home/ieee/justbaked/justbaked/src/sllidar_ros2/./sdk/include/rplidar_protocol.h:36[m[K,
[8.034s]                  from [01m[K/home/ieee/justbaked/justbaked/src/sllidar_ros2/./sdk/include/rplidar.h:39[m[K,
[8.034s]                  from [01m[K/home/ieee/justbaked/justbaked/src/sllidar_ros2/./sdk/src/sdkcommon.h:49[m[K,
[8.035s]                  from [01m[K/home/ieee/justbaked/justbaked/src/sllidar_ros2/sdk/src/dataunpacker/unpacker/../dataunnpacker_commondef.h:41[m[K,
[8.035s]                  from [01m[K/home/ieee/justbaked/justbaked/src/sllidar_ros2/sdk/src/dataunpacker/unpacker/handler_capsules.cpp:39[m[K:
[8.035s] [01m[K/home/ieee/justbaked/justbaked/src/sllidar_ros2/./sdk/include/sl_lidar_protocol.h:66:16:[m[K [01;35m[Kwarning: [m[KISO C++ forbids zero-size array ‘[01m[Kdata[m[K’ [[01;35m[K-Wpedantic[m[K]
[8.035s]    66 |     sl_u8 data[[01;35m[K0[m[K];
[8.035s]       |                [01;35m[K^[m[K
[8.035s] In file included from [01m[K/home/ieee/justbaked/justbaked/src/sllidar_ros2/./sdk/include/rplidar_cmd.h:36[m[K,
[8.035s]                  from [01m[K/home/ieee/justbaked/justbaked/src/sllidar_ros2/./sdk/include/rplidar.h:40[m[K:
[8.035s] [01m[K/home/ieee/justbaked/justbaked/src/sllidar_ros2/./sdk/include/sl_lidar_cmd.h:324:20:[m[K [01;35m[Kwarning: [m[KISO C++ forbids zero-size array ‘[01m[Kpayload[m[K’ [[01;35m[K-Wpedantic[m[K]
[8.036s]   324 |     sl_u8  payload[[01;35m[K0[m[K];
[8.036s]       |                    [01;35m[K^[m[K
[8.266s] [ 40%] [32mBuilding CXX object CMakeFiles/sllidar_node.dir/sdk/src/dataunpacker/unpacker/handler_hqnode.cpp.o[0m
[8.586s] In file included from [01m[K/home/ieee/justbaked/justbaked/src/sllidar_ros2/sdk/src/dataunpacker/unpacker/handler_capsules.cpp:40[m[K:
[8.586s] [01m[K/home/ieee/justbaked/justbaked/src/sllidar_ros2/sdk/src/dataunpacker/unpacker/../dataunpacker.h:[m[K In member function ‘[01m[Kvirtual void sl::internal::LIDARSampleDataListener::[01;32m[KonCustomSampleDataDecoded[m[K(_u8, _u32, const void*, size_t)[m[K’:
[8.586s] [01m[K/home/ieee/justbaked/justbaked/src/sllidar_ros2/sdk/src/dataunpacker/unpacker/../dataunpacker.h:54:52:[m[K [01;35m[Kwarning: [m[Kunused parameter ‘[01m[KansType[m[K’ [[01;35m[K-Wunused-parameter[m[K]
[8.586s]    54 |         virtual void onCustomSampleDataDecoded([01;35m[K_u8 ansType[m[K, _u32 customCode, const void* data, size_t size) {}
[8.587s]       |                                                [01;35m[K~~~~^~~~~~~[m[K
[8.587s] [01m[K/home/ieee/justbaked/justbaked/src/sllidar_ros2/sdk/src/dataunpacker/unpacker/../dataunpacker.h:54:66:[m[K [01;35m[Kwarning: [m[Kunused parameter ‘[01m[KcustomCode[m[K’ [[01;35m[K-Wunused-parameter[m[K]
[8.587s]    54 |         virtual void onCustomSampleDataDecoded(_u8 ansType, [01;35m[K_u32 customCode[m[K, const void* data, size_t size) {}
[8.587s]       |                                                             [01;35m[K~~~~~^~~~~~~~~~[m[K
[8.587s] [01m[K/home/ieee/justbaked/justbaked/src/sllidar_ros2/sdk/src/dataunpacker/unpacker/../dataunpacker.h:54:90:[m[K [01;35m[Kwarning: [m[Kunused parameter ‘[01m[Kdata[m[K’ [[01;35m[K-Wunused-parameter[m[K]
[8.587s]    54 |         virtual void onCustomSampleDataDecoded(_u8 ansType, _u32 customCode, [01;35m[Kconst void* data[m[K, size_t size) {}
[8.587s]       |                                                                              [01;35m[K~~~~~~~~~~~~^~~~[m[K
[8.587s] [01m[K/home/ieee/justbaked/justbaked/src/sllidar_ros2/sdk/src/dataunpacker/unpacker/../dataunpacker.h:54:103:[m[K [01;35m[Kwarning: [m[Kunused parameter ‘[01m[Ksize[m[K’ [[01;35m[K-Wunused-parameter[m[K]
[8.587s]    54 |         virtual void onCustomSampleDataDecoded(_u8 ansType, _u32 customCode, const void* data, [01;35m[Ksize_t size[m[K) {}
[8.588s]       |                                                                                                [01;35m[K~~~~~~~^~~~[m[K
[8.588s] [01m[K/home/ieee/justbaked/justbaked/src/sllidar_ros2/sdk/src/dataunpacker/unpacker/../dataunpacker.h:[m[K In member function ‘[01m[Kvirtual void sl::internal::LIDARSampleDataListener::[01;32m[KonDecodingError[m[K(int, _u8, const void*, size_t)[m[K’:
[8.588s] [01m[K/home/ieee/justbaked/justbaked/src/sllidar_ros2/sdk/src/dataunpacker/unpacker/../dataunpacker.h:56:42:[m[K [01;35m[Kwarning: [m[Kunused parameter ‘[01m[KerrMsg[m[K’ [[01;35m[K-Wunused-parameter[m[K]
[8.588s]    56 |         virtual void onDecodingError([01;35m[Kint errMsg[m[K, _u8 ansType, const void* payload, size_t size) {}
[8.594s]       |                                      [01;35m[K~~~~^~~~~~[m[K
[8.594s] [01m[K/home/ieee/justbaked/justbaked/src/sllidar_ros2/sdk/src/dataunpacker/unpacker/../dataunpacker.h:56:54:[m[K [01;35m[Kwarning: [m[Kunused parameter ‘[01m[KansType[m[K’ [[01;35m[K-Wunused-parameter[m[K]
[8.594s]    56 |         virtual void onDecodingError(int errMsg, [01;35m[K_u8 ansType[m[K, const void* payload, size_t size) {}
[8.595s]       |                                                  [01;35m[K~~~~^~~~~~~[m[K
[8.595s] [01m[K/home/ieee/justbaked/justbaked/src/sllidar_ros2/sdk/src/dataunpacker/unpacker/../dataunpacker.h:56:75:[m[K [01;35m[Kwarning: [m[Kunused parameter ‘[01m[Kpayload[m[K’ [[01;35m[K-Wunused-parameter[m[K]
[8.595s]    56 |         virtual void onDecodingError(int errMsg, _u8 ansType, [01;35m[Kconst void* payload[m[K, size_t size) {}
[8.595s]       |                                                               [01;35m[K~~~~~~~~~~~~^~~~~~~[m[K
[8.595s] [01m[K/home/ieee/justbaked/justbaked/src/sllidar_ros2/sdk/src/dataunpacker/unpacker/../dataunpacker.h:56:91:[m[K [01;35m[Kwarning: [m[Kunused parameter ‘[01m[Ksize[m[K’ [[01;35m[K-Wunused-parameter[m[K]
[8.595s]    56 |         virtual void onDecodingError(int errMsg, _u8 ansType, const void* payload, [01;35m[Ksize_t size[m[K) {}
[8.595s]       |                                                                                    [01;35m[K~~~~~~~^~~~[m[K
[8.625s] [01m[K/home/ieee/justbaked/justbaked/src/sllidar_ros2/sdk/src/dataunpacker/unpacker/handler_capsules.cpp:[m[K In member function ‘[01m[Kvoid sl::internal::unpacker::UnpackerHandler_DenseCapsuleNode::[01;32m[K_onScanNodeDenseCapsuleData[m[K(rplidar_response_dense_capsule_measurement_nodes_t&, sl::internal::LIDARSampleDataUnpackerInner*)[m[K’:
[8.625s] [01m[K/home/ieee/justbaked/justbaked/src/sllidar_ros2/sdk/src/dataunpacker/unpacker/handler_capsules.cpp:763:30:[m[K [01;35m[Kwarning: [m[Ktype qualifiers ignored on cast result type [[01;35m[K-Wignored-qualifiers[m[K]
[8.625s]   763 |             const int dist = [01;35m[Kstatic_cast<const int>(_cached_previous_dense_capsuledata.cabins[pos].distance)[m[K;
[8.625s]       |                              [01;35m[K^~~~~~~~~~~~~~~~~~~~~~~~~~~~~~~~~~~~~~~~~~~~~~~~~~~~~~~~~~~~~~~~~~~~~~~~~~~~~~~[m[K
[9.311s] [ 45%] [32mBuilding CXX object CMakeFiles/sllidar_node.dir/sdk/src/dataunpacker/unpacker/handler_normalnode.cpp.o[0m
[9.798s] In file included from [01m[K/home/ieee/justbaked/justbaked/src/sllidar_ros2/./sdk/include/rplidar_protocol.h:36[m[K,
[9.798s]                  from [01m[K/home/ieee/justbaked/justbaked/src/sllidar_ros2/./sdk/include/rplidar.h:39[m[K,
[9.798s]                  from [01m[K/home/ieee/justbaked/justbaked/src/sllidar_ros2/./sdk/src/sdkcommon.h:49[m[K,
[9.799s]                  from [01m[K/home/ieee/justbaked/justbaked/src/sllidar_ros2/sdk/src/dataunpacker/unpacker/../dataunnpacker_commondef.h:41[m[K,
[9.799s]                  from [01m[K/home/ieee/justbaked/justbaked/src/sllidar_ros2/sdk/src/dataunpacker/unpacker/handler_hqnode.cpp:39[m[K:
[9.799s] [01m[K/home/ieee/justbaked/justbaked/src/sllidar_ros2/./sdk/include/sl_lidar_protocol.h:66:16:[m[K [01;35m[Kwarning: [m[KISO C++ forbids zero-size array ‘[01m[Kdata[m[K’ [[01;35m[K-Wpedantic[m[K]
[9.799s]    66 |     sl_u8 data[[01;35m[K0[m[K];
[9.800s]       |                [01;35m[K^[m[K
[9.800s] In file included from [01m[K/home/ieee/justbaked/justbaked/src/sllidar_ros2/./sdk/include/rplidar_cmd.h:36[m[K,
[9.800s]                  from [01m[K/home/ieee/justbaked/justbaked/src/sllidar_ros2/./sdk/include/rplidar.h:40[m[K:
[9.800s] [01m[K/home/ieee/justbaked/justbaked/src/sllidar_ros2/./sdk/include/sl_lidar_cmd.h:324:20:[m[K [01;35m[Kwarning: [m[KISO C++ forbids zero-size array ‘[01m[Kpayload[m[K’ [[01;35m[K-Wpedantic[m[K]
[9.800s]   324 |     sl_u8  payload[[01;35m[K0[m[K];
[9.800s]       |                    [01;35m[K^[m[K
[10.016s] In file included from [01m[K/home/ieee/justbaked/justbaked/src/sllidar_ros2/sdk/src/dataunpacker/unpacker/handler_hqnode.cpp:40[m[K:
[10.016s] [01m[K/home/ieee/justbaked/justbaked/src/sllidar_ros2/sdk/src/dataunpacker/unpacker/../dataunpacker.h:[m[K In member function ‘[01m[Kvirtual void sl::internal::LIDARSampleDataListener::[01;32m[KonCustomSampleDataDecoded[m[K(_u8, _u32, const void*, size_t)[m[K’:
[10.016s] [01m[K/home/ieee/justbaked/justbaked/src/sllidar_ros2/sdk/src/dataunpacker/unpacker/../dataunpacker.h:54:52:[m[K [01;35m[Kwarning: [m[Kunused parameter ‘[01m[KansType[m[K’ [[01;35m[K-Wunused-parameter[m[K]
[10.017s]    54 |         virtual void onCustomSampleDataDecoded([01;35m[K_u8 ansType[m[K, _u32 customCode, const void* data, size_t size) {}
[10.017s]       |                                                [01;35m[K~~~~^~~~~~~[m[K
[10.017s] [01m[K/home/ieee/justbaked/justbaked/src/sllidar_ros2/sdk/src/dataunpacker/unpacker/../dataunpacker.h:54:66:[m[K [01;35m[Kwarning: [m[Kunused parameter ‘[01m[KcustomCode[m[K’ [[01;35m[K-Wunused-parameter[m[K]
[10.017s]    54 |         virtual void onCustomSampleDataDecoded(_u8 ansType, [01;35m[K_u32 customCode[m[K, const void* data, size_t size) {}
[10.017s]       |                                                             [01;35m[K~~~~~^~~~~~~~~~[m[K
[10.017s] [01m[K/home/ieee/justbaked/justbaked/src/sllidar_ros2/sdk/src/dataunpacker/unpacker/../dataunpacker.h:54:90:[m[K [01;35m[Kwarning: [m[Kunused parameter ‘[01m[Kdata[m[K’ [[01;35m[K-Wunused-parameter[m[K]
[10.017s]    54 |         virtual void onCustomSampleDataDecoded(_u8 ansType, _u32 customCode, [01;35m[Kconst void* data[m[K, size_t size) {}
[10.018s]       |                                                                              [01;35m[K~~~~~~~~~~~~^~~~[m[K
[10.018s] [01m[K/home/ieee/justbaked/justbaked/src/sllidar_ros2/sdk/src/dataunpacker/unpacker/../dataunpacker.h:54:103:[m[K [01;35m[Kwarning: [m[Kunused parameter ‘[01m[Ksize[m[K’ [[01;35m[K-Wunused-parameter[m[K]
[10.018s]    54 |         virtual void onCustomSampleDataDecoded(_u8 ansType, _u32 customCode, const void* data, [01;35m[Ksize_t size[m[K) {}
[10.018s]       |                                                                                                [01;35m[K~~~~~~~^~~~[m[K
[10.018s] [01m[K/home/ieee/justbaked/justbaked/src/sllidar_ros2/sdk/src/dataunpacker/unpacker/../dataunpacker.h:[m[K In member function ‘[01m[Kvirtual void sl::internal::LIDARSampleDataListener::[01;32m[KonDecodingError[m[K(int, _u8, const void*, size_t)[m[K’:
[10.018s] [01m[K/home/ieee/justbaked/justbaked/src/sllidar_ros2/sdk/src/dataunpacker/unpacker/../dataunpacker.h:56:42:[m[K [01;35m[Kwarning: [m[Kunused parameter ‘[01m[KerrMsg[m[K’ [[01;35m[K-Wunused-parameter[m[K]
[10.018s]    56 |         virtual void onDecodingError([01;35m[Kint errMsg[m[K, _u8 ansType, const void* payload, size_t size) {}
[10.018s]       |                                      [01;35m[K~~~~^~~~~~[m[K
[10.018s] [01m[K/home/ieee/justbaked/justbaked/src/sllidar_ros2/sdk/src/dataunpacker/unpacker/../dataunpacker.h:56:54:[m[K [01;35m[Kwarning: [m[Kunused parameter ‘[01m[KansType[m[K’ [[01;35m[K-Wunused-parameter[m[K]
[10.019s]    56 |         virtual void onDecodingError(int errMsg, [01;35m[K_u8 ansType[m[K, const void* payload, size_t size) {}
[10.019s]       |                                                  [01;35m[K~~~~^~~~~~~[m[K
[10.022s] [01m[K/home/ieee/justbaked/justbaked/src/sllidar_ros2/sdk/src/dataunpacker/unpacker/../dataunpacker.h:56:75:[m[K [01;35m[Kwarning: [m[Kunused parameter ‘[01m[Kpayload[m[K’ [[01;35m[K-Wunused-parameter[m[K]
[10.022s]    56 |         virtual void onDecodingError(int errMsg, _u8 ansType, [01;35m[Kconst void* payload[m[K, size_t size) {}
[10.022s]       |                                                               [01;35m[K~~~~~~~~~~~~^~~~~~~[m[K
[10.023s] [01m[K/home/ieee/justbaked/justbaked/src/sllidar_ros2/sdk/src/dataunpacker/unpacker/../dataunpacker.h:56:91:[m[K [01;35m[Kwarning: [m[Kunused parameter ‘[01m[Ksize[m[K’ [[01;35m[K-Wunused-parameter[m[K]
[10.023s]    56 |         virtual void onDecodingError(int errMsg, _u8 ansType, const void* payload, [01;35m[Ksize_t size[m[K) {}
[10.026s]       |                                                                                    [01;35m[K~~~~~~~^~~~[m[K
[10.315s] [ 50%] [32mBuilding CXX object CMakeFiles/sllidar_node.dir/sdk/src/hal/thread.cpp.o[0m
[11.298s] In file included from [01m[K/home/ieee/justbaked/justbaked/src/sllidar_ros2/./sdk/include/rplidar_protocol.h:36[m[K,
[11.303s]                  from [01m[K/home/ieee/justbaked/justbaked/src/sllidar_ros2/./sdk/include/rplidar.h:39[m[K,
[11.303s]                  from [01m[K/home/ieee/justbaked/justbaked/src/sllidar_ros2/./sdk/src/sdkcommon.h:49[m[K,
[11.304s]                  from [01m[K/home/ieee/justbaked/justbaked/src/sllidar_ros2/sdk/src/dataunpacker/unpacker/../dataunnpacker_commondef.h:41[m[K,
[11.304s]                  from [01m[K/home/ieee/justbaked/justbaked/src/sllidar_ros2/sdk/src/dataunpacker/unpacker/handler_normalnode.cpp:39[m[K:
[11.304s] [01m[K/home/ieee/justbaked/justbaked/src/sllidar_ros2/./sdk/include/sl_lidar_protocol.h:66:16:[m[K [01;35m[Kwarning: [m[KISO C++ forbids zero-size array ‘[01m[Kdata[m[K’ [[01;35m[K-Wpedantic[m[K]
[11.304s]    66 |     sl_u8 data[[01;35m[K0[m[K];
[11.304s]       |                [01;35m[K^[m[K
[11.304s] In file included from [01m[K/home/ieee/justbaked/justbaked/src/sllidar_ros2/./sdk/include/rplidar_cmd.h:36[m[K,
[11.305s]                  from [01m[K/home/ieee/justbaked/justbaked/src/sllidar_ros2/./sdk/include/rplidar.h:40[m[K:
[11.305s] [01m[K/home/ieee/justbaked/justbaked/src/sllidar_ros2/./sdk/include/sl_lidar_cmd.h:324:20:[m[K [01;35m[Kwarning: [m[KISO C++ forbids zero-size array ‘[01m[Kpayload[m[K’ [[01;35m[K-Wpedantic[m[K]
[11.305s]   324 |     sl_u8  payload[[01;35m[K0[m[K];
[11.305s]       |                    [01;35m[K^[m[K
[11.748s] In file included from [01m[K/home/ieee/justbaked/justbaked/src/sllidar_ros2/./sdk/include/rplidar_protocol.h:36[m[K,
[11.748s]                  from [01m[K/home/ieee/justbaked/justbaked/src/sllidar_ros2/./sdk/include/rplidar.h:39[m[K,
[11.748s]                  from [01m[K/home/ieee/justbaked/justbaked/src/sllidar_ros2/./sdk/src/sdkcommon.h:49[m[K,
[11.748s]                  from [01m[K/home/ieee/justbaked/justbaked/src/sllidar_ros2/sdk/src/hal/thread.cpp:35[m[K:
[11.749s] [01m[K/home/ieee/justbaked/justbaked/src/sllidar_ros2/./sdk/include/sl_lidar_protocol.h:66:16:[m[K [01;35m[Kwarning: [m[KISO C++ forbids zero-size array ‘[01m[Kdata[m[K’ [[01;35m[K-Wpedantic[m[K]
[11.749s]    66 |     sl_u8 data[[01;35m[K0[m[K];
[11.751s]       |                [01;35m[K^[m[K
[11.751s] In file included from [01m[K/home/ieee/justbaked/justbaked/src/sllidar_ros2/./sdk/include/rplidar_cmd.h:36[m[K,
[11.751s]                  from [01m[K/home/ieee/justbaked/justbaked/src/sllidar_ros2/./sdk/include/rplidar.h:40[m[K:
[11.752s] [01m[K/home/ieee/justbaked/justbaked/src/sllidar_ros2/./sdk/include/sl_lidar_cmd.h:324:20:[m[K [01;35m[Kwarning: [m[KISO C++ forbids zero-size array ‘[01m[Kpayload[m[K’ [[01;35m[K-Wpedantic[m[K]
[11.752s]   324 |     sl_u8  payload[[01;35m[K0[m[K];
[11.752s]       |                    [01;35m[K^[m[K
[11.864s] In file included from [01m[K/home/ieee/justbaked/justbaked/src/sllidar_ros2/sdk/src/hal/thread.cpp:43[m[K:
[11.864s] [01m[K/home/ieee/justbaked/justbaked/src/sllidar_ros2/./sdk/src/arch/linux/thread.hpp:[m[K In static member function ‘[01m[Kstatic rp::hal::Thread rp::hal::Thread::[01;32m[Kcreate[m[K(thread_proc_t, void*)[m[K’:
[11.865s] [01m[K/home/ieee/justbaked/justbaked/src/sllidar_ros2/./sdk/src/arch/linux/thread.hpp:52:57:[m[K [01;35m[Kwarning: [m[Kcast between incompatible function types from ‘[01m[Kthread_proc_t[m[K’ {aka ‘[01m[Klong unsigned int (*)(void*)[m[K’} to ‘[01m[Kvoid* (*)(void*)[m[K’ [[01;35m[K-Wcast-function-type[m[K]
[11.865s]    52 |     pthread_create((pthread_t *)&newborn._handle, NULL, [01;35m[K(void * (*)(void *))proc[m[K, data);
[11.865s]       |                                                         [01;35m[K^~~~~~~~~~~~~~~~~~~~~~~~[m[K
[11.867s] [01m[K/home/ieee/justbaked/justbaked/src/sllidar_ros2/./sdk/src/arch/linux/thread.hpp:[m[K In member function ‘[01m[Ku_result rp::hal::Thread::[01;32m[Kjoin[m[K(long unsigned int)[m[K’:
[11.868s] [01m[K/home/ieee/justbaked/justbaked/src/sllidar_ros2/./sdk/src/arch/linux/thread.hpp:176:37:[m[K [01;35m[Kwarning: [m[Kunused parameter ‘[01m[Ktimeout[m[K’ [[01;35m[K-Wunused-parameter[m[K]
[11.870s]   176 | u_result Thread::join([01;35m[Kunsigned long timeout[m[K)
[11.870s]       |                       [01;35m[K~~~~~~~~~~~~~~^~~~~~~[m[K
[11.871s] In file included from [01m[K/home/ieee/justbaked/justbaked/src/sllidar_ros2/sdk/src/dataunpacker/unpacker/handler_normalnode.cpp:40[m[K:
[11.871s] [01m[K/home/ieee/justbaked/justbaked/src/sllidar_ros2/sdk/src/dataunpacker/unpacker/../dataunpacker.h:[m[K In member function ‘[01m[Kvirtual void sl::internal::LIDARSampleDataListener::[01;32m[KonCustomSampleDataDecoded[m[K(_u8, _u32, const void*, size_t)[m[K’:
[11.871s] [01m[K/home/ieee/justbaked/justbaked/src/sllidar_ros2/sdk/src/dataunpacker/unpacker/../dataunpacker.h:54:52:[m[K [01;35m[Kwarning: [m[Kunused parameter ‘[01m[KansType[m[K’ [[01;35m[K-Wunused-parameter[m[K]
[11.872s]    54 |         virtual void onCustomSampleDataDecoded([01;35m[K_u8 ansType[m[K, _u32 customCode, const void* data, size_t size) {}
[11.872s]       |                                                [01;35m[K~~~~^~~~~~~[m[K
[11.872s] [01m[K/home/ieee/justbaked/justbaked/src/sllidar_ros2/sdk/src/dataunpacker/unpacker/../dataunpacker.h:54:66:[m[K [01;35m[Kwarning: [m[Kunused parameter ‘[01m[KcustomCode[m[K’ [[01;35m[K-Wunused-parameter[m[K]
[11.872s]    54 |         virtual void onCustomSampleDataDecoded(_u8 ansType, [01;35m[K_u32 customCode[m[K, const void* data, size_t size) {}
[11.872s]       |                                                             [01;35m[K~~~~~^~~~~~~~~~[m[K
[11.872s] [01m[K/home/ieee/justbaked/justbaked/src/sllidar_ros2/sdk/src/dataunpacker/unpacker/../dataunpacker.h:54:90:[m[K [01;35m[Kwarning: [m[Kunused parameter ‘[01m[Kdata[m[K’ [[01;35m[K-Wunused-parameter[m[K]
[11.872s]    54 |         virtual void onCustomSampleDataDecoded(_u8 ansType, _u32 customCode, [01;35m[Kconst void* data[m[K, size_t size) {}
[11.873s]       |                                                                              [01;35m[K~~~~~~~~~~~~^~~~[m[K
[11.873s] [01m[K/home/ieee/justbaked/justbaked/src/sllidar_ros2/sdk/src/dataunpacker/unpacker/../dataunpacker.h:54:103:[m[K [01;35m[Kwarning: [m[Kunused parameter ‘[01m[Ksize[m[K’ [[01;35m[K-Wunused-parameter[m[K]
[11.873s]    54 |         virtual void onCustomSampleDataDecoded(_u8 ansType, _u32 customCode, const void* data, [01;35m[Ksize_t size[m[K) {}
[11.873s]       |                                                                                                [01;35m[K~~~~~~~^~~~[m[K
[11.873s] [01m[K/home/ieee/justbaked/justbaked/src/sllidar_ros2/sdk/src/dataunpacker/unpacker/../dataunpacker.h:[m[K In member function ‘[01m[Kvirtual void sl::internal::LIDARSampleDataListener::[01;32m[KonDecodingError[m[K(int, _u8, const void*, size_t)[m[K’:
[11.873s] [01m[K/home/ieee/justbaked/justbaked/src/sllidar_ros2/sdk/src/dataunpacker/unpacker/../dataunpacker.h:56:42:[m[K [01;35m[Kwarning: [m[Kunused parameter ‘[01m[KerrMsg[m[K’ [[01;35m[K-Wunused-parameter[m[K]
[11.873s]    56 |         virtual void onDecodingError([01;35m[Kint errMsg[m[K, _u8 ansType, const void* payload, size_t size) {}
[11.873s]       |                                      [01;35m[K~~~~^~~~~~[m[K
[11.873s] [01m[K/home/ieee/justbaked/justbaked/src/sllidar_ros2/sdk/src/dataunpacker/unpacker/../dataunpacker.h:56:54:[m[K [01;35m[Kwarning: [m[Kunused parameter ‘[01m[KansType[m[K’ [[01;35m[K-Wunused-parameter[m[K]
[11.874s]    56 |         virtual void onDecodingError(int errMsg, [01;35m[K_u8 ansType[m[K, const void* payload, size_t size) {}
[11.874s]       |                                                  [01;35m[K~~~~^~~~~~~[m[K
[11.878s] [01m[K/home/ieee/justbaked/justbaked/src/sllidar_ros2/sdk/src/dataunpacker/unpacker/../dataunpacker.h:56:75:[m[K [01;35m[Kwarning: [m[Kunused parameter ‘[01m[Kpayload[m[K’ [[01;35m[K-Wunused-parameter[m[K]
[11.879s]    56 |         virtual void onDecodingError(int errMsg, _u8 ansType, [01;35m[Kconst void* payload[m[K, size_t size) {}
[11.879s]       |                                                               [01;35m[K~~~~~~~~~~~~^~~~~~~[m[K
[11.879s] [01m[K/home/ieee/justbaked/justbaked/src/sllidar_ros2/sdk/src/dataunpacker/unpacker/../dataunpacker.h:56:91:[m[K [01;35m[Kwarning: [m[Kunused parameter ‘[01m[Ksize[m[K’ [[01;35m[K-Wunused-parameter[m[K]
[11.879s]    56 |         virtual void onDecodingError(int errMsg, _u8 ansType, const void* payload, [01;35m[Ksize_t size[m[K) {}
[11.879s]       |                                                                                    [01;35m[K~~~~~~~^~~~[m[K
[11.879s] In file included from [01m[K/home/ieee/justbaked/justbaked/src/sllidar_ros2/./sdk/include/sl_lidar_cmd.h:41[m[K,
[11.879s]                  from [01m[K/home/ieee/justbaked/justbaked/src/sllidar_ros2/./sdk/include/sl_lidar_driver.h:54[m[K,
[11.879s]                  from [01m[K/home/ieee/justbaked/justbaked/src/sllidar_ros2/./sdk/include/sl_lidar.h:36[m[K,
[11.880s]                  from [01m[K/home/ieee/justbaked/justbaked/src/sllidar_ros2/src/sllidar_node.cpp:38[m[K:
[11.880s] [01m[K/home/ieee/justbaked/justbaked/src/sllidar_ros2/./sdk/include/sl_lidar_protocol.h:66:16:[m[K [01;35m[Kwarning: [m[KISO C++ forbids zero-size array ‘[01m[Kdata[m[K’ [[01;35m[K-Wpedantic[m[K]
[11.880s]    66 |     sl_u8 data[[01;35m[K0[m[K];
[11.880s]       |                [01;35m[K^[m[K
[11.880s] [01m[K/home/ieee/justbaked/justbaked/src/sllidar_ros2/./sdk/include/sl_lidar_cmd.h:324:20:[m[K [01;35m[Kwarning: [m[KISO C++ forbids zero-size array ‘[01m[Kpayload[m[K’ [[01;35m[K-Wpedantic[m[K]
[11.880s]   324 |     sl_u8  payload[[01;35m[K0[m[K];
[11.880s]       |                    [01;35m[K^[m[K
[12.219s] [ 55%] [32mBuilding CXX object CMakeFiles/sllidar_node.dir/sdk/src/rplidar_driver.cpp.o[0m
[12.349s] [ 60%] [32mBuilding CXX object CMakeFiles/sllidar_node.dir/sdk/src/sl_async_transceiver.cpp.o[0m
[13.445s] In file included from [01m[K/home/ieee/justbaked/justbaked/src/sllidar_ros2/./sdk/include/rplidar_protocol.h:36[m[K,
[13.446s]                  from [01m[K/home/ieee/justbaked/justbaked/src/sllidar_ros2/./sdk/include/rplidar.h:39[m[K,
[13.446s]                  from [01m[K/home/ieee/justbaked/justbaked/src/sllidar_ros2/sdk/src/sdkcommon.h:49[m[K,
[13.447s]                  from [01m[K/home/ieee/justbaked/justbaked/src/sllidar_ros2/sdk/src/rplidar_driver.cpp:33[m[K:
[13.447s] [01m[K/home/ieee/justbaked/justbaked/src/sllidar_ros2/./sdk/include/sl_lidar_protocol.h:66:16:[m[K [01;35m[Kwarning: [m[KISO C++ forbids zero-size array ‘[01m[Kdata[m[K’ [[01;35m[K-Wpedantic[m[K]
[13.447s]    66 |     sl_u8 data[[01;35m[K0[m[K];
[13.450s]       |                [01;35m[K^[m[K
[13.453s] In file included from [01m[K/home/ieee/justbaked/justbaked/src/sllidar_ros2/./sdk/include/rplidar_cmd.h:36[m[K,
[13.453s]                  from [01m[K/home/ieee/justbaked/justbaked/src/sllidar_ros2/./sdk/include/rplidar.h:40[m[K:
[13.454s] [01m[K/home/ieee/justbaked/justbaked/src/sllidar_ros2/./sdk/include/sl_lidar_cmd.h:324:20:[m[K [01;35m[Kwarning: [m[KISO C++ forbids zero-size array ‘[01m[Kpayload[m[K’ [[01;35m[K-Wpedantic[m[K]
[13.454s]   324 |     sl_u8  payload[[01;35m[K0[m[K];
[13.454s]       |                    [01;35m[K^[m[K
[13.674s] [01m[K/home/ieee/justbaked/justbaked/src/sllidar_ros2/sdk/src/rplidar_driver.cpp:[m[K In member function ‘[01m[Ku_result rp::standalone::rplidar::RPlidarDriver::[01;32m[Kconnect[m[K(const char*, _u32, _u32)[m[K’:
[13.680s] [01m[K/home/ieee/justbaked/justbaked/src/sllidar_ros2/sdk/src/rplidar_driver.cpp:67:77:[m[K [01;35m[Kwarning: [m[Kunused parameter ‘[01m[Kflag[m[K’ [[01;35m[K-Wunused-parameter[m[K]
[13.683s]    67 |     u_result RPlidarDriver::connect(const char *path, _u32 portOrBaud, [01;35m[K_u32 flag[m[K)
[13.683s]       |                                                                        [01;35m[K~~~~~^~~~[m[K
[13.683s] [01m[K/home/ieee/justbaked/justbaked/src/sllidar_ros2/sdk/src/rplidar_driver.cpp:[m[K In member function ‘[01m[Ku_result rp::standalone::rplidar::RPlidarDriver::[01;32m[Kreset[m[K(_u32)[m[K’:
[13.683s] [01m[K/home/ieee/justbaked/justbaked/src/sllidar_ros2/sdk/src/rplidar_driver.cpp:101:40:[m[K [01;35m[Kwarning: [m[Kunused parameter ‘[01m[Ktimeout[m[K’ [[01;35m[K-Wunused-parameter[m[K]
[13.683s]   101 |     u_result RPlidarDriver::reset([01;35m[K_u32 timeout[m[K)
[13.684s]       |                                   [01;35m[K~~~~~^~~~~~~[m[K
[13.684s] [01m[K/home/ieee/justbaked/justbaked/src/sllidar_ros2/sdk/src/rplidar_driver.cpp:[m[K In member function ‘[01m[Ku_result rp::standalone::rplidar::RPlidarDriver::[01;32m[KgetScanDataWithInterval[m[K(rplidar_response_measurement_node_t*, size_t&)[m[K’:
[13.684s] [01m[K/home/ieee/justbaked/justbaked/src/sllidar_ros2/sdk/src/rplidar_driver.cpp:180:91:[m[K [01;35m[Kwarning: [m[Kunused parameter ‘[01m[Knodebuffer[m[K’ [[01;35m[K-Wunused-parameter[m[K]
[13.685s]   180 |     u_result RPlidarDriver::getScanDataWithInterval([01;35m[Krplidar_response_measurement_node_t * nodebuffer[m[K, size_t & count)
[13.685s]       |                                                     [01;35m[K~~~~~~~~~~~~~~~~~~~~~~~~~~~~~~~~~~~~~~^~~~~~~~~~[m[K
[13.685s] [01m[K/home/ieee/justbaked/justbaked/src/sllidar_ros2/sdk/src/rplidar_driver.cpp:180:112:[m[K [01;35m[Kwarning: [m[Kunused parameter ‘[01m[Kcount[m[K’ [[01;35m[K-Wunused-parameter[m[K]
[13.686s]   180 |     u_result RPlidarDriver::getScanDataWithInterval(rplidar_response_measurement_node_t * nodebuffer, [01;35m[Ksize_t & count[m[K)
[13.686s]       |                                                                                                       [01;35m[K~~~~~~~~~^~~~~[m[K
[13.798s] In file included from [01m[K/home/ieee/justbaked/justbaked/src/sllidar_ros2/./sdk/include/rplidar_protocol.h:36[m[K,
[13.799s]                  from [01m[K/home/ieee/justbaked/justbaked/src/sllidar_ros2/./sdk/include/rplidar.h:39[m[K,
[13.799s]                  from [01m[K/home/ieee/justbaked/justbaked/src/sllidar_ros2/sdk/src/sdkcommon.h:49[m[K,
[13.799s]                  from [01m[K/home/ieee/justbaked/justbaked/src/sllidar_ros2/sdk/src/sl_async_transceiver.cpp:35[m[K:
[13.800s] [01m[K/home/ieee/justbaked/justbaked/src/sllidar_ros2/./sdk/include/sl_lidar_protocol.h:66:16:[m[K [01;35m[Kwarning: [m[KISO C++ forbids zero-size array ‘[01m[Kdata[m[K’ [[01;35m[K-Wpedantic[m[K]
[13.800s]    66 |     sl_u8 data[[01;35m[K0[m[K];
[13.801s]       |                [01;35m[K^[m[K
[13.801s] In file included from [01m[K/home/ieee/justbaked/justbaked/src/sllidar_ros2/./sdk/include/rplidar_cmd.h:36[m[K,
[13.802s]                  from [01m[K/home/ieee/justbaked/justbaked/src/sllidar_ros2/./sdk/include/rplidar.h:40[m[K:
[13.802s] [01m[K/home/ieee/justbaked/justbaked/src/sllidar_ros2/./sdk/include/sl_lidar_cmd.h:324:20:[m[K [01;35m[Kwarning: [m[KISO C++ forbids zero-size array ‘[01m[Kpayload[m[K’ [[01;35m[K-Wpedantic[m[K]
[13.802s]   324 |     sl_u8  payload[[01;35m[K0[m[K];
[13.803s]       |                    [01;35m[K^[m[K
[13.980s] In file included from [01m[K/home/ieee/justbaked/justbaked/src/sllidar_ros2/sdk/src/sl_async_transceiver.cpp:44[m[K:
[13.981s] [01m[K/home/ieee/justbaked/justbaked/src/sllidar_ros2/sdk/src/sl_async_transceiver.h:[m[K In member function ‘[01m[Kvirtual void sl::internal::IAsyncProtocolCodec::[01;32m[KonChannelError[m[K(u_result)[m[K’:
[13.983s] [01m[K/home/ieee/justbaked/justbaked/src/sllidar_ros2/sdk/src/sl_async_transceiver.h:90:48:[m[K [01;35m[Kwarning: [m[Kunused parameter ‘[01m[KerrCode[m[K’ [[01;35m[K-Wunused-parameter[m[K]
[13.983s]    90 |         virtual void   onChannelError([01;35m[Ku_result errCode[m[K) {}
[13.984s]       |                                       [01;35m[K~~~~~~~~~^~~~~~~[m[K
[14.142s] [ 65%] [32mBuilding CXX object CMakeFiles/sllidar_node.dir/sdk/src/sl_crc.cpp.o[0m
[14.225s] In file included from [01m[K/home/ieee/justbaked/justbaked/src/sllidar_ros2/./sdk/include/sl_lidar_cmd.h:41[m[K,
[14.225s]                  from [01m[K/home/ieee/justbaked/justbaked/src/sllidar_ros2/./sdk/include/sl_crc.h:36[m[K,
[14.225s]                  from [01m[K/home/ieee/justbaked/justbaked/src/sllidar_ros2/sdk/src/sl_crc.cpp:33[m[K:
[14.225s] [01m[K/home/ieee/justbaked/justbaked/src/sllidar_ros2/./sdk/include/sl_lidar_protocol.h:66:16:[m[K [01;35m[Kwarning: [m[KISO C++ forbids zero-size array ‘[01m[Kdata[m[K’ [[01;35m[K-Wpedantic[m[K]
[14.225s]    66 |     sl_u8 data[[01;35m[K0[m[K];
[14.225s]       |                [01;35m[K^[m[K
[14.228s] [01m[K/home/ieee/justbaked/justbaked/src/sllidar_ros2/./sdk/include/sl_lidar_cmd.h:324:20:[m[K [01;35m[Kwarning: [m[KISO C++ forbids zero-size array ‘[01m[Kpayload[m[K’ [[01;35m[K-Wpedantic[m[K]
[14.229s]   324 |     sl_u8  payload[[01;35m[K0[m[K];
[14.229s]       |                    [01;35m[K^[m[K
[14.290s] [ 70%] [32mBuilding CXX object CMakeFiles/sllidar_node.dir/sdk/src/sl_lidar_driver.cpp.o[0m
[14.346s] [ 75%] [32mBuilding CXX object CMakeFiles/sllidar_node.dir/sdk/src/sl_lidarprotocol_codec.cpp.o[0m
[15.193s] In file included from [01m[K/home/ieee/justbaked/justbaked/src/sllidar_ros2/./sdk/include/rplidar_protocol.h:36[m[K,
[15.194s]                  from [01m[K/home/ieee/justbaked/justbaked/src/sllidar_ros2/./sdk/include/rplidar.h:39[m[K,
[15.194s]                  from [01m[K/home/ieee/justbaked/justbaked/src/sllidar_ros2/sdk/src/sdkcommon.h:49[m[K,
[15.197s]                  from [01m[K/home/ieee/justbaked/justbaked/src/sllidar_ros2/sdk/src/sl_lidarprotocol_codec.cpp:35[m[K:
[15.197s] [01m[K/home/ieee/justbaked/justbaked/src/sllidar_ros2/./sdk/include/sl_lidar_protocol.h:66:16:[m[K [01;35m[Kwarning: [m[KISO C++ forbids zero-size array ‘[01m[Kdata[m[K’ [[01;35m[K-Wpedantic[m[K]
[15.198s]    66 |     sl_u8 data[[01;35m[K0[m[K];
[15.198s]       |                [01;35m[K^[m[K
[15.198s] In file included from [01m[K/home/ieee/justbaked/justbaked/src/sllidar_ros2/./sdk/include/rplidar_cmd.h:36[m[K,
[15.198s]                  from [01m[K/home/ieee/justbaked/justbaked/src/sllidar_ros2/./sdk/include/rplidar.h:40[m[K:
[15.198s] [01m[K/home/ieee/justbaked/justbaked/src/sllidar_ros2/./sdk/include/sl_lidar_cmd.h:324:20:[m[K [01;35m[Kwarning: [m[KISO C++ forbids zero-size array ‘[01m[Kpayload[m[K’ [[01;35m[K-Wpedantic[m[K]
[15.198s]   324 |     sl_u8  payload[[01;35m[K0[m[K];
[15.198s]       |                    [01;35m[K^[m[K
[15.420s] In file included from [01m[K/home/ieee/justbaked/justbaked/src/sllidar_ros2/sdk/src/sl_lidarprotocol_codec.cpp:49[m[K:
[15.420s] [01m[K/home/ieee/justbaked/justbaked/src/sllidar_ros2/sdk/src/sl_async_transceiver.h:[m[K In member function ‘[01m[Kvirtual void sl::internal::IAsyncProtocolCodec::[01;32m[KonChannelError[m[K(u_result)[m[K’:
[15.420s] [01m[K/home/ieee/justbaked/justbaked/src/sllidar_ros2/sdk/src/sl_async_transceiver.h:90:48:[m[K [01;35m[Kwarning: [m[Kunused parameter ‘[01m[KerrCode[m[K’ [[01;35m[K-Wunused-parameter[m[K]
[15.421s]    90 |         virtual void   onChannelError([01;35m[Ku_result errCode[m[K) {}
[15.421s]       |                                       [01;35m[K~~~~~~~~~^~~~~~~[m[K
[15.666s] [ 80%] [32mBuilding CXX object CMakeFiles/sllidar_node.dir/sdk/src/sl_serial_channel.cpp.o[0m
[15.853s] In file included from [01m[K/home/ieee/justbaked/justbaked/src/sllidar_ros2/./sdk/include/rplidar_protocol.h:36[m[K,
[15.856s]                  from [01m[K/home/ieee/justbaked/justbaked/src/sllidar_ros2/./sdk/include/rplidar.h:39[m[K,
[15.856s]                  from [01m[K/home/ieee/justbaked/justbaked/src/sllidar_ros2/sdk/src/sdkcommon.h:49[m[K,
[15.857s]                  from [01m[K/home/ieee/justbaked/justbaked/src/sllidar_ros2/sdk/src/sl_lidar_driver.cpp:33[m[K:
[15.857s] [01m[K/home/ieee/justbaked/justbaked/src/sllidar_ros2/./sdk/include/sl_lidar_protocol.h:66:16:[m[K [01;35m[Kwarning: [m[KISO C++ forbids zero-size array ‘[01m[Kdata[m[K’ [[01;35m[K-Wpedantic[m[K]
[15.857s]    66 |     sl_u8 data[[01;35m[K0[m[K];
[15.857s]       |                [01;35m[K^[m[K
[15.862s] In file included from [01m[K/home/ieee/justbaked/justbaked/src/sllidar_ros2/./sdk/include/rplidar_cmd.h:36[m[K,
[15.862s]                  from [01m[K/home/ieee/justbaked/justbaked/src/sllidar_ros2/./sdk/include/rplidar.h:40[m[K:
[15.862s] [01m[K/home/ieee/justbaked/justbaked/src/sllidar_ros2/./sdk/include/sl_lidar_cmd.h:324:20:[m[K [01;35m[Kwarning: [m[KISO C++ forbids zero-size array ‘[01m[Kpayload[m[K’ [[01;35m[K-Wpedantic[m[K]
[15.863s]   324 |     sl_u8  payload[[01;35m[K0[m[K];
[15.863s]       |                    [01;35m[K^[m[K
[16.414s] In file included from [01m[K/home/ieee/justbaked/justbaked/src/sllidar_ros2/sdk/src/sl_lidar_driver.cpp:50[m[K:
[16.414s] [01m[K/home/ieee/justbaked/justbaked/src/sllidar_ros2/sdk/src/dataunpacker/dataunpacker.h:[m[K In member function ‘[01m[Kvirtual void sl::internal::LIDARSampleDataListener::[01;32m[KonCustomSampleDataDecoded[m[K(_u8, _u32, const void*, size_t)[m[K’:
[16.414s] [01m[K/home/ieee/justbaked/justbaked/src/sllidar_ros2/sdk/src/dataunpacker/dataunpacker.h:54:52:[m[K [01;35m[Kwarning: [m[Kunused parameter ‘[01m[KansType[m[K’ [[01;35m[K-Wunused-parameter[m[K]
[16.414s]    54 |         virtual void onCustomSampleDataDecoded([01;35m[K_u8 ansType[m[K, _u32 customCode, const void* data, size_t size) {}
[16.414s]       |                                                [01;35m[K~~~~^~~~~~~[m[K
[16.415s] [01m[K/home/ieee/justbaked/justbaked/src/sllidar_ros2/sdk/src/dataunpacker/dataunpacker.h:54:66:[m[K [01;35m[Kwarning: [m[Kunused parameter ‘[01m[KcustomCode[m[K’ [[01;35m[K-Wunused-parameter[m[K]
[16.415s]    54 |         virtual void onCustomSampleDataDecoded(_u8 ansType, [01;35m[K_u32 customCode[m[K, const void* data, size_t size) {}
[16.418s]       |                                                             [01;35m[K~~~~~^~~~~~~~~~[m[K
[16.418s] [01m[K/home/ieee/justbaked/justbaked/src/sllidar_ros2/sdk/src/dataunpacker/dataunpacker.h:54:90:[m[K [01;35m[Kwarning: [m[Kunused parameter ‘[01m[Kdata[m[K’ [[01;35m[K-Wunused-parameter[m[K]
[16.418s]    54 |         virtual void onCustomSampleDataDecoded(_u8 ansType, _u32 customCode, [01;35m[Kconst void* data[m[K, size_t size) {}
[16.419s]       |                                                                              [01;35m[K~~~~~~~~~~~~^~~~[m[K
[16.419s] [01m[K/home/ieee/justbaked/justbaked/src/sllidar_ros2/sdk/src/dataunpacker/dataunpacker.h:54:103:[m[K [01;35m[Kwarning: [m[Kunused parameter ‘[01m[Ksize[m[K’ [[01;35m[K-Wunused-parameter[m[K]
[16.419s]    54 |         virtual void onCustomSampleDataDecoded(_u8 ansType, _u32 customCode, const void* data, [01;35m[Ksize_t size[m[K) {}
[16.419s]       |                                                                                                [01;35m[K~~~~~~~^~~~[m[K
[16.419s] [01m[K/home/ieee/justbaked/justbaked/src/sllidar_ros2/sdk/src/dataunpacker/dataunpacker.h:[m[K In member function ‘[01m[Kvirtual void sl::internal::LIDARSampleDataListener::[01;32m[KonDecodingError[m[K(int, _u8, const void*, size_t)[m[K’:
[16.419s] [01m[K/home/ieee/justbaked/justbaked/src/sllidar_ros2/sdk/src/dataunpacker/dataunpacker.h:56:42:[m[K [01;35m[Kwarning: [m[Kunused parameter ‘[01m[KerrMsg[m[K’ [[01;35m[K-Wunused-parameter[m[K]
[16.419s]    56 |         virtual void onDecodingError([01;35m[Kint errMsg[m[K, _u8 ansType, const void* payload, size_t size) {}
[16.419s]       |                                      [01;35m[K~~~~^~~~~~[m[K
[16.420s] [01m[K/home/ieee/justbaked/justbaked/src/sllidar_ros2/sdk/src/dataunpacker/dataunpacker.h:56:54:[m[K [01;35m[Kwarning: [m[Kunused parameter ‘[01m[KansType[m[K’ [[01;35m[K-Wunused-parameter[m[K]
[16.420s]    56 |         virtual void onDecodingError(int errMsg, [01;35m[K_u8 ansType[m[K, const void* payload, size_t size) {}
[16.420s]       |                                                  [01;35m[K~~~~^~~~~~~[m[K
[16.420s] [01m[K/home/ieee/justbaked/justbaked/src/sllidar_ros2/sdk/src/dataunpacker/dataunpacker.h:56:75:[m[K [01;35m[Kwarning: [m[Kunused parameter ‘[01m[Kpayload[m[K’ [[01;35m[K-Wunused-parameter[m[K]
[16.420s]    56 |         virtual void onDecodingError(int errMsg, _u8 ansType, [01;35m[Kconst void* payload[m[K, size_t size) {}
[16.420s]       |                                                               [01;35m[K~~~~~~~~~~~~^~~~~~~[m[K
[16.421s] [01m[K/home/ieee/justbaked/justbaked/src/sllidar_ros2/sdk/src/dataunpacker/dataunpacker.h:56:91:[m[K [01;35m[Kwarning: [m[Kunused parameter ‘[01m[Ksize[m[K’ [[01;35m[K-Wunused-parameter[m[K]
[16.421s]    56 |         virtual void onDecodingError(int errMsg, _u8 ansType, const void* payload, [01;35m[Ksize_t size[m[K) {}
[16.421s]       |                                                                                    [01;35m[K~~~~~~~^~~~[m[K
[16.452s] In file included from [01m[K/home/ieee/justbaked/justbaked/src/sllidar_ros2/sdk/src/sl_lidar_driver.cpp:51[m[K:
[16.454s] [01m[K/home/ieee/justbaked/justbaked/src/sllidar_ros2/sdk/src/sl_async_transceiver.h:[m[K In member function ‘[01m[Kvirtual void sl::internal::IAsyncProtocolCodec::[01;32m[KonChannelError[m[K(u_result)[m[K’:
[16.455s] [01m[K/home/ieee/justbaked/justbaked/src/sllidar_ros2/sdk/src/sl_async_transceiver.h:90:48:[m[K [01;35m[Kwarning: [m[Kunused parameter ‘[01m[KerrCode[m[K’ [[01;35m[K-Wunused-parameter[m[K]
[16.455s]    90 |         virtual void   onChannelError([01;35m[Ku_result errCode[m[K) {}
[16.455s]       |                                       [01;35m[K~~~~~~~~~^~~~~~~[m[K
[16.506s] In file included from [01m[K/home/ieee/justbaked/justbaked/src/sllidar_ros2/./sdk/include/sl_lidar_cmd.h:41[m[K,
[16.506s]                  from [01m[K/home/ieee/justbaked/justbaked/src/sllidar_ros2/./sdk/include/sl_lidar_driver.h:54[m[K,
[16.507s]                  from [01m[K/home/ieee/justbaked/justbaked/src/sllidar_ros2/sdk/src/sl_serial_channel.cpp:33[m[K:
[16.507s] [01m[K/home/ieee/justbaked/justbaked/src/sllidar_ros2/./sdk/include/sl_lidar_protocol.h:66:16:[m[K [01;35m[Kwarning: [m[KISO C++ forbids zero-size array ‘[01m[Kdata[m[K’ [[01;35m[K-Wpedantic[m[K]
[16.507s]    66 |     sl_u8 data[[01;35m[K0[m[K];
[16.507s]       |                [01;35m[K^[m[K
[16.507s] [01m[K/home/ieee/justbaked/justbaked/src/sllidar_ros2/./sdk/include/sl_lidar_cmd.h:324:20:[m[K [01;35m[Kwarning: [m[KISO C++ forbids zero-size array ‘[01m[Kpayload[m[K’ [[01;35m[K-Wpedantic[m[K]
[16.507s]   324 |     sl_u8  payload[[01;35m[K0[m[K];
[16.508s]       |                    [01;35m[K^[m[K
[16.531s] [01m[K/home/ieee/justbaked/justbaked/src/sllidar_ros2/sdk/src/sl_lidar_driver.cpp:[m[K In member function ‘[01m[Kvirtual sl_result sl::SlamtecLidarDriver::[01;32m[Kreset[m[K(sl_u32)[m[K’:
[16.533s] [01m[K/home/ieee/justbaked/justbaked/src/sllidar_ros2/sdk/src/sl_lidar_driver.cpp:511:32:[m[K [01;35m[Kwarning: [m[Kunused parameter ‘[01m[KtimeoutInMs[m[K’ [[01;35m[K-Wunused-parameter[m[K]
[16.533s]   511 |         sl_result reset([01;35m[Ksl_u32 timeoutInMs = DEFAULT_TIMEOUT[m[K)
[16.534s]       |                         [01;35m[K~~~~~~~^~~~~~~~~~~~~~~~~~~~~~~~~~~~~[m[K
[16.539s] [01m[K/home/ieee/justbaked/justbaked/src/sllidar_ros2/sdk/src/sl_lidar_driver.cpp:[m[K In member function ‘[01m[Kvirtual sl_result sl::SlamtecLidarDriver::[01;32m[KstartScan[m[K(bool, bool, sl_u32, sl::LidarScanMode*)[m[K’:
[16.539s] [01m[K/home/ieee/justbaked/justbaked/src/sllidar_ros2/sdk/src/sl_lidar_driver.cpp:586:69:[m[K [01;35m[Kwarning: [m[Kunused parameter ‘[01m[Koptions[m[K’ [[01;35m[K-Wunused-parameter[m[K]
[16.539s]   586 |         sl_result startScan(bool force, bool useTypicalScan, [01;35m[Ksl_u32 options = 0[m[K, LidarScanMode* outUsedScanMode = nullptr)
[16.540s]       |                                                              [01;35m[K~~~~~~~^~~~~~~~~~~[m[K
[16.547s] [01m[K/home/ieee/justbaked/justbaked/src/sllidar_ros2/sdk/src/sl_lidar_driver.cpp:[m[K In member function ‘[01m[Kvirtual sl_result sl::SlamtecLidarDriver::[01;32m[Kstop[m[K(sl_u32)[m[K’:
[16.547s] [01m[K/home/ieee/justbaked/justbaked/src/sllidar_ros2/sdk/src/sl_lidar_driver.cpp:763:31:[m[K [01;35m[Kwarning: [m[Kunused parameter ‘[01m[Ktimeout[m[K’ [[01;35m[K-Wunused-parameter[m[K]
[16.548s]   763 |         sl_result stop([01;35m[Ksl_u32 timeout = DEFAULT_TIMEOUT[m[K)
[16.548s]       |                        [01;35m[K~~~~~~~^~~~~~~~~~~~~~~~~~~~~~~~~[m[K
[16.549s] [01m[K/home/ieee/justbaked/justbaked/src/sllidar_ros2/sdk/src/sl_lidar_driver.cpp:[m[K In member function ‘[01m[Kvirtual sl_result sl::SlamtecLidarDriver::[01;32m[KgetFrequency[m[K(const sl::LidarScanMode&, const sl_lidar_response_measurement_node_hq_t*, size_t, float&)[m[K’:
[16.549s] [01m[K/home/ieee/justbaked/justbaked/src/sllidar_ros2/sdk/src/sl_lidar_driver.cpp:880:110:[m[K [01;35m[Kwarning: [m[Kunused parameter ‘[01m[Knodes[m[K’ [[01;35m[K-Wunused-parameter[m[K]
[16.549s]   880 |         sl_result getFrequency(const LidarScanMode& scanMode, [01;35m[Kconst sl_lidar_response_measurement_node_hq_t* nodes[m[K, size_t count, float& frequency)
[16.550s]       |                                                               [01;35m[K~~~~~~~~~~~~~~~~~~~~~~~~~~~~~~~~~~~~~~~~~~~~~~~^~~~~[m[K
[16.556s] [01m[K/home/ieee/justbaked/justbaked/src/sllidar_ros2/sdk/src/sl_lidar_driver.cpp:[m[K In member function ‘[01m[Kvirtual sl_result sl::SlamtecLidarDriver::[01;32m[KgetMotorInfo[m[K(sl::LidarMotorInfo&, sl_u32)[m[K’:
[16.557s] [01m[K/home/ieee/justbaked/justbaked/src/sllidar_ros2/sdk/src/sl_lidar_driver.cpp:1023:66:[m[K [01;35m[Kwarning: [m[Kunused parameter ‘[01m[KtimeoutInMs[m[K’ [[01;35m[K-Wunused-parameter[m[K]
[16.557s]  1023 |         sl_result getMotorInfo(LidarMotorInfo &motorInfo, [01;35m[Ksl_u32 timeoutInMs[m[K)
[16.557s]       |                                                           [01;35m[K~~~~~~~^~~~~~~~~~~[m[K
[16.563s] [01m[K/home/ieee/justbaked/justbaked/src/sllidar_ros2/sdk/src/sl_lidar_driver.cpp:[m[K In member function ‘[01m[Ku_result sl::SlamtecLidarDriver::[01;32m[KgetScanModeCount[m[K(sl_u16&, sl_u32)[m[K’:
[16.564s] [01m[K/home/ieee/justbaked/justbaked/src/sllidar_ros2/sdk/src/sl_lidar_driver.cpp:1199:61:[m[K [01;35m[Kwarning: [m[Kunused parameter ‘[01m[KtimeoutInMs[m[K’ [[01;35m[K-Wunused-parameter[m[K]
[16.564s]  1199 |         u_result getScanModeCount(sl_u16& modeCount, [01;35m[Ksl_u32 timeoutInMs = DEFAULT_TIMEOUT[m[K)
[16.564s]       |                                                      [01;35m[K~~~~~~~^~~~~~~~~~~~~~~~~~~~~~~~~~~~~[m[K
[16.637s] /home/ieee/justbaked/justbaked/src/sllidar_ros2/sdk/src/sl_lidar_driver.cpp: In instantiation of ‘[01m[Kvoid sl::RawSampleNodeHolder<T>::[01;32m[KpushNode[m[K(_u64, const T*) [35m[K[with T = sl_lidar_response_measurement_node_hq_t; _u64 = long unsigned int][m[K[m[K’:
[16.638s] [01m[K/home/ieee/justbaked/justbaked/src/sllidar_ros2/sdk/src/sl_lidar_driver.cpp:1648:42:[m[K   required from here
[16.638s] [01m[K/home/ieee/justbaked/justbaked/src/sllidar_ros2/sdk/src/sl_lidar_driver.cpp:202:28:[m[K [01;35m[Kwarning: [m[Kunused parameter ‘[01m[Ktimestamp_uS[m[K’ [[01;35m[K-Wunused-parameter[m[K]
[16.638s]   202 |         void pushNode([01;35m[K_u64 timestamp_uS[m[K, const T* node)
[16.639s]       |                       [01;35m[K~~~~~^~~~~~~~~~~~[m[K
[16.807s] [ 85%] [32mBuilding CXX object CMakeFiles/sllidar_node.dir/sdk/src/sl_tcp_channel.cpp.o[0m
[16.880s] [01m[K/home/ieee/justbaked/justbaked/src/sllidar_ros2/sdk/src/sl_lidar_driver.cpp:[m[K At global scope:
[16.881s] [01m[K/home/ieee/justbaked/justbaked/src/sllidar_ros2/sdk/src/sl_lidar_driver.cpp:83:17:[m[K [01;35m[Kwarning: [m[K‘[01m[Kvoid sl::[01;32m[Kconvert[m[K(const sl_lidar_response_measurement_node_hq_t&, sl_lidar_response_measurement_node_t&)[m[K’ defined but not used [[01;35m[K-Wunused-function[m[K]
[16.884s]    83 |     static void [01;35m[Kconvert[m[K(const sl_lidar_response_measurement_node_hq_t& from, sl_lidar_response_measurement_node_t& to)
[16.884s]       |                 [01;35m[K^~~~~~~[m[K
[16.885s] [01m[K/home/ieee/justbaked/justbaked/src/sllidar_ros2/sdk/src/sl_lidar_driver.cpp:75:17:[m[K [01;35m[Kwarning: [m[K‘[01m[Kvoid sl::[01;32m[Kconvert[m[K(const sl_lidar_response_measurement_node_t&, sl_lidar_response_measurement_node_hq_t&)[m[K’ defined but not used [[01;35m[K-Wunused-function[m[K]
[16.885s]    75 |     static void [01;35m[Kconvert[m[K(const sl_lidar_response_measurement_node_t& from, sl_lidar_response_measurement_node_hq_t& to)
[16.885s]       |                 [01;35m[K^~~~~~~[m[K
[16.885s] [01m[K/home/ieee/justbaked/justbaked/src/sllidar_ros2/sdk/src/sl_lidar_driver.cpp:70:17:[m[K [01;35m[Kwarning: [m[K‘[01m[Kvoid sl::[01;32m[KprintDeprecationWarn[m[K(const char*, const char*)[m[K’ defined but not used [[01;35m[K-Wunused-function[m[K]
[16.885s]    70 |     static void [01;35m[KprintDeprecationWarn[m[K(const char* fn, const char* replacement)
[16.885s]       |                 [01;35m[K^~~~~~~~~~~~~~~~~~~~[m[K
[17.865s] In file included from [01m[K/home/ieee/justbaked/justbaked/src/sllidar_ros2/./sdk/include/sl_lidar_cmd.h:41[m[K,
[17.865s]                  from [01m[K/home/ieee/justbaked/justbaked/src/sllidar_ros2/./sdk/include/sl_lidar_driver.h:54[m[K,
[17.865s]                  from [01m[K/home/ieee/justbaked/justbaked/src/sllidar_ros2/sdk/src/sl_tcp_channel.cpp:33[m[K:
[17.865s] [01m[K/home/ieee/justbaked/justbaked/src/sllidar_ros2/./sdk/include/sl_lidar_protocol.h:66:16:[m[K [01;35m[Kwarning: [m[KISO C++ forbids zero-size array ‘[01m[Kdata[m[K’ [[01;35m[K-Wpedantic[m[K]
[17.865s]    66 |     sl_u8 data[[01;35m[K0[m[K];
[17.865s]       |                [01;35m[K^[m[K
[17.866s] [01m[K/home/ieee/justbaked/justbaked/src/sllidar_ros2/./sdk/include/sl_lidar_cmd.h:324:20:[m[K [01;35m[Kwarning: [m[KISO C++ forbids zero-size array ‘[01m[Kpayload[m[K’ [[01;35m[K-Wpedantic[m[K]
[17.866s]   324 |     sl_u8  payload[[01;35m[K0[m[K];
[17.866s]       |                    [01;35m[K^[m[K
[17.881s] [01m[K/home/ieee/justbaked/justbaked/src/sllidar_ros2/sdk/src/sl_tcp_channel.cpp:[m[K In member function ‘[01m[Kvoid sl::TcpChannel::[01;32m[KsetStatus[m[K(_u32)[m[K’:
[17.881s] [01m[K/home/ieee/justbaked/justbaked/src/sllidar_ros2/sdk/src/sl_tcp_channel.cpp:109:29:[m[K [01;35m[Kwarning: [m[Kunused parameter ‘[01m[Kflag[m[K’ [[01;35m[K-Wunused-parameter[m[K]
[17.881s]   109 |         void setStatus([01;35m[K_u32 flag[m[K){}
[17.882s]       |                        [01;35m[K~~~~~^~~~[m[K
[18.130s] [ 90%] [32mBuilding CXX object CMakeFiles/sllidar_node.dir/sdk/src/sl_udp_channel.cpp.o[0m
[19.054s] In file included from [01m[K/home/ieee/justbaked/justbaked/src/sllidar_ros2/./sdk/include/sl_lidar_cmd.h:41[m[K,
[19.055s]                  from [01m[K/home/ieee/justbaked/justbaked/src/sllidar_ros2/./sdk/include/sl_lidar_driver.h:54[m[K,
[19.055s]                  from [01m[K/home/ieee/justbaked/justbaked/src/sllidar_ros2/sdk/src/sl_udp_channel.cpp:33[m[K:
[19.055s] [01m[K/home/ieee/justbaked/justbaked/src/sllidar_ros2/./sdk/include/sl_lidar_protocol.h:66:16:[m[K [01;35m[Kwarning: [m[KISO C++ forbids zero-size array ‘[01m[Kdata[m[K’ [[01;35m[K-Wpedantic[m[K]
[19.056s]    66 |     sl_u8 data[[01;35m[K0[m[K];
[19.056s]       |                [01;35m[K^[m[K
[19.059s] [01m[K/home/ieee/justbaked/justbaked/src/sllidar_ros2/./sdk/include/sl_lidar_cmd.h:324:20:[m[K [01;35m[Kwarning: [m[KISO C++ forbids zero-size array ‘[01m[Kpayload[m[K’ [[01;35m[K-Wpedantic[m[K]
[19.059s]   324 |     sl_u8  payload[[01;35m[K0[m[K];
[19.059s]       |                    [01;35m[K^[m[K
[19.067s] [01m[K/home/ieee/justbaked/justbaked/src/sllidar_ros2/sdk/src/sl_udp_channel.cpp:[m[K In member function ‘[01m[Kvoid sl::UdpChannel::[01;32m[KsetStatus[m[K(_u32)[m[K’:
[19.069s] [01m[K/home/ieee/justbaked/justbaked/src/sllidar_ros2/sdk/src/sl_udp_channel.cpp:112:29:[m[K [01;35m[Kwarning: [m[Kunused parameter ‘[01m[Kflag[m[K’ [[01;35m[K-Wunused-parameter[m[K]
[19.069s]   112 |         void setStatus([01;35m[K_u32 flag[m[K){}
[19.070s]       |                        [01;35m[K~~~~~^~~~[m[K
[19.705s] [ 95%] [32m[1mLinking CXX executable sllidar_node[0m
[20.519s] [ 95%] Built target sllidar_node
[25.174s] [100%] [32m[1mLinking CXX executable sllidar_client[0m
[25.984s] [100%] Built target sllidar_client
[26.007s] Invoked command in '/home/ieee/justbaked/justbaked/build/sllidar_ros2' returned '0': CMAKE_PREFIX_PATH=${CMAKE_PREFIX_PATH}:/opt/ros/jazzy DEBUGINFOD_URLS=https://debuginfod.ubuntu.com /usr/bin/cmake --build /home/ieee/justbaked/justbaked/build/sllidar_ros2 -- -j4 -l4
[26.009s] Invoking command in '/home/ieee/justbaked/justbaked/build/sllidar_ros2': CMAKE_PREFIX_PATH=${CMAKE_PREFIX_PATH}:/opt/ros/jazzy DEBUGINFOD_URLS=https://debuginfod.ubuntu.com /usr/bin/cmake --install /home/ieee/justbaked/justbaked/build/sllidar_ros2
[26.026s] -- Install configuration: ""
[26.026s] -- Execute custom install script
[26.027s] -- Symlinking: /home/ieee/justbaked/justbaked/install/sllidar_ros2/share/sllidar_ros2/launch/sllidar_a1_launch.py
[26.046s] -- Symlinking: /home/ieee/justbaked/justbaked/install/sllidar_ros2/share/sllidar_ros2/rviz/sllidar_ros2.rviz
[26.067s] -- Symlinking: /home/ieee/justbaked/justbaked/install/sllidar_ros2/lib/sllidar_ros2/sllidar_node
[26.087s] -- Symlinking: /home/ieee/justbaked/justbaked/install/sllidar_ros2/lib/sllidar_ros2/sllidar_client
[26.107s] -- Symlinking: /home/ieee/justbaked/justbaked/install/sllidar_ros2/share/ament_index/resource_index/package_run_dependencies/sllidar_ros2
[26.127s] -- Symlinking: /home/ieee/justbaked/justbaked/install/sllidar_ros2/share/ament_index/resource_index/parent_prefix_path/sllidar_ros2
[26.146s] -- Symlinking: /home/ieee/justbaked/justbaked/install/sllidar_ros2/share/sllidar_ros2/environment/ament_prefix_path.sh
[26.166s] -- Symlinking: /home/ieee/justbaked/justbaked/install/sllidar_ros2/share/sllidar_ros2/environment/ament_prefix_path.dsv
[26.186s] -- Symlinking: /home/ieee/justbaked/justbaked/install/sllidar_ros2/share/sllidar_ros2/environment/path.sh
[26.206s] -- Symlinking: /home/ieee/justbaked/justbaked/install/sllidar_ros2/share/sllidar_ros2/environment/path.dsv
[26.226s] -- Symlinking: /home/ieee/justbaked/justbaked/install/sllidar_ros2/share/sllidar_ros2/local_setup.bash
[26.245s] -- Symlinking: /home/ieee/justbaked/justbaked/install/sllidar_ros2/share/sllidar_ros2/local_setup.sh
[26.265s] -- Symlinking: /home/ieee/justbaked/justbaked/install/sllidar_ros2/share/sllidar_ros2/local_setup.zsh
[26.285s] -- Symlinking: /home/ieee/justbaked/justbaked/install/sllidar_ros2/share/sllidar_ros2/local_setup.dsv
[26.305s] -- Symlinking: /home/ieee/justbaked/justbaked/install/sllidar_ros2/share/sllidar_ros2/package.dsv
[26.326s] -- Symlinking: /home/ieee/justbaked/justbaked/install/sllidar_ros2/share/ament_index/resource_index/packages/sllidar_ros2
[26.345s] -- Symlinking: /home/ieee/justbaked/justbaked/install/sllidar_ros2/share/sllidar_ros2/cmake/ament_cmake_export_dependencies-extras.cmake
[26.365s] -- Symlinking: /home/ieee/justbaked/justbaked/install/sllidar_ros2/share/sllidar_ros2/cmake/ament_cmake_export_include_directories-extras.cmake
[26.385s] -- Symlinking: /home/ieee/justbaked/justbaked/install/sllidar_ros2/share/sllidar_ros2/cmake/sllidar_ros2Config.cmake
[26.405s] -- Symlinking: /home/ieee/justbaked/justbaked/install/sllidar_ros2/share/sllidar_ros2/cmake/sllidar_ros2Config-version.cmake
[26.425s] -- Symlinking: /home/ieee/justbaked/justbaked/install/sllidar_ros2/share/sllidar_ros2/package.xml
[26.448s] Invoked command in '/home/ieee/justbaked/justbaked/build/sllidar_ros2' returned '0': CMAKE_PREFIX_PATH=${CMAKE_PREFIX_PATH}:/opt/ros/jazzy DEBUGINFOD_URLS=https://debuginfod.ubuntu.com /usr/bin/cmake --install /home/ieee/justbaked/justbaked/build/sllidar_ros2
