[0.035s] Invoking command in '/home/ieee/justbaked/justbaked/build/robot_bringup': CMAKE_PREFIX_PATH=${CMAKE_PREFIX_PATH}:/home/ieee/justbaked/justbaked/install/temp_sens:/opt/ros/jazzy DEBUGINFOD_URLS=https://debuginfod.ubuntu.com /usr/bin/cmake --build /home/ieee/justbaked/justbaked/build/robot_bringup -- -j4 -l4
[0.456s] -- Found ament_cmake: 2.5.3 (/opt/ros/jazzy/share/ament_cmake/cmake)
[0.485s] -- Override CMake install command with custom implementation using symlinks instead of copying resources
[0.502s] -- Found rclcpp: 28.1.6 (/opt/ros/jazzy/share/rclcpp/cmake)
[0.561s] -- Found rosidl_generator_c: 4.6.5 (/opt/ros/jazzy/share/rosidl_generator_c/cmake)
[0.580s] -- Found rosidl_generator_cpp: 4.6.5 (/opt/ros/jazzy/share/rosidl_generator_cpp/cmake)
[0.604s] -- Using all available rosidl_typesupport_c: rosidl_typesupport_fastrtps_c;rosidl_typesupport_introspection_c
[0.642s] -- Using all available rosidl_typesupport_cpp: rosidl_typesupport_fastrtps_cpp;rosidl_typesupport_introspection_cpp
[0.740s] -- Found rmw_implementation_cmake: 7.3.1 (/opt/ros/jazzy/share/rmw_implementation_cmake/cmake)
[0.743s] -- Found rmw_fastrtps_cpp: 8.4.1 (/opt/ros/jazzy/share/rmw_fastrtps_cpp/cmake)
[0.853s] -- Using RMW implementation 'rmw_fastrtps_cpp' as default
[0.947s] -- Found std_msgs: 5.3.5 (/opt/ros/jazzy/share/std_msgs/cmake)
[0.966s] -- Found geometry_msgs: 5.3.5 (/opt/ros/jazzy/share/geometry_msgs/cmake)
[0.987s] -- Found nav2_msgs: 1.3.5 (/opt/ros/jazzy/share/nav2_msgs/cmake)
[1.181s] -- Found tf2: 0.36.8 (/opt/ros/jazzy/share/tf2/cmake)
[1.186s] -- Found tf2_geometry_msgs: 0.36.8 (/opt/ros/jazzy/share/tf2_geometry_msgs/cmake)
[1.191s] -- Found eigen3_cmake_module: 0.3.0 (/opt/ros/jazzy/share/eigen3_cmake_module/cmake)
[1.194s] -- Ensuring Eigen3 include directory is part of orocos-kdl CMake target
[1.316s] -- Found rclpy: 7.1.3 (/opt/ros/jazzy/share/rclpy/cmake)
[1.323s] -- Found ament_lint_auto: 0.17.1 (/opt/ros/jazzy/share/ament_lint_auto/cmake)
[1.555s] -- Added test 'copyright' to check source files copyright and LICENSE
[1.557s] -- Added test 'cppcheck' to perform static code analysis on C / C++ code
[1.557s] -- Configured cppcheck include dirs: 
[1.557s] -- Configured cppcheck exclude dirs and/or files: 
[1.560s] -- Added test 'cpplint' to check C / C++ code against the Google style
[1.560s] -- Configured cpplint exclude dirs and/or files: 
[1.560s] -- Added test 'flake8' to check Python code syntax and style conventions
[1.560s] -- Configured 'flake8' exclude dirs and/or files: 
[1.562s] -- Added test 'lint_cmake' to check CMake code style
[1.562s] -- Added test 'pep257' to check Python code against some of the docstring style conventions in PEP 257
[1.564s] -- Added test 'uncrustify' to check C / C++ code style
[1.564s] -- Configured uncrustify additional arguments: 
[1.565s] -- Added test 'xmllint' to check XML markup files
[1.569s] -- Configuring done (1.5s)
[1.599s] -- Generating done (0.0s)
[1.610s] -- Build files have been written to: /home/ieee/justbaked/justbaked/build/robot_bringup
[1.708s] [ 50%] Built target determine_fire_location
[1.712s] [100%] Built target waypoint_nav_cpp
[1.736s] Invoked command in '/home/ieee/justbaked/justbaked/build/robot_bringup' returned '0': CMAKE_PREFIX_PATH=${CMAKE_PREFIX_PATH}:/home/ieee/justbaked/justbaked/install/temp_sens:/opt/ros/jazzy DEBUGINFOD_URLS=https://debuginfod.ubuntu.com /usr/bin/cmake --build /home/ieee/justbaked/justbaked/build/robot_bringup -- -j4 -l4
[1.738s] Invoking command in '/home/ieee/justbaked/justbaked/build/robot_bringup': CMAKE_PREFIX_PATH=${CMAKE_PREFIX_PATH}:/home/ieee/justbaked/justbaked/install/temp_sens:/opt/ros/jazzy DEBUGINFOD_URLS=https://debuginfod.ubuntu.com /usr/bin/cmake --install /home/ieee/justbaked/justbaked/build/robot_bringup
[1.754s] -- Install configuration: ""
[1.754s] -- Execute custom install script
[1.755s] -- Symlinking: /home/ieee/justbaked/justbaked/install/robot_bringup/lib/robot_bringup/waypoint_nav_cpp
[1.774s] -- Symlinking: /home/ieee/justbaked/justbaked/install/robot_bringup/lib/robot_bringup/determine_fire_location
[1.793s] -- Symlinking: /home/ieee/justbaked/justbaked/install/robot_bringup/lib/robot_bringup/button_publisher.py
[1.812s] -- Symlinking: /home/ieee/justbaked/justbaked/install/robot_bringup/lib/robot_bringup/catapult_launch.py
[1.831s] -- Symlinking: /home/ieee/justbaked/justbaked/install/robot_bringup/share/robot_bringup/launch/roundone.launch.py
[1.850s] -- Symlinking: /home/ieee/justbaked/justbaked/install/robot_bringup/share/robot_bringup/launch/roundthree.launch.py
[1.869s] -- Symlinking: /home/ieee/justbaked/justbaked/install/robot_bringup/share/robot_bringup/launch/startup.launch.py
[1.888s] -- Symlinking: /home/ieee/justbaked/justbaked/install/robot_bringup/share/robot_bringup/waypoints/.round1.yaml.swp
[1.907s] -- Symlinking: /home/ieee/justbaked/justbaked/install/robot_bringup/share/robot_bringup/waypoints/round1.yaml
[1.926s] -- Symlinking: /home/ieee/justbaked/justbaked/install/robot_bringup/share/robot_bringup/waypoints/round2.yaml
[1.945s] -- Symlinking: /home/ieee/justbaked/justbaked/install/robot_bringup/share/robot_bringup/waypoints/round3.yaml
[1.964s] -- Symlinking: /home/ieee/justbaked/justbaked/install/robot_bringup/share/robot_bringup/maps/.pgm
[1.982s] -- Symlinking: /home/ieee/justbaked/justbaked/install/robot_bringup/share/robot_bringup/maps/.yaml
[2.001s] -- Symlinking: /home/ieee/justbaked/justbaked/install/robot_bringup/share/robot_bringup/maps/arena_map.pgm
[2.020s] -- Symlinking: /home/ieee/justbaked/justbaked/install/robot_bringup/share/robot_bringup/maps/arena_map.yaml
[2.040s] -- Symlinking: /home/ieee/justbaked/justbaked/install/robot_bringup/share/ament_index/resource_index/package_run_dependencies/robot_bringup
[2.058s] -- Symlinking: /home/ieee/justbaked/justbaked/install/robot_bringup/share/ament_index/resource_index/parent_prefix_path/robot_bringup
[2.077s] -- Symlinking: /home/ieee/justbaked/justbaked/install/robot_bringup/share/robot_bringup/environment/ament_prefix_path.sh
[2.096s] -- Symlinking: /home/ieee/justbaked/justbaked/install/robot_bringup/share/robot_bringup/environment/ament_prefix_path.dsv
[2.115s] -- Symlinking: /home/ieee/justbaked/justbaked/install/robot_bringup/share/robot_bringup/environment/path.sh
[2.135s] -- Symlinking: /home/ieee/justbaked/justbaked/install/robot_bringup/share/robot_bringup/environment/path.dsv
[2.154s] -- Symlinking: /home/ieee/justbaked/justbaked/install/robot_bringup/share/robot_bringup/local_setup.bash
[2.173s] -- Symlinking: /home/ieee/justbaked/justbaked/install/robot_bringup/share/robot_bringup/local_setup.sh
[2.193s] -- Symlinking: /home/ieee/justbaked/justbaked/install/robot_bringup/share/robot_bringup/local_setup.zsh
[2.211s] -- Symlinking: /home/ieee/justbaked/justbaked/install/robot_bringup/share/robot_bringup/local_setup.dsv
[2.230s] -- Symlinking: /home/ieee/justbaked/justbaked/install/robot_bringup/share/robot_bringup/package.dsv
[2.249s] -- Symlinking: /home/ieee/justbaked/justbaked/install/robot_bringup/share/ament_index/resource_index/packages/robot_bringup
[2.269s] -- Symlinking: /home/ieee/justbaked/justbaked/install/robot_bringup/share/robot_bringup/cmake/robot_bringupConfig.cmake
[2.288s] -- Symlinking: /home/ieee/justbaked/justbaked/install/robot_bringup/share/robot_bringup/cmake/robot_bringupConfig-version.cmake
[2.306s] -- Symlinking: /home/ieee/justbaked/justbaked/install/robot_bringup/share/robot_bringup/package.xml
[2.328s] Invoked command in '/home/ieee/justbaked/justbaked/build/robot_bringup' returned '0': CMAKE_PREFIX_PATH=${CMAKE_PREFIX_PATH}:/home/ieee/justbaked/justbaked/install/temp_sens:/opt/ros/jazzy DEBUGINFOD_URLS=https://debuginfod.ubuntu.com /usr/bin/cmake --install /home/ieee/justbaked/justbaked/build/robot_bringup
