running egg_info
writing ../../build/temp_sens/temp_sens.egg-info/PKG-INFO
writing dependency_links to ../../build/temp_sens/temp_sens.egg-info/dependency_links.txt
writing entry points to ../../build/temp_sens/temp_sens.egg-info/entry_points.txt
writing requirements to ../../build/temp_sens/temp_sens.egg-info/requires.txt
writing top-level names to ../../build/temp_sens/temp_sens.egg-info/top_level.txt
reading manifest file '../../build/temp_sens/temp_sens.egg-info/SOURCES.txt'
adding license file 'LICENSE'
writing manifest file '../../build/temp_sens/temp_sens.egg-info/SOURCES.txt'
running build
running build_py
copying temp_sens/serial_temp_reader.py -> /home/ieee/justbaked/justbaked/build/temp_sens/build/lib/temp_sens
running install
running install_lib
copying /home/ieee/justbaked/justbaked/build/temp_sens/build/lib/temp_sens/serial_temp_reader.py -> /home/ieee/justbaked/justbaked/install/temp_sens/lib/python3.12/site-packages/temp_sens
byte-compiling /home/ieee/justbaked/justbaked/install/temp_sens/lib/python3.12/site-packages/temp_sens/serial_temp_reader.py to serial_temp_reader.cpython-312.pyc
running install_data
running install_egg_info
removing '/home/ieee/justbaked/justbaked/install/temp_sens/lib/python3.12/site-packages/temp_sens-0.0.1-py3.12.egg-info' (and everything under it)
Copying ../../build/temp_sens/temp_sens.egg-info to /home/ieee/justbaked/justbaked/install/temp_sens/lib/python3.12/site-packages/temp_sens-0.0.1-py3.12.egg-info
running install_scripts
Installing serial_temp_reader script to /home/ieee/justbaked/justbaked/install/temp_sens/lib/temp_sens
writing list of installed files to '/home/ieee/justbaked/justbaked/build/temp_sens/install.log'
