[1.553s] Invoking command in '/home/ieee/justbaked/justbaked/build/temp_sens': DEBUGINFOD_URLS=https://debuginfod.ubuntu.com PYTHONPATH=/home/ieee/justbaked/justbaked/build/temp_sens/prefix_override:/usr/lib/python3/dist-packages/colcon_core/task/python/colcon_distutils_commands:/home/ieee/justbaked/justbaked/install/temp_sens/lib/python3.12/site-packages:${PYTHONPATH} /usr/bin/python3 -W ignore:setup.py install is deprecated -W ignore:easy_install command is deprecated setup.py develop --uninstall --editable --build-directory /home/ieee/justbaked/justbaked/build/temp_sens/build
[2.021s] running develop
[2.402s] Invoked command in '/home/ieee/justbaked/justbaked/build/temp_sens' returned '0': DEBUGINFOD_URLS=https://debuginfod.ubuntu.com PYTHONPATH=/home/ieee/justbaked/justbaked/build/temp_sens/prefix_override:/usr/lib/python3/dist-packages/colcon_core/task/python/colcon_distutils_commands:/home/ieee/justbaked/justbaked/install/temp_sens/lib/python3.12/site-packages:${PYTHONPATH} /usr/bin/python3 -W ignore:setup.py install is deprecated -W ignore:easy_install command is deprecated setup.py develop --uninstall --editable --build-directory /home/ieee/justbaked/justbaked/build/temp_sens/build
[2.405s] Invoking command in '/home/ieee/justbaked/justbaked/src/temp_sens': DEBUGINFOD_URLS=https://debuginfod.ubuntu.com PYTHONPATH=/home/ieee/justbaked/justbaked/build/temp_sens/prefix_override:/usr/lib/python3/dist-packages/colcon_core/task/python/colcon_distutils_commands:/home/ieee/justbaked/justbaked/install/temp_sens/lib/python3.12/site-packages:${PYTHONPATH} /usr/bin/python3 -W ignore:setup.py install is deprecated -W ignore:easy_install command is deprecated setup.py egg_info --egg-base ../../build/temp_sens build --build-base /home/ieee/justbaked/justbaked/build/temp_sens/build install --record /home/ieee/justbaked/justbaked/build/temp_sens/install.log --single-version-externally-managed install_data --force
[2.767s] running egg_info
[2.792s] writing ../../build/temp_sens/temp_sens.egg-info/PKG-INFO
[2.792s] writing dependency_links to ../../build/temp_sens/temp_sens.egg-info/dependency_links.txt
[2.793s] writing entry points to ../../build/temp_sens/temp_sens.egg-info/entry_points.txt
[2.793s] writing requirements to ../../build/temp_sens/temp_sens.egg-info/requires.txt
[2.793s] writing top-level names to ../../build/temp_sens/temp_sens.egg-info/top_level.txt
[2.845s] reading manifest file '../../build/temp_sens/temp_sens.egg-info/SOURCES.txt'
[2.846s] adding license file 'LICENSE'
[2.846s] writing manifest file '../../build/temp_sens/temp_sens.egg-info/SOURCES.txt'
[2.847s] running build
[2.847s] running build_py
[2.847s] creating /home/ieee/justbaked/justbaked/build/temp_sens/build
[2.847s] creating /home/ieee/justbaked/justbaked/build/temp_sens/build/lib
[2.847s] creating /home/ieee/justbaked/justbaked/build/temp_sens/build/lib/temp_sens
[2.847s] copying temp_sens/serial_temp_reader.py -> /home/ieee/justbaked/justbaked/build/temp_sens/build/lib/temp_sens
[2.847s] copying temp_sens/__init__.py -> /home/ieee/justbaked/justbaked/build/temp_sens/build/lib/temp_sens
[2.848s] running install
[2.857s] running install_lib
[2.883s] creating /home/ieee/justbaked/justbaked/install/temp_sens/lib/python3.12/site-packages/temp_sens
[2.884s] copying /home/ieee/justbaked/justbaked/build/temp_sens/build/lib/temp_sens/serial_temp_reader.py -> /home/ieee/justbaked/justbaked/install/temp_sens/lib/python3.12/site-packages/temp_sens
[2.884s] copying /home/ieee/justbaked/justbaked/build/temp_sens/build/lib/temp_sens/__init__.py -> /home/ieee/justbaked/justbaked/install/temp_sens/lib/python3.12/site-packages/temp_sens
[2.884s] byte-compiling /home/ieee/justbaked/justbaked/install/temp_sens/lib/python3.12/site-packages/temp_sens/serial_temp_reader.py to serial_temp_reader.cpython-312.pyc
[2.886s] byte-compiling /home/ieee/justbaked/justbaked/install/temp_sens/lib/python3.12/site-packages/temp_sens/__init__.py to __init__.cpython-312.pyc
[2.886s] running install_data
[2.886s] copying resource/temp_sens -> /home/ieee/justbaked/justbaked/install/temp_sens/share/ament_index/resource_index/packages
[2.886s] copying package.xml -> /home/ieee/justbaked/justbaked/install/temp_sens/share/temp_sens
[2.887s] running install_egg_info
[2.915s] Copying ../../build/temp_sens/temp_sens.egg-info to /home/ieee/justbaked/justbaked/install/temp_sens/lib/python3.12/site-packages/temp_sens-0.0.1-py3.12.egg-info
[2.916s] running install_scripts
[3.098s] Installing serial_temp_reader script to /home/ieee/justbaked/justbaked/install/temp_sens/lib/temp_sens
[3.099s] writing list of installed files to '/home/ieee/justbaked/justbaked/build/temp_sens/install.log'
[3.179s] Invoked command in '/home/ieee/justbaked/justbaked/src/temp_sens' returned '0': DEBUGINFOD_URLS=https://debuginfod.ubuntu.com PYTHONPATH=/home/ieee/justbaked/justbaked/build/temp_sens/prefix_override:/usr/lib/python3/dist-packages/colcon_core/task/python/colcon_distutils_commands:/home/ieee/justbaked/justbaked/install/temp_sens/lib/python3.12/site-packages:${PYTHONPATH} /usr/bin/python3 -W ignore:setup.py install is deprecated -W ignore:easy_install command is deprecated setup.py egg_info --egg-base ../../build/temp_sens build --build-base /home/ieee/justbaked/justbaked/build/temp_sens/build install --record /home/ieee/justbaked/justbaked/build/temp_sens/install.log --single-version-externally-managed install_data --force
