[0.027s] Invoking command in '/home/ieee/justbaked/justbaked/build/sllidar_ros2': CMAKE_PREFIX_PATH=${CMAKE_PREFIX_PATH}:/opt/ros/jazzy DEBUGINFOD_URLS=https://debuginfod.ubuntu.com /usr/bin/cmake /home/ieee/justbaked/justbaked/src/sllidar_ros2 -DCMAKE_INSTALL_PREFIX=/home/ieee/justbaked/justbaked/install/sllidar_ros2
[0.054s] -- Found ament_cmake: 2.5.3 (/opt/ros/jazzy/share/ament_cmake/cmake)
[0.499s] -- Override CMake install command with custom implementation using symlinks instead of copying resources
[0.517s] -- Found rclcpp: 28.1.6 (/opt/ros/jazzy/share/rclcpp/cmake)
[0.557s] -- Found rosidl_generator_c: 4.6.5 (/opt/ros/jazzy/share/rosidl_generator_c/cmake)
[0.573s] -- Found rosidl_generator_cpp: 4.6.5 (/opt/ros/jazzy/share/rosidl_generator_cpp/cmake)
[0.594s] -- Using all available rosidl_typesupport_c: rosidl_typesupport_fastrtps_c;rosidl_typesupport_introspection_c
[0.618s] -- Using all available rosidl_typesupport_cpp: rosidl_typesupport_fastrtps_cpp;rosidl_typesupport_introspection_cpp
[0.727s] -- Found rmw_implementation_cmake: 7.3.1 (/opt/ros/jazzy/share/rmw_implementation_cmake/cmake)
[0.731s] -- Found rmw_fastrtps_cpp: 8.4.1 (/opt/ros/jazzy/share/rmw_fastrtps_cpp/cmake)
[0.846s] -- Using RMW implementation 'rmw_fastrtps_cpp' as default
[0.951s] -- Found sensor_msgs: 5.3.5 (/opt/ros/jazzy/share/sensor_msgs/cmake)
[1.031s] -- Found std_srvs: 5.3.5 (/opt/ros/jazzy/share/std_srvs/cmake)
[1.234s] -- Configuring done (1.2s)
[1.264s] -- Generating done (0.0s)
[1.274s] -- Build files have been written to: /home/ieee/justbaked/justbaked/build/sllidar_ros2
[1.292s] Invoked command in '/home/ieee/justbaked/justbaked/build/sllidar_ros2' returned '0': CMAKE_PREFIX_PATH=${CMAKE_PREFIX_PATH}:/opt/ros/jazzy DEBUGINFOD_URLS=https://debuginfod.ubuntu.com /usr/bin/cmake /home/ieee/justbaked/justbaked/src/sllidar_ros2 -DCMAKE_INSTALL_PREFIX=/home/ieee/justbaked/justbaked/install/sllidar_ros2
[1.294s] Invoking command in '/home/ieee/justbaked/justbaked/build/sllidar_ros2': CMAKE_PREFIX_PATH=${CMAKE_PREFIX_PATH}:/opt/ros/jazzy DEBUGINFOD_URLS=https://debuginfod.ubuntu.com /usr/bin/cmake --build /home/ieee/justbaked/justbaked/build/sllidar_ros2 -- -j4 -l4
[1.405s] [ 10%] Built target sllidar_client
[1.428s] [100%] Built target sllidar_node
[1.451s] Invoked command in '/home/ieee/justbaked/justbaked/build/sllidar_ros2' returned '0': CMAKE_PREFIX_PATH=${CMAKE_PREFIX_PATH}:/opt/ros/jazzy DEBUGINFOD_URLS=https://debuginfod.ubuntu.com /usr/bin/cmake --build /home/ieee/justbaked/justbaked/build/sllidar_ros2 -- -j4 -l4
[1.453s] Invoking command in '/home/ieee/justbaked/justbaked/build/sllidar_ros2': CMAKE_PREFIX_PATH=${CMAKE_PREFIX_PATH}:/opt/ros/jazzy DEBUGINFOD_URLS=https://debuginfod.ubuntu.com /usr/bin/cmake --install /home/ieee/justbaked/justbaked/build/sllidar_ros2
[1.468s] -- Install configuration: ""
[1.469s] -- Execute custom install script
[1.469s] -- Up-to-date symlink: /home/ieee/justbaked/justbaked/install/sllidar_ros2/share/sllidar_ros2/launch/sllidar_a1_launch.py
[1.469s] -- Up-to-date symlink: /home/ieee/justbaked/justbaked/install/sllidar_ros2/share/sllidar_ros2/rviz/sllidar_ros2.rviz
[1.470s] -- Up-to-date symlink: /home/ieee/justbaked/justbaked/install/sllidar_ros2/lib/sllidar_ros2/sllidar_node
[1.470s] -- Up-to-date symlink: /home/ieee/justbaked/justbaked/install/sllidar_ros2/lib/sllidar_ros2/sllidar_client
[1.470s] -- Up-to-date symlink: /home/ieee/justbaked/justbaked/install/sllidar_ros2/share/ament_index/resource_index/package_run_dependencies/sllidar_ros2
[1.470s] -- Up-to-date symlink: /home/ieee/justbaked/justbaked/install/sllidar_ros2/share/ament_index/resource_index/parent_prefix_path/sllidar_ros2
[1.471s] -- Up-to-date symlink: /home/ieee/justbaked/justbaked/install/sllidar_ros2/share/sllidar_ros2/environment/ament_prefix_path.sh
[1.471s] -- Up-to-date symlink: /home/ieee/justbaked/justbaked/install/sllidar_ros2/share/sllidar_ros2/environment/ament_prefix_path.dsv
[1.471s] -- Up-to-date symlink: /home/ieee/justbaked/justbaked/install/sllidar_ros2/share/sllidar_ros2/environment/path.sh
[1.471s] -- Up-to-date symlink: /home/ieee/justbaked/justbaked/install/sllidar_ros2/share/sllidar_ros2/environment/path.dsv
[1.471s] -- Up-to-date symlink: /home/ieee/justbaked/justbaked/install/sllidar_ros2/share/sllidar_ros2/local_setup.bash
[1.472s] -- Up-to-date symlink: /home/ieee/justbaked/justbaked/install/sllidar_ros2/share/sllidar_ros2/local_setup.sh
[1.472s] -- Up-to-date symlink: /home/ieee/justbaked/justbaked/install/sllidar_ros2/share/sllidar_ros2/local_setup.zsh
[1.472s] -- Up-to-date symlink: /home/ieee/justbaked/justbaked/install/sllidar_ros2/share/sllidar_ros2/local_setup.dsv
[1.472s] -- Symlinking: /home/ieee/justbaked/justbaked/install/sllidar_ros2/share/sllidar_ros2/package.dsv
[1.491s] -- Up-to-date symlink: /home/ieee/justbaked/justbaked/install/sllidar_ros2/share/ament_index/resource_index/packages/sllidar_ros2
[1.491s] -- Up-to-date symlink: /home/ieee/justbaked/justbaked/install/sllidar_ros2/share/sllidar_ros2/cmake/ament_cmake_export_dependencies-extras.cmake
[1.491s] -- Up-to-date symlink: /home/ieee/justbaked/justbaked/install/sllidar_ros2/share/sllidar_ros2/cmake/ament_cmake_export_include_directories-extras.cmake
[1.492s] -- Up-to-date symlink: /home/ieee/justbaked/justbaked/install/sllidar_ros2/share/sllidar_ros2/cmake/sllidar_ros2Config.cmake
[1.492s] -- Up-to-date symlink: /home/ieee/justbaked/justbaked/install/sllidar_ros2/share/sllidar_ros2/cmake/sllidar_ros2Config-version.cmake
[1.492s] -- Up-to-date symlink: /home/ieee/justbaked/justbaked/install/sllidar_ros2/share/sllidar_ros2/package.xml
[1.496s] Invoked command in '/home/ieee/justbaked/justbaked/build/sllidar_ros2' returned '0': CMAKE_PREFIX_PATH=${CMAKE_PREFIX_PATH}:/opt/ros/jazzy DEBUGINFOD_URLS=https://debuginfod.ubuntu.com /usr/bin/cmake --install /home/ieee/justbaked/justbaked/build/sllidar_ros2
