[0.034s] Invoking command in '/home/ieee/justbaked/justbaked/build/robot_bringup': CMAKE_PREFIX_PATH=${CMAKE_PREFIX_PATH}:/opt/ros/jazzy DEBUGINFOD_URLS=https://debuginfod.ubuntu.com /usr/bin/cmake /home/ieee/justbaked/justbaked/src/robot_bringup -DAMENT_CMAKE_SYMLINK_INSTALL=1 -DCMAKE_INSTALL_PREFIX=/home/ieee/justbaked/justbaked/install/robot_bringup
[0.516s] -- The C compiler identification is GNU 13.3.0
[0.517s] -- The CXX compiler identification is GNU 13.3.0
[0.517s] -- Detecting C compiler ABI info
[0.532s] -- Detecting C compiler ABI info - done
[0.550s] -- Check for working C compiler: /usr/bin/cc - skipped
[0.550s] -- Detecting C compile features
[0.550s] -- Detecting C compile features - done
[0.574s] -- Detecting CXX compiler ABI info
[0.855s] -- Detecting CXX compiler ABI info - done
[0.885s] -- Check for working CXX compiler: /usr/bin/c++ - skipped
[0.885s] -- Detecting CXX compile features
[0.886s] -- Detecting CXX compile features - done
[0.908s] -- Found ament_cmake: 2.5.3 (/opt/ros/jazzy/share/ament_cmake/cmake)
[1.267s] -- Found Python3: /usr/bin/python3 (found version "3.12.3") found components: Interpreter 
[1.460s] -- Override CMake install command with custom implementation using symlinks instead of copying resources
[1.553s] -- Found rclcpp: 28.1.6 (/opt/ros/jazzy/share/rclcpp/cmake)
[1.646s] -- Found rosidl_generator_c: 4.6.5 (/opt/ros/jazzy/share/rosidl_generator_c/cmake)
[1.682s] -- Found rosidl_generator_cpp: 4.6.5 (/opt/ros/jazzy/share/rosidl_generator_cpp/cmake)
[1.719s] -- Using all available rosidl_typesupport_c: rosidl_typesupport_fastrtps_c;rosidl_typesupport_introspection_c
[1.764s] -- Using all available rosidl_typesupport_cpp: rosidl_typesupport_fastrtps_cpp;rosidl_typesupport_introspection_cpp
[1.933s] -- Found rmw_implementation_cmake: 7.3.1 (/opt/ros/jazzy/share/rmw_implementation_cmake/cmake)
[1.941s] -- Found rmw_fastrtps_cpp: 8.4.1 (/opt/ros/jazzy/share/rmw_fastrtps_cpp/cmake)
[2.138s] -- Found OpenSSL: /usr/lib/aarch64-linux-gnu/libcrypto.so (found version "3.0.13")  
[2.178s] -- Found FastRTPS: /opt/ros/jazzy/include (Required is at least version "2.13") 
[2.226s] -- Using RMW implementation 'rmw_fastrtps_cpp' as default
[2.375s] -- Found std_msgs: 5.3.5 (/opt/ros/jazzy/share/std_msgs/cmake)
[2.401s] -- Found geometry_msgs: 5.3.5 (/opt/ros/jazzy/share/geometry_msgs/cmake)
[2.433s] -- Found nav2_msgs: 1.3.5 (/opt/ros/jazzy/share/nav2_msgs/cmake)
[2.704s] -- Found tf2: 0.36.8 (/opt/ros/jazzy/share/tf2/cmake)
[2.718s] -- Found tf2_geometry_msgs: 0.36.8 (/opt/ros/jazzy/share/tf2_geometry_msgs/cmake)
[2.751s] -- Found eigen3_cmake_module: 0.3.0 (/opt/ros/jazzy/share/eigen3_cmake_module/cmake)
[2.754s] -- Found Eigen3: TRUE (found version "3.4.0") 
[2.754s] -- Ensuring Eigen3 include directory is part of orocos-kdl CMake target
[2.966s] -- Found rclpy: 7.1.3 (/opt/ros/jazzy/share/rclpy/cmake)
[3.002s] -- Found ament_lint_auto: 0.17.1 (/opt/ros/jazzy/share/ament_lint_auto/cmake)
[3.674s] -- Added test 'copyright' to check source files copyright and LICENSE
[3.687s] -- Added test 'cppcheck' to perform static code analysis on C / C++ code
[3.687s] -- Configured cppcheck include dirs: 
[3.687s] -- Configured cppcheck exclude dirs and/or files: 
[3.694s] -- Added test 'cpplint' to check C / C++ code against the Google style
[3.694s] -- Configured cpplint exclude dirs and/or files: 
[3.699s] -- Added test 'flake8' to check Python code syntax and style conventions
[3.699s] -- Configured 'flake8' exclude dirs and/or files: 
[3.705s] -- Added test 'lint_cmake' to check CMake code style
[3.706s] -- Added test 'pep257' to check Python code against some of the docstring style conventions in PEP 257
[3.713s] -- Added test 'uncrustify' to check C / C++ code style
[3.719s] -- Configured uncrustify additional arguments: 
[3.719s] -- Added test 'xmllint' to check XML markup files
[3.728s] -- Configuring done (3.7s)
[3.843s] -- Generating done (0.1s)
[3.880s] -- Build files have been written to: /home/ieee/justbaked/justbaked/build/robot_bringup
[3.965s] Invoked command in '/home/ieee/justbaked/justbaked/build/robot_bringup' returned '0': CMAKE_PREFIX_PATH=${CMAKE_PREFIX_PATH}:/opt/ros/jazzy DEBUGINFOD_URLS=https://debuginfod.ubuntu.com /usr/bin/cmake /home/ieee/justbaked/justbaked/src/robot_bringup -DAMENT_CMAKE_SYMLINK_INSTALL=1 -DCMAKE_INSTALL_PREFIX=/home/ieee/justbaked/justbaked/install/robot_bringup
[3.966s] Invoking command in '/home/ieee/justbaked/justbaked/build/robot_bringup': CMAKE_PREFIX_PATH=${CMAKE_PREFIX_PATH}:/opt/ros/jazzy DEBUGINFOD_URLS=https://debuginfod.ubuntu.com /usr/bin/cmake --build /home/ieee/justbaked/justbaked/build/robot_bringup -- -j4 -l4
[4.208s] [ 16%] [32mBuilding CXX object CMakeFiles/determine_fire_location.dir/src/determine_fire_location.cpp.o[0m
[4.240s] [ 33%] [32mBuilding CXX object CMakeFiles/catapult_launch_node.dir/src/catapult_launch.cpp.o[0m
[4.275s] [ 50%] [32mBuilding CXX object CMakeFiles/waypoint_nav_cpp.dir/src/waypoint_nav.cpp.o[0m
[4.297s] [01m[K/home/ieee/justbaked/justbaked/src/robot_bringup/src/catapult_launch.cpp:24:26:[m[K [01;35m[Kwarning: [m[Kcharacter constant too long for its type
[4.299s]    24 |         super().__init__([01;35m[K'waypoint_nav_node'[m[K)
[4.299s]       |                          [01;35m[K^~~~~~~~~~~~~~~~~~~[m[K
[4.299s] [01m[K/home/ieee/justbaked/justbaked/src/robot_bringup/src/catapult_launch.cpp:25:70:[m[K [01;35m[Kwarning: [m[Kcharacter constant too long for its type
[4.299s]    25 |         self.nav_to_pose_client = ActionClient(self, NavigateToPose, [01;35m[K'navigate_to_pose'[m[K)
[4.300s]       |                                                                      [01;35m[K^~~~~~~~~~~~~~~~~~[m[K
[4.300s] [01m[K/home/ieee/justbaked/justbaked/src/robot_bringup/src/catapult_launch.cpp:29:11:[m[K [01;31m[Kerror: [m[Kinvalid preprocessing directive #Initialize
[4.300s]    29 |         # [01;31m[KInitialize[m[K poses
[4.300s]       |           [01;31m[K^~~~~~~~~~[m[K
[4.300s] [01m[K/home/ieee/justbaked/justbaked/src/robot_bringup/src/catapult_launch.cpp:36:42:[m[K [01;35m[Kwarning: [m[Kmulti-character character constant [[01;35m[K-Wmultichar[m[K]
[4.300s]    36 |         self.home_pose.header.frame_id = [01;35m[K'map'[m[K
[4.307s]       |                                          [01;35m[K^~~~~[m[K
[4.307s] [01m[K/home/ieee/justbaked/justbaked/src/robot_bringup/src/catapult_launch.cpp:42:11:[m[K [01;31m[Kerror: [m[Kinvalid preprocessing directive #Initialize
[4.307s]    42 |         # [01;31m[KInitialize[m[K the servo publisher
[4.307s]       |           [01;31m[K^~~~~~~~~~[m[K
[4.311s] [01m[K/home/ieee/justbaked/justbaked/src/robot_bringup/src/catapult_launch.cpp:43:55:[m[K [01;35m[Kwarning: [m[Kcharacter constant too long for its type
[4.311s]    43 |         self.servo_pub = self.create_publisher(Int32, [01;35m[K'servo_angle'[m[K, 10)
[4.311s]       |                                                       [01;35m[K^~~~~~~~~~~~~[m[K
[4.311s] [01m[K/home/ieee/justbaked/justbaked/src/robot_bringup/src/catapult_launch.cpp:45:11:[m[K [01;31m[Kerror: [m[Kinvalid preprocessing directive #Timer
[4.311s]    45 |         # [01;31m[KTimer[m[K to execute state machine
[4.311s]       |           [01;31m[K^~~~~[m[K
[4.311s] [01m[K/home/ieee/justbaked/justbaked/src/robot_bringup/src/catapult_launch.cpp:49:11:[m[K [01;31m[Kerror: [m[Kinvalid preprocessing directive #Adjust
[4.312s]    49 |         # [01;31m[KAdjust[m[K the file to load round3.yaml or the correct YAML file for this round
[4.312s]       |           [01;31m[K^~~~~~[m[K
[4.312s] [01m[K/home/ieee/justbaked/justbaked/src/robot_bringup/src/catapult_launch.cpp:51:13:[m[K [01;35m[Kwarning: [m[Kcharacter constant too long for its type
[4.312s]    51 |             [01;35m[K'waypoints_file'[m[K,
[4.312s]       |             [01;35m[K^~~~~~~~~~~~~~~~[m[K
[4.312s] [01m[K/home/ieee/justbaked/justbaked/src/robot_bringup/src/catapult_launch.cpp:52:13:[m[K [01;35m[Kwarning: [m[Kcharacter constant too long for its type
[4.313s]    52 |             [01;35m[K'/home/ieee/justbaked/justbaked/src/robot_bringup/waypoints/round3.yaml'[m[K  # Update path as needed
[4.313s]       |             [01;35m[K^~~~~~~~~~~~~~~~~~~~~~~~~~~~~~~~~~~~~~~~~~~~~~~~~~~~~~~~~~~~~~~~~~~~~~~~[m[K
[4.313s] [01m[K/home/ieee/justbaked/justbaked/src/robot_bringup/src/catapult_launch.cpp:52:87:[m[K [01;31m[Kerror: [m[Kstray ‘[01m[K#[m[K’ in program
[4.313s]    52 |             '/home/ieee/justbaked/justbaked/src/robot_bringup/waypoints/round3.yaml'  [01;31m[K#[m[K Update path as needed
[4.313s]       |                                                                                       [01;31m[K^[m[K
[4.313s] [01m[K/home/ieee/justbaked/justbaked/src/robot_bringup/src/catapult_launch.cpp:56:30:[m[K [01;35m[Kwarning: [m[Kcharacter constant too long for its type
[4.313s]    56 |             for wp in config[[01;35m[K'waypoints'[m[K]:
[4.322s]       |                              [01;35m[K^~~~~~~~~~~[m[K
[4.322s] [01m[K/home/ieee/justbaked/justbaked/src/robot_bringup/src/catapult_launch.cpp:58:40:[m[K [01;35m[Kwarning: [m[Kmulti-character character constant [[01;35m[K-Wmultichar[m[K]
[4.322s]    58 |                 pose.header.frame_id = [01;35m[K'map'[m[K
[4.322s]       |                                        [01;35m[K^~~~~[m[K
[4.322s] [01m[K/home/ieee/justbaked/justbaked/src/robot_bringup/src/catapult_launch.cpp:61:73:[m[K [01;35m[Kwarning: [m[Kmulti-character character constant [[01;35m[K-Wmultichar[m[K]
[4.326s]    61 |                 pose.pose.orientation = self.create_quaternion(float(wp[[01;35m[K'yaw'[m[K]))
[4.326s]       |                                                                         [01;35m[K^~~~~[m[K
[4.326s] [01m[K/home/ieee/justbaked/justbaked/src/robot_bringup/src/catapult_launch.cpp:63:11:[m[K [01;31m[Kerror: [m[Kinvalid preprocessing directive #Assume
[4.326s]    63 |         # [01;31m[KAssume[m[K fire waypoint is the last one (adjust as needed)
[4.326s]       |           [01;31m[K^~~~~~[m[K
[4.327s] [01m[K/home/ieee/justbaked/justbaked/src/robot_bringup/src/catapult_launch.cpp:68:11:[m[K [01;31m[Kerror: [m[Kinvalid preprocessing directive #Latch
[4.327s]    68 |         # [01;31m[KLatch[m[K pose set to the waypoint before the latch from round3.yaml
[4.327s]       |           [01;31m[K^~~~~[m[K
[4.327s] [01m[K/home/ieee/justbaked/justbaked/src/robot_bringup/src/catapult_launch.cpp:69:43:[m[K [01;35m[Kwarning: [m[Kmulti-character character constant [[01;35m[K-Wmultichar[m[K]
[4.327s]    69 |         self.latch_pose.header.frame_id = [01;35m[K'map'[m[K
[4.327s]       |                                           [01;35m[K^~~~~[m[K
[4.327s] [01m[K/home/ieee/justbaked/justbaked/src/robot_bringup/src/catapult_launch.cpp:70:58:[m[K [01;31m[Kerror: [m[Kstray ‘[01m[K#[m[K’ in program
[4.327s]    70 |         self.latch_pose.pose.position.x = 1.524 - 0.349  [01;31m[K#[m[K 5 ft - 13.5" ahead
[4.331s]       |                                                          [01;31m[K^[m[K
[4.331s] [01m[K/home/ieee/justbaked/justbaked/src/robot_bringup/src/catapult_launch.cpp:70:71:[m[K [01;35m[Kwarning: [m[Kmissing terminating " character
[4.331s]    70 |         self.latch_pose.pose.position.x = 1.524 - 0.349  # 5 ft - 13.5[01;35m[K"[m[K ahead
[4.331s]       |                                                                       [01;35m[K^[m[K
[4.331s] [01m[K/home/ieee/justbaked/justbaked/src/robot_bringup/src/catapult_launch.cpp:70:71:[m[K [01;31m[Kerror: [m[Kmissing terminating " character
[4.331s]    70 |         self.latch_pose.pose.position.x = 1.524 - 0.349  # 5 ft - 13.5[01;31m[K" ahead[m[K
[4.332s]       |                                                                       [01;31m[K^~~~~~~[m[K
[4.332s] [01m[K/home/ieee/justbaked/justbaked/src/robot_bringup/src/catapult_launch.cpp:71:58:[m[K [01;31m[Kerror: [m[Kstray ‘[01m[K#[m[K’ in program
[4.332s]    71 |         self.latch_pose.pose.position.y = 0.457 - 0.349  [01;31m[K#[m[K 1.5 ft - 11.5" to the side
[4.332s]       |                                                          [01;31m[K^[m[K
[4.332s] [01m[K/home/ieee/justbaked/justbaked/src/robot_bringup/src/catapult_launch.cpp:71:73:[m[K [01;35m[Kwarning: [m[Kmissing terminating " character
[4.332s]    71 |         self.latch_pose.pose.position.y = 0.457 - 0.349  # 1.5 ft - 11.5[01;35m[K"[m[K to the side
[4.332s]       |                                                                         [01;35m[K^[m[K
[4.332s] [01m[K/home/ieee/justbaked/justbaked/src/robot_bringup/src/catapult_launch.cpp:71:73:[m[K [01;31m[Kerror: [m[Kmissing terminating " character
[4.332s]    71 |         self.latch_pose.pose.position.y = 0.457 - 0.349  # 1.5 ft - 11.5[01;31m[K" to the side[m[K
[4.332s]       |                                                                         [01;31m[K^~~~~~~~~~~~~[m[K
[4.333s] [01m[K/home/ieee/justbaked/justbaked/src/robot_bringup/src/catapult_launch.cpp:73:77:[m[K [01;31m[Kerror: [m[Kstray ‘[01m[K#[m[K’ in program
[4.333s]    73 |         self.latch_pose.pose.orientation = self.create_quaternion(math.pi)  [01;31m[K#[m[K 180 degrees yaw
[4.333s]       |                                                                             [01;31m[K^[m[K
[4.333s] [01m[K/home/ieee/justbaked/justbaked/src/robot_bringup/src/catapult_launch.cpp:150:41:[m[K [01;31m[Kerror: [m[Kstray ‘[01m[K#[m[K’ in program
[4.333s]   150 |         yaw = 2 * math.acos(current.w)  [01;31m[K#[m[K Extract current yaw
[4.333s]       |                                         [01;31m[K^[m[K
[4.333s] [01m[K/home/ieee/justbaked/justbaked/src/robot_bringup/src/catapult_launch.cpp:151:34:[m[K [01;31m[Kerror: [m[Kstray ‘[01m[K#[m[K’ in program
[4.333s]   151 |         new_yaw = yaw + math.pi  [01;31m[K#[m[K Add 180 degrees (π radians)
[4.339s]       |                                  [01;31m[K^[m[K
[4.340s] [01m[K/home/ieee/justbaked/justbaked/src/robot_bringup/src/catapult_launch.cpp:156:48:[m[K [01;31m[Kerror: [m[Kstray ‘[01m[K#[m[K’ in program
[4.340s]   156 |         backup_pose.pose.position.x -= 0.1524  [01;31m[K#[m[K Back up 6 inches
[4.340s]       |                                                [01;31m[K^[m[K
[4.340s] [01m[K/home/ieee/justbaked/justbaked/src/robot_bringup/src/catapult_launch.cpp:162:28:[m[K [01;31m[Kerror: [m[Kstray ‘[01m[K#[m[K’ in program
[4.340s]   162 |             time.sleep(2)  [01;31m[K#[m[K Wait 2 seconds
[4.340s]       |                            [01;31m[K^[m[K
[4.340s] [01m[K/home/ieee/justbaked/justbaked/src/robot_bringup/src/catapult_launch.cpp:185:11:[m[K [01;31m[Kerror: [m[Kinvalid preprocessing directive #Send
[4.340s]   185 |         # [01;31m[KSend[m[K the catapult launch command by publishing to the 'servo_angle' topic
[4.341s]       |           [01;31m[K^~~~[m[K
[4.341s] [01m[K/home/ieee/justbaked/justbaked/src/robot_bringup/src/catapult_launch.cpp:186:11:[m[K [01;31m[Kerror: [m[Kinvalid preprocessing directive #The
[4.341s]   186 |         # [01;31m[KThe[m[K angle for launching the catapult is set to 36 degrees
[4.341s]       |           [01;31m[K^~~[m[K
[4.341s] [01m[K/home/ieee/justbaked/justbaked/src/robot_bringup/src/catapult_launch.cpp:198:16:[m[K [01;35m[Kwarning: [m[Kcharacter constant too long for its type
[4.341s]   198 | if __name__ == [01;35m[K'__main__'[m[K:
[4.341s]       |                [01;35m[K^~~~~~~~~~[m[K
[4.341s] [01m[K/home/ieee/justbaked/justbaked/src/robot_bringup/src/catapult_launch.cpp:1:1:[m[K [01;31m[Kerror: [m[K‘[01m[Kimport[m[K’ does not name a type
[4.341s]     1 | [01;31m[Kimport[m[K rclpy
[4.342s]       | [01;31m[K^~~~~~[m[K
[4.342s] [01m[K/home/ieee/justbaked/justbaked/src/robot_bringup/src/catapult_launch.cpp:1:1:[m[K [01;36m[Knote: [m[KC++20 ‘[01m[Kimport[m[K’ only available with ‘[01m[K-fmodules-ts[m[K’
[4.342s] gmake[2]: *** [CMakeFiles/catapult_launch_node.dir/build.make:76: CMakeFiles/catapult_launch_node.dir/src/catapult_launch.cpp.o] Error 1
[4.342s] gmake[1]: *** [CMakeFiles/Makefile2:193: CMakeFiles/catapult_launch_node.dir/all] Error 2
[4.342s] gmake[1]: *** Waiting for unfinished jobs....
[23.272s] [ 66%] [32m[1mLinking CXX executable waypoint_nav_cpp[0m
[24.124s] [ 66%] Built target waypoint_nav_cpp
[27.849s] [ 83%] [32m[1mLinking CXX executable determine_fire_location[0m
[28.560s] [ 83%] Built target determine_fire_location
[28.563s] gmake: *** [Makefile:146: all] Error 2
[28.566s] Invoked command in '/home/ieee/justbaked/justbaked/build/robot_bringup' returned '2': CMAKE_PREFIX_PATH=${CMAKE_PREFIX_PATH}:/opt/ros/jazzy DEBUGINFOD_URLS=https://debuginfod.ubuntu.com /usr/bin/cmake --build /home/ieee/justbaked/justbaked/build/robot_bringup -- -j4 -l4
