[0.036s] Invoking command in '/home/ieee/justbaked/justbaked/build/robot_bringup': CMAKE_PREFIX_PATH=${CMAKE_PREFIX_PATH}:/home/ieee/justbaked/justbaked/install/temp_sens:/opt/ros/jazzy DEBUGINFOD_URLS=https://debuginfod.ubuntu.com /usr/bin/cmake --build /home/ieee/justbaked/justbaked/build/robot_bringup -- -j4 -l4
[0.434s] [ 50%] Built target waypoint_nav_cpp
[0.434s] [100%] Built target determine_fire_location
[0.436s] Invoked command in '/home/ieee/justbaked/justbaked/build/robot_bringup' returned '0': CMAKE_PREFIX_PATH=${CMAKE_PREFIX_PATH}:/home/ieee/justbaked/justbaked/install/temp_sens:/opt/ros/jazzy DEBUGINFOD_URLS=https://debuginfod.ubuntu.com /usr/bin/cmake --build /home/ieee/justbaked/justbaked/build/robot_bringup -- -j4 -l4
[0.456s] Invoking command in '/home/ieee/justbaked/justbaked/build/robot_bringup': CMAKE_PREFIX_PATH=${CMAKE_PREFIX_PATH}:/home/ieee/justbaked/justbaked/install/temp_sens:/opt/ros/jazzy DEBUGINFOD_URLS=https://debuginfod.ubuntu.com /usr/bin/cmake --install /home/ieee/justbaked/justbaked/build/robot_bringup
[0.477s] -- Install configuration: ""
[0.478s] -- Execute custom install script
[0.481s] -- Up-to-date symlink: /home/ieee/justbaked/justbaked/install/robot_bringup/lib/robot_bringup/waypoint_nav_cpp
[0.481s] -- Up-to-date symlink: /home/ieee/justbaked/justbaked/install/robot_bringup/lib/robot_bringup/determine_fire_location
[0.484s] -- Up-to-date symlink: /home/ieee/justbaked/justbaked/install/robot_bringup/lib/robot_bringup/button_publisher.py
[0.485s] -- Up-to-date symlink: /home/ieee/justbaked/justbaked/install/robot_bringup/share/robot_bringup/launch/roundone.launch.py
[0.488s] -- Up-to-date symlink: /home/ieee/justbaked/justbaked/install/robot_bringup/share/robot_bringup/launch/roundthree.launch.py
[0.488s] -- Up-to-date symlink: /home/ieee/justbaked/justbaked/install/robot_bringup/share/robot_bringup/launch/startup.launch.py
[0.488s] -- Up-to-date symlink: /home/ieee/justbaked/justbaked/install/robot_bringup/share/robot_bringup/waypoints/round1.yaml
[0.488s] -- Up-to-date symlink: /home/ieee/justbaked/justbaked/install/robot_bringup/share/robot_bringup/waypoints/round2.yaml
[0.489s] -- Up-to-date symlink: /home/ieee/justbaked/justbaked/install/robot_bringup/share/robot_bringup/waypoints/rvizpoints.yaml
[0.490s] -- Up-to-date symlink: /home/ieee/justbaked/justbaked/install/robot_bringup/share/robot_bringup/maps/.pgm
[0.490s] -- Up-to-date symlink: /home/ieee/justbaked/justbaked/install/robot_bringup/share/robot_bringup/maps/.yaml
[0.491s] -- Up-to-date symlink: /home/ieee/justbaked/justbaked/install/robot_bringup/share/robot_bringup/maps/arena_map.pgm
[0.492s] -- Up-to-date symlink: /home/ieee/justbaked/justbaked/install/robot_bringup/share/robot_bringup/maps/arena_map.yaml
[0.492s] -- Up-to-date symlink: /home/ieee/justbaked/justbaked/install/robot_bringup/share/ament_index/resource_index/package_run_dependencies/robot_bringup
[0.493s] -- Up-to-date symlink: /home/ieee/justbaked/justbaked/install/robot_bringup/share/ament_index/resource_index/parent_prefix_path/robot_bringup
[0.494s] -- Up-to-date symlink: /home/ieee/justbaked/justbaked/install/robot_bringup/share/robot_bringup/environment/ament_prefix_path.sh
[0.494s] -- Up-to-date symlink: /home/ieee/justbaked/justbaked/install/robot_bringup/share/robot_bringup/environment/ament_prefix_path.dsv
[0.495s] -- Up-to-date symlink: /home/ieee/justbaked/justbaked/install/robot_bringup/share/robot_bringup/environment/path.sh
[0.496s] -- Up-to-date symlink: /home/ieee/justbaked/justbaked/install/robot_bringup/share/robot_bringup/environment/path.dsv
[0.497s] -- Up-to-date symlink: /home/ieee/justbaked/justbaked/install/robot_bringup/share/robot_bringup/local_setup.bash
[0.497s] -- Up-to-date symlink: /home/ieee/justbaked/justbaked/install/robot_bringup/share/robot_bringup/local_setup.sh
[0.498s] -- Up-to-date symlink: /home/ieee/justbaked/justbaked/install/robot_bringup/share/robot_bringup/local_setup.zsh
[0.499s] -- Up-to-date symlink: /home/ieee/justbaked/justbaked/install/robot_bringup/share/robot_bringup/local_setup.dsv
[0.499s] -- Symlinking: /home/ieee/justbaked/justbaked/install/robot_bringup/share/robot_bringup/package.dsv
[0.528s] -- Up-to-date symlink: /home/ieee/justbaked/justbaked/install/robot_bringup/share/ament_index/resource_index/packages/robot_bringup
[0.528s] -- Up-to-date symlink: /home/ieee/justbaked/justbaked/install/robot_bringup/share/robot_bringup/cmake/robot_bringupConfig.cmake
[0.528s] -- Up-to-date symlink: /home/ieee/justbaked/justbaked/install/robot_bringup/share/robot_bringup/cmake/robot_bringupConfig-version.cmake
[0.529s] -- Up-to-date symlink: /home/ieee/justbaked/justbaked/install/robot_bringup/share/robot_bringup/package.xml
[0.560s] Invoked command in '/home/ieee/justbaked/justbaked/build/robot_bringup' returned '0': CMAKE_PREFIX_PATH=${CMAKE_PREFIX_PATH}:/home/ieee/justbaked/justbaked/install/temp_sens:/opt/ros/jazzy DEBUGINFOD_URLS=https://debuginfod.ubuntu.com /usr/bin/cmake --install /home/ieee/justbaked/justbaked/build/robot_bringup
