[0.128s] Invoking command in '/home/lsw155linuxbox/justbaked/justbaked/build/robdesc': CMAKE_PREFIX_PATH=${CMAKE_PREFIX_PATH}:/opt/ros/jazzy DEBUGINFOD_URLS=https://debuginfod.ubuntu.com /usr/bin/cmake --build /home/lsw155linuxbox/justbaked/justbaked/build/robdesc -- -j8 -l8
[0.220s] Invoked command in '/home/lsw155linuxbox/justbaked/justbaked/build/robdesc' returned '0': CMAKE_PREFIX_PATH=${CMAKE_PREFIX_PATH}:/opt/ros/jazzy DEBUGINFOD_URLS=https://debuginfod.ubuntu.com /usr/bin/cmake --build /home/lsw155linuxbox/justbaked/justbaked/build/robdesc -- -j8 -l8
[0.261s] Invoking command in '/home/lsw155linuxbox/justbaked/justbaked/build/robdesc': CMAKE_PREFIX_PATH=${CMAKE_PREFIX_PATH}:/opt/ros/jazzy DEBUGINFOD_URLS=https://debuginfod.ubuntu.com /usr/bin/cmake --install /home/lsw155linuxbox/justbaked/justbaked/build/robdesc
[0.274s] -- Install configuration: ""
[0.274s] -- Up-to-date: /home/lsw155linuxbox/justbaked/justbaked/install/robdesc/share/robdesc/config
[0.274s] -- Up-to-date: /home/lsw155linuxbox/justbaked/justbaked/install/robdesc/share/robdesc/config/diff_drive.yaml
[0.274s] -- Up-to-date: /home/lsw155linuxbox/justbaked/justbaked/install/robdesc/share/robdesc/description
[0.274s] -- Up-to-date: /home/lsw155linuxbox/justbaked/justbaked/install/robdesc/share/robdesc/description/robot.urdf.xacro
[0.274s] -- Up-to-date: /home/lsw155linuxbox/justbaked/justbaked/install/robdesc/share/robdesc/description/rplidar.xacro
[0.275s] -- Up-to-date: /home/lsw155linuxbox/justbaked/justbaked/install/robdesc/share/robdesc/description/mobile.gazebo
[0.275s] -- Up-to-date: /home/lsw155linuxbox/justbaked/justbaked/install/robdesc/share/robdesc/description/robotcore.xacro
[0.275s] -- Up-to-date: /home/lsw155linuxbox/justbaked/justbaked/install/robdesc/share/robdesc/description/rviz
[0.275s] -- Up-to-date: /home/lsw155linuxbox/justbaked/justbaked/install/robdesc/share/robdesc/description/rviz/description.rviz
[0.276s] -- Up-to-date: /home/lsw155linuxbox/justbaked/justbaked/install/robdesc/share/robdesc/launch
[0.276s] -- Installing: /home/lsw155linuxbox/justbaked/justbaked/install/robdesc/share/robdesc/launch/rsp.launch.py
[0.291s] -- Up-to-date: /home/lsw155linuxbox/justbaked/justbaked/install/robdesc/share/ament_index/resource_index/package_run_dependencies/robdesc
[0.292s] -- Up-to-date: /home/lsw155linuxbox/justbaked/justbaked/install/robdesc/share/ament_index/resource_index/parent_prefix_path/robdesc
[0.292s] -- Up-to-date: /home/lsw155linuxbox/justbaked/justbaked/install/robdesc/share/robdesc/environment/ament_prefix_path.sh
[0.293s] -- Up-to-date: /home/lsw155linuxbox/justbaked/justbaked/install/robdesc/share/robdesc/environment/ament_prefix_path.dsv
[0.293s] -- Up-to-date: /home/lsw155linuxbox/justbaked/justbaked/install/robdesc/share/robdesc/environment/path.sh
[0.293s] -- Up-to-date: /home/lsw155linuxbox/justbaked/justbaked/install/robdesc/share/robdesc/environment/path.dsv
[0.293s] -- Up-to-date: /home/lsw155linuxbox/justbaked/justbaked/install/robdesc/share/robdesc/local_setup.bash
[0.294s] -- Up-to-date: /home/lsw155linuxbox/justbaked/justbaked/install/robdesc/share/robdesc/local_setup.sh
[0.294s] -- Up-to-date: /home/lsw155linuxbox/justbaked/justbaked/install/robdesc/share/robdesc/local_setup.zsh
[0.294s] -- Up-to-date: /home/lsw155linuxbox/justbaked/justbaked/install/robdesc/share/robdesc/local_setup.dsv
[0.294s] -- Installing: /home/lsw155linuxbox/justbaked/justbaked/install/robdesc/share/robdesc/package.dsv
[0.329s] -- Up-to-date: /home/lsw155linuxbox/justbaked/justbaked/install/robdesc/share/ament_index/resource_index/packages/robdesc
[0.330s] -- Up-to-date: /home/lsw155linuxbox/justbaked/justbaked/install/robdesc/share/robdesc/cmake/robdescConfig.cmake
[0.330s] -- Up-to-date: /home/lsw155linuxbox/justbaked/justbaked/install/robdesc/share/robdesc/cmake/robdescConfig-version.cmake
[0.330s] -- Up-to-date: /home/lsw155linuxbox/justbaked/justbaked/install/robdesc/share/robdesc/package.xml
[0.339s] Invoked command in '/home/lsw155linuxbox/justbaked/justbaked/build/robdesc' returned '0': CMAKE_PREFIX_PATH=${CMAKE_PREFIX_PATH}:/opt/ros/jazzy DEBUGINFOD_URLS=https://debuginfod.ubuntu.com /usr/bin/cmake --install /home/lsw155linuxbox/justbaked/justbaked/build/robdesc
