[3.208s] Invoking command in '/home/ieee/justbaked/justbaked/src/temp_sens': DEBUGINFOD_URLS=https://debuginfod.ubuntu.com PYTHONPATH=/home/ieee/justbaked/justbaked/build/temp_sens/prefix_override:/usr/lib/python3/dist-packages/colcon_core/task/python/colcon_distutils_commands:/home/ieee/justbaked/justbaked/install/temp_sens/lib/python3.12/site-packages:${PYTHONPATH} /usr/bin/python3 -W ignore:setup.py install is deprecated -W ignore:easy_install command is deprecated setup.py egg_info --egg-base ../../build/temp_sens build --build-base /home/ieee/justbaked/justbaked/build/temp_sens/build install --record /home/ieee/justbaked/justbaked/build/temp_sens/install.log --single-version-externally-managed install_data
[3.828s] running egg_info
[3.868s] writing ../../build/temp_sens/temp_sens.egg-info/PKG-INFO
[3.869s] writing dependency_links to ../../build/temp_sens/temp_sens.egg-info/dependency_links.txt
[3.870s] writing entry points to ../../build/temp_sens/temp_sens.egg-info/entry_points.txt
[3.870s] writing requirements to ../../build/temp_sens/temp_sens.egg-info/requires.txt
[3.871s] writing top-level names to ../../build/temp_sens/temp_sens.egg-info/top_level.txt
[3.951s] reading manifest file '../../build/temp_sens/temp_sens.egg-info/SOURCES.txt'
[3.952s] adding license file 'LICENSE'
[3.954s] writing manifest file '../../build/temp_sens/temp_sens.egg-info/SOURCES.txt'
[3.954s] running build
[3.954s] running build_py
[3.955s] running install
[3.968s] running install_lib
[4.013s] running install_data
[4.013s] running install_egg_info
[4.059s] removing '/home/ieee/justbaked/justbaked/install/temp_sens/lib/python3.12/site-packages/temp_sens-0.0.1-py3.12.egg-info' (and everything under it)
[4.060s] Copying ../../build/temp_sens/temp_sens.egg-info to /home/ieee/justbaked/justbaked/install/temp_sens/lib/python3.12/site-packages/temp_sens-0.0.1-py3.12.egg-info
[4.063s] running install_scripts
[4.372s] Installing serial_temp_reader script to /home/ieee/justbaked/justbaked/install/temp_sens/lib/temp_sens
[4.373s] writing list of installed files to '/home/ieee/justbaked/justbaked/build/temp_sens/install.log'
[4.606s] Invoked command in '/home/ieee/justbaked/justbaked/src/temp_sens' returned '0': DEBUGINFOD_URLS=https://debuginfod.ubuntu.com PYTHONPATH=/home/ieee/justbaked/justbaked/build/temp_sens/prefix_override:/usr/lib/python3/dist-packages/colcon_core/task/python/colcon_distutils_commands:/home/ieee/justbaked/justbaked/install/temp_sens/lib/python3.12/site-packages:${PYTHONPATH} /usr/bin/python3 -W ignore:setup.py install is deprecated -W ignore:easy_install command is deprecated setup.py egg_info --egg-base ../../build/temp_sens build --build-base /home/ieee/justbaked/justbaked/build/temp_sens/build install --record /home/ieee/justbaked/justbaked/build/temp_sens/install.log --single-version-externally-managed install_data
