[0.608s] DEBUG:colcon:Command line arguments: ['/usr/bin/colcon', 'build']
[0.608s] DEBUG:colcon:Parsed command line arguments: Namespace(log_base=None, log_level=None, verb_name='build', build_base='build', install_base='install', merge_install=False, symlink_install=False, test_result_base=None, continue_on_error=False, executor='parallel', parallel_workers=4, event_handlers=None, ignore_user_meta=False, metas=['./colcon.meta'], base_paths=['.'], packages_ignore=None, packages_ignore_regex=None, paths=None, packages_up_to=None, packages_up_to_regex=None, packages_above=None, packages_above_and_dependencies=None, packages_above_depth=None, packages_select_by_dep=None, packages_skip_by_dep=None, packages_skip_up_to=None, packages_select_build_failed=False, packages_skip_build_finished=False, packages_select_test_failures=False, packages_skip_test_passed=False, packages_select=None, packages_skip=None, packages_select_regex=None, packages_skip_regex=None, packages_start=None, packages_end=None, allow_overriding=[], cmake_args=None, cmake_target=None, cmake_target_skip_unavailable=False, cmake_clean_cache=False, cmake_clean_first=False, cmake_force_configure=False, ament_cmake_args=None, catkin_cmake_args=None, catkin_skip_building_tests=False, mixin_files=None, mixin=None, verb_parser=<colcon_mixin.mixin.mixin_argument.MixinArgumentDecorator object at 0x7e70847ac0e0>, verb_extension=<colcon_core.verb.build.BuildVerb object at 0x7e708478bc80>, main=<bound method BuildVerb.main of <colcon_core.verb.build.BuildVerb object at 0x7e708478bc80>>, mixin_verb=('build',))
[0.685s] Level 1:colcon.colcon_core.package_discovery:discover_packages(colcon_meta) check parameters
[0.685s] Level 1:colcon.colcon_core.package_discovery:discover_packages(recursive) check parameters
[0.686s] Level 1:colcon.colcon_core.package_discovery:discover_packages(ignore) check parameters
[0.686s] Level 1:colcon.colcon_core.package_discovery:discover_packages(path) check parameters
[0.686s] Level 1:colcon.colcon_core.package_discovery:discover_packages(colcon_meta) discover
[0.686s] Level 1:colcon.colcon_core.package_discovery:discover_packages(recursive) discover
[0.686s] INFO:colcon.colcon_core.package_discovery:Crawling recursively for packages in '/home/jack/ASUIEEE25/justbaked'
[0.686s] Level 1:colcon.colcon_core.package_identification:_identify(.) by extensions ['ignore', 'ignore_ament_install']
[0.686s] Level 1:colcon.colcon_core.package_identification:_identify(.) by extension 'ignore'
[0.686s] Level 1:colcon.colcon_core.package_identification:_identify(.) by extension 'ignore_ament_install'
[0.686s] Level 1:colcon.colcon_core.package_identification:_identify(.) by extensions ['colcon_pkg']
[0.686s] Level 1:colcon.colcon_core.package_identification:_identify(.) by extension 'colcon_pkg'
[0.686s] Level 1:colcon.colcon_core.package_identification:_identify(.) by extensions ['colcon_meta']
[0.686s] Level 1:colcon.colcon_core.package_identification:_identify(.) by extension 'colcon_meta'
[0.687s] Level 1:colcon.colcon_core.package_identification:_identify(.) by extensions ['ros']
[0.687s] Level 1:colcon.colcon_core.package_identification:_identify(.) by extension 'ros'
[0.735s] Level 1:colcon.colcon_core.package_identification:_identify(.) by extensions ['cmake', 'python']
[0.735s] Level 1:colcon.colcon_core.package_identification:_identify(.) by extension 'cmake'
[0.735s] Level 1:colcon.colcon_core.package_identification:_identify(.) by extension 'python'
[0.735s] Level 1:colcon.colcon_core.package_identification:_identify(.) by extensions ['python_setup_py']
[0.736s] Level 1:colcon.colcon_core.package_identification:_identify(.) by extension 'python_setup_py'
[0.736s] Level 1:colcon.colcon_core.package_identification:_identify(build) by extensions ['ignore', 'ignore_ament_install']
[0.736s] Level 1:colcon.colcon_core.package_identification:_identify(build) by extension 'ignore'
[0.736s] Level 1:colcon.colcon_core.package_identification:_identify(build) ignored
[0.736s] Level 1:colcon.colcon_core.package_identification:_identify(install) by extensions ['ignore', 'ignore_ament_install']
[0.736s] Level 1:colcon.colcon_core.package_identification:_identify(install) by extension 'ignore'
[0.736s] Level 1:colcon.colcon_core.package_identification:_identify(install) ignored
[0.736s] Level 1:colcon.colcon_core.package_identification:_identify(log) by extensions ['ignore', 'ignore_ament_install']
[0.737s] Level 1:colcon.colcon_core.package_identification:_identify(log) by extension 'ignore'
[0.737s] Level 1:colcon.colcon_core.package_identification:_identify(log) ignored
[0.737s] Level 1:colcon.colcon_core.package_identification:_identify(src) by extensions ['ignore', 'ignore_ament_install']
[0.737s] Level 1:colcon.colcon_core.package_identification:_identify(src) by extension 'ignore'
[0.737s] Level 1:colcon.colcon_core.package_identification:_identify(src) by extension 'ignore_ament_install'
[0.737s] Level 1:colcon.colcon_core.package_identification:_identify(src) by extensions ['colcon_pkg']
[0.737s] Level 1:colcon.colcon_core.package_identification:_identify(src) by extension 'colcon_pkg'
[0.737s] Level 1:colcon.colcon_core.package_identification:_identify(src) by extensions ['colcon_meta']
[0.737s] Level 1:colcon.colcon_core.package_identification:_identify(src) by extension 'colcon_meta'
[0.737s] Level 1:colcon.colcon_core.package_identification:_identify(src) by extensions ['ros']
[0.737s] Level 1:colcon.colcon_core.package_identification:_identify(src) by extension 'ros'
[0.738s] Level 1:colcon.colcon_core.package_identification:_identify(src) by extensions ['cmake', 'python']
[0.738s] Level 1:colcon.colcon_core.package_identification:_identify(src) by extension 'cmake'
[0.738s] Level 1:colcon.colcon_core.package_identification:_identify(src) by extension 'python'
[0.738s] Level 1:colcon.colcon_core.package_identification:_identify(src) by extensions ['python_setup_py']
[0.738s] Level 1:colcon.colcon_core.package_identification:_identify(src) by extension 'python_setup_py'
[0.738s] Level 1:colcon.colcon_core.package_identification:_identify(src/RPLidar) by extensions ['ignore', 'ignore_ament_install']
[0.738s] Level 1:colcon.colcon_core.package_identification:_identify(src/RPLidar) by extension 'ignore'
[0.738s] Level 1:colcon.colcon_core.package_identification:_identify(src/RPLidar) by extension 'ignore_ament_install'
[0.738s] Level 1:colcon.colcon_core.package_identification:_identify(src/RPLidar) by extensions ['colcon_pkg']
[0.738s] Level 1:colcon.colcon_core.package_identification:_identify(src/RPLidar) by extension 'colcon_pkg'
[0.738s] Level 1:colcon.colcon_core.package_identification:_identify(src/RPLidar) by extensions ['colcon_meta']
[0.738s] Level 1:colcon.colcon_core.package_identification:_identify(src/RPLidar) by extension 'colcon_meta'
[0.738s] Level 1:colcon.colcon_core.package_identification:_identify(src/RPLidar) by extensions ['ros']
[0.739s] Level 1:colcon.colcon_core.package_identification:_identify(src/RPLidar) by extension 'ros'
[0.769s] DEBUG:colcon.colcon_core.package_identification:Package 'src/RPLidar' with type 'ros.ament_cmake' and name 'RPLidar'
[0.769s] Level 1:colcon.colcon_core.package_identification:_identify(src/tempsense) by extensions ['ignore', 'ignore_ament_install']
[0.769s] Level 1:colcon.colcon_core.package_identification:_identify(src/tempsense) by extension 'ignore'
[0.769s] Level 1:colcon.colcon_core.package_identification:_identify(src/tempsense) by extension 'ignore_ament_install'
[0.769s] Level 1:colcon.colcon_core.package_identification:_identify(src/tempsense) by extensions ['colcon_pkg']
[0.769s] Level 1:colcon.colcon_core.package_identification:_identify(src/tempsense) by extension 'colcon_pkg'
[0.769s] Level 1:colcon.colcon_core.package_identification:_identify(src/tempsense) by extensions ['colcon_meta']
[0.769s] Level 1:colcon.colcon_core.package_identification:_identify(src/tempsense) by extension 'colcon_meta'
[0.769s] Level 1:colcon.colcon_core.package_identification:_identify(src/tempsense) by extensions ['ros']
[0.769s] Level 1:colcon.colcon_core.package_identification:_identify(src/tempsense) by extension 'ros'
[0.770s] DEBUG:colcon.colcon_core.package_identification:Package 'src/tempsense' with type 'ros.ament_cmake' and name 'tempsense'
[0.770s] Level 1:colcon.colcon_core.package_identification:_identify(src/trackRobot) by extensions ['ignore', 'ignore_ament_install']
[0.771s] Level 1:colcon.colcon_core.package_identification:_identify(src/trackRobot) by extension 'ignore'
[0.771s] Level 1:colcon.colcon_core.package_identification:_identify(src/trackRobot) by extension 'ignore_ament_install'
[0.771s] Level 1:colcon.colcon_core.package_identification:_identify(src/trackRobot) by extensions ['colcon_pkg']
[0.771s] Level 1:colcon.colcon_core.package_identification:_identify(src/trackRobot) by extension 'colcon_pkg'
[0.771s] Level 1:colcon.colcon_core.package_identification:_identify(src/trackRobot) by extensions ['colcon_meta']
[0.771s] Level 1:colcon.colcon_core.package_identification:_identify(src/trackRobot) by extension 'colcon_meta'
[0.771s] Level 1:colcon.colcon_core.package_identification:_identify(src/trackRobot) by extensions ['ros']
[0.771s] Level 1:colcon.colcon_core.package_identification:_identify(src/trackRobot) by extension 'ros'
[0.773s] DEBUG:colcon.colcon_core.package_identification:Package 'src/trackRobot' with type 'ros.ament_python' and name 'trackRobot'
[0.773s] Level 1:colcon.colcon_core.package_discovery:discover_packages(recursive) using defaults
[0.773s] Level 1:colcon.colcon_core.package_discovery:discover_packages(ignore) discover
[0.773s] Level 1:colcon.colcon_core.package_discovery:discover_packages(ignore) using defaults
[0.773s] Level 1:colcon.colcon_core.package_discovery:discover_packages(path) discover
[0.773s] Level 1:colcon.colcon_core.package_discovery:discover_packages(path) using defaults
[0.813s] Level 1:colcon.colcon_core.package_discovery:discover_packages(prefix_path) check parameters
[0.813s] Level 1:colcon.colcon_core.package_discovery:discover_packages(prefix_path) discover
[0.826s] DEBUG:colcon.colcon_installed_package_information.package_discovery:Found 343 installed packages in /opt/ros/jazzy
[0.829s] Level 1:colcon.colcon_core.package_discovery:discover_packages(prefix_path) using defaults
[0.948s] Level 5:colcon.colcon_core.verb:set package 'RPLidar' build argument 'cmake_args' from command line to 'None'
[0.948s] Level 5:colcon.colcon_core.verb:set package 'RPLidar' build argument 'cmake_target' from command line to 'None'
[0.948s] Level 5:colcon.colcon_core.verb:set package 'RPLidar' build argument 'cmake_target_skip_unavailable' from command line to 'False'
[0.948s] Level 5:colcon.colcon_core.verb:set package 'RPLidar' build argument 'cmake_clean_cache' from command line to 'False'
[0.948s] Level 5:colcon.colcon_core.verb:set package 'RPLidar' build argument 'cmake_clean_first' from command line to 'False'
[0.948s] Level 5:colcon.colcon_core.verb:set package 'RPLidar' build argument 'cmake_force_configure' from command line to 'False'
[0.948s] Level 5:colcon.colcon_core.verb:set package 'RPLidar' build argument 'ament_cmake_args' from command line to 'None'
[0.948s] Level 5:colcon.colcon_core.verb:set package 'RPLidar' build argument 'catkin_cmake_args' from command line to 'None'
[0.948s] Level 5:colcon.colcon_core.verb:set package 'RPLidar' build argument 'catkin_skip_building_tests' from command line to 'False'
[0.948s] DEBUG:colcon.colcon_core.verb:Building package 'RPLidar' with the following arguments: {'ament_cmake_args': None, 'build_base': '/home/jack/ASUIEEE25/justbaked/build/RPLidar', 'catkin_cmake_args': None, 'catkin_skip_building_tests': False, 'cmake_args': None, 'cmake_clean_cache': False, 'cmake_clean_first': False, 'cmake_force_configure': False, 'cmake_target': None, 'cmake_target_skip_unavailable': False, 'install_base': '/home/jack/ASUIEEE25/justbaked/install/RPLidar', 'merge_install': False, 'path': '/home/jack/ASUIEEE25/justbaked/src/RPLidar', 'symlink_install': False, 'test_result_base': None}
[0.949s] Level 5:colcon.colcon_core.verb:set package 'tempsense' build argument 'cmake_args' from command line to 'None'
[0.949s] Level 5:colcon.colcon_core.verb:set package 'tempsense' build argument 'cmake_target' from command line to 'None'
[0.949s] Level 5:colcon.colcon_core.verb:set package 'tempsense' build argument 'cmake_target_skip_unavailable' from command line to 'False'
[0.949s] Level 5:colcon.colcon_core.verb:set package 'tempsense' build argument 'cmake_clean_cache' from command line to 'False'
[0.949s] Level 5:colcon.colcon_core.verb:set package 'tempsense' build argument 'cmake_clean_first' from command line to 'False'
[0.949s] Level 5:colcon.colcon_core.verb:set package 'tempsense' build argument 'cmake_force_configure' from command line to 'False'
[0.949s] Level 5:colcon.colcon_core.verb:set package 'tempsense' build argument 'ament_cmake_args' from command line to 'None'
[0.949s] Level 5:colcon.colcon_core.verb:set package 'tempsense' build argument 'catkin_cmake_args' from command line to 'None'
[0.949s] Level 5:colcon.colcon_core.verb:set package 'tempsense' build argument 'catkin_skip_building_tests' from command line to 'False'
[0.949s] DEBUG:colcon.colcon_core.verb:Building package 'tempsense' with the following arguments: {'ament_cmake_args': None, 'build_base': '/home/jack/ASUIEEE25/justbaked/build/tempsense', 'catkin_cmake_args': None, 'catkin_skip_building_tests': False, 'cmake_args': None, 'cmake_clean_cache': False, 'cmake_clean_first': False, 'cmake_force_configure': False, 'cmake_target': None, 'cmake_target_skip_unavailable': False, 'install_base': '/home/jack/ASUIEEE25/justbaked/install/tempsense', 'merge_install': False, 'path': '/home/jack/ASUIEEE25/justbaked/src/tempsense', 'symlink_install': False, 'test_result_base': None}
[0.950s] Level 5:colcon.colcon_core.verb:set package 'trackRobot' build argument 'cmake_args' from command line to 'None'
[0.950s] Level 5:colcon.colcon_core.verb:set package 'trackRobot' build argument 'cmake_target' from command line to 'None'
[0.950s] Level 5:colcon.colcon_core.verb:set package 'trackRobot' build argument 'cmake_target_skip_unavailable' from command line to 'False'
[0.950s] Level 5:colcon.colcon_core.verb:set package 'trackRobot' build argument 'cmake_clean_cache' from command line to 'False'
[0.950s] Level 5:colcon.colcon_core.verb:set package 'trackRobot' build argument 'cmake_clean_first' from command line to 'False'
[0.950s] Level 5:colcon.colcon_core.verb:set package 'trackRobot' build argument 'cmake_force_configure' from command line to 'False'
[0.950s] Level 5:colcon.colcon_core.verb:set package 'trackRobot' build argument 'ament_cmake_args' from command line to 'None'
[0.950s] Level 5:colcon.colcon_core.verb:set package 'trackRobot' build argument 'catkin_cmake_args' from command line to 'None'
[0.950s] Level 5:colcon.colcon_core.verb:set package 'trackRobot' build argument 'catkin_skip_building_tests' from command line to 'False'
[0.950s] DEBUG:colcon.colcon_core.verb:Building package 'trackRobot' with the following arguments: {'ament_cmake_args': None, 'build_base': '/home/jack/ASUIEEE25/justbaked/build/trackRobot', 'catkin_cmake_args': None, 'catkin_skip_building_tests': False, 'cmake_args': None, 'cmake_clean_cache': False, 'cmake_clean_first': False, 'cmake_force_configure': False, 'cmake_target': None, 'cmake_target_skip_unavailable': False, 'install_base': '/home/jack/ASUIEEE25/justbaked/install/trackRobot', 'merge_install': False, 'path': '/home/jack/ASUIEEE25/justbaked/src/trackRobot', 'symlink_install': False, 'test_result_base': None}
[0.951s] INFO:colcon.colcon_core.executor:Executing jobs using 'parallel' executor
[0.952s] DEBUG:colcon.colcon_parallel_executor.executor.parallel:run_until_complete
[0.952s] INFO:colcon.colcon_ros.task.ament_cmake.build:Building ROS package in '/home/jack/ASUIEEE25/justbaked/src/RPLidar' with build type 'ament_cmake'
[0.953s] INFO:colcon.colcon_cmake.task.cmake.build:Building CMake package in '/home/jack/ASUIEEE25/justbaked/src/RPLidar'
[0.978s] INFO:colcon.colcon_core.plugin_system:Skipping extension 'colcon_core.shell.bat': Not used on non-Windows systems
[0.978s] INFO:colcon.colcon_core.shell:Skip shell extension 'powershell' for command environment: Not usable outside of PowerShell
[0.978s] DEBUG:colcon.colcon_core.shell:Skip shell extension 'dsv' for command environment
[1.011s] INFO:colcon.colcon_ros.task.ament_cmake.build:Building ROS package in '/home/jack/ASUIEEE25/justbaked/src/tempsense' with build type 'ament_cmake'
[1.011s] INFO:colcon.colcon_cmake.task.cmake.build:Building CMake package in '/home/jack/ASUIEEE25/justbaked/src/tempsense'
[1.012s] INFO:colcon.colcon_core.shell:Skip shell extension 'powershell' for command environment: Not usable outside of PowerShell
[1.012s] DEBUG:colcon.colcon_core.shell:Skip shell extension 'dsv' for command environment
[1.018s] INFO:colcon.colcon_ros.task.ament_python.build:Building ROS package in '/home/jack/ASUIEEE25/justbaked/src/trackRobot' with build type 'ament_python'
[1.018s] Level 1:colcon.colcon_core.shell:create_environment_hook('trackRobot', 'ament_prefix_path')
[1.019s] INFO:colcon.colcon_core.shell:Creating environment hook '/home/jack/ASUIEEE25/justbaked/install/trackRobot/share/trackRobot/hook/ament_prefix_path.ps1'
[1.021s] INFO:colcon.colcon_core.shell:Creating environment descriptor '/home/jack/ASUIEEE25/justbaked/install/trackRobot/share/trackRobot/hook/ament_prefix_path.dsv'
[1.023s] INFO:colcon.colcon_core.shell:Creating environment hook '/home/jack/ASUIEEE25/justbaked/install/trackRobot/share/trackRobot/hook/ament_prefix_path.sh'
[1.025s] INFO:colcon.colcon_core.shell:Skip shell extension 'powershell' for command environment: Not usable outside of PowerShell
[1.025s] DEBUG:colcon.colcon_core.shell:Skip shell extension 'dsv' for command environment
[1.044s] DEBUG:colcon.colcon_core.event_handler.log_command:Invoking command in '/home/jack/ASUIEEE25/justbaked/build/RPLidar': CMAKE_PREFIX_PATH=${CMAKE_PREFIX_PATH}:/opt/ros/jazzy DEBUGINFOD_URLS=https://debuginfod.ubuntu.com /usr/bin/cmake /home/jack/ASUIEEE25/justbaked/src/RPLidar -DCMAKE_INSTALL_PREFIX=/home/jack/ASUIEEE25/justbaked/install/RPLidar
[1.049s] DEBUG:colcon.colcon_core.event_handler.log_command:Invoking command in '/home/jack/ASUIEEE25/justbaked/build/tempsense': CMAKE_PREFIX_PATH=${CMAKE_PREFIX_PATH}:/opt/ros/jazzy DEBUGINFOD_URLS=https://debuginfod.ubuntu.com /usr/bin/cmake /home/jack/ASUIEEE25/justbaked/src/tempsense -DCMAKE_INSTALL_PREFIX=/home/jack/ASUIEEE25/justbaked/install/tempsense
[1.577s] INFO:colcon.colcon_core.task.python.build:Building Python package in '/home/jack/ASUIEEE25/justbaked/src/trackRobot'
[1.578s] INFO:colcon.colcon_core.shell:Skip shell extension 'powershell' for command environment: Not usable outside of PowerShell
[1.578s] DEBUG:colcon.colcon_core.shell:Skip shell extension 'dsv' for command environment
[8.501s] DEBUG:colcon.colcon_core.event_handler.log_command:Invoked command in '/home/jack/ASUIEEE25/justbaked/build/tempsense' returned '0': CMAKE_PREFIX_PATH=${CMAKE_PREFIX_PATH}:/opt/ros/jazzy DEBUGINFOD_URLS=https://debuginfod.ubuntu.com /usr/bin/cmake /home/jack/ASUIEEE25/justbaked/src/tempsense -DCMAKE_INSTALL_PREFIX=/home/jack/ASUIEEE25/justbaked/install/tempsense
[8.504s] DEBUG:colcon.colcon_core.event_handler.log_command:Invoking command in '/home/jack/ASUIEEE25/justbaked/build/tempsense': CMAKE_PREFIX_PATH=${CMAKE_PREFIX_PATH}:/opt/ros/jazzy DEBUGINFOD_URLS=https://debuginfod.ubuntu.com /usr/bin/cmake --build /home/jack/ASUIEEE25/justbaked/build/tempsense -- -j4 -l4
[8.505s] DEBUG:colcon.colcon_core.event_handler.log_command:Invoked command in '/home/jack/ASUIEEE25/justbaked/build/RPLidar' returned '0': CMAKE_PREFIX_PATH=${CMAKE_PREFIX_PATH}:/opt/ros/jazzy DEBUGINFOD_URLS=https://debuginfod.ubuntu.com /usr/bin/cmake /home/jack/ASUIEEE25/justbaked/src/RPLidar -DCMAKE_INSTALL_PREFIX=/home/jack/ASUIEEE25/justbaked/install/RPLidar
[8.506s] DEBUG:colcon.colcon_core.event_handler.log_command:Invoking command in '/home/jack/ASUIEEE25/justbaked/build/RPLidar': CMAKE_PREFIX_PATH=${CMAKE_PREFIX_PATH}:/opt/ros/jazzy DEBUGINFOD_URLS=https://debuginfod.ubuntu.com /usr/bin/cmake --build /home/jack/ASUIEEE25/justbaked/build/RPLidar -- -j4 -l4
[8.584s] DEBUG:colcon.colcon_core.event_handler.log_command:Invoked command in '/home/jack/ASUIEEE25/justbaked/build/tempsense' returned '0': CMAKE_PREFIX_PATH=${CMAKE_PREFIX_PATH}:/opt/ros/jazzy DEBUGINFOD_URLS=https://debuginfod.ubuntu.com /usr/bin/cmake --build /home/jack/ASUIEEE25/justbaked/build/tempsense -- -j4 -l4
[8.601s] DEBUG:colcon.colcon_core.event_handler.log_command:Invoking command in '/home/jack/ASUIEEE25/justbaked/build/tempsense': CMAKE_PREFIX_PATH=${CMAKE_PREFIX_PATH}:/opt/ros/jazzy DEBUGINFOD_URLS=https://debuginfod.ubuntu.com /usr/bin/cmake --install /home/jack/ASUIEEE25/justbaked/build/tempsense
[8.603s] DEBUG:colcon.colcon_core.event_handler.log_command:Invoked command in '/home/jack/ASUIEEE25/justbaked/build/RPLidar' returned '0': CMAKE_PREFIX_PATH=${CMAKE_PREFIX_PATH}:/opt/ros/jazzy DEBUGINFOD_URLS=https://debuginfod.ubuntu.com /usr/bin/cmake --build /home/jack/ASUIEEE25/justbaked/build/RPLidar -- -j4 -l4
[8.610s] DEBUG:colcon.colcon_core.event_handler.log_command:Invoking command in '/home/jack/ASUIEEE25/justbaked/build/RPLidar': CMAKE_PREFIX_PATH=${CMAKE_PREFIX_PATH}:/opt/ros/jazzy DEBUGINFOD_URLS=https://debuginfod.ubuntu.com /usr/bin/cmake --install /home/jack/ASUIEEE25/justbaked/build/RPLidar
[8.622s] Level 1:colcon.colcon_core.environment:create_environment_scripts_only(tempsense)
[8.626s] DEBUG:colcon.colcon_core.event_handler.log_command:Invoked command in '/home/jack/ASUIEEE25/justbaked/build/tempsense' returned '0': CMAKE_PREFIX_PATH=${CMAKE_PREFIX_PATH}:/opt/ros/jazzy DEBUGINFOD_URLS=https://debuginfod.ubuntu.com /usr/bin/cmake --install /home/jack/ASUIEEE25/justbaked/build/tempsense
[8.692s] Level 1:colcon.colcon_core.environment:checking '/home/jack/ASUIEEE25/justbaked/install/tempsense' for CMake module files
[8.693s] Level 1:colcon.colcon_core.environment:checking '/home/jack/ASUIEEE25/justbaked/install/tempsense' for CMake config files
[8.693s] Level 1:colcon.colcon_core.shell:create_environment_hook('tempsense', 'cmake_prefix_path')
[8.693s] INFO:colcon.colcon_core.shell:Creating environment hook '/home/jack/ASUIEEE25/justbaked/install/tempsense/share/tempsense/hook/cmake_prefix_path.ps1'
[8.694s] INFO:colcon.colcon_core.shell:Creating environment descriptor '/home/jack/ASUIEEE25/justbaked/install/tempsense/share/tempsense/hook/cmake_prefix_path.dsv'
[8.694s] INFO:colcon.colcon_core.shell:Creating environment hook '/home/jack/ASUIEEE25/justbaked/install/tempsense/share/tempsense/hook/cmake_prefix_path.sh'
[8.695s] Level 1:colcon.colcon_core.environment:checking '/home/jack/ASUIEEE25/justbaked/install/tempsense/bin'
[8.696s] Level 1:colcon.colcon_core.environment:checking '/home/jack/ASUIEEE25/justbaked/install/tempsense/lib/pkgconfig/tempsense.pc'
[8.696s] Level 1:colcon.colcon_core.environment:checking '/home/jack/ASUIEEE25/justbaked/install/tempsense/lib/python3.12/site-packages'
[8.696s] Level 1:colcon.colcon_core.environment:checking '/home/jack/ASUIEEE25/justbaked/install/tempsense/bin'
[8.697s] INFO:colcon.colcon_core.shell:Creating package script '/home/jack/ASUIEEE25/justbaked/install/tempsense/share/tempsense/package.ps1'
[8.707s] INFO:colcon.colcon_core.shell:Creating package descriptor '/home/jack/ASUIEEE25/justbaked/install/tempsense/share/tempsense/package.dsv'
[8.721s] INFO:colcon.colcon_core.shell:Creating package script '/home/jack/ASUIEEE25/justbaked/install/tempsense/share/tempsense/package.sh'
[8.741s] INFO:colcon.colcon_core.shell:Creating package script '/home/jack/ASUIEEE25/justbaked/install/tempsense/share/tempsense/package.bash'
[8.745s] INFO:colcon.colcon_core.shell:Creating package script '/home/jack/ASUIEEE25/justbaked/install/tempsense/share/tempsense/package.zsh'
[8.746s] Level 1:colcon.colcon_core.environment:create_file_with_runtime_dependencies(/home/jack/ASUIEEE25/justbaked/install/tempsense/share/colcon-core/packages/tempsense)
[8.747s] Level 1:colcon.colcon_core.environment:create_environment_scripts_only(tempsense)
[8.747s] Level 1:colcon.colcon_core.environment:checking '/home/jack/ASUIEEE25/justbaked/install/tempsense' for CMake module files
[8.748s] Level 1:colcon.colcon_core.environment:checking '/home/jack/ASUIEEE25/justbaked/install/tempsense' for CMake config files
[8.749s] Level 1:colcon.colcon_core.shell:create_environment_hook('tempsense', 'cmake_prefix_path')
[8.749s] INFO:colcon.colcon_core.shell:Creating environment hook '/home/jack/ASUIEEE25/justbaked/install/tempsense/share/tempsense/hook/cmake_prefix_path.ps1'
[8.750s] INFO:colcon.colcon_core.shell:Creating environment descriptor '/home/jack/ASUIEEE25/justbaked/install/tempsense/share/tempsense/hook/cmake_prefix_path.dsv'
[8.750s] INFO:colcon.colcon_core.shell:Creating environment hook '/home/jack/ASUIEEE25/justbaked/install/tempsense/share/tempsense/hook/cmake_prefix_path.sh'
[8.751s] Level 1:colcon.colcon_core.environment:checking '/home/jack/ASUIEEE25/justbaked/install/tempsense/bin'
[8.751s] Level 1:colcon.colcon_core.environment:checking '/home/jack/ASUIEEE25/justbaked/install/tempsense/lib/pkgconfig/tempsense.pc'
[8.752s] Level 1:colcon.colcon_core.environment:checking '/home/jack/ASUIEEE25/justbaked/install/tempsense/lib/python3.12/site-packages'
[8.753s] Level 1:colcon.colcon_core.environment:checking '/home/jack/ASUIEEE25/justbaked/install/tempsense/bin'
[8.754s] INFO:colcon.colcon_core.shell:Creating package script '/home/jack/ASUIEEE25/justbaked/install/tempsense/share/tempsense/package.ps1'
[8.755s] INFO:colcon.colcon_core.shell:Creating package descriptor '/home/jack/ASUIEEE25/justbaked/install/tempsense/share/tempsense/package.dsv'
[8.757s] INFO:colcon.colcon_core.shell:Creating package script '/home/jack/ASUIEEE25/justbaked/install/tempsense/share/tempsense/package.sh'
[8.757s] INFO:colcon.colcon_core.shell:Creating package script '/home/jack/ASUIEEE25/justbaked/install/tempsense/share/tempsense/package.bash'
[8.758s] INFO:colcon.colcon_core.shell:Creating package script '/home/jack/ASUIEEE25/justbaked/install/tempsense/share/tempsense/package.zsh'
[8.759s] Level 1:colcon.colcon_core.environment:create_file_with_runtime_dependencies(/home/jack/ASUIEEE25/justbaked/install/tempsense/share/colcon-core/packages/tempsense)
[8.762s] Level 1:colcon.colcon_core.environment:create_environment_scripts_only(RPLidar)
[8.762s] Level 1:colcon.colcon_core.environment:checking '/home/jack/ASUIEEE25/justbaked/install/RPLidar' for CMake module files
[8.764s] DEBUG:colcon.colcon_core.event_handler.log_command:Invoked command in '/home/jack/ASUIEEE25/justbaked/build/RPLidar' returned '0': CMAKE_PREFIX_PATH=${CMAKE_PREFIX_PATH}:/opt/ros/jazzy DEBUGINFOD_URLS=https://debuginfod.ubuntu.com /usr/bin/cmake --install /home/jack/ASUIEEE25/justbaked/build/RPLidar
[8.764s] Level 1:colcon.colcon_core.environment:checking '/home/jack/ASUIEEE25/justbaked/install/RPLidar' for CMake config files
[8.765s] Level 1:colcon.colcon_core.shell:create_environment_hook('RPLidar', 'cmake_prefix_path')
[8.765s] INFO:colcon.colcon_core.shell:Creating environment hook '/home/jack/ASUIEEE25/justbaked/install/RPLidar/share/RPLidar/hook/cmake_prefix_path.ps1'
[8.766s] INFO:colcon.colcon_core.shell:Creating environment descriptor '/home/jack/ASUIEEE25/justbaked/install/RPLidar/share/RPLidar/hook/cmake_prefix_path.dsv'
[8.766s] INFO:colcon.colcon_core.shell:Creating environment hook '/home/jack/ASUIEEE25/justbaked/install/RPLidar/share/RPLidar/hook/cmake_prefix_path.sh'
[8.767s] Level 1:colcon.colcon_core.environment:checking '/home/jack/ASUIEEE25/justbaked/install/RPLidar/bin'
[8.768s] Level 1:colcon.colcon_core.environment:checking '/home/jack/ASUIEEE25/justbaked/install/RPLidar/lib/pkgconfig/RPLidar.pc'
[8.769s] Level 1:colcon.colcon_core.environment:checking '/home/jack/ASUIEEE25/justbaked/install/RPLidar/lib/python3.12/site-packages'
[8.769s] Level 1:colcon.colcon_core.environment:checking '/home/jack/ASUIEEE25/justbaked/install/RPLidar/bin'
[8.769s] INFO:colcon.colcon_core.shell:Creating package script '/home/jack/ASUIEEE25/justbaked/install/RPLidar/share/RPLidar/package.ps1'
[8.770s] INFO:colcon.colcon_core.shell:Creating package descriptor '/home/jack/ASUIEEE25/justbaked/install/RPLidar/share/RPLidar/package.dsv'
[8.771s] INFO:colcon.colcon_core.shell:Creating package script '/home/jack/ASUIEEE25/justbaked/install/RPLidar/share/RPLidar/package.sh'
[8.771s] INFO:colcon.colcon_core.shell:Creating package script '/home/jack/ASUIEEE25/justbaked/install/RPLidar/share/RPLidar/package.bash'
[8.772s] INFO:colcon.colcon_core.shell:Creating package script '/home/jack/ASUIEEE25/justbaked/install/RPLidar/share/RPLidar/package.zsh'
[8.773s] Level 1:colcon.colcon_core.environment:create_file_with_runtime_dependencies(/home/jack/ASUIEEE25/justbaked/install/RPLidar/share/colcon-core/packages/RPLidar)
[8.773s] Level 1:colcon.colcon_core.environment:create_environment_scripts_only(RPLidar)
[8.774s] Level 1:colcon.colcon_core.environment:checking '/home/jack/ASUIEEE25/justbaked/install/RPLidar' for CMake module files
[8.775s] Level 1:colcon.colcon_core.environment:checking '/home/jack/ASUIEEE25/justbaked/install/RPLidar' for CMake config files
[8.775s] Level 1:colcon.colcon_core.shell:create_environment_hook('RPLidar', 'cmake_prefix_path')
[8.775s] INFO:colcon.colcon_core.shell:Creating environment hook '/home/jack/ASUIEEE25/justbaked/install/RPLidar/share/RPLidar/hook/cmake_prefix_path.ps1'
[8.776s] INFO:colcon.colcon_core.shell:Creating environment descriptor '/home/jack/ASUIEEE25/justbaked/install/RPLidar/share/RPLidar/hook/cmake_prefix_path.dsv'
[8.777s] INFO:colcon.colcon_core.shell:Creating environment hook '/home/jack/ASUIEEE25/justbaked/install/RPLidar/share/RPLidar/hook/cmake_prefix_path.sh'
[8.778s] Level 1:colcon.colcon_core.environment:checking '/home/jack/ASUIEEE25/justbaked/install/RPLidar/bin'
[8.778s] Level 1:colcon.colcon_core.environment:checking '/home/jack/ASUIEEE25/justbaked/install/RPLidar/lib/pkgconfig/RPLidar.pc'
[8.779s] Level 1:colcon.colcon_core.environment:checking '/home/jack/ASUIEEE25/justbaked/install/RPLidar/lib/python3.12/site-packages'
[8.779s] Level 1:colcon.colcon_core.environment:checking '/home/jack/ASUIEEE25/justbaked/install/RPLidar/bin'
[8.780s] INFO:colcon.colcon_core.shell:Creating package script '/home/jack/ASUIEEE25/justbaked/install/RPLidar/share/RPLidar/package.ps1'
[8.781s] INFO:colcon.colcon_core.shell:Creating package descriptor '/home/jack/ASUIEEE25/justbaked/install/RPLidar/share/RPLidar/package.dsv'
[8.781s] INFO:colcon.colcon_core.shell:Creating package script '/home/jack/ASUIEEE25/justbaked/install/RPLidar/share/RPLidar/package.sh'
[8.782s] INFO:colcon.colcon_core.shell:Creating package script '/home/jack/ASUIEEE25/justbaked/install/RPLidar/share/RPLidar/package.bash'
[8.783s] INFO:colcon.colcon_core.shell:Creating package script '/home/jack/ASUIEEE25/justbaked/install/RPLidar/share/RPLidar/package.zsh'
[8.784s] Level 1:colcon.colcon_core.environment:create_file_with_runtime_dependencies(/home/jack/ASUIEEE25/justbaked/install/RPLidar/share/colcon-core/packages/RPLidar)
[9.611s] DEBUG:colcon.colcon_core.event_handler.log_command:Invoking command in '/home/jack/ASUIEEE25/justbaked/src/trackRobot': DEBUGINFOD_URLS=https://debuginfod.ubuntu.com PYTHONPATH=/home/jack/ASUIEEE25/justbaked/build/trackRobot/prefix_override:/usr/lib/python3/dist-packages/colcon_core/task/python/colcon_distutils_commands:/home/jack/ASUIEEE25/justbaked/install/trackRobot/lib/python3.12/site-packages:${PYTHONPATH} /usr/bin/python3 -W ignore:setup.py install is deprecated -W ignore:easy_install command is deprecated setup.py egg_info --egg-base ../../build/trackRobot build --build-base /home/jack/ASUIEEE25/justbaked/build/trackRobot/build install --record /home/jack/ASUIEEE25/justbaked/build/trackRobot/install.log --single-version-externally-managed install_data
[10.754s] Level 1:colcon.colcon_core.environment:checking '/home/jack/ASUIEEE25/justbaked/install/trackRobot' for CMake module files
[10.756s] DEBUG:colcon.colcon_core.event_handler.log_command:Invoked command in '/home/jack/ASUIEEE25/justbaked/src/trackRobot' returned '0': DEBUGINFOD_URLS=https://debuginfod.ubuntu.com PYTHONPATH=/home/jack/ASUIEEE25/justbaked/build/trackRobot/prefix_override:/usr/lib/python3/dist-packages/colcon_core/task/python/colcon_distutils_commands:/home/jack/ASUIEEE25/justbaked/install/trackRobot/lib/python3.12/site-packages:${PYTHONPATH} /usr/bin/python3 -W ignore:setup.py install is deprecated -W ignore:easy_install command is deprecated setup.py egg_info --egg-base ../../build/trackRobot build --build-base /home/jack/ASUIEEE25/justbaked/build/trackRobot/build install --record /home/jack/ASUIEEE25/justbaked/build/trackRobot/install.log --single-version-externally-managed install_data
[10.756s] Level 1:colcon.colcon_core.environment:checking '/home/jack/ASUIEEE25/justbaked/install/trackRobot' for CMake config files
[10.757s] Level 1:colcon.colcon_core.environment:checking '/home/jack/ASUIEEE25/justbaked/install/trackRobot/lib'
[10.757s] Level 1:colcon.colcon_core.environment:checking '/home/jack/ASUIEEE25/justbaked/install/trackRobot/bin'
[10.758s] Level 1:colcon.colcon_core.environment:checking '/home/jack/ASUIEEE25/justbaked/install/trackRobot/lib/pkgconfig/trackRobot.pc'
[10.758s] Level 1:colcon.colcon_core.environment:checking '/home/jack/ASUIEEE25/justbaked/install/trackRobot/lib/python3.12/site-packages'
[10.758s] Level 1:colcon.colcon_core.shell:create_environment_hook('trackRobot', 'pythonpath')
[10.759s] INFO:colcon.colcon_core.shell:Creating environment hook '/home/jack/ASUIEEE25/justbaked/install/trackRobot/share/trackRobot/hook/pythonpath.ps1'
[10.759s] INFO:colcon.colcon_core.shell:Creating environment descriptor '/home/jack/ASUIEEE25/justbaked/install/trackRobot/share/trackRobot/hook/pythonpath.dsv'
[10.760s] INFO:colcon.colcon_core.shell:Creating environment hook '/home/jack/ASUIEEE25/justbaked/install/trackRobot/share/trackRobot/hook/pythonpath.sh'
[10.761s] Level 1:colcon.colcon_core.environment:checking '/home/jack/ASUIEEE25/justbaked/install/trackRobot/bin'
[10.761s] Level 1:colcon.colcon_core.environment:create_environment_scripts_only(trackRobot)
[10.761s] INFO:colcon.colcon_core.shell:Creating package script '/home/jack/ASUIEEE25/justbaked/install/trackRobot/share/trackRobot/package.ps1'
[10.762s] INFO:colcon.colcon_core.shell:Creating package descriptor '/home/jack/ASUIEEE25/justbaked/install/trackRobot/share/trackRobot/package.dsv'
[10.763s] INFO:colcon.colcon_core.shell:Creating package script '/home/jack/ASUIEEE25/justbaked/install/trackRobot/share/trackRobot/package.sh'
[10.764s] INFO:colcon.colcon_core.shell:Creating package script '/home/jack/ASUIEEE25/justbaked/install/trackRobot/share/trackRobot/package.bash'
[10.764s] INFO:colcon.colcon_core.shell:Creating package script '/home/jack/ASUIEEE25/justbaked/install/trackRobot/share/trackRobot/package.zsh'
[10.765s] Level 1:colcon.colcon_core.environment:create_file_with_runtime_dependencies(/home/jack/ASUIEEE25/justbaked/install/trackRobot/share/colcon-core/packages/trackRobot)
[10.765s] DEBUG:colcon.colcon_parallel_executor.executor.parallel:closing loop
[10.765s] DEBUG:colcon.colcon_parallel_executor.executor.parallel:loop closed
[10.765s] DEBUG:colcon.colcon_parallel_executor.executor.parallel:run_until_complete finished with '0'
[10.765s] DEBUG:colcon.colcon_core.event_reactor:joining thread
[10.851s] INFO:colcon.colcon_core.plugin_system:Skipping extension 'colcon_notification.desktop_notification.terminal_notifier': Not used on non-Darwin systems
[10.852s] INFO:colcon.colcon_core.plugin_system:Skipping extension 'colcon_notification.desktop_notification.win32': Not used on non-Windows systems
[10.852s] INFO:colcon.colcon_notification.desktop_notification:Sending desktop notification using 'notify2'
[10.900s] DEBUG:colcon.colcon_core.event_reactor:joined thread
[10.900s] INFO:colcon.colcon_core.shell:Creating prefix script '/home/jack/ASUIEEE25/justbaked/install/local_setup.ps1'
[11.238s] INFO:colcon.colcon_core.shell:Creating prefix util module '/home/jack/ASUIEEE25/justbaked/install/_local_setup_util_ps1.py'
[11.303s] INFO:colcon.colcon_core.shell:Creating prefix chain script '/home/jack/ASUIEEE25/justbaked/install/setup.ps1'
[11.325s] INFO:colcon.colcon_core.shell:Creating prefix script '/home/jack/ASUIEEE25/justbaked/install/local_setup.sh'
[11.328s] INFO:colcon.colcon_core.shell:Creating prefix util module '/home/jack/ASUIEEE25/justbaked/install/_local_setup_util_sh.py'
[11.329s] INFO:colcon.colcon_core.shell:Creating prefix chain script '/home/jack/ASUIEEE25/justbaked/install/setup.sh'
[11.332s] INFO:colcon.colcon_core.shell:Creating prefix script '/home/jack/ASUIEEE25/justbaked/install/local_setup.bash'
[11.384s] INFO:colcon.colcon_core.shell:Creating prefix chain script '/home/jack/ASUIEEE25/justbaked/install/setup.bash'
[11.387s] INFO:colcon.colcon_core.shell:Creating prefix script '/home/jack/ASUIEEE25/justbaked/install/local_setup.zsh'
[11.400s] INFO:colcon.colcon_core.shell:Creating prefix chain script '/home/jack/ASUIEEE25/justbaked/install/setup.zsh'
