[0.022s] Invoking command in '/home/lsw155linuxbox/justbaked/justbaked/build/turtlebot4_description': CMAKE_PREFIX_PATH=${CMAKE_PREFIX_PATH}:/home/lsw155linuxbox/homer_ws/install/homer_description:/home/lsw155linuxbox/homer_ws/install/homer_control:/opt/ros/jazzy DEBUGINFOD_URLS=https://debuginfod.ubuntu.com /usr/bin/cmake --build /home/lsw155linuxbox/justbaked/justbaked/build/turtlebot4_description -- -j8 -l8
[0.070s] Invoked command in '/home/lsw155linuxbox/justbaked/justbaked/build/turtlebot4_description' returned '0': CMAKE_PREFIX_PATH=${CMAKE_PREFIX_PATH}:/home/lsw155linuxbox/homer_ws/install/homer_description:/home/lsw155linuxbox/homer_ws/install/homer_control:/opt/ros/jazzy DEBUGINFOD_URLS=https://debuginfod.ubuntu.com /usr/bin/cmake --build /home/lsw155linuxbox/justbaked/justbaked/build/turtlebot4_description -- -j8 -l8
[0.083s] Invoking command in '/home/lsw155linuxbox/justbaked/justbaked/build/turtlebot4_description': CMAKE_PREFIX_PATH=${CMAKE_PREFIX_PATH}:/home/lsw155linuxbox/homer_ws/install/homer_description:/home/lsw155linuxbox/homer_ws/install/homer_control:/opt/ros/jazzy DEBUGINFOD_URLS=https://debuginfod.ubuntu.com /usr/bin/cmake --install /home/lsw155linuxbox/justbaked/justbaked/build/turtlebot4_description
[0.092s] -- Install configuration: ""
[0.092s] -- Up-to-date: /home/lsw155linuxbox/justbaked/justbaked/install/turtlebot4_description/share/turtlebot4_description/launch
[0.093s] -- Up-to-date: /home/lsw155linuxbox/justbaked/justbaked/install/turtlebot4_description/share/turtlebot4_description/launch/robot_description.launch.py
[0.093s] -- Up-to-date: /home/lsw155linuxbox/justbaked/justbaked/install/turtlebot4_description/share/turtlebot4_description/urdf
[0.093s] -- Up-to-date: /home/lsw155linuxbox/justbaked/justbaked/install/turtlebot4_description/share/turtlebot4_description/urdf/lite
[0.093s] -- Up-to-date: /home/lsw155linuxbox/justbaked/justbaked/install/turtlebot4_description/share/turtlebot4_description/urdf/lite/robot.urdf.xacro
[0.094s] -- Up-to-date: /home/lsw155linuxbox/justbaked/justbaked/install/turtlebot4_description/share/turtlebot4_description/urdf/lite/rplidar.xacro
[0.094s] -- Up-to-date: /home/lsw155linuxbox/justbaked/justbaked/install/turtlebot4_description/share/turtlebot4_description/urdf/sensors
[0.094s] -- Up-to-date: /home/lsw155linuxbox/justbaked/justbaked/install/turtlebot4_description/share/turtlebot4_description/urdf/sensors/rplidar.xacro
[0.094s] -- Up-to-date: /home/lsw155linuxbox/justbaked/justbaked/install/turtlebot4_description/share/turtlebot4_description/urdf/standard
[0.094s] -- Up-to-date: /home/lsw155linuxbox/justbaked/justbaked/install/turtlebot4_description/share/turtlebot4_description/urdf/standard/turtlebot4.urdf.xacro
[0.095s] -- Installing: /home/lsw155linuxbox/justbaked/justbaked/install/turtlebot4_description/share/turtlebot4_description/urdf/standard/robotcore.xacro
[0.095s] -- Up-to-date: /home/lsw155linuxbox/justbaked/justbaked/install/turtlebot4_description/share/ament_index/resource_index/package_run_dependencies/turtlebot4_description
[0.095s] -- Up-to-date: /home/lsw155linuxbox/justbaked/justbaked/install/turtlebot4_description/share/ament_index/resource_index/parent_prefix_path/turtlebot4_description
[0.095s] -- Up-to-date: /home/lsw155linuxbox/justbaked/justbaked/install/turtlebot4_description/share/turtlebot4_description/environment/ament_prefix_path.sh
[0.095s] -- Up-to-date: /home/lsw155linuxbox/justbaked/justbaked/install/turtlebot4_description/share/turtlebot4_description/environment/ament_prefix_path.dsv
[0.096s] -- Up-to-date: /home/lsw155linuxbox/justbaked/justbaked/install/turtlebot4_description/share/turtlebot4_description/environment/path.sh
[0.096s] -- Up-to-date: /home/lsw155linuxbox/justbaked/justbaked/install/turtlebot4_description/share/turtlebot4_description/environment/path.dsv
[0.096s] -- Up-to-date: /home/lsw155linuxbox/justbaked/justbaked/install/turtlebot4_description/share/turtlebot4_description/local_setup.bash
[0.096s] -- Up-to-date: /home/lsw155linuxbox/justbaked/justbaked/install/turtlebot4_description/share/turtlebot4_description/local_setup.sh
[0.096s] -- Up-to-date: /home/lsw155linuxbox/justbaked/justbaked/install/turtlebot4_description/share/turtlebot4_description/local_setup.zsh
[0.096s] -- Up-to-date: /home/lsw155linuxbox/justbaked/justbaked/install/turtlebot4_description/share/turtlebot4_description/local_setup.dsv
[0.096s] -- Installing: /home/lsw155linuxbox/justbaked/justbaked/install/turtlebot4_description/share/turtlebot4_description/package.dsv
[0.097s] -- Up-to-date: /home/lsw155linuxbox/justbaked/justbaked/install/turtlebot4_description/share/ament_index/resource_index/packages/turtlebot4_description
[0.097s] -- Up-to-date: /home/lsw155linuxbox/justbaked/justbaked/install/turtlebot4_description/share/turtlebot4_description/cmake/turtlebot4_descriptionConfig.cmake
[0.097s] -- Up-to-date: /home/lsw155linuxbox/justbaked/justbaked/install/turtlebot4_description/share/turtlebot4_description/cmake/turtlebot4_descriptionConfig-version.cmake
[0.097s] -- Up-to-date: /home/lsw155linuxbox/justbaked/justbaked/install/turtlebot4_description/share/turtlebot4_description/package.xml
[0.099s] Invoked command in '/home/lsw155linuxbox/justbaked/justbaked/build/turtlebot4_description' returned '0': CMAKE_PREFIX_PATH=${CMAKE_PREFIX_PATH}:/home/lsw155linuxbox/homer_ws/install/homer_description:/home/lsw155linuxbox/homer_ws/install/homer_control:/opt/ros/jazzy DEBUGINFOD_URLS=https://debuginfod.ubuntu.com /usr/bin/cmake --install /home/lsw155linuxbox/justbaked/justbaked/build/turtlebot4_description
