[0.208s] DEBUG:colcon:Command line arguments: ['/usr/bin/colcon', 'build']
[0.209s] DEBUG:colcon:Parsed command line arguments: Namespace(log_base=None, log_level=None, verb_name='build', build_base='build', install_base='install', merge_install=False, symlink_install=False, test_result_base=None, continue_on_error=False, executor='parallel', parallel_workers=4, event_handlers=None, ignore_user_meta=False, metas=['./colcon.meta'], base_paths=['.'], packages_ignore=None, packages_ignore_regex=None, paths=None, packages_up_to=None, packages_up_to_regex=None, packages_above=None, packages_above_and_dependencies=None, packages_above_depth=None, packages_select_by_dep=None, packages_skip_by_dep=None, packages_skip_up_to=None, packages_select_build_failed=False, packages_skip_build_finished=False, packages_select_test_failures=False, packages_skip_test_passed=False, packages_select=None, packages_skip=None, packages_select_regex=None, packages_skip_regex=None, packages_start=None, packages_end=None, allow_overriding=[], cmake_args=None, cmake_target=None, cmake_target_skip_unavailable=False, cmake_clean_cache=False, cmake_clean_first=False, cmake_force_configure=False, ament_cmake_args=None, catkin_cmake_args=None, catkin_skip_building_tests=False, mixin_files=None, mixin=None, verb_parser=<colcon_mixin.mixin.mixin_argument.MixinArgumentDecorator object at 0x782a80a88110>, verb_extension=<colcon_core.verb.build.BuildVerb object at 0x782a80a67b90>, main=<bound method BuildVerb.main of <colcon_core.verb.build.BuildVerb object at 0x782a80a67b90>>, mixin_verb=('build',))
[0.281s] Level 1:colcon.colcon_core.package_discovery:discover_packages(colcon_meta) check parameters
[0.281s] Level 1:colcon.colcon_core.package_discovery:discover_packages(recursive) check parameters
[0.281s] Level 1:colcon.colcon_core.package_discovery:discover_packages(ignore) check parameters
[0.281s] Level 1:colcon.colcon_core.package_discovery:discover_packages(path) check parameters
[0.281s] Level 1:colcon.colcon_core.package_discovery:discover_packages(colcon_meta) discover
[0.281s] Level 1:colcon.colcon_core.package_discovery:discover_packages(recursive) discover
[0.282s] INFO:colcon.colcon_core.package_discovery:Crawling recursively for packages in '/home/jack/justbaked/justbaked'
[0.282s] Level 1:colcon.colcon_core.package_identification:_identify(.) by extensions ['ignore', 'ignore_ament_install']
[0.282s] Level 1:colcon.colcon_core.package_identification:_identify(.) by extension 'ignore'
[0.282s] Level 1:colcon.colcon_core.package_identification:_identify(.) by extension 'ignore_ament_install'
[0.282s] Level 1:colcon.colcon_core.package_identification:_identify(.) by extensions ['colcon_pkg']
[0.282s] Level 1:colcon.colcon_core.package_identification:_identify(.) by extension 'colcon_pkg'
[0.282s] Level 1:colcon.colcon_core.package_identification:_identify(.) by extensions ['colcon_meta']
[0.282s] Level 1:colcon.colcon_core.package_identification:_identify(.) by extension 'colcon_meta'
[0.282s] Level 1:colcon.colcon_core.package_identification:_identify(.) by extensions ['ros']
[0.282s] Level 1:colcon.colcon_core.package_identification:_identify(.) by extension 'ros'
[0.331s] Level 1:colcon.colcon_core.package_identification:_identify(.) by extensions ['cmake', 'python']
[0.331s] Level 1:colcon.colcon_core.package_identification:_identify(.) by extension 'cmake'
[0.331s] Level 1:colcon.colcon_core.package_identification:_identify(.) by extension 'python'
[0.331s] Level 1:colcon.colcon_core.package_identification:_identify(.) by extensions ['python_setup_py']
[0.331s] Level 1:colcon.colcon_core.package_identification:_identify(.) by extension 'python_setup_py'
[0.332s] Level 1:colcon.colcon_core.package_identification:_identify(build) by extensions ['ignore', 'ignore_ament_install']
[0.332s] Level 1:colcon.colcon_core.package_identification:_identify(build) by extension 'ignore'
[0.332s] Level 1:colcon.colcon_core.package_identification:_identify(build) ignored
[0.332s] Level 1:colcon.colcon_core.package_identification:_identify(install) by extensions ['ignore', 'ignore_ament_install']
[0.332s] Level 1:colcon.colcon_core.package_identification:_identify(install) by extension 'ignore'
[0.332s] Level 1:colcon.colcon_core.package_identification:_identify(install) ignored
[0.332s] Level 1:colcon.colcon_core.package_identification:_identify(log) by extensions ['ignore', 'ignore_ament_install']
[0.332s] Level 1:colcon.colcon_core.package_identification:_identify(log) by extension 'ignore'
[0.333s] Level 1:colcon.colcon_core.package_identification:_identify(log) ignored
[0.333s] Level 1:colcon.colcon_core.package_identification:_identify(src) by extensions ['ignore', 'ignore_ament_install']
[0.333s] Level 1:colcon.colcon_core.package_identification:_identify(src) by extension 'ignore'
[0.333s] Level 1:colcon.colcon_core.package_identification:_identify(src) by extension 'ignore_ament_install'
[0.333s] Level 1:colcon.colcon_core.package_identification:_identify(src) by extensions ['colcon_pkg']
[0.333s] Level 1:colcon.colcon_core.package_identification:_identify(src) by extension 'colcon_pkg'
[0.333s] Level 1:colcon.colcon_core.package_identification:_identify(src) by extensions ['colcon_meta']
[0.333s] Level 1:colcon.colcon_core.package_identification:_identify(src) by extension 'colcon_meta'
[0.333s] Level 1:colcon.colcon_core.package_identification:_identify(src) by extensions ['ros']
[0.333s] Level 1:colcon.colcon_core.package_identification:_identify(src) by extension 'ros'
[0.334s] Level 1:colcon.colcon_core.package_identification:_identify(src) by extensions ['cmake', 'python']
[0.334s] Level 1:colcon.colcon_core.package_identification:_identify(src) by extension 'cmake'
[0.334s] Level 1:colcon.colcon_core.package_identification:_identify(src) by extension 'python'
[0.334s] Level 1:colcon.colcon_core.package_identification:_identify(src) by extensions ['python_setup_py']
[0.334s] Level 1:colcon.colcon_core.package_identification:_identify(src) by extension 'python_setup_py'
[0.334s] Level 1:colcon.colcon_core.package_identification:_identify(src/gazebo) by extensions ['ignore', 'ignore_ament_install']
[0.334s] Level 1:colcon.colcon_core.package_identification:_identify(src/gazebo) by extension 'ignore'
[0.335s] Level 1:colcon.colcon_core.package_identification:_identify(src/gazebo) by extension 'ignore_ament_install'
[0.335s] Level 1:colcon.colcon_core.package_identification:_identify(src/gazebo) by extensions ['colcon_pkg']
[0.335s] Level 1:colcon.colcon_core.package_identification:_identify(src/gazebo) by extension 'colcon_pkg'
[0.335s] Level 1:colcon.colcon_core.package_identification:_identify(src/gazebo) by extensions ['colcon_meta']
[0.335s] Level 1:colcon.colcon_core.package_identification:_identify(src/gazebo) by extension 'colcon_meta'
[0.335s] Level 1:colcon.colcon_core.package_identification:_identify(src/gazebo) by extensions ['ros']
[0.335s] Level 1:colcon.colcon_core.package_identification:_identify(src/gazebo) by extension 'ros'
[0.339s] DEBUG:colcon.colcon_core.package_identification:Package 'src/gazebo' with type 'ros.ament_cmake' and name 'gazebo'
[0.339s] Level 1:colcon.colcon_core.package_identification:_identify(src/robdesc) by extensions ['ignore', 'ignore_ament_install']
[0.339s] Level 1:colcon.colcon_core.package_identification:_identify(src/robdesc) by extension 'ignore'
[0.339s] Level 1:colcon.colcon_core.package_identification:_identify(src/robdesc) by extension 'ignore_ament_install'
[0.339s] Level 1:colcon.colcon_core.package_identification:_identify(src/robdesc) by extensions ['colcon_pkg']
[0.339s] Level 1:colcon.colcon_core.package_identification:_identify(src/robdesc) by extension 'colcon_pkg'
[0.339s] Level 1:colcon.colcon_core.package_identification:_identify(src/robdesc) by extensions ['colcon_meta']
[0.339s] Level 1:colcon.colcon_core.package_identification:_identify(src/robdesc) by extension 'colcon_meta'
[0.340s] Level 1:colcon.colcon_core.package_identification:_identify(src/robdesc) by extensions ['ros']
[0.340s] Level 1:colcon.colcon_core.package_identification:_identify(src/robdesc) by extension 'ros'
[0.340s] DEBUG:colcon.colcon_core.package_identification:Package 'src/robdesc' with type 'ros.ament_cmake' and name 'robdesc'
[0.340s] Level 1:colcon.colcon_core.package_discovery:discover_packages(recursive) using defaults
[0.341s] Level 1:colcon.colcon_core.package_discovery:discover_packages(ignore) discover
[0.341s] Level 1:colcon.colcon_core.package_discovery:discover_packages(ignore) using defaults
[0.341s] Level 1:colcon.colcon_core.package_discovery:discover_packages(path) discover
[0.341s] Level 1:colcon.colcon_core.package_discovery:discover_packages(path) using defaults
[0.370s] Level 1:colcon.colcon_core.package_discovery:discover_packages(prefix_path) check parameters
[0.370s] Level 1:colcon.colcon_core.package_discovery:discover_packages(prefix_path) discover
[0.373s] DEBUG:colcon.colcon_installed_package_information.package_discovery:Found 2 installed packages in /home/jack/justbaked/justbaked/install
[0.378s] DEBUG:colcon.colcon_installed_package_information.package_discovery:Found 351 installed packages in /opt/ros/jazzy
[0.382s] Level 1:colcon.colcon_core.package_discovery:discover_packages(prefix_path) using defaults
[0.494s] Level 5:colcon.colcon_core.verb:set package 'gazebo' build argument 'cmake_args' from command line to 'None'
[0.494s] Level 5:colcon.colcon_core.verb:set package 'gazebo' build argument 'cmake_target' from command line to 'None'
[0.494s] Level 5:colcon.colcon_core.verb:set package 'gazebo' build argument 'cmake_target_skip_unavailable' from command line to 'False'
[0.494s] Level 5:colcon.colcon_core.verb:set package 'gazebo' build argument 'cmake_clean_cache' from command line to 'False'
[0.494s] Level 5:colcon.colcon_core.verb:set package 'gazebo' build argument 'cmake_clean_first' from command line to 'False'
[0.494s] Level 5:colcon.colcon_core.verb:set package 'gazebo' build argument 'cmake_force_configure' from command line to 'False'
[0.494s] Level 5:colcon.colcon_core.verb:set package 'gazebo' build argument 'ament_cmake_args' from command line to 'None'
[0.495s] Level 5:colcon.colcon_core.verb:set package 'gazebo' build argument 'catkin_cmake_args' from command line to 'None'
[0.495s] Level 5:colcon.colcon_core.verb:set package 'gazebo' build argument 'catkin_skip_building_tests' from command line to 'False'
[0.495s] DEBUG:colcon.colcon_core.verb:Building package 'gazebo' with the following arguments: {'ament_cmake_args': None, 'build_base': '/home/jack/justbaked/justbaked/build/gazebo', 'catkin_cmake_args': None, 'catkin_skip_building_tests': False, 'cmake_args': None, 'cmake_clean_cache': False, 'cmake_clean_first': False, 'cmake_force_configure': False, 'cmake_target': None, 'cmake_target_skip_unavailable': False, 'install_base': '/home/jack/justbaked/justbaked/install/gazebo', 'merge_install': False, 'path': '/home/jack/justbaked/justbaked/src/gazebo', 'symlink_install': False, 'test_result_base': None}
[0.495s] Level 5:colcon.colcon_core.verb:set package 'robdesc' build argument 'cmake_args' from command line to 'None'
[0.495s] Level 5:colcon.colcon_core.verb:set package 'robdesc' build argument 'cmake_target' from command line to 'None'
[0.495s] Level 5:colcon.colcon_core.verb:set package 'robdesc' build argument 'cmake_target_skip_unavailable' from command line to 'False'
[0.496s] Level 5:colcon.colcon_core.verb:set package 'robdesc' build argument 'cmake_clean_cache' from command line to 'False'
[0.496s] Level 5:colcon.colcon_core.verb:set package 'robdesc' build argument 'cmake_clean_first' from command line to 'False'
[0.496s] Level 5:colcon.colcon_core.verb:set package 'robdesc' build argument 'cmake_force_configure' from command line to 'False'
[0.496s] Level 5:colcon.colcon_core.verb:set package 'robdesc' build argument 'ament_cmake_args' from command line to 'None'
[0.496s] Level 5:colcon.colcon_core.verb:set package 'robdesc' build argument 'catkin_cmake_args' from command line to 'None'
[0.496s] Level 5:colcon.colcon_core.verb:set package 'robdesc' build argument 'catkin_skip_building_tests' from command line to 'False'
[0.496s] DEBUG:colcon.colcon_core.verb:Building package 'robdesc' with the following arguments: {'ament_cmake_args': None, 'build_base': '/home/jack/justbaked/justbaked/build/robdesc', 'catkin_cmake_args': None, 'catkin_skip_building_tests': False, 'cmake_args': None, 'cmake_clean_cache': False, 'cmake_clean_first': False, 'cmake_force_configure': False, 'cmake_target': None, 'cmake_target_skip_unavailable': False, 'install_base': '/home/jack/justbaked/justbaked/install/robdesc', 'merge_install': False, 'path': '/home/jack/justbaked/justbaked/src/robdesc', 'symlink_install': False, 'test_result_base': None}
[0.496s] INFO:colcon.colcon_core.executor:Executing jobs using 'parallel' executor
[0.497s] DEBUG:colcon.colcon_parallel_executor.executor.parallel:run_until_complete
[0.498s] INFO:colcon.colcon_ros.task.ament_cmake.build:Building ROS package in '/home/jack/justbaked/justbaked/src/gazebo' with build type 'ament_cmake'
[0.498s] INFO:colcon.colcon_cmake.task.cmake.build:Building CMake package in '/home/jack/justbaked/justbaked/src/gazebo'
[0.503s] INFO:colcon.colcon_core.plugin_system:Skipping extension 'colcon_core.shell.bat': Not used on non-Windows systems
[0.504s] INFO:colcon.colcon_core.shell:Skip shell extension 'powershell' for command environment: Not usable outside of PowerShell
[0.504s] DEBUG:colcon.colcon_core.shell:Skip shell extension 'dsv' for command environment
[0.512s] INFO:colcon.colcon_ros.task.ament_cmake.build:Building ROS package in '/home/jack/justbaked/justbaked/src/robdesc' with build type 'ament_cmake'
[0.513s] INFO:colcon.colcon_cmake.task.cmake.build:Building CMake package in '/home/jack/justbaked/justbaked/src/robdesc'
[0.513s] INFO:colcon.colcon_core.shell:Skip shell extension 'powershell' for command environment: Not usable outside of PowerShell
[0.513s] DEBUG:colcon.colcon_core.shell:Skip shell extension 'dsv' for command environment
[0.529s] DEBUG:colcon.colcon_core.event_handler.log_command:Invoking command in '/home/jack/justbaked/justbaked/build/gazebo': CMAKE_PREFIX_PATH=${CMAKE_PREFIX_PATH}:/opt/ros/jazzy DEBUGINFOD_URLS=https://debuginfod.ubuntu.com /usr/bin/cmake --build /home/jack/justbaked/justbaked/build/gazebo -- -j4 -l4
[0.540s] DEBUG:colcon.colcon_core.event_handler.log_command:Invoking command in '/home/jack/justbaked/justbaked/build/robdesc': CMAKE_PREFIX_PATH=${CMAKE_PREFIX_PATH}:/opt/ros/jazzy DEBUGINFOD_URLS=https://debuginfod.ubuntu.com /usr/bin/cmake --build /home/jack/justbaked/justbaked/build/robdesc -- -j4 -l4
[0.595s] DEBUG:colcon.colcon_core.event_handler.log_command:Invoked command in '/home/jack/justbaked/justbaked/build/gazebo' returned '0': CMAKE_PREFIX_PATH=${CMAKE_PREFIX_PATH}:/opt/ros/jazzy DEBUGINFOD_URLS=https://debuginfod.ubuntu.com /usr/bin/cmake --build /home/jack/justbaked/justbaked/build/gazebo -- -j4 -l4
[0.615s] DEBUG:colcon.colcon_core.event_handler.log_command:Invoking command in '/home/jack/justbaked/justbaked/build/gazebo': CMAKE_PREFIX_PATH=${CMAKE_PREFIX_PATH}:/opt/ros/jazzy DEBUGINFOD_URLS=https://debuginfod.ubuntu.com /usr/bin/cmake --install /home/jack/justbaked/justbaked/build/gazebo
[0.618s] DEBUG:colcon.colcon_core.event_handler.log_command:Invoked command in '/home/jack/justbaked/justbaked/build/robdesc' returned '0': CMAKE_PREFIX_PATH=${CMAKE_PREFIX_PATH}:/opt/ros/jazzy DEBUGINFOD_URLS=https://debuginfod.ubuntu.com /usr/bin/cmake --build /home/jack/justbaked/justbaked/build/robdesc -- -j4 -l4
[0.619s] DEBUG:colcon.colcon_core.event_handler.log_command:Invoking command in '/home/jack/justbaked/justbaked/build/robdesc': CMAKE_PREFIX_PATH=${CMAKE_PREFIX_PATH}:/opt/ros/jazzy DEBUGINFOD_URLS=https://debuginfod.ubuntu.com /usr/bin/cmake --install /home/jack/justbaked/justbaked/build/robdesc
[0.632s] Level 1:colcon.colcon_core.environment:create_environment_scripts_only(gazebo)
[0.639s] DEBUG:colcon.colcon_core.event_handler.log_command:Invoked command in '/home/jack/justbaked/justbaked/build/gazebo' returned '0': CMAKE_PREFIX_PATH=${CMAKE_PREFIX_PATH}:/opt/ros/jazzy DEBUGINFOD_URLS=https://debuginfod.ubuntu.com /usr/bin/cmake --install /home/jack/justbaked/justbaked/build/gazebo
[0.642s] Level 1:colcon.colcon_core.environment:checking '/home/jack/justbaked/justbaked/install/gazebo' for CMake module files
[0.643s] Level 1:colcon.colcon_core.environment:checking '/home/jack/justbaked/justbaked/install/gazebo' for CMake config files
[0.643s] Level 1:colcon.colcon_core.shell:create_environment_hook('gazebo', 'cmake_prefix_path')
[0.643s] INFO:colcon.colcon_core.shell:Creating environment hook '/home/jack/justbaked/justbaked/install/gazebo/share/gazebo/hook/cmake_prefix_path.ps1'
[0.644s] INFO:colcon.colcon_core.shell:Creating environment descriptor '/home/jack/justbaked/justbaked/install/gazebo/share/gazebo/hook/cmake_prefix_path.dsv'
[0.645s] INFO:colcon.colcon_core.shell:Creating environment hook '/home/jack/justbaked/justbaked/install/gazebo/share/gazebo/hook/cmake_prefix_path.sh'
[0.647s] Level 1:colcon.colcon_core.environment:checking '/home/jack/justbaked/justbaked/install/gazebo/bin'
[0.647s] Level 1:colcon.colcon_core.environment:checking '/home/jack/justbaked/justbaked/install/gazebo/lib/pkgconfig/gazebo.pc'
[0.647s] Level 1:colcon.colcon_core.environment:checking '/home/jack/justbaked/justbaked/install/gazebo/lib/python3.12/site-packages'
[0.648s] Level 1:colcon.colcon_core.environment:checking '/home/jack/justbaked/justbaked/install/gazebo/bin'
[0.648s] INFO:colcon.colcon_core.shell:Creating package script '/home/jack/justbaked/justbaked/install/gazebo/share/gazebo/package.ps1'
[0.649s] INFO:colcon.colcon_core.shell:Creating package descriptor '/home/jack/justbaked/justbaked/install/gazebo/share/gazebo/package.dsv'
[0.650s] INFO:colcon.colcon_core.shell:Creating package script '/home/jack/justbaked/justbaked/install/gazebo/share/gazebo/package.sh'
[0.651s] INFO:colcon.colcon_core.shell:Creating package script '/home/jack/justbaked/justbaked/install/gazebo/share/gazebo/package.bash'
[0.652s] INFO:colcon.colcon_core.shell:Creating package script '/home/jack/justbaked/justbaked/install/gazebo/share/gazebo/package.zsh'
[0.653s] Level 1:colcon.colcon_core.environment:create_file_with_runtime_dependencies(/home/jack/justbaked/justbaked/install/gazebo/share/colcon-core/packages/gazebo)
[0.654s] Level 1:colcon.colcon_core.environment:create_environment_scripts_only(gazebo)
[0.655s] Level 1:colcon.colcon_core.environment:checking '/home/jack/justbaked/justbaked/install/gazebo' for CMake module files
[0.655s] Level 1:colcon.colcon_core.environment:checking '/home/jack/justbaked/justbaked/install/gazebo' for CMake config files
[0.656s] Level 1:colcon.colcon_core.shell:create_environment_hook('gazebo', 'cmake_prefix_path')
[0.656s] INFO:colcon.colcon_core.shell:Creating environment hook '/home/jack/justbaked/justbaked/install/gazebo/share/gazebo/hook/cmake_prefix_path.ps1'
[0.657s] INFO:colcon.colcon_core.shell:Creating environment descriptor '/home/jack/justbaked/justbaked/install/gazebo/share/gazebo/hook/cmake_prefix_path.dsv'
[0.657s] INFO:colcon.colcon_core.shell:Creating environment hook '/home/jack/justbaked/justbaked/install/gazebo/share/gazebo/hook/cmake_prefix_path.sh'
[0.658s] Level 1:colcon.colcon_core.environment:checking '/home/jack/justbaked/justbaked/install/gazebo/bin'
[0.658s] Level 1:colcon.colcon_core.environment:checking '/home/jack/justbaked/justbaked/install/gazebo/lib/pkgconfig/gazebo.pc'
[0.659s] Level 1:colcon.colcon_core.environment:checking '/home/jack/justbaked/justbaked/install/gazebo/lib/python3.12/site-packages'
[0.659s] Level 1:colcon.colcon_core.environment:checking '/home/jack/justbaked/justbaked/install/gazebo/bin'
[0.660s] INFO:colcon.colcon_core.shell:Creating package script '/home/jack/justbaked/justbaked/install/gazebo/share/gazebo/package.ps1'
[0.660s] INFO:colcon.colcon_core.shell:Creating package descriptor '/home/jack/justbaked/justbaked/install/gazebo/share/gazebo/package.dsv'
[0.661s] INFO:colcon.colcon_core.shell:Creating package script '/home/jack/justbaked/justbaked/install/gazebo/share/gazebo/package.sh'
[0.662s] INFO:colcon.colcon_core.shell:Creating package script '/home/jack/justbaked/justbaked/install/gazebo/share/gazebo/package.bash'
[0.662s] INFO:colcon.colcon_core.shell:Creating package script '/home/jack/justbaked/justbaked/install/gazebo/share/gazebo/package.zsh'
[0.663s] Level 1:colcon.colcon_core.environment:create_file_with_runtime_dependencies(/home/jack/justbaked/justbaked/install/gazebo/share/colcon-core/packages/gazebo)
[0.664s] Level 1:colcon.colcon_core.environment:create_environment_scripts_only(robdesc)
[0.664s] Level 1:colcon.colcon_core.environment:checking '/home/jack/justbaked/justbaked/install/robdesc' for CMake module files
[0.665s] Level 1:colcon.colcon_core.environment:checking '/home/jack/justbaked/justbaked/install/robdesc' for CMake config files
[0.666s] Level 1:colcon.colcon_core.shell:create_environment_hook('robdesc', 'cmake_prefix_path')
[0.666s] INFO:colcon.colcon_core.shell:Creating environment hook '/home/jack/justbaked/justbaked/install/robdesc/share/robdesc/hook/cmake_prefix_path.ps1'
[0.667s] DEBUG:colcon.colcon_core.event_handler.log_command:Invoked command in '/home/jack/justbaked/justbaked/build/robdesc' returned '0': CMAKE_PREFIX_PATH=${CMAKE_PREFIX_PATH}:/opt/ros/jazzy DEBUGINFOD_URLS=https://debuginfod.ubuntu.com /usr/bin/cmake --install /home/jack/justbaked/justbaked/build/robdesc
[0.668s] INFO:colcon.colcon_core.shell:Creating environment descriptor '/home/jack/justbaked/justbaked/install/robdesc/share/robdesc/hook/cmake_prefix_path.dsv'
[0.669s] INFO:colcon.colcon_core.shell:Creating environment hook '/home/jack/justbaked/justbaked/install/robdesc/share/robdesc/hook/cmake_prefix_path.sh'
[0.670s] Level 1:colcon.colcon_core.environment:checking '/home/jack/justbaked/justbaked/install/robdesc/bin'
[0.670s] Level 1:colcon.colcon_core.environment:checking '/home/jack/justbaked/justbaked/install/robdesc/lib/pkgconfig/robdesc.pc'
[0.671s] Level 1:colcon.colcon_core.environment:checking '/home/jack/justbaked/justbaked/install/robdesc/lib/python3.12/site-packages'
[0.671s] Level 1:colcon.colcon_core.environment:checking '/home/jack/justbaked/justbaked/install/robdesc/bin'
[0.672s] INFO:colcon.colcon_core.shell:Creating package script '/home/jack/justbaked/justbaked/install/robdesc/share/robdesc/package.ps1'
[0.673s] INFO:colcon.colcon_core.shell:Creating package descriptor '/home/jack/justbaked/justbaked/install/robdesc/share/robdesc/package.dsv'
[0.674s] INFO:colcon.colcon_core.shell:Creating package script '/home/jack/justbaked/justbaked/install/robdesc/share/robdesc/package.sh'
[0.675s] INFO:colcon.colcon_core.shell:Creating package script '/home/jack/justbaked/justbaked/install/robdesc/share/robdesc/package.bash'
[0.675s] INFO:colcon.colcon_core.shell:Creating package script '/home/jack/justbaked/justbaked/install/robdesc/share/robdesc/package.zsh'
[0.676s] Level 1:colcon.colcon_core.environment:create_file_with_runtime_dependencies(/home/jack/justbaked/justbaked/install/robdesc/share/colcon-core/packages/robdesc)
[0.677s] Level 1:colcon.colcon_core.environment:create_environment_scripts_only(robdesc)
[0.677s] Level 1:colcon.colcon_core.environment:checking '/home/jack/justbaked/justbaked/install/robdesc' for CMake module files
[0.678s] Level 1:colcon.colcon_core.environment:checking '/home/jack/justbaked/justbaked/install/robdesc' for CMake config files
[0.679s] Level 1:colcon.colcon_core.shell:create_environment_hook('robdesc', 'cmake_prefix_path')
[0.679s] INFO:colcon.colcon_core.shell:Creating environment hook '/home/jack/justbaked/justbaked/install/robdesc/share/robdesc/hook/cmake_prefix_path.ps1'
[0.680s] INFO:colcon.colcon_core.shell:Creating environment descriptor '/home/jack/justbaked/justbaked/install/robdesc/share/robdesc/hook/cmake_prefix_path.dsv'
[0.681s] INFO:colcon.colcon_core.shell:Creating environment hook '/home/jack/justbaked/justbaked/install/robdesc/share/robdesc/hook/cmake_prefix_path.sh'
[0.682s] Level 1:colcon.colcon_core.environment:checking '/home/jack/justbaked/justbaked/install/robdesc/bin'
[0.682s] Level 1:colcon.colcon_core.environment:checking '/home/jack/justbaked/justbaked/install/robdesc/lib/pkgconfig/robdesc.pc'
[0.683s] Level 1:colcon.colcon_core.environment:checking '/home/jack/justbaked/justbaked/install/robdesc/lib/python3.12/site-packages'
[0.683s] Level 1:colcon.colcon_core.environment:checking '/home/jack/justbaked/justbaked/install/robdesc/bin'
[0.684s] INFO:colcon.colcon_core.shell:Creating package script '/home/jack/justbaked/justbaked/install/robdesc/share/robdesc/package.ps1'
[0.685s] INFO:colcon.colcon_core.shell:Creating package descriptor '/home/jack/justbaked/justbaked/install/robdesc/share/robdesc/package.dsv'
[0.686s] INFO:colcon.colcon_core.shell:Creating package script '/home/jack/justbaked/justbaked/install/robdesc/share/robdesc/package.sh'
[0.687s] INFO:colcon.colcon_core.shell:Creating package script '/home/jack/justbaked/justbaked/install/robdesc/share/robdesc/package.bash'
[0.688s] INFO:colcon.colcon_core.shell:Creating package script '/home/jack/justbaked/justbaked/install/robdesc/share/robdesc/package.zsh'
[0.688s] Level 1:colcon.colcon_core.environment:create_file_with_runtime_dependencies(/home/jack/justbaked/justbaked/install/robdesc/share/colcon-core/packages/robdesc)
[0.689s] DEBUG:colcon.colcon_parallel_executor.executor.parallel:closing loop
[0.689s] DEBUG:colcon.colcon_parallel_executor.executor.parallel:loop closed
[0.689s] DEBUG:colcon.colcon_parallel_executor.executor.parallel:run_until_complete finished with '0'
[0.689s] DEBUG:colcon.colcon_core.event_reactor:joining thread
[0.699s] INFO:colcon.colcon_core.plugin_system:Skipping extension 'colcon_notification.desktop_notification.terminal_notifier': Not used on non-Darwin systems
[0.699s] INFO:colcon.colcon_core.plugin_system:Skipping extension 'colcon_notification.desktop_notification.win32': Not used on non-Windows systems
[0.699s] INFO:colcon.colcon_notification.desktop_notification:Sending desktop notification using 'notify2'
[0.724s] DEBUG:colcon.colcon_core.event_reactor:joined thread
[0.725s] INFO:colcon.colcon_core.shell:Creating prefix script '/home/jack/justbaked/justbaked/install/local_setup.ps1'
[0.727s] INFO:colcon.colcon_core.shell:Creating prefix util module '/home/jack/justbaked/justbaked/install/_local_setup_util_ps1.py'
[0.729s] INFO:colcon.colcon_core.shell:Creating prefix chain script '/home/jack/justbaked/justbaked/install/setup.ps1'
[0.731s] INFO:colcon.colcon_core.shell:Creating prefix script '/home/jack/justbaked/justbaked/install/local_setup.sh'
[0.732s] INFO:colcon.colcon_core.shell:Creating prefix util module '/home/jack/justbaked/justbaked/install/_local_setup_util_sh.py'
[0.733s] INFO:colcon.colcon_core.shell:Creating prefix chain script '/home/jack/justbaked/justbaked/install/setup.sh'
[0.735s] INFO:colcon.colcon_core.shell:Creating prefix script '/home/jack/justbaked/justbaked/install/local_setup.bash'
[0.736s] INFO:colcon.colcon_core.shell:Creating prefix chain script '/home/jack/justbaked/justbaked/install/setup.bash'
[0.738s] INFO:colcon.colcon_core.shell:Creating prefix script '/home/jack/justbaked/justbaked/install/local_setup.zsh'
[0.739s] INFO:colcon.colcon_core.shell:Creating prefix chain script '/home/jack/justbaked/justbaked/install/setup.zsh'
