[0.014s] Invoking command in '/home/lsw155linuxbox/justbaked/justbaked/build/robdesc': DEBUGINFOD_URLS=https://debuginfod.ubuntu.com /usr/bin/cmake --build /home/lsw155linuxbox/justbaked/justbaked/build/robdesc -- -j8 -l8
[0.052s] Invoked command in '/home/lsw155linuxbox/justbaked/justbaked/build/robdesc' returned '0': DEBUGINFOD_URLS=https://debuginfod.ubuntu.com /usr/bin/cmake --build /home/lsw155linuxbox/justbaked/justbaked/build/robdesc -- -j8 -l8
[0.062s] Invoking command in '/home/lsw155linuxbox/justbaked/justbaked/build/robdesc': DEBUGINFOD_URLS=https://debuginfod.ubuntu.com /usr/bin/cmake --install /home/lsw155linuxbox/justbaked/justbaked/build/robdesc
[0.071s] -- Install configuration: ""
[0.071s] -- Up-to-date: /home/lsw155linuxbox/justbaked/justbaked/install/robdesc/share/robdesc/config
[0.072s] -- Up-to-date: /home/lsw155linuxbox/justbaked/justbaked/install/robdesc/share/robdesc/config/empty.yaml
[0.072s] -- Up-to-date: /home/lsw155linuxbox/justbaked/justbaked/install/robdesc/share/robdesc/description
[0.072s] -- Installing: /home/lsw155linuxbox/justbaked/justbaked/install/robdesc/share/robdesc/description/robot.urdf.xacro
[0.072s] -- Installing: /home/lsw155linuxbox/justbaked/justbaked/install/robdesc/share/robdesc/description/rplidar.xacro
[0.073s] -- Up-to-date: /home/lsw155linuxbox/justbaked/justbaked/install/robdesc/share/robdesc/description/mobile.gazebo
[0.073s] -- Up-to-date: /home/lsw155linuxbox/justbaked/justbaked/install/robdesc/share/robdesc/description/robotcore.xacro
[0.074s] -- Up-to-date: /home/lsw155linuxbox/justbaked/justbaked/install/robdesc/share/robdesc/description/rviz
[0.074s] -- Up-to-date: /home/lsw155linuxbox/justbaked/justbaked/install/robdesc/share/robdesc/description/rviz/description.rviz
[0.074s] -- Up-to-date: /home/lsw155linuxbox/justbaked/justbaked/install/robdesc/share/robdesc/launch
[0.074s] -- Up-to-date: /home/lsw155linuxbox/justbaked/justbaked/install/robdesc/share/robdesc/launch/rsp.launch.py
[0.074s] -- Up-to-date: /home/lsw155linuxbox/justbaked/justbaked/install/robdesc/share/ament_index/resource_index/package_run_dependencies/robdesc
[0.075s] -- Up-to-date: /home/lsw155linuxbox/justbaked/justbaked/install/robdesc/share/ament_index/resource_index/parent_prefix_path/robdesc
[0.075s] -- Up-to-date: /home/lsw155linuxbox/justbaked/justbaked/install/robdesc/share/robdesc/environment/ament_prefix_path.sh
[0.078s] -- Up-to-date: /home/lsw155linuxbox/justbaked/justbaked/install/robdesc/share/robdesc/environment/ament_prefix_path.dsv
[0.078s] -- Up-to-date: /home/lsw155linuxbox/justbaked/justbaked/install/robdesc/share/robdesc/environment/path.sh
[0.078s] -- Up-to-date: /home/lsw155linuxbox/justbaked/justbaked/install/robdesc/share/robdesc/environment/path.dsv
[0.079s] -- Up-to-date: /home/lsw155linuxbox/justbaked/justbaked/install/robdesc/share/robdesc/local_setup.bash
[0.079s] -- Up-to-date: /home/lsw155linuxbox/justbaked/justbaked/install/robdesc/share/robdesc/local_setup.sh
[0.079s] -- Up-to-date: /home/lsw155linuxbox/justbaked/justbaked/install/robdesc/share/robdesc/local_setup.zsh
[0.080s] -- Up-to-date: /home/lsw155linuxbox/justbaked/justbaked/install/robdesc/share/robdesc/local_setup.dsv
[0.081s] -- Installing: /home/lsw155linuxbox/justbaked/justbaked/install/robdesc/share/robdesc/package.dsv
[0.081s] -- Up-to-date: /home/lsw155linuxbox/justbaked/justbaked/install/robdesc/share/ament_index/resource_index/packages/robdesc
[0.082s] -- Up-to-date: /home/lsw155linuxbox/justbaked/justbaked/install/robdesc/share/robdesc/cmake/robdescConfig.cmake
[0.082s] -- Up-to-date: /home/lsw155linuxbox/justbaked/justbaked/install/robdesc/share/robdesc/cmake/robdescConfig-version.cmake
[0.083s] -- Up-to-date: /home/lsw155linuxbox/justbaked/justbaked/install/robdesc/share/robdesc/package.xml
[0.088s] Invoked command in '/home/lsw155linuxbox/justbaked/justbaked/build/robdesc' returned '0': DEBUGINFOD_URLS=https://debuginfod.ubuntu.com /usr/bin/cmake --install /home/lsw155linuxbox/justbaked/justbaked/build/robdesc
