[0.019s] Invoking command in '/home/ieee/justbaked/justbaked/build/turtlebot4_description': CMAKE_PREFIX_PATH=${CMAKE_PREFIX_PATH}:/opt/ros/jazzy DEBUGINFOD_URLS=https://debuginfod.ubuntu.com /usr/bin/cmake /home/ieee/justbaked/justbaked/src/turtlebot4_description -DAMENT_CMAKE_SYMLINK_INSTALL=1 -DCMAKE_INSTALL_PREFIX=/home/ieee/justbaked/justbaked/install/turtlebot4_description
[0.161s] -- The C compiler identification is GNU 13.3.0
[0.301s] -- The CXX compiler identification is GNU 13.3.0
[0.329s] -- Detecting C compiler ABI info
[0.537s] -- Detecting C compiler ABI info - done
[0.551s] -- Check for working C compiler: /usr/bin/cc - skipped
[0.551s] -- Detecting C compile features
[0.551s] -- Detecting C compile features - done
[0.567s] -- Detecting CXX compiler ABI info
[0.794s] -- Detecting CXX compiler ABI info - done
[0.808s] -- Check for working CXX compiler: /usr/bin/c++ - skipped
[0.811s] -- Detecting CXX compile features
[0.811s] -- Detecting CXX compile features - done
[0.816s] -- Found ament_cmake: 2.5.3 (/opt/ros/jazzy/share/ament_cmake/cmake)
[1.141s] -- Found Python3: /usr/bin/python3 (found version "3.12.3") found components: Interpreter 
[1.308s] -- Override CMake install command with custom implementation using symlinks instead of copying resources
[1.391s] -- Found urdf: 2.10.0 (/opt/ros/jazzy/share/urdf/cmake)
[1.462s] -- Found TinyXML2 via Config file: /usr/lib/aarch64-linux-gnu/cmake/tinyxml2
[1.487s] -- Found ament_lint_auto: 0.17.1 (/opt/ros/jazzy/share/ament_lint_auto/cmake)
[1.739s] -- Added test 'copyright' to check source files copyright and LICENSE
[1.743s] -- Added test 'flake8' to check Python code syntax and style conventions
[1.743s] -- Configured 'flake8' exclude dirs and/or files: 
[1.745s] -- Added test 'lint_cmake' to check CMake code style
[1.747s] -- Added test 'pep257' to check Python code against some of the docstring style conventions in PEP 257
[1.749s] -- Added test 'xmllint' to check XML markup files
[1.753s] -- Configuring done (1.7s)
[1.759s] -- Generating done (0.0s)
[1.763s] -- Build files have been written to: /home/ieee/justbaked/justbaked/build/turtlebot4_description
[1.781s] Invoked command in '/home/ieee/justbaked/justbaked/build/turtlebot4_description' returned '0': CMAKE_PREFIX_PATH=${CMAKE_PREFIX_PATH}:/opt/ros/jazzy DEBUGINFOD_URLS=https://debuginfod.ubuntu.com /usr/bin/cmake /home/ieee/justbaked/justbaked/src/turtlebot4_description -DAMENT_CMAKE_SYMLINK_INSTALL=1 -DCMAKE_INSTALL_PREFIX=/home/ieee/justbaked/justbaked/install/turtlebot4_description
[1.782s] Invoking command in '/home/ieee/justbaked/justbaked/build/turtlebot4_description': CMAKE_PREFIX_PATH=${CMAKE_PREFIX_PATH}:/opt/ros/jazzy DEBUGINFOD_URLS=https://debuginfod.ubuntu.com /usr/bin/cmake --build /home/ieee/justbaked/justbaked/build/turtlebot4_description -- -j4 -l4
[1.866s] Invoked command in '/home/ieee/justbaked/justbaked/build/turtlebot4_description' returned '0': CMAKE_PREFIX_PATH=${CMAKE_PREFIX_PATH}:/opt/ros/jazzy DEBUGINFOD_URLS=https://debuginfod.ubuntu.com /usr/bin/cmake --build /home/ieee/justbaked/justbaked/build/turtlebot4_description -- -j4 -l4
[1.889s] Invoking command in '/home/ieee/justbaked/justbaked/build/turtlebot4_description': CMAKE_PREFIX_PATH=${CMAKE_PREFIX_PATH}:/opt/ros/jazzy DEBUGINFOD_URLS=https://debuginfod.ubuntu.com /usr/bin/cmake --install /home/ieee/justbaked/justbaked/build/turtlebot4_description
[1.907s] -- Install configuration: ""
[1.908s] -- Execute custom install script
[1.909s] -- Symlinking: /home/ieee/justbaked/justbaked/install/turtlebot4_description/share/turtlebot4_description/launch/robot_description.launch.py
[1.931s] -- Symlinking: /home/ieee/justbaked/justbaked/install/turtlebot4_description/share/turtlebot4_description/urdf/lite/robot.urdf.xacro
[1.951s] -- Symlinking: /home/ieee/justbaked/justbaked/install/turtlebot4_description/share/turtlebot4_description/urdf/lite/rplidar.xacro
[1.972s] -- Symlinking: /home/ieee/justbaked/justbaked/install/turtlebot4_description/share/turtlebot4_description/urdf/sensors/rplidar.xacro
[1.991s] -- Symlinking: /home/ieee/justbaked/justbaked/install/turtlebot4_description/share/turtlebot4_description/urdf/standard/robotcore.xacro
[2.009s] -- Symlinking: /home/ieee/justbaked/justbaked/install/turtlebot4_description/share/turtlebot4_description/urdf/standard/turtlebot4.urdf.xacro
[2.029s] -- Symlinking: /home/ieee/justbaked/justbaked/install/turtlebot4_description/share/ament_index/resource_index/package_run_dependencies/turtlebot4_description
[2.050s] -- Symlinking: /home/ieee/justbaked/justbaked/install/turtlebot4_description/share/ament_index/resource_index/parent_prefix_path/turtlebot4_description
[2.071s] -- Symlinking: /home/ieee/justbaked/justbaked/install/turtlebot4_description/share/turtlebot4_description/environment/ament_prefix_path.sh
[2.092s] -- Symlinking: /home/ieee/justbaked/justbaked/install/turtlebot4_description/share/turtlebot4_description/environment/ament_prefix_path.dsv
[2.113s] -- Symlinking: /home/ieee/justbaked/justbaked/install/turtlebot4_description/share/turtlebot4_description/environment/path.sh
[2.134s] -- Symlinking: /home/ieee/justbaked/justbaked/install/turtlebot4_description/share/turtlebot4_description/environment/path.dsv
[2.156s] -- Symlinking: /home/ieee/justbaked/justbaked/install/turtlebot4_description/share/turtlebot4_description/local_setup.bash
[2.175s] -- Symlinking: /home/ieee/justbaked/justbaked/install/turtlebot4_description/share/turtlebot4_description/local_setup.sh
[2.195s] -- Symlinking: /home/ieee/justbaked/justbaked/install/turtlebot4_description/share/turtlebot4_description/local_setup.zsh
[2.217s] -- Symlinking: /home/ieee/justbaked/justbaked/install/turtlebot4_description/share/turtlebot4_description/local_setup.dsv
[2.239s] -- Symlinking: /home/ieee/justbaked/justbaked/install/turtlebot4_description/share/turtlebot4_description/package.dsv
[2.259s] -- Symlinking: /home/ieee/justbaked/justbaked/install/turtlebot4_description/share/ament_index/resource_index/packages/turtlebot4_description
[2.279s] -- Symlinking: /home/ieee/justbaked/justbaked/install/turtlebot4_description/share/turtlebot4_description/cmake/turtlebot4_descriptionConfig.cmake
[2.300s] -- Symlinking: /home/ieee/justbaked/justbaked/install/turtlebot4_description/share/turtlebot4_description/cmake/turtlebot4_descriptionConfig-version.cmake
[2.320s] -- Symlinking: /home/ieee/justbaked/justbaked/install/turtlebot4_description/share/turtlebot4_description/package.xml
[2.344s] Invoked command in '/home/ieee/justbaked/justbaked/build/turtlebot4_description' returned '0': CMAKE_PREFIX_PATH=${CMAKE_PREFIX_PATH}:/opt/ros/jazzy DEBUGINFOD_URLS=https://debuginfod.ubuntu.com /usr/bin/cmake --install /home/ieee/justbaked/justbaked/build/turtlebot4_description
