[0.137s] DEBUG:colcon:Command line arguments: ['/usr/bin/colcon', 'build', '--symlink-install']
[0.137s] DEBUG:colcon:Parsed command line arguments: Namespace(log_base=None, log_level=None, verb_name='build', build_base='build', install_base='install', merge_install=False, symlink_install=True, test_result_base=None, continue_on_error=False, executor='parallel', parallel_workers=4, event_handlers=None, ignore_user_meta=False, metas=['./colcon.meta'], base_paths=['.'], packages_ignore=None, packages_ignore_regex=None, paths=None, packages_up_to=None, packages_up_to_regex=None, packages_above=None, packages_above_and_dependencies=None, packages_above_depth=None, packages_select_by_dep=None, packages_skip_by_dep=None, packages_skip_up_to=None, packages_select_build_failed=False, packages_skip_build_finished=False, packages_select_test_failures=False, packages_skip_test_passed=False, packages_select=None, packages_skip=None, packages_select_regex=None, packages_skip_regex=None, packages_start=None, packages_end=None, cmake_args=None, cmake_target=None, cmake_target_skip_unavailable=False, cmake_clean_cache=False, cmake_clean_first=False, cmake_force_configure=False, ament_cmake_args=None, catkin_cmake_args=None, catkin_skip_building_tests=False, verb_parser=<colcon_defaults.argument_parser.defaults.DefaultArgumentsDecorator object at 0xffff909bd250>, verb_extension=<colcon_core.verb.build.BuildVerb object at 0xffff909bcf80>, main=<bound method BuildVerb.main of <colcon_core.verb.build.BuildVerb object at 0xffff909bcf80>>)
[0.192s] Level 1:colcon.colcon_core.package_discovery:discover_packages(colcon_meta) check parameters
[0.192s] Level 1:colcon.colcon_core.package_discovery:discover_packages(recursive) check parameters
[0.192s] Level 1:colcon.colcon_core.package_discovery:discover_packages(ignore) check parameters
[0.192s] Level 1:colcon.colcon_core.package_discovery:discover_packages(path) check parameters
[0.192s] Level 1:colcon.colcon_core.package_discovery:discover_packages(colcon_meta) discover
[0.193s] Level 1:colcon.colcon_core.package_discovery:discover_packages(recursive) discover
[0.193s] INFO:colcon.colcon_core.package_discovery:Crawling recursively for packages in '/home/ieee/justbaked/justbaked'
[0.193s] Level 1:colcon.colcon_core.package_identification:_identify(.) by extensions ['ignore', 'ignore_ament_install']
[0.193s] Level 1:colcon.colcon_core.package_identification:_identify(.) by extension 'ignore'
[0.193s] Level 1:colcon.colcon_core.package_identification:_identify(.) by extension 'ignore_ament_install'
[0.193s] Level 1:colcon.colcon_core.package_identification:_identify(.) by extensions ['colcon_pkg']
[0.193s] Level 1:colcon.colcon_core.package_identification:_identify(.) by extension 'colcon_pkg'
[0.193s] Level 1:colcon.colcon_core.package_identification:_identify(.) by extensions ['colcon_meta']
[0.193s] Level 1:colcon.colcon_core.package_identification:_identify(.) by extension 'colcon_meta'
[0.193s] Level 1:colcon.colcon_core.package_identification:_identify(.) by extensions ['ros']
[0.193s] Level 1:colcon.colcon_core.package_identification:_identify(.) by extension 'ros'
[0.229s] Level 1:colcon.colcon_core.package_identification:_identify(.) by extensions ['cmake', 'python']
[0.229s] Level 1:colcon.colcon_core.package_identification:_identify(.) by extension 'cmake'
[0.229s] Level 1:colcon.colcon_core.package_identification:_identify(.) by extension 'python'
[0.229s] Level 1:colcon.colcon_core.package_identification:_identify(.) by extensions ['python_setup_py']
[0.229s] Level 1:colcon.colcon_core.package_identification:_identify(.) by extension 'python_setup_py'
[0.230s] Level 1:colcon.colcon_core.package_identification:_identify(build) by extensions ['ignore', 'ignore_ament_install']
[0.230s] Level 1:colcon.colcon_core.package_identification:_identify(build) by extension 'ignore'
[0.230s] Level 1:colcon.colcon_core.package_identification:_identify(build) ignored
[0.230s] Level 1:colcon.colcon_core.package_identification:_identify(install) by extensions ['ignore', 'ignore_ament_install']
[0.230s] Level 1:colcon.colcon_core.package_identification:_identify(install) by extension 'ignore'
[0.230s] Level 1:colcon.colcon_core.package_identification:_identify(install) ignored
[0.230s] Level 1:colcon.colcon_core.package_identification:_identify(log) by extensions ['ignore', 'ignore_ament_install']
[0.230s] Level 1:colcon.colcon_core.package_identification:_identify(log) by extension 'ignore'
[0.230s] Level 1:colcon.colcon_core.package_identification:_identify(log) ignored
[0.230s] Level 1:colcon.colcon_core.package_identification:_identify(src) by extensions ['ignore', 'ignore_ament_install']
[0.230s] Level 1:colcon.colcon_core.package_identification:_identify(src) by extension 'ignore'
[0.230s] Level 1:colcon.colcon_core.package_identification:_identify(src) by extension 'ignore_ament_install'
[0.231s] Level 1:colcon.colcon_core.package_identification:_identify(src) by extensions ['colcon_pkg']
[0.231s] Level 1:colcon.colcon_core.package_identification:_identify(src) by extension 'colcon_pkg'
[0.231s] Level 1:colcon.colcon_core.package_identification:_identify(src) by extensions ['colcon_meta']
[0.231s] Level 1:colcon.colcon_core.package_identification:_identify(src) by extension 'colcon_meta'
[0.231s] Level 1:colcon.colcon_core.package_identification:_identify(src) by extensions ['ros']
[0.231s] Level 1:colcon.colcon_core.package_identification:_identify(src) by extension 'ros'
[0.231s] Level 1:colcon.colcon_core.package_identification:_identify(src) by extensions ['cmake', 'python']
[0.231s] Level 1:colcon.colcon_core.package_identification:_identify(src) by extension 'cmake'
[0.231s] Level 1:colcon.colcon_core.package_identification:_identify(src) by extension 'python'
[0.231s] Level 1:colcon.colcon_core.package_identification:_identify(src) by extensions ['python_setup_py']
[0.231s] Level 1:colcon.colcon_core.package_identification:_identify(src) by extension 'python_setup_py'
[0.231s] Level 1:colcon.colcon_core.package_identification:_identify(src/sllidar_ros2) by extensions ['ignore', 'ignore_ament_install']
[0.231s] Level 1:colcon.colcon_core.package_identification:_identify(src/sllidar_ros2) by extension 'ignore'
[0.231s] Level 1:colcon.colcon_core.package_identification:_identify(src/sllidar_ros2) by extension 'ignore_ament_install'
[0.231s] Level 1:colcon.colcon_core.package_identification:_identify(src/sllidar_ros2) by extensions ['colcon_pkg']
[0.231s] Level 1:colcon.colcon_core.package_identification:_identify(src/sllidar_ros2) by extension 'colcon_pkg'
[0.231s] Level 1:colcon.colcon_core.package_identification:_identify(src/sllidar_ros2) by extensions ['colcon_meta']
[0.231s] Level 1:colcon.colcon_core.package_identification:_identify(src/sllidar_ros2) by extension 'colcon_meta'
[0.231s] Level 1:colcon.colcon_core.package_identification:_identify(src/sllidar_ros2) by extensions ['ros']
[0.231s] Level 1:colcon.colcon_core.package_identification:_identify(src/sllidar_ros2) by extension 'ros'
[0.236s] DEBUG:colcon.colcon_core.package_identification:Package 'src/sllidar_ros2' with type 'ros.ament_cmake' and name 'sllidar_ros2'
[0.237s] Level 1:colcon.colcon_core.package_identification:_identify(src/turtlebot4_description) by extensions ['ignore', 'ignore_ament_install']
[0.237s] Level 1:colcon.colcon_core.package_identification:_identify(src/turtlebot4_description) by extension 'ignore'
[0.237s] Level 1:colcon.colcon_core.package_identification:_identify(src/turtlebot4_description) by extension 'ignore_ament_install'
[0.237s] Level 1:colcon.colcon_core.package_identification:_identify(src/turtlebot4_description) by extensions ['colcon_pkg']
[0.237s] Level 1:colcon.colcon_core.package_identification:_identify(src/turtlebot4_description) by extension 'colcon_pkg'
[0.237s] Level 1:colcon.colcon_core.package_identification:_identify(src/turtlebot4_description) by extensions ['colcon_meta']
[0.237s] Level 1:colcon.colcon_core.package_identification:_identify(src/turtlebot4_description) by extension 'colcon_meta'
[0.237s] Level 1:colcon.colcon_core.package_identification:_identify(src/turtlebot4_description) by extensions ['ros']
[0.237s] Level 1:colcon.colcon_core.package_identification:_identify(src/turtlebot4_description) by extension 'ros'
[0.238s] DEBUG:colcon.colcon_core.package_identification:Package 'src/turtlebot4_description' with type 'ros.ament_cmake' and name 'turtlebot4_description'
[0.238s] Level 1:colcon.colcon_core.package_identification:_identify(src/turtlebot4_navigation) by extensions ['ignore', 'ignore_ament_install']
[0.238s] Level 1:colcon.colcon_core.package_identification:_identify(src/turtlebot4_navigation) by extension 'ignore'
[0.238s] Level 1:colcon.colcon_core.package_identification:_identify(src/turtlebot4_navigation) by extension 'ignore_ament_install'
[0.238s] Level 1:colcon.colcon_core.package_identification:_identify(src/turtlebot4_navigation) by extensions ['colcon_pkg']
[0.238s] Level 1:colcon.colcon_core.package_identification:_identify(src/turtlebot4_navigation) by extension 'colcon_pkg'
[0.238s] Level 1:colcon.colcon_core.package_identification:_identify(src/turtlebot4_navigation) by extensions ['colcon_meta']
[0.238s] Level 1:colcon.colcon_core.package_identification:_identify(src/turtlebot4_navigation) by extension 'colcon_meta'
[0.238s] Level 1:colcon.colcon_core.package_identification:_identify(src/turtlebot4_navigation) by extensions ['ros']
[0.238s] Level 1:colcon.colcon_core.package_identification:_identify(src/turtlebot4_navigation) by extension 'ros'
[0.239s] DEBUG:colcon.colcon_core.package_identification:Package 'src/turtlebot4_navigation' with type 'ros.ament_cmake' and name 'turtlebot4_navigation'
[0.239s] Level 1:colcon.colcon_core.package_discovery:discover_packages(recursive) using defaults
[0.239s] Level 1:colcon.colcon_core.package_discovery:discover_packages(ignore) discover
[0.239s] Level 1:colcon.colcon_core.package_discovery:discover_packages(ignore) using defaults
[0.239s] Level 1:colcon.colcon_core.package_discovery:discover_packages(path) discover
[0.239s] Level 1:colcon.colcon_core.package_discovery:discover_packages(path) using defaults
[0.262s] Level 5:colcon.colcon_core.verb:set package 'sllidar_ros2' build argument 'cmake_args' from command line to 'None'
[0.262s] Level 5:colcon.colcon_core.verb:set package 'sllidar_ros2' build argument 'cmake_target' from command line to 'None'
[0.262s] Level 5:colcon.colcon_core.verb:set package 'sllidar_ros2' build argument 'cmake_target_skip_unavailable' from command line to 'False'
[0.262s] Level 5:colcon.colcon_core.verb:set package 'sllidar_ros2' build argument 'cmake_clean_cache' from command line to 'False'
[0.263s] Level 5:colcon.colcon_core.verb:set package 'sllidar_ros2' build argument 'cmake_clean_first' from command line to 'False'
[0.263s] Level 5:colcon.colcon_core.verb:set package 'sllidar_ros2' build argument 'cmake_force_configure' from command line to 'False'
[0.263s] Level 5:colcon.colcon_core.verb:set package 'sllidar_ros2' build argument 'ament_cmake_args' from command line to 'None'
[0.263s] Level 5:colcon.colcon_core.verb:set package 'sllidar_ros2' build argument 'catkin_cmake_args' from command line to 'None'
[0.263s] Level 5:colcon.colcon_core.verb:set package 'sllidar_ros2' build argument 'catkin_skip_building_tests' from command line to 'False'
[0.263s] DEBUG:colcon.colcon_core.verb:Building package 'sllidar_ros2' with the following arguments: {'ament_cmake_args': None, 'build_base': '/home/ieee/justbaked/justbaked/build/sllidar_ros2', 'catkin_cmake_args': None, 'catkin_skip_building_tests': False, 'cmake_args': None, 'cmake_clean_cache': False, 'cmake_clean_first': False, 'cmake_force_configure': False, 'cmake_target': None, 'cmake_target_skip_unavailable': False, 'install_base': '/home/ieee/justbaked/justbaked/install/sllidar_ros2', 'merge_install': False, 'path': '/home/ieee/justbaked/justbaked/src/sllidar_ros2', 'symlink_install': True, 'test_result_base': None}
[0.263s] Level 5:colcon.colcon_core.verb:set package 'turtlebot4_description' build argument 'cmake_args' from command line to 'None'
[0.263s] Level 5:colcon.colcon_core.verb:set package 'turtlebot4_description' build argument 'cmake_target' from command line to 'None'
[0.263s] Level 5:colcon.colcon_core.verb:set package 'turtlebot4_description' build argument 'cmake_target_skip_unavailable' from command line to 'False'
[0.263s] Level 5:colcon.colcon_core.verb:set package 'turtlebot4_description' build argument 'cmake_clean_cache' from command line to 'False'
[0.263s] Level 5:colcon.colcon_core.verb:set package 'turtlebot4_description' build argument 'cmake_clean_first' from command line to 'False'
[0.263s] Level 5:colcon.colcon_core.verb:set package 'turtlebot4_description' build argument 'cmake_force_configure' from command line to 'False'
[0.263s] Level 5:colcon.colcon_core.verb:set package 'turtlebot4_description' build argument 'ament_cmake_args' from command line to 'None'
[0.263s] Level 5:colcon.colcon_core.verb:set package 'turtlebot4_description' build argument 'catkin_cmake_args' from command line to 'None'
[0.263s] Level 5:colcon.colcon_core.verb:set package 'turtlebot4_description' build argument 'catkin_skip_building_tests' from command line to 'False'
[0.263s] DEBUG:colcon.colcon_core.verb:Building package 'turtlebot4_description' with the following arguments: {'ament_cmake_args': None, 'build_base': '/home/ieee/justbaked/justbaked/build/turtlebot4_description', 'catkin_cmake_args': None, 'catkin_skip_building_tests': False, 'cmake_args': None, 'cmake_clean_cache': False, 'cmake_clean_first': False, 'cmake_force_configure': False, 'cmake_target': None, 'cmake_target_skip_unavailable': False, 'install_base': '/home/ieee/justbaked/justbaked/install/turtlebot4_description', 'merge_install': False, 'path': '/home/ieee/justbaked/justbaked/src/turtlebot4_description', 'symlink_install': True, 'test_result_base': None}
[0.264s] Level 5:colcon.colcon_core.verb:set package 'turtlebot4_navigation' build argument 'cmake_args' from command line to 'None'
[0.264s] Level 5:colcon.colcon_core.verb:set package 'turtlebot4_navigation' build argument 'cmake_target' from command line to 'None'
[0.264s] Level 5:colcon.colcon_core.verb:set package 'turtlebot4_navigation' build argument 'cmake_target_skip_unavailable' from command line to 'False'
[0.264s] Level 5:colcon.colcon_core.verb:set package 'turtlebot4_navigation' build argument 'cmake_clean_cache' from command line to 'False'
[0.264s] Level 5:colcon.colcon_core.verb:set package 'turtlebot4_navigation' build argument 'cmake_clean_first' from command line to 'False'
[0.264s] Level 5:colcon.colcon_core.verb:set package 'turtlebot4_navigation' build argument 'cmake_force_configure' from command line to 'False'
[0.264s] Level 5:colcon.colcon_core.verb:set package 'turtlebot4_navigation' build argument 'ament_cmake_args' from command line to 'None'
[0.264s] Level 5:colcon.colcon_core.verb:set package 'turtlebot4_navigation' build argument 'catkin_cmake_args' from command line to 'None'
[0.264s] Level 5:colcon.colcon_core.verb:set package 'turtlebot4_navigation' build argument 'catkin_skip_building_tests' from command line to 'False'
[0.264s] DEBUG:colcon.colcon_core.verb:Building package 'turtlebot4_navigation' with the following arguments: {'ament_cmake_args': None, 'build_base': '/home/ieee/justbaked/justbaked/build/turtlebot4_navigation', 'catkin_cmake_args': None, 'catkin_skip_building_tests': False, 'cmake_args': None, 'cmake_clean_cache': False, 'cmake_clean_first': False, 'cmake_force_configure': False, 'cmake_target': None, 'cmake_target_skip_unavailable': False, 'install_base': '/home/ieee/justbaked/justbaked/install/turtlebot4_navigation', 'merge_install': False, 'path': '/home/ieee/justbaked/justbaked/src/turtlebot4_navigation', 'symlink_install': True, 'test_result_base': None}
[0.264s] INFO:colcon.colcon_core.executor:Executing jobs using 'parallel' executor
[0.265s] DEBUG:colcon.colcon_parallel_executor.executor.parallel:run_until_complete
[0.266s] INFO:colcon.colcon_ros.task.ament_cmake.build:Building ROS package in '/home/ieee/justbaked/justbaked/src/sllidar_ros2' with build type 'ament_cmake'
[0.266s] INFO:colcon.colcon_cmake.task.cmake.build:Building CMake package in '/home/ieee/justbaked/justbaked/src/sllidar_ros2'
[0.268s] INFO:colcon.colcon_core.plugin_system:Skipping extension 'colcon_core.shell.bat': Not used on non-Windows systems
[0.268s] DEBUG:colcon.colcon_core.shell:Skip shell extension 'dsv' for command environment
[0.269s] WARNING:colcon.colcon_ros.prefix_path.ament:The path '/home/ieee/justbaked/justbaked/install/turtlebot4_navigation' in the environment variable AMENT_PREFIX_PATH doesn't exist
[0.269s] WARNING:colcon.colcon_ros.prefix_path.ament:The path '/home/ieee/justbaked/justbaked/install/turtlebot4_description' in the environment variable AMENT_PREFIX_PATH doesn't exist
[0.269s] WARNING:colcon.colcon_ros.prefix_path.ament:The path '/home/ieee/justbaked/justbaked/install/sllidar_ros2' in the environment variable AMENT_PREFIX_PATH doesn't exist
[0.270s] WARNING:colcon.colcon_ros.prefix_path.catkin:The path '/home/ieee/justbaked/justbaked/install/turtlebot4_navigation' in the environment variable CMAKE_PREFIX_PATH doesn't exist
[0.270s] WARNING:colcon.colcon_ros.prefix_path.catkin:The path '/home/ieee/justbaked/justbaked/install/turtlebot4_description' in the environment variable CMAKE_PREFIX_PATH doesn't exist
[0.270s] WARNING:colcon.colcon_ros.prefix_path.catkin:The path '/home/ieee/justbaked/justbaked/install/sllidar_ros2' in the environment variable CMAKE_PREFIX_PATH doesn't exist
[0.275s] INFO:colcon.colcon_ros.task.ament_cmake.build:Building ROS package in '/home/ieee/justbaked/justbaked/src/turtlebot4_description' with build type 'ament_cmake'
[0.275s] INFO:colcon.colcon_cmake.task.cmake.build:Building CMake package in '/home/ieee/justbaked/justbaked/src/turtlebot4_description'
[0.276s] DEBUG:colcon.colcon_core.shell:Skip shell extension 'dsv' for command environment
[0.281s] INFO:colcon.colcon_ros.task.ament_cmake.build:Building ROS package in '/home/ieee/justbaked/justbaked/src/turtlebot4_navigation' with build type 'ament_cmake'
[0.281s] INFO:colcon.colcon_cmake.task.cmake.build:Building CMake package in '/home/ieee/justbaked/justbaked/src/turtlebot4_navigation'
[0.281s] DEBUG:colcon.colcon_core.shell:Skip shell extension 'dsv' for command environment
[0.292s] DEBUG:colcon.colcon_core.event_handler.log_command:Invoking command in '/home/ieee/justbaked/justbaked/build/sllidar_ros2': CMAKE_PREFIX_PATH=${CMAKE_PREFIX_PATH}:/opt/ros/jazzy DEBUGINFOD_URLS=https://debuginfod.ubuntu.com /usr/bin/cmake /home/ieee/justbaked/justbaked/src/sllidar_ros2 -DAMENT_CMAKE_SYMLINK_INSTALL=1 -DCMAKE_INSTALL_PREFIX=/home/ieee/justbaked/justbaked/install/sllidar_ros2
[0.295s] DEBUG:colcon.colcon_core.event_handler.log_command:Invoking command in '/home/ieee/justbaked/justbaked/build/turtlebot4_description': CMAKE_PREFIX_PATH=${CMAKE_PREFIX_PATH}:/opt/ros/jazzy DEBUGINFOD_URLS=https://debuginfod.ubuntu.com /usr/bin/cmake /home/ieee/justbaked/justbaked/src/turtlebot4_description -DAMENT_CMAKE_SYMLINK_INSTALL=1 -DCMAKE_INSTALL_PREFIX=/home/ieee/justbaked/justbaked/install/turtlebot4_description
[0.300s] DEBUG:colcon.colcon_core.event_handler.log_command:Invoking command in '/home/ieee/justbaked/justbaked/build/turtlebot4_navigation': CMAKE_PREFIX_PATH=${CMAKE_PREFIX_PATH}:/opt/ros/jazzy DEBUGINFOD_URLS=https://debuginfod.ubuntu.com /usr/bin/cmake /home/ieee/justbaked/justbaked/src/turtlebot4_navigation -DAMENT_CMAKE_SYMLINK_INSTALL=1 -DCMAKE_INSTALL_PREFIX=/home/ieee/justbaked/justbaked/install/turtlebot4_navigation
[2.057s] DEBUG:colcon.colcon_core.event_handler.log_command:Invoked command in '/home/ieee/justbaked/justbaked/build/turtlebot4_description' returned '0': CMAKE_PREFIX_PATH=${CMAKE_PREFIX_PATH}:/opt/ros/jazzy DEBUGINFOD_URLS=https://debuginfod.ubuntu.com /usr/bin/cmake /home/ieee/justbaked/justbaked/src/turtlebot4_description -DAMENT_CMAKE_SYMLINK_INSTALL=1 -DCMAKE_INSTALL_PREFIX=/home/ieee/justbaked/justbaked/install/turtlebot4_description
[2.057s] DEBUG:colcon.colcon_core.event_handler.log_command:Invoking command in '/home/ieee/justbaked/justbaked/build/turtlebot4_description': CMAKE_PREFIX_PATH=${CMAKE_PREFIX_PATH}:/opt/ros/jazzy DEBUGINFOD_URLS=https://debuginfod.ubuntu.com /usr/bin/cmake --build /home/ieee/justbaked/justbaked/build/turtlebot4_description -- -j4 -l4
[2.141s] DEBUG:colcon.colcon_core.event_handler.log_command:Invoked command in '/home/ieee/justbaked/justbaked/build/turtlebot4_description' returned '0': CMAKE_PREFIX_PATH=${CMAKE_PREFIX_PATH}:/opt/ros/jazzy DEBUGINFOD_URLS=https://debuginfod.ubuntu.com /usr/bin/cmake --build /home/ieee/justbaked/justbaked/build/turtlebot4_description -- -j4 -l4
[2.165s] DEBUG:colcon.colcon_core.event_handler.log_command:Invoking command in '/home/ieee/justbaked/justbaked/build/turtlebot4_description': CMAKE_PREFIX_PATH=${CMAKE_PREFIX_PATH}:/opt/ros/jazzy DEBUGINFOD_URLS=https://debuginfod.ubuntu.com /usr/bin/cmake --install /home/ieee/justbaked/justbaked/build/turtlebot4_description
[2.174s] DEBUG:colcon.colcon_core.event_handler.log_command:Invoked command in '/home/ieee/justbaked/justbaked/build/turtlebot4_navigation' returned '0': CMAKE_PREFIX_PATH=${CMAKE_PREFIX_PATH}:/opt/ros/jazzy DEBUGINFOD_URLS=https://debuginfod.ubuntu.com /usr/bin/cmake /home/ieee/justbaked/justbaked/src/turtlebot4_navigation -DAMENT_CMAKE_SYMLINK_INSTALL=1 -DCMAKE_INSTALL_PREFIX=/home/ieee/justbaked/justbaked/install/turtlebot4_navigation
[2.176s] DEBUG:colcon.colcon_core.event_handler.log_command:Invoking command in '/home/ieee/justbaked/justbaked/build/turtlebot4_navigation': CMAKE_PREFIX_PATH=${CMAKE_PREFIX_PATH}:/opt/ros/jazzy DEBUGINFOD_URLS=https://debuginfod.ubuntu.com /usr/bin/cmake --build /home/ieee/justbaked/justbaked/build/turtlebot4_navigation -- -j4 -l4
[2.619s] Level 1:colcon.colcon_core.environment:create_environment_scripts_only(turtlebot4_description)
[2.620s] DEBUG:colcon.colcon_core.event_handler.log_command:Invoked command in '/home/ieee/justbaked/justbaked/build/turtlebot4_description' returned '0': CMAKE_PREFIX_PATH=${CMAKE_PREFIX_PATH}:/opt/ros/jazzy DEBUGINFOD_URLS=https://debuginfod.ubuntu.com /usr/bin/cmake --install /home/ieee/justbaked/justbaked/build/turtlebot4_description
[2.623s] Level 1:colcon.colcon_core.environment:checking '/home/ieee/justbaked/justbaked/install/turtlebot4_description' for CMake module files
[2.624s] Level 1:colcon.colcon_core.environment:checking '/home/ieee/justbaked/justbaked/install/turtlebot4_description' for CMake config files
[2.624s] Level 1:colcon.colcon_core.shell:create_environment_hook('turtlebot4_description', 'cmake_prefix_path')
[2.624s] INFO:colcon.colcon_core.shell:Creating environment descriptor '/home/ieee/justbaked/justbaked/install/turtlebot4_description/share/turtlebot4_description/hook/cmake_prefix_path.dsv'
[2.625s] INFO:colcon.colcon_core.shell:Creating environment hook '/home/ieee/justbaked/justbaked/install/turtlebot4_description/share/turtlebot4_description/hook/cmake_prefix_path.sh'
[2.626s] Level 1:colcon.colcon_core.environment:checking '/home/ieee/justbaked/justbaked/install/turtlebot4_description/bin'
[2.626s] Level 1:colcon.colcon_core.environment:checking '/home/ieee/justbaked/justbaked/install/turtlebot4_description/lib/pkgconfig/turtlebot4_description.pc'
[2.631s] Level 1:colcon.colcon_core.environment:checking '/home/ieee/justbaked/justbaked/install/turtlebot4_description/lib/python3.12/site-packages'
[2.631s] Level 1:colcon.colcon_core.environment:checking '/home/ieee/justbaked/justbaked/install/turtlebot4_description/bin'
[2.632s] INFO:colcon.colcon_core.shell:Creating package descriptor '/home/ieee/justbaked/justbaked/install/turtlebot4_description/share/turtlebot4_description/package.dsv'
[2.633s] INFO:colcon.colcon_core.shell:Creating package script '/home/ieee/justbaked/justbaked/install/turtlebot4_description/share/turtlebot4_description/package.sh'
[2.634s] INFO:colcon.colcon_core.shell:Creating package script '/home/ieee/justbaked/justbaked/install/turtlebot4_description/share/turtlebot4_description/package.bash'
[2.634s] INFO:colcon.colcon_core.shell:Creating package script '/home/ieee/justbaked/justbaked/install/turtlebot4_description/share/turtlebot4_description/package.zsh'
[2.635s] Level 1:colcon.colcon_core.environment:create_file_with_runtime_dependencies(/home/ieee/justbaked/justbaked/install/turtlebot4_description/share/colcon-core/packages/turtlebot4_description)
[2.637s] Level 1:colcon.colcon_core.environment:create_environment_scripts_only(turtlebot4_description)
[2.637s] Level 1:colcon.colcon_core.environment:checking '/home/ieee/justbaked/justbaked/install/turtlebot4_description' for CMake module files
[2.638s] Level 1:colcon.colcon_core.environment:checking '/home/ieee/justbaked/justbaked/install/turtlebot4_description' for CMake config files
[2.638s] Level 1:colcon.colcon_core.shell:create_environment_hook('turtlebot4_description', 'cmake_prefix_path')
[2.638s] INFO:colcon.colcon_core.shell:Creating environment descriptor '/home/ieee/justbaked/justbaked/install/turtlebot4_description/share/turtlebot4_description/hook/cmake_prefix_path.dsv'
[2.639s] INFO:colcon.colcon_core.shell:Creating environment hook '/home/ieee/justbaked/justbaked/install/turtlebot4_description/share/turtlebot4_description/hook/cmake_prefix_path.sh'
[2.640s] Level 1:colcon.colcon_core.environment:checking '/home/ieee/justbaked/justbaked/install/turtlebot4_description/bin'
[2.640s] Level 1:colcon.colcon_core.environment:checking '/home/ieee/justbaked/justbaked/install/turtlebot4_description/lib/pkgconfig/turtlebot4_description.pc'
[2.640s] Level 1:colcon.colcon_core.environment:checking '/home/ieee/justbaked/justbaked/install/turtlebot4_description/lib/python3.12/site-packages'
[2.641s] Level 1:colcon.colcon_core.environment:checking '/home/ieee/justbaked/justbaked/install/turtlebot4_description/bin'
[2.641s] INFO:colcon.colcon_core.shell:Creating package descriptor '/home/ieee/justbaked/justbaked/install/turtlebot4_description/share/turtlebot4_description/package.dsv'
[2.642s] INFO:colcon.colcon_core.shell:Creating package script '/home/ieee/justbaked/justbaked/install/turtlebot4_description/share/turtlebot4_description/package.sh'
[2.642s] INFO:colcon.colcon_core.shell:Creating package script '/home/ieee/justbaked/justbaked/install/turtlebot4_description/share/turtlebot4_description/package.bash'
[2.643s] INFO:colcon.colcon_core.shell:Creating package script '/home/ieee/justbaked/justbaked/install/turtlebot4_description/share/turtlebot4_description/package.zsh'
[2.644s] Level 1:colcon.colcon_core.environment:create_file_with_runtime_dependencies(/home/ieee/justbaked/justbaked/install/turtlebot4_description/share/colcon-core/packages/turtlebot4_description)
[2.784s] DEBUG:colcon.colcon_core.event_handler.log_command:Invoked command in '/home/ieee/justbaked/justbaked/build/sllidar_ros2' returned '0': CMAKE_PREFIX_PATH=${CMAKE_PREFIX_PATH}:/opt/ros/jazzy DEBUGINFOD_URLS=https://debuginfod.ubuntu.com /usr/bin/cmake /home/ieee/justbaked/justbaked/src/sllidar_ros2 -DAMENT_CMAKE_SYMLINK_INSTALL=1 -DCMAKE_INSTALL_PREFIX=/home/ieee/justbaked/justbaked/install/sllidar_ros2
[2.786s] DEBUG:colcon.colcon_core.event_handler.log_command:Invoking command in '/home/ieee/justbaked/justbaked/build/sllidar_ros2': CMAKE_PREFIX_PATH=${CMAKE_PREFIX_PATH}:/opt/ros/jazzy DEBUGINFOD_URLS=https://debuginfod.ubuntu.com /usr/bin/cmake --build /home/ieee/justbaked/justbaked/build/sllidar_ros2 -- -j4 -l4
[2.899s] DEBUG:colcon.colcon_core.event_handler.log_command:Invoked command in '/home/ieee/justbaked/justbaked/build/turtlebot4_navigation' returned '0': CMAKE_PREFIX_PATH=${CMAKE_PREFIX_PATH}:/opt/ros/jazzy DEBUGINFOD_URLS=https://debuginfod.ubuntu.com /usr/bin/cmake --build /home/ieee/justbaked/justbaked/build/turtlebot4_navigation -- -j4 -l4
[2.902s] DEBUG:colcon.colcon_core.event_handler.log_command:Invoking command in '/home/ieee/justbaked/justbaked/build/turtlebot4_navigation': CMAKE_PREFIX_PATH=${CMAKE_PREFIX_PATH}:/opt/ros/jazzy DEBUGINFOD_URLS=https://debuginfod.ubuntu.com /usr/bin/cmake --install /home/ieee/justbaked/justbaked/build/turtlebot4_navigation
[4.398s] Level 1:colcon.colcon_core.environment:create_environment_scripts_only(turtlebot4_navigation)
[4.399s] Level 1:colcon.colcon_core.environment:checking '/home/ieee/justbaked/justbaked/install/turtlebot4_navigation' for CMake module files
[4.398s] DEBUG:colcon.colcon_core.event_handler.log_command:Invoked command in '/home/ieee/justbaked/justbaked/build/turtlebot4_navigation' returned '0': CMAKE_PREFIX_PATH=${CMAKE_PREFIX_PATH}:/opt/ros/jazzy DEBUGINFOD_URLS=https://debuginfod.ubuntu.com /usr/bin/cmake --install /home/ieee/justbaked/justbaked/build/turtlebot4_navigation
[4.400s] Level 1:colcon.colcon_core.environment:checking '/home/ieee/justbaked/justbaked/install/turtlebot4_navigation' for CMake config files
[4.401s] Level 1:colcon.colcon_core.shell:create_environment_hook('turtlebot4_navigation', 'cmake_prefix_path')
[4.402s] INFO:colcon.colcon_core.shell:Creating environment descriptor '/home/ieee/justbaked/justbaked/install/turtlebot4_navigation/share/turtlebot4_navigation/hook/cmake_prefix_path.dsv'
[4.403s] INFO:colcon.colcon_core.shell:Creating environment hook '/home/ieee/justbaked/justbaked/install/turtlebot4_navigation/share/turtlebot4_navigation/hook/cmake_prefix_path.sh'
[4.405s] Level 1:colcon.colcon_core.environment:checking '/home/ieee/justbaked/justbaked/install/turtlebot4_navigation/lib'
[4.405s] Level 1:colcon.colcon_core.environment:checking '/home/ieee/justbaked/justbaked/install/turtlebot4_navigation/bin'
[4.406s] Level 1:colcon.colcon_core.environment:checking '/home/ieee/justbaked/justbaked/install/turtlebot4_navigation/lib/pkgconfig/turtlebot4_navigation.pc'
[4.406s] Level 1:colcon.colcon_core.environment:checking '/home/ieee/justbaked/justbaked/install/turtlebot4_navigation/lib/python3.12/site-packages'
[4.406s] Level 1:colcon.colcon_core.shell:create_environment_hook('turtlebot4_navigation', 'pythonpath')
[4.407s] INFO:colcon.colcon_core.shell:Creating environment descriptor '/home/ieee/justbaked/justbaked/install/turtlebot4_navigation/share/turtlebot4_navigation/hook/pythonpath.dsv'
[4.408s] INFO:colcon.colcon_core.shell:Creating environment hook '/home/ieee/justbaked/justbaked/install/turtlebot4_navigation/share/turtlebot4_navigation/hook/pythonpath.sh'
[4.409s] Level 1:colcon.colcon_core.environment:checking '/home/ieee/justbaked/justbaked/install/turtlebot4_navigation/bin'
[4.410s] INFO:colcon.colcon_core.shell:Creating package descriptor '/home/ieee/justbaked/justbaked/install/turtlebot4_navigation/share/turtlebot4_navigation/package.dsv'
[4.411s] INFO:colcon.colcon_core.shell:Creating package script '/home/ieee/justbaked/justbaked/install/turtlebot4_navigation/share/turtlebot4_navigation/package.sh'
[4.412s] INFO:colcon.colcon_core.shell:Creating package script '/home/ieee/justbaked/justbaked/install/turtlebot4_navigation/share/turtlebot4_navigation/package.bash'
[4.413s] INFO:colcon.colcon_core.shell:Creating package script '/home/ieee/justbaked/justbaked/install/turtlebot4_navigation/share/turtlebot4_navigation/package.zsh'
[4.414s] Level 1:colcon.colcon_core.environment:create_file_with_runtime_dependencies(/home/ieee/justbaked/justbaked/install/turtlebot4_navigation/share/colcon-core/packages/turtlebot4_navigation)
[4.416s] Level 1:colcon.colcon_core.environment:create_environment_scripts_only(turtlebot4_navigation)
[4.416s] Level 1:colcon.colcon_core.environment:checking '/home/ieee/justbaked/justbaked/install/turtlebot4_navigation' for CMake module files
[4.417s] Level 1:colcon.colcon_core.environment:checking '/home/ieee/justbaked/justbaked/install/turtlebot4_navigation' for CMake config files
[4.418s] Level 1:colcon.colcon_core.shell:create_environment_hook('turtlebot4_navigation', 'cmake_prefix_path')
[4.419s] INFO:colcon.colcon_core.shell:Creating environment descriptor '/home/ieee/justbaked/justbaked/install/turtlebot4_navigation/share/turtlebot4_navigation/hook/cmake_prefix_path.dsv'
[4.420s] INFO:colcon.colcon_core.shell:Creating environment hook '/home/ieee/justbaked/justbaked/install/turtlebot4_navigation/share/turtlebot4_navigation/hook/cmake_prefix_path.sh'
[4.421s] Level 1:colcon.colcon_core.environment:checking '/home/ieee/justbaked/justbaked/install/turtlebot4_navigation/lib'
[4.422s] Level 1:colcon.colcon_core.environment:checking '/home/ieee/justbaked/justbaked/install/turtlebot4_navigation/bin'
[4.422s] Level 1:colcon.colcon_core.environment:checking '/home/ieee/justbaked/justbaked/install/turtlebot4_navigation/lib/pkgconfig/turtlebot4_navigation.pc'
[4.422s] Level 1:colcon.colcon_core.environment:checking '/home/ieee/justbaked/justbaked/install/turtlebot4_navigation/lib/python3.12/site-packages'
[4.423s] Level 1:colcon.colcon_core.shell:create_environment_hook('turtlebot4_navigation', 'pythonpath')
[4.423s] INFO:colcon.colcon_core.shell:Creating environment descriptor '/home/ieee/justbaked/justbaked/install/turtlebot4_navigation/share/turtlebot4_navigation/hook/pythonpath.dsv'
[4.424s] INFO:colcon.colcon_core.shell:Creating environment hook '/home/ieee/justbaked/justbaked/install/turtlebot4_navigation/share/turtlebot4_navigation/hook/pythonpath.sh'
[4.426s] Level 1:colcon.colcon_core.environment:checking '/home/ieee/justbaked/justbaked/install/turtlebot4_navigation/bin'
[4.426s] INFO:colcon.colcon_core.shell:Creating package descriptor '/home/ieee/justbaked/justbaked/install/turtlebot4_navigation/share/turtlebot4_navigation/package.dsv'
[4.428s] INFO:colcon.colcon_core.shell:Creating package script '/home/ieee/justbaked/justbaked/install/turtlebot4_navigation/share/turtlebot4_navigation/package.sh'
[4.429s] INFO:colcon.colcon_core.shell:Creating package script '/home/ieee/justbaked/justbaked/install/turtlebot4_navigation/share/turtlebot4_navigation/package.bash'
[4.430s] INFO:colcon.colcon_core.shell:Creating package script '/home/ieee/justbaked/justbaked/install/turtlebot4_navigation/share/turtlebot4_navigation/package.zsh'
[4.431s] Level 1:colcon.colcon_core.environment:create_file_with_runtime_dependencies(/home/ieee/justbaked/justbaked/install/turtlebot4_navigation/share/colcon-core/packages/turtlebot4_navigation)
[18.634s] DEBUG:colcon.colcon_core.event_handler.log_command:Invoked command in '/home/ieee/justbaked/justbaked/build/sllidar_ros2' returned '0': CMAKE_PREFIX_PATH=${CMAKE_PREFIX_PATH}:/opt/ros/jazzy DEBUGINFOD_URLS=https://debuginfod.ubuntu.com /usr/bin/cmake --build /home/ieee/justbaked/justbaked/build/sllidar_ros2 -- -j4 -l4
[18.636s] DEBUG:colcon.colcon_core.event_handler.log_command:Invoking command in '/home/ieee/justbaked/justbaked/build/sllidar_ros2': CMAKE_PREFIX_PATH=${CMAKE_PREFIX_PATH}:/opt/ros/jazzy DEBUGINFOD_URLS=https://debuginfod.ubuntu.com /usr/bin/cmake --install /home/ieee/justbaked/justbaked/build/sllidar_ros2
[19.045s] Level 1:colcon.colcon_core.environment:create_environment_scripts_only(sllidar_ros2)
[19.046s] Level 1:colcon.colcon_core.environment:checking '/home/ieee/justbaked/justbaked/install/sllidar_ros2' for CMake module files
[19.046s] DEBUG:colcon.colcon_core.event_handler.log_command:Invoked command in '/home/ieee/justbaked/justbaked/build/sllidar_ros2' returned '0': CMAKE_PREFIX_PATH=${CMAKE_PREFIX_PATH}:/opt/ros/jazzy DEBUGINFOD_URLS=https://debuginfod.ubuntu.com /usr/bin/cmake --install /home/ieee/justbaked/justbaked/build/sllidar_ros2
[19.047s] Level 1:colcon.colcon_core.environment:checking '/home/ieee/justbaked/justbaked/install/sllidar_ros2' for CMake config files
[19.047s] Level 1:colcon.colcon_core.shell:create_environment_hook('sllidar_ros2', 'cmake_prefix_path')
[19.048s] INFO:colcon.colcon_core.shell:Creating environment descriptor '/home/ieee/justbaked/justbaked/install/sllidar_ros2/share/sllidar_ros2/hook/cmake_prefix_path.dsv'
[19.048s] INFO:colcon.colcon_core.shell:Creating environment hook '/home/ieee/justbaked/justbaked/install/sllidar_ros2/share/sllidar_ros2/hook/cmake_prefix_path.sh'
[19.049s] Level 1:colcon.colcon_core.environment:checking '/home/ieee/justbaked/justbaked/install/sllidar_ros2/lib'
[19.049s] Level 1:colcon.colcon_core.environment:checking '/home/ieee/justbaked/justbaked/install/sllidar_ros2/bin'
[19.049s] Level 1:colcon.colcon_core.environment:checking '/home/ieee/justbaked/justbaked/install/sllidar_ros2/lib/pkgconfig/sllidar_ros2.pc'
[19.049s] Level 1:colcon.colcon_core.environment:checking '/home/ieee/justbaked/justbaked/install/sllidar_ros2/lib/python3.12/site-packages'
[19.050s] Level 1:colcon.colcon_core.environment:checking '/home/ieee/justbaked/justbaked/install/sllidar_ros2/bin'
[19.050s] INFO:colcon.colcon_core.shell:Creating package descriptor '/home/ieee/justbaked/justbaked/install/sllidar_ros2/share/sllidar_ros2/package.dsv'
[19.050s] INFO:colcon.colcon_core.shell:Creating package script '/home/ieee/justbaked/justbaked/install/sllidar_ros2/share/sllidar_ros2/package.sh'
[19.051s] INFO:colcon.colcon_core.shell:Creating package script '/home/ieee/justbaked/justbaked/install/sllidar_ros2/share/sllidar_ros2/package.bash'
[19.051s] INFO:colcon.colcon_core.shell:Creating package script '/home/ieee/justbaked/justbaked/install/sllidar_ros2/share/sllidar_ros2/package.zsh'
[19.051s] Level 1:colcon.colcon_core.environment:create_file_with_runtime_dependencies(/home/ieee/justbaked/justbaked/install/sllidar_ros2/share/colcon-core/packages/sllidar_ros2)
[19.052s] Level 1:colcon.colcon_core.environment:create_environment_scripts_only(sllidar_ros2)
[19.052s] Level 1:colcon.colcon_core.environment:checking '/home/ieee/justbaked/justbaked/install/sllidar_ros2' for CMake module files
[19.053s] Level 1:colcon.colcon_core.environment:checking '/home/ieee/justbaked/justbaked/install/sllidar_ros2' for CMake config files
[19.053s] Level 1:colcon.colcon_core.shell:create_environment_hook('sllidar_ros2', 'cmake_prefix_path')
[19.054s] INFO:colcon.colcon_core.shell:Creating environment descriptor '/home/ieee/justbaked/justbaked/install/sllidar_ros2/share/sllidar_ros2/hook/cmake_prefix_path.dsv'
[19.054s] INFO:colcon.colcon_core.shell:Creating environment hook '/home/ieee/justbaked/justbaked/install/sllidar_ros2/share/sllidar_ros2/hook/cmake_prefix_path.sh'
[19.055s] Level 1:colcon.colcon_core.environment:checking '/home/ieee/justbaked/justbaked/install/sllidar_ros2/lib'
[19.055s] Level 1:colcon.colcon_core.environment:checking '/home/ieee/justbaked/justbaked/install/sllidar_ros2/bin'
[19.055s] Level 1:colcon.colcon_core.environment:checking '/home/ieee/justbaked/justbaked/install/sllidar_ros2/lib/pkgconfig/sllidar_ros2.pc'
[19.055s] Level 1:colcon.colcon_core.environment:checking '/home/ieee/justbaked/justbaked/install/sllidar_ros2/lib/python3.12/site-packages'
[19.055s] Level 1:colcon.colcon_core.environment:checking '/home/ieee/justbaked/justbaked/install/sllidar_ros2/bin'
[19.056s] INFO:colcon.colcon_core.shell:Creating package descriptor '/home/ieee/justbaked/justbaked/install/sllidar_ros2/share/sllidar_ros2/package.dsv'
[19.056s] INFO:colcon.colcon_core.shell:Creating package script '/home/ieee/justbaked/justbaked/install/sllidar_ros2/share/sllidar_ros2/package.sh'
[19.057s] INFO:colcon.colcon_core.shell:Creating package script '/home/ieee/justbaked/justbaked/install/sllidar_ros2/share/sllidar_ros2/package.bash'
[19.057s] INFO:colcon.colcon_core.shell:Creating package script '/home/ieee/justbaked/justbaked/install/sllidar_ros2/share/sllidar_ros2/package.zsh'
[19.058s] Level 1:colcon.colcon_core.environment:create_file_with_runtime_dependencies(/home/ieee/justbaked/justbaked/install/sllidar_ros2/share/colcon-core/packages/sllidar_ros2)
[19.058s] DEBUG:colcon.colcon_parallel_executor.executor.parallel:closing loop
[19.059s] DEBUG:colcon.colcon_parallel_executor.executor.parallel:loop closed
[19.059s] DEBUG:colcon.colcon_parallel_executor.executor.parallel:run_until_complete finished with '0'
[19.059s] DEBUG:colcon.colcon_core.event_reactor:joining thread
[19.069s] INFO:colcon.colcon_core.plugin_system:Skipping extension 'colcon_notification.desktop_notification.terminal_notifier': Not used on non-Darwin systems
[19.069s] INFO:colcon.colcon_core.plugin_system:Skipping extension 'colcon_notification.desktop_notification.win32': Not used on non-Windows systems
[19.069s] INFO:colcon.colcon_notification.desktop_notification:Sending desktop notification using 'notify2'
[19.087s] DEBUG:colcon.colcon_core.event_reactor:joined thread
[19.087s] INFO:colcon.colcon_core.shell:Creating prefix script '/home/ieee/justbaked/justbaked/install/local_setup.sh'
[19.088s] INFO:colcon.colcon_core.shell:Creating prefix util module '/home/ieee/justbaked/justbaked/install/_local_setup_util_sh.py'
[19.090s] INFO:colcon.colcon_core.shell:Creating prefix chain script '/home/ieee/justbaked/justbaked/install/setup.sh'
[19.091s] INFO:colcon.colcon_core.shell:Creating prefix script '/home/ieee/justbaked/justbaked/install/local_setup.bash'
[19.092s] INFO:colcon.colcon_core.shell:Creating prefix chain script '/home/ieee/justbaked/justbaked/install/setup.bash'
[19.093s] INFO:colcon.colcon_core.shell:Creating prefix script '/home/ieee/justbaked/justbaked/install/local_setup.zsh'
[19.094s] INFO:colcon.colcon_core.shell:Creating prefix chain script '/home/ieee/justbaked/justbaked/install/setup.zsh'
