[0.136s] DEBUG:colcon:Command line arguments: ['/usr/bin/colcon', 'build']
[0.137s] DEBUG:colcon:Parsed command line arguments: Namespace(log_base=None, log_level=None, verb_name='build', build_base='build', install_base='install', merge_install=False, symlink_install=False, test_result_base=None, continue_on_error=False, executor='parallel', parallel_workers=4, event_handlers=None, ignore_user_meta=False, metas=['./colcon.meta'], base_paths=['.'], packages_ignore=None, packages_ignore_regex=None, paths=None, packages_up_to=None, packages_up_to_regex=None, packages_above=None, packages_above_and_dependencies=None, packages_above_depth=None, packages_select_by_dep=None, packages_skip_by_dep=None, packages_skip_up_to=None, packages_select_build_failed=False, packages_skip_build_finished=False, packages_select_test_failures=False, packages_skip_test_passed=False, packages_select=None, packages_skip=None, packages_select_regex=None, packages_skip_regex=None, packages_start=None, packages_end=None, cmake_args=None, cmake_target=None, cmake_target_skip_unavailable=False, cmake_clean_cache=False, cmake_clean_first=False, cmake_force_configure=False, ament_cmake_args=None, catkin_cmake_args=None, catkin_skip_building_tests=False, verb_parser=<colcon_defaults.argument_parser.defaults.DefaultArgumentsDecorator object at 0xffffba389040>, verb_extension=<colcon_core.verb.build.BuildVerb object at 0xffffba388da0>, main=<bound method BuildVerb.main of <colcon_core.verb.build.BuildVerb object at 0xffffba388da0>>)
[0.191s] Level 1:colcon.colcon_core.package_discovery:discover_packages(colcon_meta) check parameters
[0.192s] Level 1:colcon.colcon_core.package_discovery:discover_packages(recursive) check parameters
[0.192s] Level 1:colcon.colcon_core.package_discovery:discover_packages(ignore) check parameters
[0.192s] Level 1:colcon.colcon_core.package_discovery:discover_packages(path) check parameters
[0.192s] Level 1:colcon.colcon_core.package_discovery:discover_packages(colcon_meta) discover
[0.192s] Level 1:colcon.colcon_core.package_discovery:discover_packages(recursive) discover
[0.192s] INFO:colcon.colcon_core.package_discovery:Crawling recursively for packages in '/home/ieee/justbaked/justbaked'
[0.192s] Level 1:colcon.colcon_core.package_identification:_identify(.) by extensions ['ignore', 'ignore_ament_install']
[0.192s] Level 1:colcon.colcon_core.package_identification:_identify(.) by extension 'ignore'
[0.192s] Level 1:colcon.colcon_core.package_identification:_identify(.) by extension 'ignore_ament_install'
[0.192s] Level 1:colcon.colcon_core.package_identification:_identify(.) by extensions ['colcon_pkg']
[0.192s] Level 1:colcon.colcon_core.package_identification:_identify(.) by extension 'colcon_pkg'
[0.192s] Level 1:colcon.colcon_core.package_identification:_identify(.) by extensions ['colcon_meta']
[0.192s] Level 1:colcon.colcon_core.package_identification:_identify(.) by extension 'colcon_meta'
[0.192s] Level 1:colcon.colcon_core.package_identification:_identify(.) by extensions ['ros']
[0.192s] Level 1:colcon.colcon_core.package_identification:_identify(.) by extension 'ros'
[0.228s] Level 1:colcon.colcon_core.package_identification:_identify(.) by extensions ['cmake', 'python']
[0.228s] Level 1:colcon.colcon_core.package_identification:_identify(.) by extension 'cmake'
[0.228s] Level 1:colcon.colcon_core.package_identification:_identify(.) by extension 'python'
[0.228s] Level 1:colcon.colcon_core.package_identification:_identify(.) by extensions ['python_setup_py']
[0.228s] Level 1:colcon.colcon_core.package_identification:_identify(.) by extension 'python_setup_py'
[0.229s] Level 1:colcon.colcon_core.package_identification:_identify(build) by extensions ['ignore', 'ignore_ament_install']
[0.229s] Level 1:colcon.colcon_core.package_identification:_identify(build) by extension 'ignore'
[0.229s] Level 1:colcon.colcon_core.package_identification:_identify(build) ignored
[0.229s] Level 1:colcon.colcon_core.package_identification:_identify(install) by extensions ['ignore', 'ignore_ament_install']
[0.229s] Level 1:colcon.colcon_core.package_identification:_identify(install) by extension 'ignore'
[0.229s] Level 1:colcon.colcon_core.package_identification:_identify(install) ignored
[0.229s] Level 1:colcon.colcon_core.package_identification:_identify(log) by extensions ['ignore', 'ignore_ament_install']
[0.229s] Level 1:colcon.colcon_core.package_identification:_identify(log) by extension 'ignore'
[0.229s] Level 1:colcon.colcon_core.package_identification:_identify(log) ignored
[0.229s] Level 1:colcon.colcon_core.package_identification:_identify(src) by extensions ['ignore', 'ignore_ament_install']
[0.230s] Level 1:colcon.colcon_core.package_identification:_identify(src) by extension 'ignore'
[0.230s] Level 1:colcon.colcon_core.package_identification:_identify(src) by extension 'ignore_ament_install'
[0.230s] Level 1:colcon.colcon_core.package_identification:_identify(src) by extensions ['colcon_pkg']
[0.230s] Level 1:colcon.colcon_core.package_identification:_identify(src) by extension 'colcon_pkg'
[0.230s] Level 1:colcon.colcon_core.package_identification:_identify(src) by extensions ['colcon_meta']
[0.230s] Level 1:colcon.colcon_core.package_identification:_identify(src) by extension 'colcon_meta'
[0.230s] Level 1:colcon.colcon_core.package_identification:_identify(src) by extensions ['ros']
[0.230s] Level 1:colcon.colcon_core.package_identification:_identify(src) by extension 'ros'
[0.230s] Level 1:colcon.colcon_core.package_identification:_identify(src) by extensions ['cmake', 'python']
[0.230s] Level 1:colcon.colcon_core.package_identification:_identify(src) by extension 'cmake'
[0.230s] Level 1:colcon.colcon_core.package_identification:_identify(src) by extension 'python'
[0.230s] Level 1:colcon.colcon_core.package_identification:_identify(src) by extensions ['python_setup_py']
[0.230s] Level 1:colcon.colcon_core.package_identification:_identify(src) by extension 'python_setup_py'
[0.230s] Level 1:colcon.colcon_core.package_identification:_identify(src/robot_bringup) by extensions ['ignore', 'ignore_ament_install']
[0.230s] Level 1:colcon.colcon_core.package_identification:_identify(src/robot_bringup) by extension 'ignore'
[0.230s] Level 1:colcon.colcon_core.package_identification:_identify(src/robot_bringup) by extension 'ignore_ament_install'
[0.230s] Level 1:colcon.colcon_core.package_identification:_identify(src/robot_bringup) by extensions ['colcon_pkg']
[0.230s] Level 1:colcon.colcon_core.package_identification:_identify(src/robot_bringup) by extension 'colcon_pkg'
[0.230s] Level 1:colcon.colcon_core.package_identification:_identify(src/robot_bringup) by extensions ['colcon_meta']
[0.230s] Level 1:colcon.colcon_core.package_identification:_identify(src/robot_bringup) by extension 'colcon_meta'
[0.230s] Level 1:colcon.colcon_core.package_identification:_identify(src/robot_bringup) by extensions ['ros']
[0.231s] Level 1:colcon.colcon_core.package_identification:_identify(src/robot_bringup) by extension 'ros'
[0.235s] DEBUG:colcon.colcon_core.package_identification:Package 'src/robot_bringup' with type 'ros.ament_cmake' and name 'robot_bringup'
[0.236s] Level 1:colcon.colcon_core.package_identification:_identify(src/sllidar_ros2) by extensions ['ignore', 'ignore_ament_install']
[0.236s] Level 1:colcon.colcon_core.package_identification:_identify(src/sllidar_ros2) by extension 'ignore'
[0.236s] Level 1:colcon.colcon_core.package_identification:_identify(src/sllidar_ros2) by extension 'ignore_ament_install'
[0.236s] Level 1:colcon.colcon_core.package_identification:_identify(src/sllidar_ros2) by extensions ['colcon_pkg']
[0.236s] Level 1:colcon.colcon_core.package_identification:_identify(src/sllidar_ros2) by extension 'colcon_pkg'
[0.236s] Level 1:colcon.colcon_core.package_identification:_identify(src/sllidar_ros2) by extensions ['colcon_meta']
[0.236s] Level 1:colcon.colcon_core.package_identification:_identify(src/sllidar_ros2) by extension 'colcon_meta'
[0.236s] Level 1:colcon.colcon_core.package_identification:_identify(src/sllidar_ros2) by extensions ['ros']
[0.236s] Level 1:colcon.colcon_core.package_identification:_identify(src/sllidar_ros2) by extension 'ros'
[0.237s] DEBUG:colcon.colcon_core.package_identification:Package 'src/sllidar_ros2' with type 'ros.ament_cmake' and name 'sllidar_ros2'
[0.237s] Level 1:colcon.colcon_core.package_identification:_identify(src/temp_sens) by extensions ['ignore', 'ignore_ament_install']
[0.237s] Level 1:colcon.colcon_core.package_identification:_identify(src/temp_sens) by extension 'ignore'
[0.237s] Level 1:colcon.colcon_core.package_identification:_identify(src/temp_sens) by extension 'ignore_ament_install'
[0.237s] Level 1:colcon.colcon_core.package_identification:_identify(src/temp_sens) by extensions ['colcon_pkg']
[0.237s] Level 1:colcon.colcon_core.package_identification:_identify(src/temp_sens) by extension 'colcon_pkg'
[0.237s] Level 1:colcon.colcon_core.package_identification:_identify(src/temp_sens) by extensions ['colcon_meta']
[0.237s] Level 1:colcon.colcon_core.package_identification:_identify(src/temp_sens) by extension 'colcon_meta'
[0.237s] Level 1:colcon.colcon_core.package_identification:_identify(src/temp_sens) by extensions ['ros']
[0.237s] Level 1:colcon.colcon_core.package_identification:_identify(src/temp_sens) by extension 'ros'
[0.238s] DEBUG:colcon.colcon_core.package_identification:Package 'src/temp_sens' with type 'ros.ament_cmake' and name 'temp_sens'
[0.238s] Level 1:colcon.colcon_core.package_identification:_identify(src/turtlebot4_description) by extensions ['ignore', 'ignore_ament_install']
[0.238s] Level 1:colcon.colcon_core.package_identification:_identify(src/turtlebot4_description) by extension 'ignore'
[0.238s] Level 1:colcon.colcon_core.package_identification:_identify(src/turtlebot4_description) by extension 'ignore_ament_install'
[0.238s] Level 1:colcon.colcon_core.package_identification:_identify(src/turtlebot4_description) by extensions ['colcon_pkg']
[0.238s] Level 1:colcon.colcon_core.package_identification:_identify(src/turtlebot4_description) by extension 'colcon_pkg'
[0.238s] Level 1:colcon.colcon_core.package_identification:_identify(src/turtlebot4_description) by extensions ['colcon_meta']
[0.238s] Level 1:colcon.colcon_core.package_identification:_identify(src/turtlebot4_description) by extension 'colcon_meta'
[0.238s] Level 1:colcon.colcon_core.package_identification:_identify(src/turtlebot4_description) by extensions ['ros']
[0.238s] Level 1:colcon.colcon_core.package_identification:_identify(src/turtlebot4_description) by extension 'ros'
[0.239s] DEBUG:colcon.colcon_core.package_identification:Package 'src/turtlebot4_description' with type 'ros.ament_cmake' and name 'turtlebot4_description'
[0.239s] Level 1:colcon.colcon_core.package_identification:_identify(src/turtlebot4_navigation) by extensions ['ignore', 'ignore_ament_install']
[0.239s] Level 1:colcon.colcon_core.package_identification:_identify(src/turtlebot4_navigation) by extension 'ignore'
[0.239s] Level 1:colcon.colcon_core.package_identification:_identify(src/turtlebot4_navigation) by extension 'ignore_ament_install'
[0.239s] Level 1:colcon.colcon_core.package_identification:_identify(src/turtlebot4_navigation) by extensions ['colcon_pkg']
[0.239s] Level 1:colcon.colcon_core.package_identification:_identify(src/turtlebot4_navigation) by extension 'colcon_pkg'
[0.239s] Level 1:colcon.colcon_core.package_identification:_identify(src/turtlebot4_navigation) by extensions ['colcon_meta']
[0.240s] Level 1:colcon.colcon_core.package_identification:_identify(src/turtlebot4_navigation) by extension 'colcon_meta'
[0.240s] Level 1:colcon.colcon_core.package_identification:_identify(src/turtlebot4_navigation) by extensions ['ros']
[0.240s] Level 1:colcon.colcon_core.package_identification:_identify(src/turtlebot4_navigation) by extension 'ros'
[0.240s] DEBUG:colcon.colcon_core.package_identification:Package 'src/turtlebot4_navigation' with type 'ros.ament_cmake' and name 'turtlebot4_navigation'
[0.240s] Level 1:colcon.colcon_core.package_discovery:discover_packages(recursive) using defaults
[0.240s] Level 1:colcon.colcon_core.package_discovery:discover_packages(ignore) discover
[0.240s] Level 1:colcon.colcon_core.package_discovery:discover_packages(ignore) using defaults
[0.240s] Level 1:colcon.colcon_core.package_discovery:discover_packages(path) discover
[0.240s] Level 1:colcon.colcon_core.package_discovery:discover_packages(path) using defaults
[0.264s] Level 5:colcon.colcon_core.verb:set package 'robot_bringup' build argument 'cmake_args' from command line to 'None'
[0.264s] Level 5:colcon.colcon_core.verb:set package 'robot_bringup' build argument 'cmake_target' from command line to 'None'
[0.264s] Level 5:colcon.colcon_core.verb:set package 'robot_bringup' build argument 'cmake_target_skip_unavailable' from command line to 'False'
[0.264s] Level 5:colcon.colcon_core.verb:set package 'robot_bringup' build argument 'cmake_clean_cache' from command line to 'False'
[0.264s] Level 5:colcon.colcon_core.verb:set package 'robot_bringup' build argument 'cmake_clean_first' from command line to 'False'
[0.264s] Level 5:colcon.colcon_core.verb:set package 'robot_bringup' build argument 'cmake_force_configure' from command line to 'False'
[0.264s] Level 5:colcon.colcon_core.verb:set package 'robot_bringup' build argument 'ament_cmake_args' from command line to 'None'
[0.264s] Level 5:colcon.colcon_core.verb:set package 'robot_bringup' build argument 'catkin_cmake_args' from command line to 'None'
[0.264s] Level 5:colcon.colcon_core.verb:set package 'robot_bringup' build argument 'catkin_skip_building_tests' from command line to 'False'
[0.264s] DEBUG:colcon.colcon_core.verb:Building package 'robot_bringup' with the following arguments: {'ament_cmake_args': None, 'build_base': '/home/ieee/justbaked/justbaked/build/robot_bringup', 'catkin_cmake_args': None, 'catkin_skip_building_tests': False, 'cmake_args': None, 'cmake_clean_cache': False, 'cmake_clean_first': False, 'cmake_force_configure': False, 'cmake_target': None, 'cmake_target_skip_unavailable': False, 'install_base': '/home/ieee/justbaked/justbaked/install/robot_bringup', 'merge_install': False, 'path': '/home/ieee/justbaked/justbaked/src/robot_bringup', 'symlink_install': False, 'test_result_base': None}
[0.264s] Level 5:colcon.colcon_core.verb:set package 'sllidar_ros2' build argument 'cmake_args' from command line to 'None'
[0.264s] Level 5:colcon.colcon_core.verb:set package 'sllidar_ros2' build argument 'cmake_target' from command line to 'None'
[0.264s] Level 5:colcon.colcon_core.verb:set package 'sllidar_ros2' build argument 'cmake_target_skip_unavailable' from command line to 'False'
[0.264s] Level 5:colcon.colcon_core.verb:set package 'sllidar_ros2' build argument 'cmake_clean_cache' from command line to 'False'
[0.264s] Level 5:colcon.colcon_core.verb:set package 'sllidar_ros2' build argument 'cmake_clean_first' from command line to 'False'
[0.264s] Level 5:colcon.colcon_core.verb:set package 'sllidar_ros2' build argument 'cmake_force_configure' from command line to 'False'
[0.264s] Level 5:colcon.colcon_core.verb:set package 'sllidar_ros2' build argument 'ament_cmake_args' from command line to 'None'
[0.264s] Level 5:colcon.colcon_core.verb:set package 'sllidar_ros2' build argument 'catkin_cmake_args' from command line to 'None'
[0.265s] Level 5:colcon.colcon_core.verb:set package 'sllidar_ros2' build argument 'catkin_skip_building_tests' from command line to 'False'
[0.265s] DEBUG:colcon.colcon_core.verb:Building package 'sllidar_ros2' with the following arguments: {'ament_cmake_args': None, 'build_base': '/home/ieee/justbaked/justbaked/build/sllidar_ros2', 'catkin_cmake_args': None, 'catkin_skip_building_tests': False, 'cmake_args': None, 'cmake_clean_cache': False, 'cmake_clean_first': False, 'cmake_force_configure': False, 'cmake_target': None, 'cmake_target_skip_unavailable': False, 'install_base': '/home/ieee/justbaked/justbaked/install/sllidar_ros2', 'merge_install': False, 'path': '/home/ieee/justbaked/justbaked/src/sllidar_ros2', 'symlink_install': False, 'test_result_base': None}
[0.265s] Level 5:colcon.colcon_core.verb:set package 'temp_sens' build argument 'cmake_args' from command line to 'None'
[0.265s] Level 5:colcon.colcon_core.verb:set package 'temp_sens' build argument 'cmake_target' from command line to 'None'
[0.265s] Level 5:colcon.colcon_core.verb:set package 'temp_sens' build argument 'cmake_target_skip_unavailable' from command line to 'False'
[0.265s] Level 5:colcon.colcon_core.verb:set package 'temp_sens' build argument 'cmake_clean_cache' from command line to 'False'
[0.265s] Level 5:colcon.colcon_core.verb:set package 'temp_sens' build argument 'cmake_clean_first' from command line to 'False'
[0.265s] Level 5:colcon.colcon_core.verb:set package 'temp_sens' build argument 'cmake_force_configure' from command line to 'False'
[0.265s] Level 5:colcon.colcon_core.verb:set package 'temp_sens' build argument 'ament_cmake_args' from command line to 'None'
[0.265s] Level 5:colcon.colcon_core.verb:set package 'temp_sens' build argument 'catkin_cmake_args' from command line to 'None'
[0.265s] Level 5:colcon.colcon_core.verb:set package 'temp_sens' build argument 'catkin_skip_building_tests' from command line to 'False'
[0.265s] DEBUG:colcon.colcon_core.verb:Building package 'temp_sens' with the following arguments: {'ament_cmake_args': None, 'build_base': '/home/ieee/justbaked/justbaked/build/temp_sens', 'catkin_cmake_args': None, 'catkin_skip_building_tests': False, 'cmake_args': None, 'cmake_clean_cache': False, 'cmake_clean_first': False, 'cmake_force_configure': False, 'cmake_target': None, 'cmake_target_skip_unavailable': False, 'install_base': '/home/ieee/justbaked/justbaked/install/temp_sens', 'merge_install': False, 'path': '/home/ieee/justbaked/justbaked/src/temp_sens', 'symlink_install': False, 'test_result_base': None}
[0.265s] Level 5:colcon.colcon_core.verb:set package 'turtlebot4_description' build argument 'cmake_args' from command line to 'None'
[0.265s] Level 5:colcon.colcon_core.verb:set package 'turtlebot4_description' build argument 'cmake_target' from command line to 'None'
[0.265s] Level 5:colcon.colcon_core.verb:set package 'turtlebot4_description' build argument 'cmake_target_skip_unavailable' from command line to 'False'
[0.265s] Level 5:colcon.colcon_core.verb:set package 'turtlebot4_description' build argument 'cmake_clean_cache' from command line to 'False'
[0.265s] Level 5:colcon.colcon_core.verb:set package 'turtlebot4_description' build argument 'cmake_clean_first' from command line to 'False'
[0.265s] Level 5:colcon.colcon_core.verb:set package 'turtlebot4_description' build argument 'cmake_force_configure' from command line to 'False'
[0.266s] Level 5:colcon.colcon_core.verb:set package 'turtlebot4_description' build argument 'ament_cmake_args' from command line to 'None'
[0.266s] Level 5:colcon.colcon_core.verb:set package 'turtlebot4_description' build argument 'catkin_cmake_args' from command line to 'None'
[0.266s] Level 5:colcon.colcon_core.verb:set package 'turtlebot4_description' build argument 'catkin_skip_building_tests' from command line to 'False'
[0.266s] DEBUG:colcon.colcon_core.verb:Building package 'turtlebot4_description' with the following arguments: {'ament_cmake_args': None, 'build_base': '/home/ieee/justbaked/justbaked/build/turtlebot4_description', 'catkin_cmake_args': None, 'catkin_skip_building_tests': False, 'cmake_args': None, 'cmake_clean_cache': False, 'cmake_clean_first': False, 'cmake_force_configure': False, 'cmake_target': None, 'cmake_target_skip_unavailable': False, 'install_base': '/home/ieee/justbaked/justbaked/install/turtlebot4_description', 'merge_install': False, 'path': '/home/ieee/justbaked/justbaked/src/turtlebot4_description', 'symlink_install': False, 'test_result_base': None}
[0.266s] Level 5:colcon.colcon_core.verb:set package 'turtlebot4_navigation' build argument 'cmake_args' from command line to 'None'
[0.266s] Level 5:colcon.colcon_core.verb:set package 'turtlebot4_navigation' build argument 'cmake_target' from command line to 'None'
[0.266s] Level 5:colcon.colcon_core.verb:set package 'turtlebot4_navigation' build argument 'cmake_target_skip_unavailable' from command line to 'False'
[0.266s] Level 5:colcon.colcon_core.verb:set package 'turtlebot4_navigation' build argument 'cmake_clean_cache' from command line to 'False'
[0.266s] Level 5:colcon.colcon_core.verb:set package 'turtlebot4_navigation' build argument 'cmake_clean_first' from command line to 'False'
[0.266s] Level 5:colcon.colcon_core.verb:set package 'turtlebot4_navigation' build argument 'cmake_force_configure' from command line to 'False'
[0.266s] Level 5:colcon.colcon_core.verb:set package 'turtlebot4_navigation' build argument 'ament_cmake_args' from command line to 'None'
[0.266s] Level 5:colcon.colcon_core.verb:set package 'turtlebot4_navigation' build argument 'catkin_cmake_args' from command line to 'None'
[0.266s] Level 5:colcon.colcon_core.verb:set package 'turtlebot4_navigation' build argument 'catkin_skip_building_tests' from command line to 'False'
[0.266s] DEBUG:colcon.colcon_core.verb:Building package 'turtlebot4_navigation' with the following arguments: {'ament_cmake_args': None, 'build_base': '/home/ieee/justbaked/justbaked/build/turtlebot4_navigation', 'catkin_cmake_args': None, 'catkin_skip_building_tests': False, 'cmake_args': None, 'cmake_clean_cache': False, 'cmake_clean_first': False, 'cmake_force_configure': False, 'cmake_target': None, 'cmake_target_skip_unavailable': False, 'install_base': '/home/ieee/justbaked/justbaked/install/turtlebot4_navigation', 'merge_install': False, 'path': '/home/ieee/justbaked/justbaked/src/turtlebot4_navigation', 'symlink_install': False, 'test_result_base': None}
[0.266s] INFO:colcon.colcon_core.executor:Executing jobs using 'parallel' executor
[0.268s] DEBUG:colcon.colcon_parallel_executor.executor.parallel:run_until_complete
[0.268s] INFO:colcon.colcon_ros.task.ament_cmake.build:Building ROS package in '/home/ieee/justbaked/justbaked/src/robot_bringup' with build type 'ament_cmake'
[0.268s] INFO:colcon.colcon_cmake.task.cmake.build:Building CMake package in '/home/ieee/justbaked/justbaked/src/robot_bringup'
[0.270s] INFO:colcon.colcon_core.plugin_system:Skipping extension 'colcon_core.shell.bat': Not used on non-Windows systems
[0.271s] DEBUG:colcon.colcon_core.shell:Skip shell extension 'dsv' for command environment
[0.277s] INFO:colcon.colcon_ros.task.ament_cmake.build:Building ROS package in '/home/ieee/justbaked/justbaked/src/sllidar_ros2' with build type 'ament_cmake'
[0.278s] INFO:colcon.colcon_cmake.task.cmake.build:Building CMake package in '/home/ieee/justbaked/justbaked/src/sllidar_ros2'
[0.278s] DEBUG:colcon.colcon_core.shell:Skip shell extension 'dsv' for command environment
[0.283s] INFO:colcon.colcon_ros.task.ament_cmake.build:Building ROS package in '/home/ieee/justbaked/justbaked/src/temp_sens' with build type 'ament_cmake'
[0.284s] INFO:colcon.colcon_cmake.task.cmake.build:Building CMake package in '/home/ieee/justbaked/justbaked/src/temp_sens'
[0.284s] DEBUG:colcon.colcon_core.shell:Skip shell extension 'dsv' for command environment
[0.289s] INFO:colcon.colcon_ros.task.ament_cmake.build:Building ROS package in '/home/ieee/justbaked/justbaked/src/turtlebot4_description' with build type 'ament_cmake'
[0.290s] INFO:colcon.colcon_cmake.task.cmake.build:Building CMake package in '/home/ieee/justbaked/justbaked/src/turtlebot4_description'
[0.290s] DEBUG:colcon.colcon_core.shell:Skip shell extension 'dsv' for command environment
[0.302s] DEBUG:colcon.colcon_core.event_handler.log_command:Invoking command in '/home/ieee/justbaked/justbaked/build/robot_bringup': CMAKE_PREFIX_PATH=${CMAKE_PREFIX_PATH}:/opt/ros/jazzy DEBUGINFOD_URLS=https://debuginfod.ubuntu.com /usr/bin/cmake --build /home/ieee/justbaked/justbaked/build/robot_bringup -- -j4 -l4
[0.307s] DEBUG:colcon.colcon_core.event_handler.log_command:Invoking command in '/home/ieee/justbaked/justbaked/build/sllidar_ros2': CMAKE_PREFIX_PATH=${CMAKE_PREFIX_PATH}:/opt/ros/jazzy DEBUGINFOD_URLS=https://debuginfod.ubuntu.com /usr/bin/cmake --build /home/ieee/justbaked/justbaked/build/sllidar_ros2 -- -j4 -l4
[0.310s] DEBUG:colcon.colcon_core.event_handler.log_command:Invoking command in '/home/ieee/justbaked/justbaked/build/temp_sens': CMAKE_PREFIX_PATH=${CMAKE_PREFIX_PATH}:/opt/ros/jazzy DEBUGINFOD_URLS=https://debuginfod.ubuntu.com /usr/bin/cmake --build /home/ieee/justbaked/justbaked/build/temp_sens -- -j4 -l4
[0.322s] DEBUG:colcon.colcon_core.event_handler.log_command:Invoking command in '/home/ieee/justbaked/justbaked/build/turtlebot4_description': CMAKE_PREFIX_PATH=${CMAKE_PREFIX_PATH}:/opt/ros/jazzy DEBUGINFOD_URLS=https://debuginfod.ubuntu.com /usr/bin/cmake --build /home/ieee/justbaked/justbaked/build/turtlebot4_description -- -j4 -l4
[0.402s] DEBUG:colcon.colcon_core.event_handler.log_command:Invoked command in '/home/ieee/justbaked/justbaked/build/robot_bringup' returned '0': CMAKE_PREFIX_PATH=${CMAKE_PREFIX_PATH}:/opt/ros/jazzy DEBUGINFOD_URLS=https://debuginfod.ubuntu.com /usr/bin/cmake --build /home/ieee/justbaked/justbaked/build/robot_bringup -- -j4 -l4
[0.427s] DEBUG:colcon.colcon_core.event_handler.log_command:Invoking command in '/home/ieee/justbaked/justbaked/build/robot_bringup': CMAKE_PREFIX_PATH=${CMAKE_PREFIX_PATH}:/opt/ros/jazzy DEBUGINFOD_URLS=https://debuginfod.ubuntu.com /usr/bin/cmake --install /home/ieee/justbaked/justbaked/build/robot_bringup
[0.431s] DEBUG:colcon.colcon_core.event_handler.log_command:Invoked command in '/home/ieee/justbaked/justbaked/build/turtlebot4_description' returned '0': CMAKE_PREFIX_PATH=${CMAKE_PREFIX_PATH}:/opt/ros/jazzy DEBUGINFOD_URLS=https://debuginfod.ubuntu.com /usr/bin/cmake --build /home/ieee/justbaked/justbaked/build/turtlebot4_description -- -j4 -l4
[0.434s] DEBUG:colcon.colcon_core.event_handler.log_command:Invoking command in '/home/ieee/justbaked/justbaked/build/turtlebot4_description': CMAKE_PREFIX_PATH=${CMAKE_PREFIX_PATH}:/opt/ros/jazzy DEBUGINFOD_URLS=https://debuginfod.ubuntu.com /usr/bin/cmake --install /home/ieee/justbaked/justbaked/build/turtlebot4_description
[0.481s] Level 1:colcon.colcon_core.environment:create_environment_scripts_only(robot_bringup)
[0.485s] DEBUG:colcon.colcon_core.event_handler.log_command:Invoked command in '/home/ieee/justbaked/justbaked/build/robot_bringup' returned '0': CMAKE_PREFIX_PATH=${CMAKE_PREFIX_PATH}:/opt/ros/jazzy DEBUGINFOD_URLS=https://debuginfod.ubuntu.com /usr/bin/cmake --install /home/ieee/justbaked/justbaked/build/robot_bringup
[0.488s] Level 1:colcon.colcon_core.environment:checking '/home/ieee/justbaked/justbaked/install/robot_bringup' for CMake module files
[0.489s] Level 1:colcon.colcon_core.environment:checking '/home/ieee/justbaked/justbaked/install/robot_bringup' for CMake config files
[0.490s] Level 1:colcon.colcon_core.shell:create_environment_hook('robot_bringup', 'cmake_prefix_path')
[0.491s] INFO:colcon.colcon_core.shell:Creating environment descriptor '/home/ieee/justbaked/justbaked/install/robot_bringup/share/robot_bringup/hook/cmake_prefix_path.dsv'
[0.492s] INFO:colcon.colcon_core.shell:Creating environment hook '/home/ieee/justbaked/justbaked/install/robot_bringup/share/robot_bringup/hook/cmake_prefix_path.sh'
[0.494s] Level 1:colcon.colcon_core.environment:checking '/home/ieee/justbaked/justbaked/install/robot_bringup/bin'
[0.494s] Level 1:colcon.colcon_core.environment:checking '/home/ieee/justbaked/justbaked/install/robot_bringup/lib/pkgconfig/robot_bringup.pc'
[0.499s] Level 1:colcon.colcon_core.environment:checking '/home/ieee/justbaked/justbaked/install/robot_bringup/lib/python3.12/site-packages'
[0.500s] Level 1:colcon.colcon_core.environment:checking '/home/ieee/justbaked/justbaked/install/robot_bringup/bin'
[0.500s] INFO:colcon.colcon_core.shell:Creating package descriptor '/home/ieee/justbaked/justbaked/install/robot_bringup/share/robot_bringup/package.dsv'
[0.501s] INFO:colcon.colcon_core.shell:Creating package script '/home/ieee/justbaked/justbaked/install/robot_bringup/share/robot_bringup/package.sh'
[0.502s] INFO:colcon.colcon_core.shell:Creating package script '/home/ieee/justbaked/justbaked/install/robot_bringup/share/robot_bringup/package.bash'
[0.503s] INFO:colcon.colcon_core.shell:Creating package script '/home/ieee/justbaked/justbaked/install/robot_bringup/share/robot_bringup/package.zsh'
[0.504s] Level 1:colcon.colcon_core.environment:create_file_with_runtime_dependencies(/home/ieee/justbaked/justbaked/install/robot_bringup/share/colcon-core/packages/robot_bringup)
[0.505s] Level 1:colcon.colcon_core.environment:create_environment_scripts_only(robot_bringup)
[0.505s] Level 1:colcon.colcon_core.environment:checking '/home/ieee/justbaked/justbaked/install/robot_bringup' for CMake module files
[0.506s] Level 1:colcon.colcon_core.environment:checking '/home/ieee/justbaked/justbaked/install/robot_bringup' for CMake config files
[0.507s] Level 1:colcon.colcon_core.shell:create_environment_hook('robot_bringup', 'cmake_prefix_path')
[0.507s] INFO:colcon.colcon_core.shell:Creating environment descriptor '/home/ieee/justbaked/justbaked/install/robot_bringup/share/robot_bringup/hook/cmake_prefix_path.dsv'
[0.508s] INFO:colcon.colcon_core.shell:Creating environment hook '/home/ieee/justbaked/justbaked/install/robot_bringup/share/robot_bringup/hook/cmake_prefix_path.sh'
[0.508s] Level 1:colcon.colcon_core.environment:checking '/home/ieee/justbaked/justbaked/install/robot_bringup/bin'
[0.508s] Level 1:colcon.colcon_core.environment:checking '/home/ieee/justbaked/justbaked/install/robot_bringup/lib/pkgconfig/robot_bringup.pc'
[0.509s] Level 1:colcon.colcon_core.environment:checking '/home/ieee/justbaked/justbaked/install/robot_bringup/lib/python3.12/site-packages'
[0.509s] Level 1:colcon.colcon_core.environment:checking '/home/ieee/justbaked/justbaked/install/robot_bringup/bin'
[0.509s] INFO:colcon.colcon_core.shell:Creating package descriptor '/home/ieee/justbaked/justbaked/install/robot_bringup/share/robot_bringup/package.dsv'
[0.511s] INFO:colcon.colcon_core.shell:Creating package script '/home/ieee/justbaked/justbaked/install/robot_bringup/share/robot_bringup/package.sh'
[0.511s] INFO:colcon.colcon_core.shell:Creating package script '/home/ieee/justbaked/justbaked/install/robot_bringup/share/robot_bringup/package.bash'
[0.512s] INFO:colcon.colcon_core.shell:Creating package script '/home/ieee/justbaked/justbaked/install/robot_bringup/share/robot_bringup/package.zsh'
[0.512s] Level 1:colcon.colcon_core.environment:create_file_with_runtime_dependencies(/home/ieee/justbaked/justbaked/install/robot_bringup/share/colcon-core/packages/robot_bringup)
[0.513s] INFO:colcon.colcon_ros.task.ament_cmake.build:Building ROS package in '/home/ieee/justbaked/justbaked/src/turtlebot4_navigation' with build type 'ament_cmake'
[0.514s] INFO:colcon.colcon_cmake.task.cmake.build:Building CMake package in '/home/ieee/justbaked/justbaked/src/turtlebot4_navigation'
[0.514s] DEBUG:colcon.colcon_core.shell:Skip shell extension 'dsv' for command environment
[0.522s] Level 1:colcon.colcon_core.environment:create_environment_scripts_only(turtlebot4_description)
[0.523s] Level 1:colcon.colcon_core.environment:checking '/home/ieee/justbaked/justbaked/install/turtlebot4_description' for CMake module files
[0.524s] DEBUG:colcon.colcon_core.event_handler.log_command:Invoked command in '/home/ieee/justbaked/justbaked/build/turtlebot4_description' returned '0': CMAKE_PREFIX_PATH=${CMAKE_PREFIX_PATH}:/opt/ros/jazzy DEBUGINFOD_URLS=https://debuginfod.ubuntu.com /usr/bin/cmake --install /home/ieee/justbaked/justbaked/build/turtlebot4_description
[0.525s] Level 1:colcon.colcon_core.environment:checking '/home/ieee/justbaked/justbaked/install/turtlebot4_description' for CMake config files
[0.526s] Level 1:colcon.colcon_core.shell:create_environment_hook('turtlebot4_description', 'cmake_prefix_path')
[0.526s] INFO:colcon.colcon_core.shell:Creating environment descriptor '/home/ieee/justbaked/justbaked/install/turtlebot4_description/share/turtlebot4_description/hook/cmake_prefix_path.dsv'
[0.527s] INFO:colcon.colcon_core.shell:Creating environment hook '/home/ieee/justbaked/justbaked/install/turtlebot4_description/share/turtlebot4_description/hook/cmake_prefix_path.sh'
[0.528s] Level 1:colcon.colcon_core.environment:checking '/home/ieee/justbaked/justbaked/install/turtlebot4_description/bin'
[0.528s] Level 1:colcon.colcon_core.environment:checking '/home/ieee/justbaked/justbaked/install/turtlebot4_description/lib/pkgconfig/turtlebot4_description.pc'
[0.529s] Level 1:colcon.colcon_core.environment:checking '/home/ieee/justbaked/justbaked/install/turtlebot4_description/lib/python3.12/site-packages'
[0.529s] Level 1:colcon.colcon_core.environment:checking '/home/ieee/justbaked/justbaked/install/turtlebot4_description/bin'
[0.529s] INFO:colcon.colcon_core.shell:Creating package descriptor '/home/ieee/justbaked/justbaked/install/turtlebot4_description/share/turtlebot4_description/package.dsv'
[0.530s] INFO:colcon.colcon_core.shell:Creating package script '/home/ieee/justbaked/justbaked/install/turtlebot4_description/share/turtlebot4_description/package.sh'
[0.531s] INFO:colcon.colcon_core.shell:Creating package script '/home/ieee/justbaked/justbaked/install/turtlebot4_description/share/turtlebot4_description/package.bash'
[0.531s] INFO:colcon.colcon_core.shell:Creating package script '/home/ieee/justbaked/justbaked/install/turtlebot4_description/share/turtlebot4_description/package.zsh'
[0.532s] Level 1:colcon.colcon_core.environment:create_file_with_runtime_dependencies(/home/ieee/justbaked/justbaked/install/turtlebot4_description/share/colcon-core/packages/turtlebot4_description)
[0.532s] Level 1:colcon.colcon_core.environment:create_environment_scripts_only(turtlebot4_description)
[0.533s] Level 1:colcon.colcon_core.environment:checking '/home/ieee/justbaked/justbaked/install/turtlebot4_description' for CMake module files
[0.533s] Level 1:colcon.colcon_core.environment:checking '/home/ieee/justbaked/justbaked/install/turtlebot4_description' for CMake config files
[0.534s] Level 1:colcon.colcon_core.shell:create_environment_hook('turtlebot4_description', 'cmake_prefix_path')
[0.534s] INFO:colcon.colcon_core.shell:Creating environment descriptor '/home/ieee/justbaked/justbaked/install/turtlebot4_description/share/turtlebot4_description/hook/cmake_prefix_path.dsv'
[0.535s] INFO:colcon.colcon_core.shell:Creating environment hook '/home/ieee/justbaked/justbaked/install/turtlebot4_description/share/turtlebot4_description/hook/cmake_prefix_path.sh'
[0.536s] Level 1:colcon.colcon_core.environment:checking '/home/ieee/justbaked/justbaked/install/turtlebot4_description/bin'
[0.536s] Level 1:colcon.colcon_core.environment:checking '/home/ieee/justbaked/justbaked/install/turtlebot4_description/lib/pkgconfig/turtlebot4_description.pc'
[0.536s] Level 1:colcon.colcon_core.environment:checking '/home/ieee/justbaked/justbaked/install/turtlebot4_description/lib/python3.12/site-packages'
[0.537s] Level 1:colcon.colcon_core.environment:checking '/home/ieee/justbaked/justbaked/install/turtlebot4_description/bin'
[0.537s] INFO:colcon.colcon_core.shell:Creating package descriptor '/home/ieee/justbaked/justbaked/install/turtlebot4_description/share/turtlebot4_description/package.dsv'
[0.538s] INFO:colcon.colcon_core.shell:Creating package script '/home/ieee/justbaked/justbaked/install/turtlebot4_description/share/turtlebot4_description/package.sh'
[0.539s] INFO:colcon.colcon_core.shell:Creating package script '/home/ieee/justbaked/justbaked/install/turtlebot4_description/share/turtlebot4_description/package.bash'
[0.539s] INFO:colcon.colcon_core.shell:Creating package script '/home/ieee/justbaked/justbaked/install/turtlebot4_description/share/turtlebot4_description/package.zsh'
[0.540s] Level 1:colcon.colcon_core.environment:create_file_with_runtime_dependencies(/home/ieee/justbaked/justbaked/install/turtlebot4_description/share/colcon-core/packages/turtlebot4_description)
[0.546s] DEBUG:colcon.colcon_core.event_handler.log_command:Invoking command in '/home/ieee/justbaked/justbaked/build/turtlebot4_navigation': CMAKE_PREFIX_PATH=${CMAKE_PREFIX_PATH}:/opt/ros/jazzy DEBUGINFOD_URLS=https://debuginfod.ubuntu.com /usr/bin/cmake --build /home/ieee/justbaked/justbaked/build/turtlebot4_navigation -- -j4 -l4
[0.550s] DEBUG:colcon.colcon_core.event_handler.log_command:Invoked command in '/home/ieee/justbaked/justbaked/build/sllidar_ros2' returned '0': CMAKE_PREFIX_PATH=${CMAKE_PREFIX_PATH}:/opt/ros/jazzy DEBUGINFOD_URLS=https://debuginfod.ubuntu.com /usr/bin/cmake --build /home/ieee/justbaked/justbaked/build/sllidar_ros2 -- -j4 -l4
[0.552s] DEBUG:colcon.colcon_core.event_handler.log_command:Invoking command in '/home/ieee/justbaked/justbaked/build/sllidar_ros2': CMAKE_PREFIX_PATH=${CMAKE_PREFIX_PATH}:/opt/ros/jazzy DEBUGINFOD_URLS=https://debuginfod.ubuntu.com /usr/bin/cmake --install /home/ieee/justbaked/justbaked/build/sllidar_ros2
[0.606s] Level 1:colcon.colcon_core.environment:create_environment_scripts_only(sllidar_ros2)
[0.606s] Level 1:colcon.colcon_core.environment:checking '/home/ieee/justbaked/justbaked/install/sllidar_ros2' for CMake module files
[0.607s] DEBUG:colcon.colcon_core.event_handler.log_command:Invoked command in '/home/ieee/justbaked/justbaked/build/sllidar_ros2' returned '0': CMAKE_PREFIX_PATH=${CMAKE_PREFIX_PATH}:/opt/ros/jazzy DEBUGINFOD_URLS=https://debuginfod.ubuntu.com /usr/bin/cmake --install /home/ieee/justbaked/justbaked/build/sllidar_ros2
[0.608s] Level 1:colcon.colcon_core.environment:checking '/home/ieee/justbaked/justbaked/install/sllidar_ros2' for CMake config files
[0.608s] Level 1:colcon.colcon_core.shell:create_environment_hook('sllidar_ros2', 'cmake_prefix_path')
[0.609s] INFO:colcon.colcon_core.shell:Creating environment descriptor '/home/ieee/justbaked/justbaked/install/sllidar_ros2/share/sllidar_ros2/hook/cmake_prefix_path.dsv'
[0.609s] INFO:colcon.colcon_core.shell:Creating environment hook '/home/ieee/justbaked/justbaked/install/sllidar_ros2/share/sllidar_ros2/hook/cmake_prefix_path.sh'
[0.611s] Level 1:colcon.colcon_core.environment:checking '/home/ieee/justbaked/justbaked/install/sllidar_ros2/lib'
[0.611s] Level 1:colcon.colcon_core.environment:checking '/home/ieee/justbaked/justbaked/install/sllidar_ros2/bin'
[0.611s] Level 1:colcon.colcon_core.environment:checking '/home/ieee/justbaked/justbaked/install/sllidar_ros2/lib/pkgconfig/sllidar_ros2.pc'
[0.611s] Level 1:colcon.colcon_core.environment:checking '/home/ieee/justbaked/justbaked/install/sllidar_ros2/lib/python3.12/site-packages'
[0.612s] Level 1:colcon.colcon_core.environment:checking '/home/ieee/justbaked/justbaked/install/sllidar_ros2/bin'
[0.612s] INFO:colcon.colcon_core.shell:Creating package descriptor '/home/ieee/justbaked/justbaked/install/sllidar_ros2/share/sllidar_ros2/package.dsv'
[0.613s] INFO:colcon.colcon_core.shell:Creating package script '/home/ieee/justbaked/justbaked/install/sllidar_ros2/share/sllidar_ros2/package.sh'
[0.614s] INFO:colcon.colcon_core.shell:Creating package script '/home/ieee/justbaked/justbaked/install/sllidar_ros2/share/sllidar_ros2/package.bash'
[0.615s] INFO:colcon.colcon_core.shell:Creating package script '/home/ieee/justbaked/justbaked/install/sllidar_ros2/share/sllidar_ros2/package.zsh'
[0.615s] Level 1:colcon.colcon_core.environment:create_file_with_runtime_dependencies(/home/ieee/justbaked/justbaked/install/sllidar_ros2/share/colcon-core/packages/sllidar_ros2)
[0.616s] Level 1:colcon.colcon_core.environment:create_environment_scripts_only(sllidar_ros2)
[0.616s] Level 1:colcon.colcon_core.environment:checking '/home/ieee/justbaked/justbaked/install/sllidar_ros2' for CMake module files
[0.617s] Level 1:colcon.colcon_core.environment:checking '/home/ieee/justbaked/justbaked/install/sllidar_ros2' for CMake config files
[0.618s] Level 1:colcon.colcon_core.shell:create_environment_hook('sllidar_ros2', 'cmake_prefix_path')
[0.618s] INFO:colcon.colcon_core.shell:Creating environment descriptor '/home/ieee/justbaked/justbaked/install/sllidar_ros2/share/sllidar_ros2/hook/cmake_prefix_path.dsv'
[0.619s] INFO:colcon.colcon_core.shell:Creating environment hook '/home/ieee/justbaked/justbaked/install/sllidar_ros2/share/sllidar_ros2/hook/cmake_prefix_path.sh'
[0.620s] Level 1:colcon.colcon_core.environment:checking '/home/ieee/justbaked/justbaked/install/sllidar_ros2/lib'
[0.620s] Level 1:colcon.colcon_core.environment:checking '/home/ieee/justbaked/justbaked/install/sllidar_ros2/bin'
[0.620s] Level 1:colcon.colcon_core.environment:checking '/home/ieee/justbaked/justbaked/install/sllidar_ros2/lib/pkgconfig/sllidar_ros2.pc'
[0.620s] Level 1:colcon.colcon_core.environment:checking '/home/ieee/justbaked/justbaked/install/sllidar_ros2/lib/python3.12/site-packages'
[0.620s] Level 1:colcon.colcon_core.environment:checking '/home/ieee/justbaked/justbaked/install/sllidar_ros2/bin'
[0.621s] INFO:colcon.colcon_core.shell:Creating package descriptor '/home/ieee/justbaked/justbaked/install/sllidar_ros2/share/sllidar_ros2/package.dsv'
[0.622s] INFO:colcon.colcon_core.shell:Creating package script '/home/ieee/justbaked/justbaked/install/sllidar_ros2/share/sllidar_ros2/package.sh'
[0.622s] INFO:colcon.colcon_core.shell:Creating package script '/home/ieee/justbaked/justbaked/install/sllidar_ros2/share/sllidar_ros2/package.bash'
[0.623s] INFO:colcon.colcon_core.shell:Creating package script '/home/ieee/justbaked/justbaked/install/sllidar_ros2/share/sllidar_ros2/package.zsh'
[0.623s] Level 1:colcon.colcon_core.environment:create_file_with_runtime_dependencies(/home/ieee/justbaked/justbaked/install/sllidar_ros2/share/colcon-core/packages/sllidar_ros2)
[1.001s] DEBUG:colcon.colcon_core.event_handler.log_command:Invoked command in '/home/ieee/justbaked/justbaked/build/temp_sens' returned '0': CMAKE_PREFIX_PATH=${CMAKE_PREFIX_PATH}:/opt/ros/jazzy DEBUGINFOD_URLS=https://debuginfod.ubuntu.com /usr/bin/cmake --build /home/ieee/justbaked/justbaked/build/temp_sens -- -j4 -l4
[1.003s] DEBUG:colcon.colcon_core.event_handler.log_command:Invoking command in '/home/ieee/justbaked/justbaked/build/temp_sens': CMAKE_PREFIX_PATH=${CMAKE_PREFIX_PATH}:/opt/ros/jazzy DEBUGINFOD_URLS=https://debuginfod.ubuntu.com /usr/bin/cmake --install /home/ieee/justbaked/justbaked/build/temp_sens
[1.114s] Level 1:colcon.colcon_core.environment:create_environment_scripts_only(temp_sens)
[1.115s] Level 1:colcon.colcon_core.environment:checking '/home/ieee/justbaked/justbaked/install/temp_sens' for CMake module files
[1.115s] DEBUG:colcon.colcon_core.event_handler.log_command:Invoked command in '/home/ieee/justbaked/justbaked/build/temp_sens' returned '0': CMAKE_PREFIX_PATH=${CMAKE_PREFIX_PATH}:/opt/ros/jazzy DEBUGINFOD_URLS=https://debuginfod.ubuntu.com /usr/bin/cmake --install /home/ieee/justbaked/justbaked/build/temp_sens
[1.116s] Level 1:colcon.colcon_core.environment:checking '/home/ieee/justbaked/justbaked/install/temp_sens' for CMake config files
[1.116s] Level 1:colcon.colcon_core.shell:create_environment_hook('temp_sens', 'cmake_prefix_path')
[1.117s] INFO:colcon.colcon_core.shell:Creating environment descriptor '/home/ieee/justbaked/justbaked/install/temp_sens/share/temp_sens/hook/cmake_prefix_path.dsv'
[1.117s] INFO:colcon.colcon_core.shell:Creating environment hook '/home/ieee/justbaked/justbaked/install/temp_sens/share/temp_sens/hook/cmake_prefix_path.sh'
[1.119s] Level 1:colcon.colcon_core.environment:checking '/home/ieee/justbaked/justbaked/install/temp_sens/lib'
[1.119s] Level 1:colcon.colcon_core.environment:checking '/home/ieee/justbaked/justbaked/install/temp_sens/bin'
[1.119s] Level 1:colcon.colcon_core.environment:checking '/home/ieee/justbaked/justbaked/install/temp_sens/lib/pkgconfig/temp_sens.pc'
[1.119s] Level 1:colcon.colcon_core.environment:checking '/home/ieee/justbaked/justbaked/install/temp_sens/lib/python3.12/site-packages'
[1.119s] Level 1:colcon.colcon_core.shell:create_environment_hook('temp_sens', 'pythonpath')
[1.120s] INFO:colcon.colcon_core.shell:Creating environment descriptor '/home/ieee/justbaked/justbaked/install/temp_sens/share/temp_sens/hook/pythonpath.dsv'
[1.120s] INFO:colcon.colcon_core.shell:Creating environment hook '/home/ieee/justbaked/justbaked/install/temp_sens/share/temp_sens/hook/pythonpath.sh'
[1.121s] Level 1:colcon.colcon_core.environment:checking '/home/ieee/justbaked/justbaked/install/temp_sens/bin'
[1.122s] INFO:colcon.colcon_core.shell:Creating package descriptor '/home/ieee/justbaked/justbaked/install/temp_sens/share/temp_sens/package.dsv'
[1.123s] INFO:colcon.colcon_core.shell:Creating package script '/home/ieee/justbaked/justbaked/install/temp_sens/share/temp_sens/package.sh'
[1.123s] INFO:colcon.colcon_core.shell:Creating package script '/home/ieee/justbaked/justbaked/install/temp_sens/share/temp_sens/package.bash'
[1.124s] INFO:colcon.colcon_core.shell:Creating package script '/home/ieee/justbaked/justbaked/install/temp_sens/share/temp_sens/package.zsh'
[1.124s] Level 1:colcon.colcon_core.environment:create_file_with_runtime_dependencies(/home/ieee/justbaked/justbaked/install/temp_sens/share/colcon-core/packages/temp_sens)
[1.125s] Level 1:colcon.colcon_core.environment:create_environment_scripts_only(temp_sens)
[1.125s] Level 1:colcon.colcon_core.environment:checking '/home/ieee/justbaked/justbaked/install/temp_sens' for CMake module files
[1.126s] Level 1:colcon.colcon_core.environment:checking '/home/ieee/justbaked/justbaked/install/temp_sens' for CMake config files
[1.126s] Level 1:colcon.colcon_core.shell:create_environment_hook('temp_sens', 'cmake_prefix_path')
[1.126s] INFO:colcon.colcon_core.shell:Creating environment descriptor '/home/ieee/justbaked/justbaked/install/temp_sens/share/temp_sens/hook/cmake_prefix_path.dsv'
[1.127s] INFO:colcon.colcon_core.shell:Creating environment hook '/home/ieee/justbaked/justbaked/install/temp_sens/share/temp_sens/hook/cmake_prefix_path.sh'
[1.128s] Level 1:colcon.colcon_core.environment:checking '/home/ieee/justbaked/justbaked/install/temp_sens/lib'
[1.128s] Level 1:colcon.colcon_core.environment:checking '/home/ieee/justbaked/justbaked/install/temp_sens/bin'
[1.128s] Level 1:colcon.colcon_core.environment:checking '/home/ieee/justbaked/justbaked/install/temp_sens/lib/pkgconfig/temp_sens.pc'
[1.128s] Level 1:colcon.colcon_core.environment:checking '/home/ieee/justbaked/justbaked/install/temp_sens/lib/python3.12/site-packages'
[1.129s] Level 1:colcon.colcon_core.shell:create_environment_hook('temp_sens', 'pythonpath')
[1.129s] INFO:colcon.colcon_core.shell:Creating environment descriptor '/home/ieee/justbaked/justbaked/install/temp_sens/share/temp_sens/hook/pythonpath.dsv'
[1.129s] INFO:colcon.colcon_core.shell:Creating environment hook '/home/ieee/justbaked/justbaked/install/temp_sens/share/temp_sens/hook/pythonpath.sh'
[1.130s] Level 1:colcon.colcon_core.environment:checking '/home/ieee/justbaked/justbaked/install/temp_sens/bin'
[1.131s] INFO:colcon.colcon_core.shell:Creating package descriptor '/home/ieee/justbaked/justbaked/install/temp_sens/share/temp_sens/package.dsv'
[1.132s] INFO:colcon.colcon_core.shell:Creating package script '/home/ieee/justbaked/justbaked/install/temp_sens/share/temp_sens/package.sh'
[1.133s] INFO:colcon.colcon_core.shell:Creating package script '/home/ieee/justbaked/justbaked/install/temp_sens/share/temp_sens/package.bash'
[1.133s] INFO:colcon.colcon_core.shell:Creating package script '/home/ieee/justbaked/justbaked/install/temp_sens/share/temp_sens/package.zsh'
[1.134s] Level 1:colcon.colcon_core.environment:create_file_with_runtime_dependencies(/home/ieee/justbaked/justbaked/install/temp_sens/share/colcon-core/packages/temp_sens)
[1.193s] DEBUG:colcon.colcon_core.event_handler.log_command:Invoked command in '/home/ieee/justbaked/justbaked/build/turtlebot4_navigation' returned '0': CMAKE_PREFIX_PATH=${CMAKE_PREFIX_PATH}:/opt/ros/jazzy DEBUGINFOD_URLS=https://debuginfod.ubuntu.com /usr/bin/cmake --build /home/ieee/justbaked/justbaked/build/turtlebot4_navigation -- -j4 -l4
[1.194s] DEBUG:colcon.colcon_core.event_handler.log_command:Invoking command in '/home/ieee/justbaked/justbaked/build/turtlebot4_navigation': CMAKE_PREFIX_PATH=${CMAKE_PREFIX_PATH}:/opt/ros/jazzy DEBUGINFOD_URLS=https://debuginfod.ubuntu.com /usr/bin/cmake --install /home/ieee/justbaked/justbaked/build/turtlebot4_navigation
[1.368s] Level 1:colcon.colcon_core.environment:create_environment_scripts_only(turtlebot4_navigation)
[1.368s] Level 1:colcon.colcon_core.environment:checking '/home/ieee/justbaked/justbaked/install/turtlebot4_navigation' for CMake module files
[1.369s] DEBUG:colcon.colcon_core.event_handler.log_command:Invoked command in '/home/ieee/justbaked/justbaked/build/turtlebot4_navigation' returned '0': CMAKE_PREFIX_PATH=${CMAKE_PREFIX_PATH}:/opt/ros/jazzy DEBUGINFOD_URLS=https://debuginfod.ubuntu.com /usr/bin/cmake --install /home/ieee/justbaked/justbaked/build/turtlebot4_navigation
[1.370s] Level 1:colcon.colcon_core.environment:checking '/home/ieee/justbaked/justbaked/install/turtlebot4_navigation' for CMake config files
[1.370s] Level 1:colcon.colcon_core.shell:create_environment_hook('turtlebot4_navigation', 'cmake_prefix_path')
[1.371s] INFO:colcon.colcon_core.shell:Creating environment descriptor '/home/ieee/justbaked/justbaked/install/turtlebot4_navigation/share/turtlebot4_navigation/hook/cmake_prefix_path.dsv'
[1.371s] INFO:colcon.colcon_core.shell:Creating environment hook '/home/ieee/justbaked/justbaked/install/turtlebot4_navigation/share/turtlebot4_navigation/hook/cmake_prefix_path.sh'
[1.372s] Level 1:colcon.colcon_core.environment:checking '/home/ieee/justbaked/justbaked/install/turtlebot4_navigation/lib'
[1.372s] Level 1:colcon.colcon_core.environment:checking '/home/ieee/justbaked/justbaked/install/turtlebot4_navigation/bin'
[1.372s] Level 1:colcon.colcon_core.environment:checking '/home/ieee/justbaked/justbaked/install/turtlebot4_navigation/lib/pkgconfig/turtlebot4_navigation.pc'
[1.372s] Level 1:colcon.colcon_core.environment:checking '/home/ieee/justbaked/justbaked/install/turtlebot4_navigation/lib/python3.12/site-packages'
[1.373s] Level 1:colcon.colcon_core.shell:create_environment_hook('turtlebot4_navigation', 'pythonpath')
[1.373s] INFO:colcon.colcon_core.shell:Creating environment descriptor '/home/ieee/justbaked/justbaked/install/turtlebot4_navigation/share/turtlebot4_navigation/hook/pythonpath.dsv'
[1.373s] INFO:colcon.colcon_core.shell:Creating environment hook '/home/ieee/justbaked/justbaked/install/turtlebot4_navigation/share/turtlebot4_navigation/hook/pythonpath.sh'
[1.374s] Level 1:colcon.colcon_core.environment:checking '/home/ieee/justbaked/justbaked/install/turtlebot4_navigation/bin'
[1.374s] INFO:colcon.colcon_core.shell:Creating package descriptor '/home/ieee/justbaked/justbaked/install/turtlebot4_navigation/share/turtlebot4_navigation/package.dsv'
[1.375s] INFO:colcon.colcon_core.shell:Creating package script '/home/ieee/justbaked/justbaked/install/turtlebot4_navigation/share/turtlebot4_navigation/package.sh'
[1.375s] INFO:colcon.colcon_core.shell:Creating package script '/home/ieee/justbaked/justbaked/install/turtlebot4_navigation/share/turtlebot4_navigation/package.bash'
[1.376s] INFO:colcon.colcon_core.shell:Creating package script '/home/ieee/justbaked/justbaked/install/turtlebot4_navigation/share/turtlebot4_navigation/package.zsh'
[1.376s] Level 1:colcon.colcon_core.environment:create_file_with_runtime_dependencies(/home/ieee/justbaked/justbaked/install/turtlebot4_navigation/share/colcon-core/packages/turtlebot4_navigation)
[1.377s] Level 1:colcon.colcon_core.environment:create_environment_scripts_only(turtlebot4_navigation)
[1.377s] Level 1:colcon.colcon_core.environment:checking '/home/ieee/justbaked/justbaked/install/turtlebot4_navigation' for CMake module files
[1.378s] Level 1:colcon.colcon_core.environment:checking '/home/ieee/justbaked/justbaked/install/turtlebot4_navigation' for CMake config files
[1.379s] Level 1:colcon.colcon_core.shell:create_environment_hook('turtlebot4_navigation', 'cmake_prefix_path')
[1.379s] INFO:colcon.colcon_core.shell:Creating environment descriptor '/home/ieee/justbaked/justbaked/install/turtlebot4_navigation/share/turtlebot4_navigation/hook/cmake_prefix_path.dsv'
[1.380s] INFO:colcon.colcon_core.shell:Creating environment hook '/home/ieee/justbaked/justbaked/install/turtlebot4_navigation/share/turtlebot4_navigation/hook/cmake_prefix_path.sh'
[1.380s] Level 1:colcon.colcon_core.environment:checking '/home/ieee/justbaked/justbaked/install/turtlebot4_navigation/lib'
[1.381s] Level 1:colcon.colcon_core.environment:checking '/home/ieee/justbaked/justbaked/install/turtlebot4_navigation/bin'
[1.381s] Level 1:colcon.colcon_core.environment:checking '/home/ieee/justbaked/justbaked/install/turtlebot4_navigation/lib/pkgconfig/turtlebot4_navigation.pc'
[1.381s] Level 1:colcon.colcon_core.environment:checking '/home/ieee/justbaked/justbaked/install/turtlebot4_navigation/lib/python3.12/site-packages'
[1.381s] Level 1:colcon.colcon_core.shell:create_environment_hook('turtlebot4_navigation', 'pythonpath')
[1.381s] INFO:colcon.colcon_core.shell:Creating environment descriptor '/home/ieee/justbaked/justbaked/install/turtlebot4_navigation/share/turtlebot4_navigation/hook/pythonpath.dsv'
[1.382s] INFO:colcon.colcon_core.shell:Creating environment hook '/home/ieee/justbaked/justbaked/install/turtlebot4_navigation/share/turtlebot4_navigation/hook/pythonpath.sh'
[1.383s] Level 1:colcon.colcon_core.environment:checking '/home/ieee/justbaked/justbaked/install/turtlebot4_navigation/bin'
[1.383s] INFO:colcon.colcon_core.shell:Creating package descriptor '/home/ieee/justbaked/justbaked/install/turtlebot4_navigation/share/turtlebot4_navigation/package.dsv'
[1.384s] INFO:colcon.colcon_core.shell:Creating package script '/home/ieee/justbaked/justbaked/install/turtlebot4_navigation/share/turtlebot4_navigation/package.sh'
[1.384s] INFO:colcon.colcon_core.shell:Creating package script '/home/ieee/justbaked/justbaked/install/turtlebot4_navigation/share/turtlebot4_navigation/package.bash'
[1.385s] INFO:colcon.colcon_core.shell:Creating package script '/home/ieee/justbaked/justbaked/install/turtlebot4_navigation/share/turtlebot4_navigation/package.zsh'
[1.385s] Level 1:colcon.colcon_core.environment:create_file_with_runtime_dependencies(/home/ieee/justbaked/justbaked/install/turtlebot4_navigation/share/colcon-core/packages/turtlebot4_navigation)
[1.385s] DEBUG:colcon.colcon_parallel_executor.executor.parallel:closing loop
[1.386s] DEBUG:colcon.colcon_parallel_executor.executor.parallel:loop closed
[1.386s] DEBUG:colcon.colcon_parallel_executor.executor.parallel:run_until_complete finished with '0'
[1.386s] DEBUG:colcon.colcon_core.event_reactor:joining thread
[1.396s] INFO:colcon.colcon_core.plugin_system:Skipping extension 'colcon_notification.desktop_notification.terminal_notifier': Not used on non-Darwin systems
[1.396s] INFO:colcon.colcon_core.plugin_system:Skipping extension 'colcon_notification.desktop_notification.win32': Not used on non-Windows systems
[1.396s] INFO:colcon.colcon_notification.desktop_notification:Sending desktop notification using 'notify2'
[1.413s] DEBUG:colcon.colcon_core.event_reactor:joined thread
[1.414s] INFO:colcon.colcon_core.shell:Creating prefix script '/home/ieee/justbaked/justbaked/install/local_setup.sh'
[1.415s] INFO:colcon.colcon_core.shell:Creating prefix util module '/home/ieee/justbaked/justbaked/install/_local_setup_util_sh.py'
[1.416s] INFO:colcon.colcon_core.shell:Creating prefix chain script '/home/ieee/justbaked/justbaked/install/setup.sh'
[1.418s] INFO:colcon.colcon_core.shell:Creating prefix script '/home/ieee/justbaked/justbaked/install/local_setup.bash'
[1.418s] INFO:colcon.colcon_core.shell:Creating prefix chain script '/home/ieee/justbaked/justbaked/install/setup.bash'
[1.420s] INFO:colcon.colcon_core.shell:Creating prefix script '/home/ieee/justbaked/justbaked/install/local_setup.zsh'
[1.420s] INFO:colcon.colcon_core.shell:Creating prefix chain script '/home/ieee/justbaked/justbaked/install/setup.zsh'
