[0.221s] Invoking command in '/home/jack/justbaked/justbaked/build/robdesc': CMAKE_PREFIX_PATH=${CMAKE_PREFIX_PATH}:/opt/ros/jazzy DEBUGINFOD_URLS=https://debuginfod.ubuntu.com /usr/bin/cmake --build /home/jack/justbaked/justbaked/build/robdesc -- -j4 -l4
[0.487s] Invoked command in '/home/jack/justbaked/justbaked/build/robdesc' returned '0': CMAKE_PREFIX_PATH=${CMAKE_PREFIX_PATH}:/opt/ros/jazzy DEBUGINFOD_URLS=https://debuginfod.ubuntu.com /usr/bin/cmake --build /home/jack/justbaked/justbaked/build/robdesc -- -j4 -l4
[0.555s] Invoking command in '/home/jack/justbaked/justbaked/build/robdesc': CMAKE_PREFIX_PATH=${CMAKE_PREFIX_PATH}:/opt/ros/jazzy DEBUGINFOD_URLS=https://debuginfod.ubuntu.com /usr/bin/cmake --install /home/jack/justbaked/justbaked/build/robdesc
[0.598s] -- Install configuration: ""
[0.692s] -- Execute custom install script
[0.693s] -- Up-to-date symlink: /home/jack/justbaked/justbaked/install/robdesc/share/robdesc/config/empty.yaml
[0.693s] -- Up-to-date symlink: /home/jack/justbaked/justbaked/install/robdesc/share/robdesc/description/robot.urdf.xacro
[0.693s] -- Up-to-date symlink: /home/jack/justbaked/justbaked/install/robdesc/share/robdesc/description/robotcore.xacro
[0.695s] -- Up-to-date symlink: /home/jack/justbaked/justbaked/install/robdesc/share/robdesc/launch/rsp.launch.py
[0.695s] -- Up-to-date symlink: /home/jack/justbaked/justbaked/install/robdesc/share/robdesc/worlds/empty.world
[0.696s] -- Up-to-date symlink: /home/jack/justbaked/justbaked/install/robdesc/share/robdesc/worlds/firearena.sdf
[0.696s] -- Up-to-date symlink: /home/jack/justbaked/justbaked/install/robdesc/share/ament_index/resource_index/package_run_dependencies/robdesc
[0.697s] -- Up-to-date symlink: /home/jack/justbaked/justbaked/install/robdesc/share/ament_index/resource_index/parent_prefix_path/robdesc
[0.697s] -- Up-to-date symlink: /home/jack/justbaked/justbaked/install/robdesc/share/robdesc/environment/ament_prefix_path.sh
[0.698s] -- Up-to-date symlink: /home/jack/justbaked/justbaked/install/robdesc/share/robdesc/environment/ament_prefix_path.dsv
[0.698s] -- Up-to-date symlink: /home/jack/justbaked/justbaked/install/robdesc/share/robdesc/environment/path.sh
[0.698s] -- Up-to-date symlink: /home/jack/justbaked/justbaked/install/robdesc/share/robdesc/environment/path.dsv
[0.699s] -- Up-to-date symlink: /home/jack/justbaked/justbaked/install/robdesc/share/robdesc/local_setup.bash
[0.699s] -- Up-to-date symlink: /home/jack/justbaked/justbaked/install/robdesc/share/robdesc/local_setup.sh
[0.699s] -- Up-to-date symlink: /home/jack/justbaked/justbaked/install/robdesc/share/robdesc/local_setup.zsh
[0.700s] -- Up-to-date symlink: /home/jack/justbaked/justbaked/install/robdesc/share/robdesc/local_setup.dsv
[0.700s] -- Symlinking: /home/jack/justbaked/justbaked/install/robdesc/share/robdesc/package.dsv
[0.721s] -- Up-to-date symlink: /home/jack/justbaked/justbaked/install/robdesc/share/ament_index/resource_index/packages/robdesc
[0.721s] -- Up-to-date symlink: /home/jack/justbaked/justbaked/install/robdesc/share/robdesc/cmake/robdescConfig.cmake
[0.722s] -- Up-to-date symlink: /home/jack/justbaked/justbaked/install/robdesc/share/robdesc/cmake/robdescConfig-version.cmake
[0.723s] -- Up-to-date symlink: /home/jack/justbaked/justbaked/install/robdesc/share/robdesc/package.xml
[0.726s] Invoked command in '/home/jack/justbaked/justbaked/build/robdesc' returned '0': CMAKE_PREFIX_PATH=${CMAKE_PREFIX_PATH}:/opt/ros/jazzy DEBUGINFOD_URLS=https://debuginfod.ubuntu.com /usr/bin/cmake --install /home/jack/justbaked/justbaked/build/robdesc
