[0.139s] DEBUG:colcon:Command line arguments: ['/usr/bin/colcon', 'build']
[0.139s] DEBUG:colcon:Parsed command line arguments: Namespace(log_base=None, log_level=None, verb_name='build', build_base='build', install_base='install', merge_install=False, symlink_install=False, test_result_base=None, continue_on_error=False, executor='parallel', parallel_workers=4, event_handlers=None, ignore_user_meta=False, metas=['./colcon.meta'], base_paths=['.'], packages_ignore=None, packages_ignore_regex=None, paths=None, packages_up_to=None, packages_up_to_regex=None, packages_above=None, packages_above_and_dependencies=None, packages_above_depth=None, packages_select_by_dep=None, packages_skip_by_dep=None, packages_skip_up_to=None, packages_select_build_failed=False, packages_skip_build_finished=False, packages_select_test_failures=False, packages_skip_test_passed=False, packages_select=None, packages_skip=None, packages_select_regex=None, packages_skip_regex=None, packages_start=None, packages_end=None, cmake_args=None, cmake_target=None, cmake_target_skip_unavailable=False, cmake_clean_cache=False, cmake_clean_first=False, cmake_force_configure=False, ament_cmake_args=None, catkin_cmake_args=None, catkin_skip_building_tests=False, verb_parser=<colcon_defaults.argument_parser.defaults.DefaultArgumentsDecorator object at 0xffff9f610d70>, verb_extension=<colcon_core.verb.build.BuildVerb object at 0xffff9f610aa0>, main=<bound method BuildVerb.main of <colcon_core.verb.build.BuildVerb object at 0xffff9f610aa0>>)
[0.194s] Level 1:colcon.colcon_core.package_discovery:discover_packages(colcon_meta) check parameters
[0.194s] Level 1:colcon.colcon_core.package_discovery:discover_packages(recursive) check parameters
[0.194s] Level 1:colcon.colcon_core.package_discovery:discover_packages(ignore) check parameters
[0.194s] Level 1:colcon.colcon_core.package_discovery:discover_packages(path) check parameters
[0.194s] Level 1:colcon.colcon_core.package_discovery:discover_packages(colcon_meta) discover
[0.195s] Level 1:colcon.colcon_core.package_discovery:discover_packages(recursive) discover
[0.195s] INFO:colcon.colcon_core.package_discovery:Crawling recursively for packages in '/home/ieee/justbaked/justbaked'
[0.195s] Level 1:colcon.colcon_core.package_identification:_identify(.) by extensions ['ignore', 'ignore_ament_install']
[0.195s] Level 1:colcon.colcon_core.package_identification:_identify(.) by extension 'ignore'
[0.195s] Level 1:colcon.colcon_core.package_identification:_identify(.) by extension 'ignore_ament_install'
[0.195s] Level 1:colcon.colcon_core.package_identification:_identify(.) by extensions ['colcon_pkg']
[0.195s] Level 1:colcon.colcon_core.package_identification:_identify(.) by extension 'colcon_pkg'
[0.195s] Level 1:colcon.colcon_core.package_identification:_identify(.) by extensions ['colcon_meta']
[0.195s] Level 1:colcon.colcon_core.package_identification:_identify(.) by extension 'colcon_meta'
[0.195s] Level 1:colcon.colcon_core.package_identification:_identify(.) by extensions ['ros']
[0.195s] Level 1:colcon.colcon_core.package_identification:_identify(.) by extension 'ros'
[0.231s] Level 1:colcon.colcon_core.package_identification:_identify(.) by extensions ['cmake', 'python']
[0.231s] Level 1:colcon.colcon_core.package_identification:_identify(.) by extension 'cmake'
[0.231s] Level 1:colcon.colcon_core.package_identification:_identify(.) by extension 'python'
[0.231s] Level 1:colcon.colcon_core.package_identification:_identify(.) by extensions ['python_setup_py']
[0.231s] Level 1:colcon.colcon_core.package_identification:_identify(.) by extension 'python_setup_py'
[0.231s] Level 1:colcon.colcon_core.package_identification:_identify(build) by extensions ['ignore', 'ignore_ament_install']
[0.231s] Level 1:colcon.colcon_core.package_identification:_identify(build) by extension 'ignore'
[0.231s] Level 1:colcon.colcon_core.package_identification:_identify(build) ignored
[0.232s] Level 1:colcon.colcon_core.package_identification:_identify(install) by extensions ['ignore', 'ignore_ament_install']
[0.232s] Level 1:colcon.colcon_core.package_identification:_identify(install) by extension 'ignore'
[0.232s] Level 1:colcon.colcon_core.package_identification:_identify(install) ignored
[0.232s] Level 1:colcon.colcon_core.package_identification:_identify(log) by extensions ['ignore', 'ignore_ament_install']
[0.232s] Level 1:colcon.colcon_core.package_identification:_identify(log) by extension 'ignore'
[0.232s] Level 1:colcon.colcon_core.package_identification:_identify(log) ignored
[0.232s] Level 1:colcon.colcon_core.package_identification:_identify(src) by extensions ['ignore', 'ignore_ament_install']
[0.232s] Level 1:colcon.colcon_core.package_identification:_identify(src) by extension 'ignore'
[0.232s] Level 1:colcon.colcon_core.package_identification:_identify(src) by extension 'ignore_ament_install'
[0.232s] Level 1:colcon.colcon_core.package_identification:_identify(src) by extensions ['colcon_pkg']
[0.232s] Level 1:colcon.colcon_core.package_identification:_identify(src) by extension 'colcon_pkg'
[0.232s] Level 1:colcon.colcon_core.package_identification:_identify(src) by extensions ['colcon_meta']
[0.232s] Level 1:colcon.colcon_core.package_identification:_identify(src) by extension 'colcon_meta'
[0.233s] Level 1:colcon.colcon_core.package_identification:_identify(src) by extensions ['ros']
[0.233s] Level 1:colcon.colcon_core.package_identification:_identify(src) by extension 'ros'
[0.233s] Level 1:colcon.colcon_core.package_identification:_identify(src) by extensions ['cmake', 'python']
[0.233s] Level 1:colcon.colcon_core.package_identification:_identify(src) by extension 'cmake'
[0.233s] Level 1:colcon.colcon_core.package_identification:_identify(src) by extension 'python'
[0.233s] Level 1:colcon.colcon_core.package_identification:_identify(src) by extensions ['python_setup_py']
[0.233s] Level 1:colcon.colcon_core.package_identification:_identify(src) by extension 'python_setup_py'
[0.233s] Level 1:colcon.colcon_core.package_identification:_identify(src/robot_bringup) by extensions ['ignore', 'ignore_ament_install']
[0.233s] Level 1:colcon.colcon_core.package_identification:_identify(src/robot_bringup) by extension 'ignore'
[0.233s] Level 1:colcon.colcon_core.package_identification:_identify(src/robot_bringup) by extension 'ignore_ament_install'
[0.233s] Level 1:colcon.colcon_core.package_identification:_identify(src/robot_bringup) by extensions ['colcon_pkg']
[0.233s] Level 1:colcon.colcon_core.package_identification:_identify(src/robot_bringup) by extension 'colcon_pkg'
[0.233s] Level 1:colcon.colcon_core.package_identification:_identify(src/robot_bringup) by extensions ['colcon_meta']
[0.233s] Level 1:colcon.colcon_core.package_identification:_identify(src/robot_bringup) by extension 'colcon_meta'
[0.233s] Level 1:colcon.colcon_core.package_identification:_identify(src/robot_bringup) by extensions ['ros']
[0.233s] Level 1:colcon.colcon_core.package_identification:_identify(src/robot_bringup) by extension 'ros'
[0.238s] DEBUG:colcon.colcon_core.package_identification:Package 'src/robot_bringup' with type 'ros.ament_cmake' and name 'robot_bringup'
[0.238s] Level 1:colcon.colcon_core.package_identification:_identify(src/sllidar_ros2) by extensions ['ignore', 'ignore_ament_install']
[0.238s] Level 1:colcon.colcon_core.package_identification:_identify(src/sllidar_ros2) by extension 'ignore'
[0.239s] Level 1:colcon.colcon_core.package_identification:_identify(src/sllidar_ros2) by extension 'ignore_ament_install'
[0.239s] Level 1:colcon.colcon_core.package_identification:_identify(src/sllidar_ros2) by extensions ['colcon_pkg']
[0.239s] Level 1:colcon.colcon_core.package_identification:_identify(src/sllidar_ros2) by extension 'colcon_pkg'
[0.239s] Level 1:colcon.colcon_core.package_identification:_identify(src/sllidar_ros2) by extensions ['colcon_meta']
[0.239s] Level 1:colcon.colcon_core.package_identification:_identify(src/sllidar_ros2) by extension 'colcon_meta'
[0.239s] Level 1:colcon.colcon_core.package_identification:_identify(src/sllidar_ros2) by extensions ['ros']
[0.239s] Level 1:colcon.colcon_core.package_identification:_identify(src/sllidar_ros2) by extension 'ros'
[0.240s] DEBUG:colcon.colcon_core.package_identification:Package 'src/sllidar_ros2' with type 'ros.ament_cmake' and name 'sllidar_ros2'
[0.240s] Level 1:colcon.colcon_core.package_identification:_identify(src/temp_sens) by extensions ['ignore', 'ignore_ament_install']
[0.240s] Level 1:colcon.colcon_core.package_identification:_identify(src/temp_sens) by extension 'ignore'
[0.240s] Level 1:colcon.colcon_core.package_identification:_identify(src/temp_sens) by extension 'ignore_ament_install'
[0.240s] Level 1:colcon.colcon_core.package_identification:_identify(src/temp_sens) by extensions ['colcon_pkg']
[0.240s] Level 1:colcon.colcon_core.package_identification:_identify(src/temp_sens) by extension 'colcon_pkg'
[0.240s] Level 1:colcon.colcon_core.package_identification:_identify(src/temp_sens) by extensions ['colcon_meta']
[0.240s] Level 1:colcon.colcon_core.package_identification:_identify(src/temp_sens) by extension 'colcon_meta'
[0.240s] Level 1:colcon.colcon_core.package_identification:_identify(src/temp_sens) by extensions ['ros']
[0.240s] Level 1:colcon.colcon_core.package_identification:_identify(src/temp_sens) by extension 'ros'
[0.240s] DEBUG:colcon.colcon_core.package_identification:Package 'src/temp_sens' with type 'ros.ament_cmake' and name 'temp_sens'
[0.241s] Level 1:colcon.colcon_core.package_identification:_identify(src/turtlebot4_description) by extensions ['ignore', 'ignore_ament_install']
[0.241s] Level 1:colcon.colcon_core.package_identification:_identify(src/turtlebot4_description) by extension 'ignore'
[0.241s] Level 1:colcon.colcon_core.package_identification:_identify(src/turtlebot4_description) by extension 'ignore_ament_install'
[0.241s] Level 1:colcon.colcon_core.package_identification:_identify(src/turtlebot4_description) by extensions ['colcon_pkg']
[0.241s] Level 1:colcon.colcon_core.package_identification:_identify(src/turtlebot4_description) by extension 'colcon_pkg'
[0.241s] Level 1:colcon.colcon_core.package_identification:_identify(src/turtlebot4_description) by extensions ['colcon_meta']
[0.241s] Level 1:colcon.colcon_core.package_identification:_identify(src/turtlebot4_description) by extension 'colcon_meta'
[0.241s] Level 1:colcon.colcon_core.package_identification:_identify(src/turtlebot4_description) by extensions ['ros']
[0.241s] Level 1:colcon.colcon_core.package_identification:_identify(src/turtlebot4_description) by extension 'ros'
[0.242s] DEBUG:colcon.colcon_core.package_identification:Package 'src/turtlebot4_description' with type 'ros.ament_cmake' and name 'turtlebot4_description'
[0.242s] Level 1:colcon.colcon_core.package_identification:_identify(src/turtlebot4_navigation) by extensions ['ignore', 'ignore_ament_install']
[0.242s] Level 1:colcon.colcon_core.package_identification:_identify(src/turtlebot4_navigation) by extension 'ignore'
[0.242s] Level 1:colcon.colcon_core.package_identification:_identify(src/turtlebot4_navigation) by extension 'ignore_ament_install'
[0.242s] Level 1:colcon.colcon_core.package_identification:_identify(src/turtlebot4_navigation) by extensions ['colcon_pkg']
[0.242s] Level 1:colcon.colcon_core.package_identification:_identify(src/turtlebot4_navigation) by extension 'colcon_pkg'
[0.242s] Level 1:colcon.colcon_core.package_identification:_identify(src/turtlebot4_navigation) by extensions ['colcon_meta']
[0.242s] Level 1:colcon.colcon_core.package_identification:_identify(src/turtlebot4_navigation) by extension 'colcon_meta'
[0.242s] Level 1:colcon.colcon_core.package_identification:_identify(src/turtlebot4_navigation) by extensions ['ros']
[0.242s] Level 1:colcon.colcon_core.package_identification:_identify(src/turtlebot4_navigation) by extension 'ros'
[0.243s] DEBUG:colcon.colcon_core.package_identification:Package 'src/turtlebot4_navigation' with type 'ros.ament_cmake' and name 'turtlebot4_navigation'
[0.243s] Level 1:colcon.colcon_core.package_discovery:discover_packages(recursive) using defaults
[0.243s] Level 1:colcon.colcon_core.package_discovery:discover_packages(ignore) discover
[0.243s] Level 1:colcon.colcon_core.package_discovery:discover_packages(ignore) using defaults
[0.243s] Level 1:colcon.colcon_core.package_discovery:discover_packages(path) discover
[0.243s] Level 1:colcon.colcon_core.package_discovery:discover_packages(path) using defaults
[0.267s] Level 5:colcon.colcon_core.verb:set package 'robot_bringup' build argument 'cmake_args' from command line to 'None'
[0.267s] Level 5:colcon.colcon_core.verb:set package 'robot_bringup' build argument 'cmake_target' from command line to 'None'
[0.267s] Level 5:colcon.colcon_core.verb:set package 'robot_bringup' build argument 'cmake_target_skip_unavailable' from command line to 'False'
[0.267s] Level 5:colcon.colcon_core.verb:set package 'robot_bringup' build argument 'cmake_clean_cache' from command line to 'False'
[0.267s] Level 5:colcon.colcon_core.verb:set package 'robot_bringup' build argument 'cmake_clean_first' from command line to 'False'
[0.267s] Level 5:colcon.colcon_core.verb:set package 'robot_bringup' build argument 'cmake_force_configure' from command line to 'False'
[0.267s] Level 5:colcon.colcon_core.verb:set package 'robot_bringup' build argument 'ament_cmake_args' from command line to 'None'
[0.268s] Level 5:colcon.colcon_core.verb:set package 'robot_bringup' build argument 'catkin_cmake_args' from command line to 'None'
[0.268s] Level 5:colcon.colcon_core.verb:set package 'robot_bringup' build argument 'catkin_skip_building_tests' from command line to 'False'
[0.268s] DEBUG:colcon.colcon_core.verb:Building package 'robot_bringup' with the following arguments: {'ament_cmake_args': None, 'build_base': '/home/ieee/justbaked/justbaked/build/robot_bringup', 'catkin_cmake_args': None, 'catkin_skip_building_tests': False, 'cmake_args': None, 'cmake_clean_cache': False, 'cmake_clean_first': False, 'cmake_force_configure': False, 'cmake_target': None, 'cmake_target_skip_unavailable': False, 'install_base': '/home/ieee/justbaked/justbaked/install/robot_bringup', 'merge_install': False, 'path': '/home/ieee/justbaked/justbaked/src/robot_bringup', 'symlink_install': False, 'test_result_base': None}
[0.268s] Level 5:colcon.colcon_core.verb:set package 'sllidar_ros2' build argument 'cmake_args' from command line to 'None'
[0.268s] Level 5:colcon.colcon_core.verb:set package 'sllidar_ros2' build argument 'cmake_target' from command line to 'None'
[0.268s] Level 5:colcon.colcon_core.verb:set package 'sllidar_ros2' build argument 'cmake_target_skip_unavailable' from command line to 'False'
[0.268s] Level 5:colcon.colcon_core.verb:set package 'sllidar_ros2' build argument 'cmake_clean_cache' from command line to 'False'
[0.268s] Level 5:colcon.colcon_core.verb:set package 'sllidar_ros2' build argument 'cmake_clean_first' from command line to 'False'
[0.268s] Level 5:colcon.colcon_core.verb:set package 'sllidar_ros2' build argument 'cmake_force_configure' from command line to 'False'
[0.268s] Level 5:colcon.colcon_core.verb:set package 'sllidar_ros2' build argument 'ament_cmake_args' from command line to 'None'
[0.268s] Level 5:colcon.colcon_core.verb:set package 'sllidar_ros2' build argument 'catkin_cmake_args' from command line to 'None'
[0.268s] Level 5:colcon.colcon_core.verb:set package 'sllidar_ros2' build argument 'catkin_skip_building_tests' from command line to 'False'
[0.268s] DEBUG:colcon.colcon_core.verb:Building package 'sllidar_ros2' with the following arguments: {'ament_cmake_args': None, 'build_base': '/home/ieee/justbaked/justbaked/build/sllidar_ros2', 'catkin_cmake_args': None, 'catkin_skip_building_tests': False, 'cmake_args': None, 'cmake_clean_cache': False, 'cmake_clean_first': False, 'cmake_force_configure': False, 'cmake_target': None, 'cmake_target_skip_unavailable': False, 'install_base': '/home/ieee/justbaked/justbaked/install/sllidar_ros2', 'merge_install': False, 'path': '/home/ieee/justbaked/justbaked/src/sllidar_ros2', 'symlink_install': False, 'test_result_base': None}
[0.269s] Level 5:colcon.colcon_core.verb:set package 'temp_sens' build argument 'cmake_args' from command line to 'None'
[0.269s] Level 5:colcon.colcon_core.verb:set package 'temp_sens' build argument 'cmake_target' from command line to 'None'
[0.269s] Level 5:colcon.colcon_core.verb:set package 'temp_sens' build argument 'cmake_target_skip_unavailable' from command line to 'False'
[0.269s] Level 5:colcon.colcon_core.verb:set package 'temp_sens' build argument 'cmake_clean_cache' from command line to 'False'
[0.269s] Level 5:colcon.colcon_core.verb:set package 'temp_sens' build argument 'cmake_clean_first' from command line to 'False'
[0.269s] Level 5:colcon.colcon_core.verb:set package 'temp_sens' build argument 'cmake_force_configure' from command line to 'False'
[0.269s] Level 5:colcon.colcon_core.verb:set package 'temp_sens' build argument 'ament_cmake_args' from command line to 'None'
[0.269s] Level 5:colcon.colcon_core.verb:set package 'temp_sens' build argument 'catkin_cmake_args' from command line to 'None'
[0.269s] Level 5:colcon.colcon_core.verb:set package 'temp_sens' build argument 'catkin_skip_building_tests' from command line to 'False'
[0.269s] DEBUG:colcon.colcon_core.verb:Building package 'temp_sens' with the following arguments: {'ament_cmake_args': None, 'build_base': '/home/ieee/justbaked/justbaked/build/temp_sens', 'catkin_cmake_args': None, 'catkin_skip_building_tests': False, 'cmake_args': None, 'cmake_clean_cache': False, 'cmake_clean_first': False, 'cmake_force_configure': False, 'cmake_target': None, 'cmake_target_skip_unavailable': False, 'install_base': '/home/ieee/justbaked/justbaked/install/temp_sens', 'merge_install': False, 'path': '/home/ieee/justbaked/justbaked/src/temp_sens', 'symlink_install': False, 'test_result_base': None}
[0.269s] Level 5:colcon.colcon_core.verb:set package 'turtlebot4_description' build argument 'cmake_args' from command line to 'None'
[0.269s] Level 5:colcon.colcon_core.verb:set package 'turtlebot4_description' build argument 'cmake_target' from command line to 'None'
[0.269s] Level 5:colcon.colcon_core.verb:set package 'turtlebot4_description' build argument 'cmake_target_skip_unavailable' from command line to 'False'
[0.269s] Level 5:colcon.colcon_core.verb:set package 'turtlebot4_description' build argument 'cmake_clean_cache' from command line to 'False'
[0.269s] Level 5:colcon.colcon_core.verb:set package 'turtlebot4_description' build argument 'cmake_clean_first' from command line to 'False'
[0.269s] Level 5:colcon.colcon_core.verb:set package 'turtlebot4_description' build argument 'cmake_force_configure' from command line to 'False'
[0.269s] Level 5:colcon.colcon_core.verb:set package 'turtlebot4_description' build argument 'ament_cmake_args' from command line to 'None'
[0.269s] Level 5:colcon.colcon_core.verb:set package 'turtlebot4_description' build argument 'catkin_cmake_args' from command line to 'None'
[0.269s] Level 5:colcon.colcon_core.verb:set package 'turtlebot4_description' build argument 'catkin_skip_building_tests' from command line to 'False'
[0.269s] DEBUG:colcon.colcon_core.verb:Building package 'turtlebot4_description' with the following arguments: {'ament_cmake_args': None, 'build_base': '/home/ieee/justbaked/justbaked/build/turtlebot4_description', 'catkin_cmake_args': None, 'catkin_skip_building_tests': False, 'cmake_args': None, 'cmake_clean_cache': False, 'cmake_clean_first': False, 'cmake_force_configure': False, 'cmake_target': None, 'cmake_target_skip_unavailable': False, 'install_base': '/home/ieee/justbaked/justbaked/install/turtlebot4_description', 'merge_install': False, 'path': '/home/ieee/justbaked/justbaked/src/turtlebot4_description', 'symlink_install': False, 'test_result_base': None}
[0.270s] Level 5:colcon.colcon_core.verb:set package 'turtlebot4_navigation' build argument 'cmake_args' from command line to 'None'
[0.270s] Level 5:colcon.colcon_core.verb:set package 'turtlebot4_navigation' build argument 'cmake_target' from command line to 'None'
[0.270s] Level 5:colcon.colcon_core.verb:set package 'turtlebot4_navigation' build argument 'cmake_target_skip_unavailable' from command line to 'False'
[0.270s] Level 5:colcon.colcon_core.verb:set package 'turtlebot4_navigation' build argument 'cmake_clean_cache' from command line to 'False'
[0.270s] Level 5:colcon.colcon_core.verb:set package 'turtlebot4_navigation' build argument 'cmake_clean_first' from command line to 'False'
[0.270s] Level 5:colcon.colcon_core.verb:set package 'turtlebot4_navigation' build argument 'cmake_force_configure' from command line to 'False'
[0.270s] Level 5:colcon.colcon_core.verb:set package 'turtlebot4_navigation' build argument 'ament_cmake_args' from command line to 'None'
[0.270s] Level 5:colcon.colcon_core.verb:set package 'turtlebot4_navigation' build argument 'catkin_cmake_args' from command line to 'None'
[0.270s] Level 5:colcon.colcon_core.verb:set package 'turtlebot4_navigation' build argument 'catkin_skip_building_tests' from command line to 'False'
[0.270s] DEBUG:colcon.colcon_core.verb:Building package 'turtlebot4_navigation' with the following arguments: {'ament_cmake_args': None, 'build_base': '/home/ieee/justbaked/justbaked/build/turtlebot4_navigation', 'catkin_cmake_args': None, 'catkin_skip_building_tests': False, 'cmake_args': None, 'cmake_clean_cache': False, 'cmake_clean_first': False, 'cmake_force_configure': False, 'cmake_target': None, 'cmake_target_skip_unavailable': False, 'install_base': '/home/ieee/justbaked/justbaked/install/turtlebot4_navigation', 'merge_install': False, 'path': '/home/ieee/justbaked/justbaked/src/turtlebot4_navigation', 'symlink_install': False, 'test_result_base': None}
[0.270s] INFO:colcon.colcon_core.executor:Executing jobs using 'parallel' executor
[0.271s] DEBUG:colcon.colcon_parallel_executor.executor.parallel:run_until_complete
[0.272s] INFO:colcon.colcon_ros.task.ament_cmake.build:Building ROS package in '/home/ieee/justbaked/justbaked/src/robot_bringup' with build type 'ament_cmake'
[0.272s] INFO:colcon.colcon_cmake.task.cmake.build:Building CMake package in '/home/ieee/justbaked/justbaked/src/robot_bringup'
[0.274s] INFO:colcon.colcon_core.plugin_system:Skipping extension 'colcon_core.shell.bat': Not used on non-Windows systems
[0.274s] DEBUG:colcon.colcon_core.shell:Skip shell extension 'dsv' for command environment
[0.281s] INFO:colcon.colcon_ros.task.ament_cmake.build:Building ROS package in '/home/ieee/justbaked/justbaked/src/sllidar_ros2' with build type 'ament_cmake'
[0.281s] INFO:colcon.colcon_cmake.task.cmake.build:Building CMake package in '/home/ieee/justbaked/justbaked/src/sllidar_ros2'
[0.282s] DEBUG:colcon.colcon_core.shell:Skip shell extension 'dsv' for command environment
[0.287s] INFO:colcon.colcon_ros.task.ament_cmake.build:Building ROS package in '/home/ieee/justbaked/justbaked/src/temp_sens' with build type 'ament_cmake'
[0.287s] INFO:colcon.colcon_cmake.task.cmake.build:Building CMake package in '/home/ieee/justbaked/justbaked/src/temp_sens'
[0.288s] DEBUG:colcon.colcon_core.shell:Skip shell extension 'dsv' for command environment
[0.293s] INFO:colcon.colcon_ros.task.ament_cmake.build:Building ROS package in '/home/ieee/justbaked/justbaked/src/turtlebot4_description' with build type 'ament_cmake'
[0.293s] INFO:colcon.colcon_cmake.task.cmake.build:Building CMake package in '/home/ieee/justbaked/justbaked/src/turtlebot4_description'
[0.294s] DEBUG:colcon.colcon_core.shell:Skip shell extension 'dsv' for command environment
[0.307s] DEBUG:colcon.colcon_core.event_handler.log_command:Invoking command in '/home/ieee/justbaked/justbaked/build/robot_bringup': CMAKE_PREFIX_PATH=${CMAKE_PREFIX_PATH}:/opt/ros/jazzy DEBUGINFOD_URLS=https://debuginfod.ubuntu.com /usr/bin/cmake --build /home/ieee/justbaked/justbaked/build/robot_bringup -- -j4 -l4
[0.311s] DEBUG:colcon.colcon_core.event_handler.log_command:Invoking command in '/home/ieee/justbaked/justbaked/build/sllidar_ros2': CMAKE_PREFIX_PATH=${CMAKE_PREFIX_PATH}:/opt/ros/jazzy DEBUGINFOD_URLS=https://debuginfod.ubuntu.com /usr/bin/cmake --build /home/ieee/justbaked/justbaked/build/sllidar_ros2 -- -j4 -l4
[0.315s] DEBUG:colcon.colcon_core.event_handler.log_command:Invoking command in '/home/ieee/justbaked/justbaked/build/temp_sens': CMAKE_PREFIX_PATH=${CMAKE_PREFIX_PATH}:/opt/ros/jazzy DEBUGINFOD_URLS=https://debuginfod.ubuntu.com /usr/bin/cmake --build /home/ieee/justbaked/justbaked/build/temp_sens -- -j4 -l4
[0.325s] DEBUG:colcon.colcon_core.event_handler.log_command:Invoking command in '/home/ieee/justbaked/justbaked/build/turtlebot4_description': CMAKE_PREFIX_PATH=${CMAKE_PREFIX_PATH}:/opt/ros/jazzy DEBUGINFOD_URLS=https://debuginfod.ubuntu.com /usr/bin/cmake --build /home/ieee/justbaked/justbaked/build/turtlebot4_description -- -j4 -l4
[0.403s] DEBUG:colcon.colcon_core.event_handler.log_command:Invoked command in '/home/ieee/justbaked/justbaked/build/robot_bringup' returned '0': CMAKE_PREFIX_PATH=${CMAKE_PREFIX_PATH}:/opt/ros/jazzy DEBUGINFOD_URLS=https://debuginfod.ubuntu.com /usr/bin/cmake --build /home/ieee/justbaked/justbaked/build/robot_bringup -- -j4 -l4
[0.430s] DEBUG:colcon.colcon_core.event_handler.log_command:Invoking command in '/home/ieee/justbaked/justbaked/build/robot_bringup': CMAKE_PREFIX_PATH=${CMAKE_PREFIX_PATH}:/opt/ros/jazzy DEBUGINFOD_URLS=https://debuginfod.ubuntu.com /usr/bin/cmake --install /home/ieee/justbaked/justbaked/build/robot_bringup
[0.453s] DEBUG:colcon.colcon_core.event_handler.log_command:Invoked command in '/home/ieee/justbaked/justbaked/build/turtlebot4_description' returned '0': CMAKE_PREFIX_PATH=${CMAKE_PREFIX_PATH}:/opt/ros/jazzy DEBUGINFOD_URLS=https://debuginfod.ubuntu.com /usr/bin/cmake --build /home/ieee/justbaked/justbaked/build/turtlebot4_description -- -j4 -l4
[0.454s] DEBUG:colcon.colcon_core.event_handler.log_command:Invoking command in '/home/ieee/justbaked/justbaked/build/turtlebot4_description': CMAKE_PREFIX_PATH=${CMAKE_PREFIX_PATH}:/opt/ros/jazzy DEBUGINFOD_URLS=https://debuginfod.ubuntu.com /usr/bin/cmake --install /home/ieee/justbaked/justbaked/build/turtlebot4_description
[0.496s] Level 1:colcon.colcon_core.environment:create_environment_scripts_only(robot_bringup)
[0.498s] DEBUG:colcon.colcon_core.event_handler.log_command:Invoked command in '/home/ieee/justbaked/justbaked/build/robot_bringup' returned '0': CMAKE_PREFIX_PATH=${CMAKE_PREFIX_PATH}:/opt/ros/jazzy DEBUGINFOD_URLS=https://debuginfod.ubuntu.com /usr/bin/cmake --install /home/ieee/justbaked/justbaked/build/robot_bringup
[0.502s] Level 1:colcon.colcon_core.environment:checking '/home/ieee/justbaked/justbaked/install/robot_bringup' for CMake module files
[0.503s] Level 1:colcon.colcon_core.environment:checking '/home/ieee/justbaked/justbaked/install/robot_bringup' for CMake config files
[0.504s] Level 1:colcon.colcon_core.shell:create_environment_hook('robot_bringup', 'cmake_prefix_path')
[0.504s] INFO:colcon.colcon_core.shell:Creating environment descriptor '/home/ieee/justbaked/justbaked/install/robot_bringup/share/robot_bringup/hook/cmake_prefix_path.dsv'
[0.505s] INFO:colcon.colcon_core.shell:Creating environment hook '/home/ieee/justbaked/justbaked/install/robot_bringup/share/robot_bringup/hook/cmake_prefix_path.sh'
[0.510s] Level 1:colcon.colcon_core.environment:checking '/home/ieee/justbaked/justbaked/install/robot_bringup/bin'
[0.510s] Level 1:colcon.colcon_core.environment:checking '/home/ieee/justbaked/justbaked/install/robot_bringup/lib/pkgconfig/robot_bringup.pc'
[0.514s] Level 1:colcon.colcon_core.environment:checking '/home/ieee/justbaked/justbaked/install/robot_bringup/lib/python3.12/site-packages'
[0.514s] Level 1:colcon.colcon_core.environment:checking '/home/ieee/justbaked/justbaked/install/robot_bringup/bin'
[0.515s] INFO:colcon.colcon_core.shell:Creating package descriptor '/home/ieee/justbaked/justbaked/install/robot_bringup/share/robot_bringup/package.dsv'
[0.516s] INFO:colcon.colcon_core.shell:Creating package script '/home/ieee/justbaked/justbaked/install/robot_bringup/share/robot_bringup/package.sh'
[0.517s] INFO:colcon.colcon_core.shell:Creating package script '/home/ieee/justbaked/justbaked/install/robot_bringup/share/robot_bringup/package.bash'
[0.518s] INFO:colcon.colcon_core.shell:Creating package script '/home/ieee/justbaked/justbaked/install/robot_bringup/share/robot_bringup/package.zsh'
[0.518s] Level 1:colcon.colcon_core.environment:create_file_with_runtime_dependencies(/home/ieee/justbaked/justbaked/install/robot_bringup/share/colcon-core/packages/robot_bringup)
[0.519s] Level 1:colcon.colcon_core.environment:create_environment_scripts_only(robot_bringup)
[0.519s] Level 1:colcon.colcon_core.environment:checking '/home/ieee/justbaked/justbaked/install/robot_bringup' for CMake module files
[0.520s] Level 1:colcon.colcon_core.environment:checking '/home/ieee/justbaked/justbaked/install/robot_bringup' for CMake config files
[0.521s] Level 1:colcon.colcon_core.shell:create_environment_hook('robot_bringup', 'cmake_prefix_path')
[0.521s] INFO:colcon.colcon_core.shell:Creating environment descriptor '/home/ieee/justbaked/justbaked/install/robot_bringup/share/robot_bringup/hook/cmake_prefix_path.dsv'
[0.521s] INFO:colcon.colcon_core.shell:Creating environment hook '/home/ieee/justbaked/justbaked/install/robot_bringup/share/robot_bringup/hook/cmake_prefix_path.sh'
[0.522s] Level 1:colcon.colcon_core.environment:checking '/home/ieee/justbaked/justbaked/install/robot_bringup/bin'
[0.523s] Level 1:colcon.colcon_core.environment:checking '/home/ieee/justbaked/justbaked/install/robot_bringup/lib/pkgconfig/robot_bringup.pc'
[0.523s] Level 1:colcon.colcon_core.environment:checking '/home/ieee/justbaked/justbaked/install/robot_bringup/lib/python3.12/site-packages'
[0.523s] Level 1:colcon.colcon_core.environment:checking '/home/ieee/justbaked/justbaked/install/robot_bringup/bin'
[0.524s] INFO:colcon.colcon_core.shell:Creating package descriptor '/home/ieee/justbaked/justbaked/install/robot_bringup/share/robot_bringup/package.dsv'
[0.524s] INFO:colcon.colcon_core.shell:Creating package script '/home/ieee/justbaked/justbaked/install/robot_bringup/share/robot_bringup/package.sh'
[0.525s] INFO:colcon.colcon_core.shell:Creating package script '/home/ieee/justbaked/justbaked/install/robot_bringup/share/robot_bringup/package.bash'
[0.525s] INFO:colcon.colcon_core.shell:Creating package script '/home/ieee/justbaked/justbaked/install/robot_bringup/share/robot_bringup/package.zsh'
[0.526s] Level 1:colcon.colcon_core.environment:create_file_with_runtime_dependencies(/home/ieee/justbaked/justbaked/install/robot_bringup/share/colcon-core/packages/robot_bringup)
[0.527s] INFO:colcon.colcon_ros.task.ament_cmake.build:Building ROS package in '/home/ieee/justbaked/justbaked/src/turtlebot4_navigation' with build type 'ament_cmake'
[0.527s] INFO:colcon.colcon_cmake.task.cmake.build:Building CMake package in '/home/ieee/justbaked/justbaked/src/turtlebot4_navigation'
[0.527s] DEBUG:colcon.colcon_core.shell:Skip shell extension 'dsv' for command environment
[0.535s] DEBUG:colcon.colcon_core.event_handler.log_command:Invoked command in '/home/ieee/justbaked/justbaked/build/sllidar_ros2' returned '0': CMAKE_PREFIX_PATH=${CMAKE_PREFIX_PATH}:/opt/ros/jazzy DEBUGINFOD_URLS=https://debuginfod.ubuntu.com /usr/bin/cmake --build /home/ieee/justbaked/justbaked/build/sllidar_ros2 -- -j4 -l4
[0.537s] DEBUG:colcon.colcon_core.event_handler.log_command:Invoking command in '/home/ieee/justbaked/justbaked/build/sllidar_ros2': CMAKE_PREFIX_PATH=${CMAKE_PREFIX_PATH}:/opt/ros/jazzy DEBUGINFOD_URLS=https://debuginfod.ubuntu.com /usr/bin/cmake --install /home/ieee/justbaked/justbaked/build/sllidar_ros2
[0.538s] Level 1:colcon.colcon_core.environment:create_environment_scripts_only(turtlebot4_description)
[0.538s] Level 1:colcon.colcon_core.environment:checking '/home/ieee/justbaked/justbaked/install/turtlebot4_description' for CMake module files
[0.539s] DEBUG:colcon.colcon_core.event_handler.log_command:Invoked command in '/home/ieee/justbaked/justbaked/build/turtlebot4_description' returned '0': CMAKE_PREFIX_PATH=${CMAKE_PREFIX_PATH}:/opt/ros/jazzy DEBUGINFOD_URLS=https://debuginfod.ubuntu.com /usr/bin/cmake --install /home/ieee/justbaked/justbaked/build/turtlebot4_description
[0.540s] Level 1:colcon.colcon_core.environment:checking '/home/ieee/justbaked/justbaked/install/turtlebot4_description' for CMake config files
[0.540s] Level 1:colcon.colcon_core.shell:create_environment_hook('turtlebot4_description', 'cmake_prefix_path')
[0.540s] INFO:colcon.colcon_core.shell:Creating environment descriptor '/home/ieee/justbaked/justbaked/install/turtlebot4_description/share/turtlebot4_description/hook/cmake_prefix_path.dsv'
[0.541s] INFO:colcon.colcon_core.shell:Creating environment hook '/home/ieee/justbaked/justbaked/install/turtlebot4_description/share/turtlebot4_description/hook/cmake_prefix_path.sh'
[0.542s] Level 1:colcon.colcon_core.environment:checking '/home/ieee/justbaked/justbaked/install/turtlebot4_description/bin'
[0.542s] Level 1:colcon.colcon_core.environment:checking '/home/ieee/justbaked/justbaked/install/turtlebot4_description/lib/pkgconfig/turtlebot4_description.pc'
[0.542s] Level 1:colcon.colcon_core.environment:checking '/home/ieee/justbaked/justbaked/install/turtlebot4_description/lib/python3.12/site-packages'
[0.543s] Level 1:colcon.colcon_core.environment:checking '/home/ieee/justbaked/justbaked/install/turtlebot4_description/bin'
[0.543s] INFO:colcon.colcon_core.shell:Creating package descriptor '/home/ieee/justbaked/justbaked/install/turtlebot4_description/share/turtlebot4_description/package.dsv'
[0.544s] INFO:colcon.colcon_core.shell:Creating package script '/home/ieee/justbaked/justbaked/install/turtlebot4_description/share/turtlebot4_description/package.sh'
[0.545s] INFO:colcon.colcon_core.shell:Creating package script '/home/ieee/justbaked/justbaked/install/turtlebot4_description/share/turtlebot4_description/package.bash'
[0.545s] INFO:colcon.colcon_core.shell:Creating package script '/home/ieee/justbaked/justbaked/install/turtlebot4_description/share/turtlebot4_description/package.zsh'
[0.546s] Level 1:colcon.colcon_core.environment:create_file_with_runtime_dependencies(/home/ieee/justbaked/justbaked/install/turtlebot4_description/share/colcon-core/packages/turtlebot4_description)
[0.547s] Level 1:colcon.colcon_core.environment:create_environment_scripts_only(turtlebot4_description)
[0.547s] Level 1:colcon.colcon_core.environment:checking '/home/ieee/justbaked/justbaked/install/turtlebot4_description' for CMake module files
[0.548s] Level 1:colcon.colcon_core.environment:checking '/home/ieee/justbaked/justbaked/install/turtlebot4_description' for CMake config files
[0.549s] Level 1:colcon.colcon_core.shell:create_environment_hook('turtlebot4_description', 'cmake_prefix_path')
[0.549s] INFO:colcon.colcon_core.shell:Creating environment descriptor '/home/ieee/justbaked/justbaked/install/turtlebot4_description/share/turtlebot4_description/hook/cmake_prefix_path.dsv'
[0.550s] INFO:colcon.colcon_core.shell:Creating environment hook '/home/ieee/justbaked/justbaked/install/turtlebot4_description/share/turtlebot4_description/hook/cmake_prefix_path.sh'
[0.551s] Level 1:colcon.colcon_core.environment:checking '/home/ieee/justbaked/justbaked/install/turtlebot4_description/bin'
[0.551s] Level 1:colcon.colcon_core.environment:checking '/home/ieee/justbaked/justbaked/install/turtlebot4_description/lib/pkgconfig/turtlebot4_description.pc'
[0.551s] Level 1:colcon.colcon_core.environment:checking '/home/ieee/justbaked/justbaked/install/turtlebot4_description/lib/python3.12/site-packages'
[0.552s] Level 1:colcon.colcon_core.environment:checking '/home/ieee/justbaked/justbaked/install/turtlebot4_description/bin'
[0.552s] INFO:colcon.colcon_core.shell:Creating package descriptor '/home/ieee/justbaked/justbaked/install/turtlebot4_description/share/turtlebot4_description/package.dsv'
[0.553s] INFO:colcon.colcon_core.shell:Creating package script '/home/ieee/justbaked/justbaked/install/turtlebot4_description/share/turtlebot4_description/package.sh'
[0.553s] INFO:colcon.colcon_core.shell:Creating package script '/home/ieee/justbaked/justbaked/install/turtlebot4_description/share/turtlebot4_description/package.bash'
[0.554s] INFO:colcon.colcon_core.shell:Creating package script '/home/ieee/justbaked/justbaked/install/turtlebot4_description/share/turtlebot4_description/package.zsh'
[0.555s] Level 1:colcon.colcon_core.environment:create_file_with_runtime_dependencies(/home/ieee/justbaked/justbaked/install/turtlebot4_description/share/colcon-core/packages/turtlebot4_description)
[0.563s] DEBUG:colcon.colcon_core.event_handler.log_command:Invoking command in '/home/ieee/justbaked/justbaked/build/turtlebot4_navigation': CMAKE_PREFIX_PATH=${CMAKE_PREFIX_PATH}:/opt/ros/jazzy DEBUGINFOD_URLS=https://debuginfod.ubuntu.com /usr/bin/cmake --build /home/ieee/justbaked/justbaked/build/turtlebot4_navigation -- -j4 -l4
[0.587s] Level 1:colcon.colcon_core.environment:create_environment_scripts_only(sllidar_ros2)
[0.588s] Level 1:colcon.colcon_core.environment:checking '/home/ieee/justbaked/justbaked/install/sllidar_ros2' for CMake module files
[0.589s] Level 1:colcon.colcon_core.environment:checking '/home/ieee/justbaked/justbaked/install/sllidar_ros2' for CMake config files
[0.589s] DEBUG:colcon.colcon_core.event_handler.log_command:Invoked command in '/home/ieee/justbaked/justbaked/build/sllidar_ros2' returned '0': CMAKE_PREFIX_PATH=${CMAKE_PREFIX_PATH}:/opt/ros/jazzy DEBUGINFOD_URLS=https://debuginfod.ubuntu.com /usr/bin/cmake --install /home/ieee/justbaked/justbaked/build/sllidar_ros2
[0.590s] Level 1:colcon.colcon_core.shell:create_environment_hook('sllidar_ros2', 'cmake_prefix_path')
[0.590s] INFO:colcon.colcon_core.shell:Creating environment descriptor '/home/ieee/justbaked/justbaked/install/sllidar_ros2/share/sllidar_ros2/hook/cmake_prefix_path.dsv'
[0.591s] INFO:colcon.colcon_core.shell:Creating environment hook '/home/ieee/justbaked/justbaked/install/sllidar_ros2/share/sllidar_ros2/hook/cmake_prefix_path.sh'
[0.592s] Level 1:colcon.colcon_core.environment:checking '/home/ieee/justbaked/justbaked/install/sllidar_ros2/lib'
[0.592s] Level 1:colcon.colcon_core.environment:checking '/home/ieee/justbaked/justbaked/install/sllidar_ros2/bin'
[0.592s] Level 1:colcon.colcon_core.environment:checking '/home/ieee/justbaked/justbaked/install/sllidar_ros2/lib/pkgconfig/sllidar_ros2.pc'
[0.593s] Level 1:colcon.colcon_core.environment:checking '/home/ieee/justbaked/justbaked/install/sllidar_ros2/lib/python3.12/site-packages'
[0.593s] Level 1:colcon.colcon_core.environment:checking '/home/ieee/justbaked/justbaked/install/sllidar_ros2/bin'
[0.594s] INFO:colcon.colcon_core.shell:Creating package descriptor '/home/ieee/justbaked/justbaked/install/sllidar_ros2/share/sllidar_ros2/package.dsv'
[0.594s] INFO:colcon.colcon_core.shell:Creating package script '/home/ieee/justbaked/justbaked/install/sllidar_ros2/share/sllidar_ros2/package.sh'
[0.595s] INFO:colcon.colcon_core.shell:Creating package script '/home/ieee/justbaked/justbaked/install/sllidar_ros2/share/sllidar_ros2/package.bash'
[0.596s] INFO:colcon.colcon_core.shell:Creating package script '/home/ieee/justbaked/justbaked/install/sllidar_ros2/share/sllidar_ros2/package.zsh'
[0.596s] Level 1:colcon.colcon_core.environment:create_file_with_runtime_dependencies(/home/ieee/justbaked/justbaked/install/sllidar_ros2/share/colcon-core/packages/sllidar_ros2)
[0.597s] Level 1:colcon.colcon_core.environment:create_environment_scripts_only(sllidar_ros2)
[0.598s] Level 1:colcon.colcon_core.environment:checking '/home/ieee/justbaked/justbaked/install/sllidar_ros2' for CMake module files
[0.598s] Level 1:colcon.colcon_core.environment:checking '/home/ieee/justbaked/justbaked/install/sllidar_ros2' for CMake config files
[0.599s] Level 1:colcon.colcon_core.shell:create_environment_hook('sllidar_ros2', 'cmake_prefix_path')
[0.599s] INFO:colcon.colcon_core.shell:Creating environment descriptor '/home/ieee/justbaked/justbaked/install/sllidar_ros2/share/sllidar_ros2/hook/cmake_prefix_path.dsv'
[0.600s] INFO:colcon.colcon_core.shell:Creating environment hook '/home/ieee/justbaked/justbaked/install/sllidar_ros2/share/sllidar_ros2/hook/cmake_prefix_path.sh'
[0.601s] Level 1:colcon.colcon_core.environment:checking '/home/ieee/justbaked/justbaked/install/sllidar_ros2/lib'
[0.601s] Level 1:colcon.colcon_core.environment:checking '/home/ieee/justbaked/justbaked/install/sllidar_ros2/bin'
[0.601s] Level 1:colcon.colcon_core.environment:checking '/home/ieee/justbaked/justbaked/install/sllidar_ros2/lib/pkgconfig/sllidar_ros2.pc'
[0.601s] Level 1:colcon.colcon_core.environment:checking '/home/ieee/justbaked/justbaked/install/sllidar_ros2/lib/python3.12/site-packages'
[0.602s] Level 1:colcon.colcon_core.environment:checking '/home/ieee/justbaked/justbaked/install/sllidar_ros2/bin'
[0.602s] INFO:colcon.colcon_core.shell:Creating package descriptor '/home/ieee/justbaked/justbaked/install/sllidar_ros2/share/sllidar_ros2/package.dsv'
[0.603s] INFO:colcon.colcon_core.shell:Creating package script '/home/ieee/justbaked/justbaked/install/sllidar_ros2/share/sllidar_ros2/package.sh'
[0.604s] INFO:colcon.colcon_core.shell:Creating package script '/home/ieee/justbaked/justbaked/install/sllidar_ros2/share/sllidar_ros2/package.bash'
[0.605s] INFO:colcon.colcon_core.shell:Creating package script '/home/ieee/justbaked/justbaked/install/sllidar_ros2/share/sllidar_ros2/package.zsh'
[0.606s] Level 1:colcon.colcon_core.environment:create_file_with_runtime_dependencies(/home/ieee/justbaked/justbaked/install/sllidar_ros2/share/colcon-core/packages/sllidar_ros2)
[1.007s] DEBUG:colcon.colcon_core.event_handler.log_command:Invoked command in '/home/ieee/justbaked/justbaked/build/temp_sens' returned '0': CMAKE_PREFIX_PATH=${CMAKE_PREFIX_PATH}:/opt/ros/jazzy DEBUGINFOD_URLS=https://debuginfod.ubuntu.com /usr/bin/cmake --build /home/ieee/justbaked/justbaked/build/temp_sens -- -j4 -l4
[1.009s] DEBUG:colcon.colcon_core.event_handler.log_command:Invoking command in '/home/ieee/justbaked/justbaked/build/temp_sens': CMAKE_PREFIX_PATH=${CMAKE_PREFIX_PATH}:/opt/ros/jazzy DEBUGINFOD_URLS=https://debuginfod.ubuntu.com /usr/bin/cmake --install /home/ieee/justbaked/justbaked/build/temp_sens
[1.120s] Level 1:colcon.colcon_core.environment:create_environment_scripts_only(temp_sens)
[1.121s] Level 1:colcon.colcon_core.environment:checking '/home/ieee/justbaked/justbaked/install/temp_sens' for CMake module files
[1.121s] DEBUG:colcon.colcon_core.event_handler.log_command:Invoked command in '/home/ieee/justbaked/justbaked/build/temp_sens' returned '0': CMAKE_PREFIX_PATH=${CMAKE_PREFIX_PATH}:/opt/ros/jazzy DEBUGINFOD_URLS=https://debuginfod.ubuntu.com /usr/bin/cmake --install /home/ieee/justbaked/justbaked/build/temp_sens
[1.122s] Level 1:colcon.colcon_core.environment:checking '/home/ieee/justbaked/justbaked/install/temp_sens' for CMake config files
[1.122s] Level 1:colcon.colcon_core.shell:create_environment_hook('temp_sens', 'cmake_prefix_path')
[1.123s] INFO:colcon.colcon_core.shell:Creating environment descriptor '/home/ieee/justbaked/justbaked/install/temp_sens/share/temp_sens/hook/cmake_prefix_path.dsv'
[1.123s] INFO:colcon.colcon_core.shell:Creating environment hook '/home/ieee/justbaked/justbaked/install/temp_sens/share/temp_sens/hook/cmake_prefix_path.sh'
[1.124s] Level 1:colcon.colcon_core.environment:checking '/home/ieee/justbaked/justbaked/install/temp_sens/lib'
[1.124s] Level 1:colcon.colcon_core.environment:checking '/home/ieee/justbaked/justbaked/install/temp_sens/bin'
[1.125s] Level 1:colcon.colcon_core.environment:checking '/home/ieee/justbaked/justbaked/install/temp_sens/lib/pkgconfig/temp_sens.pc'
[1.125s] Level 1:colcon.colcon_core.environment:checking '/home/ieee/justbaked/justbaked/install/temp_sens/lib/python3.12/site-packages'
[1.125s] Level 1:colcon.colcon_core.shell:create_environment_hook('temp_sens', 'pythonpath')
[1.125s] INFO:colcon.colcon_core.shell:Creating environment descriptor '/home/ieee/justbaked/justbaked/install/temp_sens/share/temp_sens/hook/pythonpath.dsv'
[1.126s] INFO:colcon.colcon_core.shell:Creating environment hook '/home/ieee/justbaked/justbaked/install/temp_sens/share/temp_sens/hook/pythonpath.sh'
[1.127s] Level 1:colcon.colcon_core.environment:checking '/home/ieee/justbaked/justbaked/install/temp_sens/bin'
[1.127s] INFO:colcon.colcon_core.shell:Creating package descriptor '/home/ieee/justbaked/justbaked/install/temp_sens/share/temp_sens/package.dsv'
[1.128s] INFO:colcon.colcon_core.shell:Creating package script '/home/ieee/justbaked/justbaked/install/temp_sens/share/temp_sens/package.sh'
[1.128s] INFO:colcon.colcon_core.shell:Creating package script '/home/ieee/justbaked/justbaked/install/temp_sens/share/temp_sens/package.bash'
[1.129s] INFO:colcon.colcon_core.shell:Creating package script '/home/ieee/justbaked/justbaked/install/temp_sens/share/temp_sens/package.zsh'
[1.129s] Level 1:colcon.colcon_core.environment:create_file_with_runtime_dependencies(/home/ieee/justbaked/justbaked/install/temp_sens/share/colcon-core/packages/temp_sens)
[1.130s] Level 1:colcon.colcon_core.environment:create_environment_scripts_only(temp_sens)
[1.130s] Level 1:colcon.colcon_core.environment:checking '/home/ieee/justbaked/justbaked/install/temp_sens' for CMake module files
[1.131s] Level 1:colcon.colcon_core.environment:checking '/home/ieee/justbaked/justbaked/install/temp_sens' for CMake config files
[1.131s] Level 1:colcon.colcon_core.shell:create_environment_hook('temp_sens', 'cmake_prefix_path')
[1.131s] INFO:colcon.colcon_core.shell:Creating environment descriptor '/home/ieee/justbaked/justbaked/install/temp_sens/share/temp_sens/hook/cmake_prefix_path.dsv'
[1.132s] INFO:colcon.colcon_core.shell:Creating environment hook '/home/ieee/justbaked/justbaked/install/temp_sens/share/temp_sens/hook/cmake_prefix_path.sh'
[1.133s] Level 1:colcon.colcon_core.environment:checking '/home/ieee/justbaked/justbaked/install/temp_sens/lib'
[1.133s] Level 1:colcon.colcon_core.environment:checking '/home/ieee/justbaked/justbaked/install/temp_sens/bin'
[1.133s] Level 1:colcon.colcon_core.environment:checking '/home/ieee/justbaked/justbaked/install/temp_sens/lib/pkgconfig/temp_sens.pc'
[1.133s] Level 1:colcon.colcon_core.environment:checking '/home/ieee/justbaked/justbaked/install/temp_sens/lib/python3.12/site-packages'
[1.133s] Level 1:colcon.colcon_core.shell:create_environment_hook('temp_sens', 'pythonpath')
[1.134s] INFO:colcon.colcon_core.shell:Creating environment descriptor '/home/ieee/justbaked/justbaked/install/temp_sens/share/temp_sens/hook/pythonpath.dsv'
[1.134s] INFO:colcon.colcon_core.shell:Creating environment hook '/home/ieee/justbaked/justbaked/install/temp_sens/share/temp_sens/hook/pythonpath.sh'
[1.135s] Level 1:colcon.colcon_core.environment:checking '/home/ieee/justbaked/justbaked/install/temp_sens/bin'
[1.135s] INFO:colcon.colcon_core.shell:Creating package descriptor '/home/ieee/justbaked/justbaked/install/temp_sens/share/temp_sens/package.dsv'
[1.136s] INFO:colcon.colcon_core.shell:Creating package script '/home/ieee/justbaked/justbaked/install/temp_sens/share/temp_sens/package.sh'
[1.137s] INFO:colcon.colcon_core.shell:Creating package script '/home/ieee/justbaked/justbaked/install/temp_sens/share/temp_sens/package.bash'
[1.137s] INFO:colcon.colcon_core.shell:Creating package script '/home/ieee/justbaked/justbaked/install/temp_sens/share/temp_sens/package.zsh'
[1.138s] Level 1:colcon.colcon_core.environment:create_file_with_runtime_dependencies(/home/ieee/justbaked/justbaked/install/temp_sens/share/colcon-core/packages/temp_sens)
[1.200s] DEBUG:colcon.colcon_core.event_handler.log_command:Invoked command in '/home/ieee/justbaked/justbaked/build/turtlebot4_navigation' returned '0': CMAKE_PREFIX_PATH=${CMAKE_PREFIX_PATH}:/opt/ros/jazzy DEBUGINFOD_URLS=https://debuginfod.ubuntu.com /usr/bin/cmake --build /home/ieee/justbaked/justbaked/build/turtlebot4_navigation -- -j4 -l4
[1.202s] DEBUG:colcon.colcon_core.event_handler.log_command:Invoking command in '/home/ieee/justbaked/justbaked/build/turtlebot4_navigation': CMAKE_PREFIX_PATH=${CMAKE_PREFIX_PATH}:/opt/ros/jazzy DEBUGINFOD_URLS=https://debuginfod.ubuntu.com /usr/bin/cmake --install /home/ieee/justbaked/justbaked/build/turtlebot4_navigation
[1.375s] Level 1:colcon.colcon_core.environment:create_environment_scripts_only(turtlebot4_navigation)
[1.375s] Level 1:colcon.colcon_core.environment:checking '/home/ieee/justbaked/justbaked/install/turtlebot4_navigation' for CMake module files
[1.376s] DEBUG:colcon.colcon_core.event_handler.log_command:Invoked command in '/home/ieee/justbaked/justbaked/build/turtlebot4_navigation' returned '0': CMAKE_PREFIX_PATH=${CMAKE_PREFIX_PATH}:/opt/ros/jazzy DEBUGINFOD_URLS=https://debuginfod.ubuntu.com /usr/bin/cmake --install /home/ieee/justbaked/justbaked/build/turtlebot4_navigation
[1.376s] Level 1:colcon.colcon_core.environment:checking '/home/ieee/justbaked/justbaked/install/turtlebot4_navigation' for CMake config files
[1.377s] Level 1:colcon.colcon_core.shell:create_environment_hook('turtlebot4_navigation', 'cmake_prefix_path')
[1.377s] INFO:colcon.colcon_core.shell:Creating environment descriptor '/home/ieee/justbaked/justbaked/install/turtlebot4_navigation/share/turtlebot4_navigation/hook/cmake_prefix_path.dsv'
[1.378s] INFO:colcon.colcon_core.shell:Creating environment hook '/home/ieee/justbaked/justbaked/install/turtlebot4_navigation/share/turtlebot4_navigation/hook/cmake_prefix_path.sh'
[1.379s] Level 1:colcon.colcon_core.environment:checking '/home/ieee/justbaked/justbaked/install/turtlebot4_navigation/lib'
[1.379s] Level 1:colcon.colcon_core.environment:checking '/home/ieee/justbaked/justbaked/install/turtlebot4_navigation/bin'
[1.379s] Level 1:colcon.colcon_core.environment:checking '/home/ieee/justbaked/justbaked/install/turtlebot4_navigation/lib/pkgconfig/turtlebot4_navigation.pc'
[1.379s] Level 1:colcon.colcon_core.environment:checking '/home/ieee/justbaked/justbaked/install/turtlebot4_navigation/lib/python3.12/site-packages'
[1.379s] Level 1:colcon.colcon_core.shell:create_environment_hook('turtlebot4_navigation', 'pythonpath')
[1.380s] INFO:colcon.colcon_core.shell:Creating environment descriptor '/home/ieee/justbaked/justbaked/install/turtlebot4_navigation/share/turtlebot4_navigation/hook/pythonpath.dsv'
[1.380s] INFO:colcon.colcon_core.shell:Creating environment hook '/home/ieee/justbaked/justbaked/install/turtlebot4_navigation/share/turtlebot4_navigation/hook/pythonpath.sh'
[1.381s] Level 1:colcon.colcon_core.environment:checking '/home/ieee/justbaked/justbaked/install/turtlebot4_navigation/bin'
[1.381s] INFO:colcon.colcon_core.shell:Creating package descriptor '/home/ieee/justbaked/justbaked/install/turtlebot4_navigation/share/turtlebot4_navigation/package.dsv'
[1.382s] INFO:colcon.colcon_core.shell:Creating package script '/home/ieee/justbaked/justbaked/install/turtlebot4_navigation/share/turtlebot4_navigation/package.sh'
[1.382s] INFO:colcon.colcon_core.shell:Creating package script '/home/ieee/justbaked/justbaked/install/turtlebot4_navigation/share/turtlebot4_navigation/package.bash'
[1.383s] INFO:colcon.colcon_core.shell:Creating package script '/home/ieee/justbaked/justbaked/install/turtlebot4_navigation/share/turtlebot4_navigation/package.zsh'
[1.383s] Level 1:colcon.colcon_core.environment:create_file_with_runtime_dependencies(/home/ieee/justbaked/justbaked/install/turtlebot4_navigation/share/colcon-core/packages/turtlebot4_navigation)
[1.384s] Level 1:colcon.colcon_core.environment:create_environment_scripts_only(turtlebot4_navigation)
[1.384s] Level 1:colcon.colcon_core.environment:checking '/home/ieee/justbaked/justbaked/install/turtlebot4_navigation' for CMake module files
[1.385s] Level 1:colcon.colcon_core.environment:checking '/home/ieee/justbaked/justbaked/install/turtlebot4_navigation' for CMake config files
[1.385s] Level 1:colcon.colcon_core.shell:create_environment_hook('turtlebot4_navigation', 'cmake_prefix_path')
[1.386s] INFO:colcon.colcon_core.shell:Creating environment descriptor '/home/ieee/justbaked/justbaked/install/turtlebot4_navigation/share/turtlebot4_navigation/hook/cmake_prefix_path.dsv'
[1.386s] INFO:colcon.colcon_core.shell:Creating environment hook '/home/ieee/justbaked/justbaked/install/turtlebot4_navigation/share/turtlebot4_navigation/hook/cmake_prefix_path.sh'
[1.387s] Level 1:colcon.colcon_core.environment:checking '/home/ieee/justbaked/justbaked/install/turtlebot4_navigation/lib'
[1.387s] Level 1:colcon.colcon_core.environment:checking '/home/ieee/justbaked/justbaked/install/turtlebot4_navigation/bin'
[1.387s] Level 1:colcon.colcon_core.environment:checking '/home/ieee/justbaked/justbaked/install/turtlebot4_navigation/lib/pkgconfig/turtlebot4_navigation.pc'
[1.387s] Level 1:colcon.colcon_core.environment:checking '/home/ieee/justbaked/justbaked/install/turtlebot4_navigation/lib/python3.12/site-packages'
[1.387s] Level 1:colcon.colcon_core.shell:create_environment_hook('turtlebot4_navigation', 'pythonpath')
[1.388s] INFO:colcon.colcon_core.shell:Creating environment descriptor '/home/ieee/justbaked/justbaked/install/turtlebot4_navigation/share/turtlebot4_navigation/hook/pythonpath.dsv'
[1.388s] INFO:colcon.colcon_core.shell:Creating environment hook '/home/ieee/justbaked/justbaked/install/turtlebot4_navigation/share/turtlebot4_navigation/hook/pythonpath.sh'
[1.389s] Level 1:colcon.colcon_core.environment:checking '/home/ieee/justbaked/justbaked/install/turtlebot4_navigation/bin'
[1.389s] INFO:colcon.colcon_core.shell:Creating package descriptor '/home/ieee/justbaked/justbaked/install/turtlebot4_navigation/share/turtlebot4_navigation/package.dsv'
[1.390s] INFO:colcon.colcon_core.shell:Creating package script '/home/ieee/justbaked/justbaked/install/turtlebot4_navigation/share/turtlebot4_navigation/package.sh'
[1.390s] INFO:colcon.colcon_core.shell:Creating package script '/home/ieee/justbaked/justbaked/install/turtlebot4_navigation/share/turtlebot4_navigation/package.bash'
[1.391s] INFO:colcon.colcon_core.shell:Creating package script '/home/ieee/justbaked/justbaked/install/turtlebot4_navigation/share/turtlebot4_navigation/package.zsh'
[1.391s] Level 1:colcon.colcon_core.environment:create_file_with_runtime_dependencies(/home/ieee/justbaked/justbaked/install/turtlebot4_navigation/share/colcon-core/packages/turtlebot4_navigation)
[1.392s] DEBUG:colcon.colcon_parallel_executor.executor.parallel:closing loop
[1.392s] DEBUG:colcon.colcon_parallel_executor.executor.parallel:loop closed
[1.392s] DEBUG:colcon.colcon_parallel_executor.executor.parallel:run_until_complete finished with '0'
[1.392s] DEBUG:colcon.colcon_core.event_reactor:joining thread
[1.402s] INFO:colcon.colcon_core.plugin_system:Skipping extension 'colcon_notification.desktop_notification.terminal_notifier': Not used on non-Darwin systems
[1.402s] INFO:colcon.colcon_core.plugin_system:Skipping extension 'colcon_notification.desktop_notification.win32': Not used on non-Windows systems
[1.402s] INFO:colcon.colcon_notification.desktop_notification:Sending desktop notification using 'notify2'
[1.418s] DEBUG:colcon.colcon_core.event_reactor:joined thread
[1.419s] INFO:colcon.colcon_core.shell:Creating prefix script '/home/ieee/justbaked/justbaked/install/local_setup.sh'
[1.420s] INFO:colcon.colcon_core.shell:Creating prefix util module '/home/ieee/justbaked/justbaked/install/_local_setup_util_sh.py'
[1.421s] INFO:colcon.colcon_core.shell:Creating prefix chain script '/home/ieee/justbaked/justbaked/install/setup.sh'
[1.423s] INFO:colcon.colcon_core.shell:Creating prefix script '/home/ieee/justbaked/justbaked/install/local_setup.bash'
[1.423s] INFO:colcon.colcon_core.shell:Creating prefix chain script '/home/ieee/justbaked/justbaked/install/setup.bash'
[1.425s] INFO:colcon.colcon_core.shell:Creating prefix script '/home/ieee/justbaked/justbaked/install/local_setup.zsh'
[1.425s] INFO:colcon.colcon_core.shell:Creating prefix chain script '/home/ieee/justbaked/justbaked/install/setup.zsh'
