[0.030s] Invoking command in '/home/jack/justbaked/justbaked/build/justbaked': CMAKE_PREFIX_PATH=${CMAKE_PREFIX_PATH}:/opt/ros/jazzy DEBUGINFOD_URLS=https://debuginfod.ubuntu.com /usr/bin/cmake /home/jack/justbaked/justbaked -DCMAKE_INSTALL_PREFIX=/home/jack/justbaked/justbaked/install/justbaked
[0.155s] -- The C compiler identification is GNU 13.3.0
[0.377s] -- The CXX compiler identification is GNU 13.3.0
[0.441s] -- Detecting C compiler ABI info
[0.637s] -- Detecting C compiler ABI info - done
[0.672s] -- Check for working C compiler: /usr/bin/cc - skipped
[0.673s] -- Detecting C compile features
[0.674s] -- Detecting C compile features - done
[0.696s] -- Detecting CXX compiler ABI info
[0.919s] -- Detecting CXX compiler ABI info - done
[0.956s] -- Check for working CXX compiler: /usr/bin/c++ - skipped
[0.958s] -- Detecting CXX compile features
[0.960s] -- Detecting CXX compile features - done
[1.237s] -- Found ament_cmake: 2.5.3 (/opt/ros/jazzy/share/ament_cmake/cmake)
[1.632s] -- Found Python3: /usr/bin/python3 (found version "3.12.3") found components: Interpreter 
[1.936s] -- Found ament_lint_auto: 0.17.1 (/opt/ros/jazzy/share/ament_lint_auto/cmake)
[2.228s] -- Added test 'copyright' to check source files copyright and LICENSE
[2.238s] -- Added test 'cppcheck' to perform static code analysis on C / C++ code
[2.239s] -- Configured cppcheck include dirs: 
[2.239s] -- Configured cppcheck exclude dirs and/or files: 
[2.252s] -- Added test 'cpplint' to check C / C++ code against the Google style
[2.253s] -- Configured cpplint exclude dirs and/or files: 
[2.256s] -- Added test 'flake8' to check Python code syntax and style conventions
[2.263s] -- Configured 'flake8' exclude dirs and/or files: 
[2.268s] -- Added test 'lint_cmake' to check CMake code style
[2.272s] -- Added test 'pep257' to check Python code against some of the docstring style conventions in PEP 257
[2.286s] -- Added test 'uncrustify' to check C / C++ code style
[2.287s] -- Configured uncrustify additional arguments: 
[2.292s] -- Added test 'xmllint' to check XML markup files
[2.297s] -- Configuring done (2.2s)
[2.305s] -- Generating done (0.0s)
[2.309s] -- Build files have been written to: /home/jack/justbaked/justbaked/build/justbaked
[2.322s] Invoked command in '/home/jack/justbaked/justbaked/build/justbaked' returned '0': CMAKE_PREFIX_PATH=${CMAKE_PREFIX_PATH}:/opt/ros/jazzy DEBUGINFOD_URLS=https://debuginfod.ubuntu.com /usr/bin/cmake /home/jack/justbaked/justbaked -DCMAKE_INSTALL_PREFIX=/home/jack/justbaked/justbaked/install/justbaked
[2.341s] Invoking command in '/home/jack/justbaked/justbaked/build/justbaked': CMAKE_PREFIX_PATH=${CMAKE_PREFIX_PATH}:/opt/ros/jazzy DEBUGINFOD_URLS=https://debuginfod.ubuntu.com /usr/bin/cmake --build /home/jack/justbaked/justbaked/build/justbaked -- -j4 -l4
[2.417s] Invoked command in '/home/jack/justbaked/justbaked/build/justbaked' returned '0': CMAKE_PREFIX_PATH=${CMAKE_PREFIX_PATH}:/opt/ros/jazzy DEBUGINFOD_URLS=https://debuginfod.ubuntu.com /usr/bin/cmake --build /home/jack/justbaked/justbaked/build/justbaked -- -j4 -l4
[2.446s] Invoking command in '/home/jack/justbaked/justbaked/build/justbaked': CMAKE_PREFIX_PATH=${CMAKE_PREFIX_PATH}:/opt/ros/jazzy DEBUGINFOD_URLS=https://debuginfod.ubuntu.com /usr/bin/cmake --install /home/jack/justbaked/justbaked/build/justbaked
[2.465s] -- Install configuration: ""
[2.466s] [31mCMake Error at cmake_install.cmake:46 (file):
[2.466s]   file INSTALL cannot find "/home/jack/justbaked/justbaked/config": No such
[2.466s]   file or directory.
[2.466s] 
[2.467s] [0m
[2.468s] Invoked command in '/home/jack/justbaked/justbaked/build/justbaked' returned '1': CMAKE_PREFIX_PATH=${CMAKE_PREFIX_PATH}:/opt/ros/jazzy DEBUGINFOD_URLS=https://debuginfod.ubuntu.com /usr/bin/cmake --install /home/jack/justbaked/justbaked/build/justbaked
