[0.083s] Invoking command in '/home/ieee/justbaked/justbaked/build/turtlebot4_navigation': CMAKE_PREFIX_PATH=${CMAKE_PREFIX_PATH}:/home/ieee/justbaked/justbaked/install/temp_sens:/opt/ros/jazzy DEBUGINFOD_URLS=https://debuginfod.ubuntu.com /usr/bin/cmake --build /home/ieee/justbaked/justbaked/build/turtlebot4_navigation -- -j4 -l4
[0.275s] Built target ament_cmake_python_symlink_turtlebot4_navigation
[0.837s] running egg_info
[0.875s] writing turtlebot4_navigation.egg-info/PKG-INFO
[0.876s] writing dependency_links to turtlebot4_navigation.egg-info/dependency_links.txt
[0.877s] writing top-level names to turtlebot4_navigation.egg-info/top_level.txt
[0.993s] reading manifest file 'turtlebot4_navigation.egg-info/SOURCES.txt'
[0.993s] writing manifest file 'turtlebot4_navigation.egg-info/SOURCES.txt'
[1.113s] Built target ament_cmake_python_build_turtlebot4_navigation_egg
[1.146s] Invoked command in '/home/ieee/justbaked/justbaked/build/turtlebot4_navigation' returned '0': CMAKE_PREFIX_PATH=${CMAKE_PREFIX_PATH}:/home/ieee/justbaked/justbaked/install/temp_sens:/opt/ros/jazzy DEBUGINFOD_URLS=https://debuginfod.ubuntu.com /usr/bin/cmake --build /home/ieee/justbaked/justbaked/build/turtlebot4_navigation -- -j4 -l4
[1.149s] Invoking command in '/home/ieee/justbaked/justbaked/build/turtlebot4_navigation': CMAKE_PREFIX_PATH=${CMAKE_PREFIX_PATH}:/home/ieee/justbaked/justbaked/install/temp_sens:/opt/ros/jazzy DEBUGINFOD_URLS=https://debuginfod.ubuntu.com /usr/bin/cmake --install /home/ieee/justbaked/justbaked/build/turtlebot4_navigation
[1.169s] -- Install configuration: ""
[1.170s] -- Execute custom install script
[1.171s] -- Up-to-date symlink: /home/ieee/justbaked/justbaked/install/turtlebot4_navigation/lib/turtlebot4_navigation/TankDemo.py
[1.172s] -- Up-to-date symlink: /home/ieee/justbaked/justbaked/install/turtlebot4_navigation/share/turtlebot4_navigation/config/localization.yaml
[1.172s] -- Up-to-date symlink: /home/ieee/justbaked/justbaked/install/turtlebot4_navigation/share/turtlebot4_navigation/config/nav2.yaml
[1.173s] -- Up-to-date symlink: /home/ieee/justbaked/justbaked/install/turtlebot4_navigation/share/turtlebot4_navigation/config/slam.yaml
[1.173s] -- Up-to-date symlink: /home/ieee/justbaked/justbaked/install/turtlebot4_navigation/share/turtlebot4_navigation/launch/.lgd-nfy0
[1.174s] -- Up-to-date symlink: /home/ieee/justbaked/justbaked/install/turtlebot4_navigation/share/turtlebot4_navigation/launch/localization.launch.py
[1.175s] -- Up-to-date symlink: /home/ieee/justbaked/justbaked/install/turtlebot4_navigation/share/turtlebot4_navigation/launch/nav2.launch.py
[1.176s] -- Up-to-date symlink: /home/ieee/justbaked/justbaked/install/turtlebot4_navigation/share/turtlebot4_navigation/launch/slam.launch.py
[1.176s] -- Up-to-date symlink: /home/ieee/justbaked/justbaked/install/turtlebot4_navigation/share/turtlebot4_navigation/launch/tank_mov.launch.py
[1.177s] -- Up-to-date symlink: /home/ieee/justbaked/justbaked/install/turtlebot4_navigation/share/turtlebot4_navigation/maps/depot.pgm
[1.177s] -- Up-to-date symlink: /home/ieee/justbaked/justbaked/install/turtlebot4_navigation/share/turtlebot4_navigation/maps/depot.yaml
[1.178s] -- Up-to-date symlink: /home/ieee/justbaked/justbaked/install/turtlebot4_navigation/share/turtlebot4_navigation/maps/maze.pgm
[1.178s] -- Up-to-date symlink: /home/ieee/justbaked/justbaked/install/turtlebot4_navigation/share/turtlebot4_navigation/maps/maze.yaml
[1.179s] -- Up-to-date symlink: /home/ieee/justbaked/justbaked/install/turtlebot4_navigation/share/turtlebot4_navigation/maps/warehouse.pgm
[1.180s] -- Up-to-date symlink: /home/ieee/justbaked/justbaked/install/turtlebot4_navigation/share/turtlebot4_navigation/maps/warehouse.yaml
[1.181s] -- Up-to-date symlink: /home/ieee/justbaked/justbaked/install/turtlebot4_navigation/share/turtlebot4_navigation/turtlebot4_navigation/TankDemo.py
[1.181s] -- Up-to-date symlink: /home/ieee/justbaked/justbaked/install/turtlebot4_navigation/share/turtlebot4_navigation/turtlebot4_navigation/__init__.py
[1.182s] -- Up-to-date symlink: /home/ieee/justbaked/justbaked/install/turtlebot4_navigation/share/turtlebot4_navigation/turtlebot4_navigation/turtlebot4_navigator.py
[1.182s] -- Up-to-date symlink: /home/ieee/justbaked/justbaked/install/turtlebot4_navigation/share/turtlebot4_navigation/environment/pythonpath.sh
[1.183s] -- Up-to-date symlink: /home/ieee/justbaked/justbaked/install/turtlebot4_navigation/share/turtlebot4_navigation/environment/pythonpath.dsv
[1.183s] -- Up-to-date symlink: /home/ieee/justbaked/justbaked/install/turtlebot4_navigation/lib/python3.12/site-packages/turtlebot4_navigation-2.0.1-py3.12.egg-info/PKG-INFO
[1.184s] -- Up-to-date symlink: /home/ieee/justbaked/justbaked/install/turtlebot4_navigation/lib/python3.12/site-packages/turtlebot4_navigation-2.0.1-py3.12.egg-info/SOURCES.txt
[1.184s] -- Up-to-date symlink: /home/ieee/justbaked/justbaked/install/turtlebot4_navigation/lib/python3.12/site-packages/turtlebot4_navigation-2.0.1-py3.12.egg-info/dependency_links.txt
[1.185s] -- Up-to-date symlink: /home/ieee/justbaked/justbaked/install/turtlebot4_navigation/lib/python3.12/site-packages/turtlebot4_navigation-2.0.1-py3.12.egg-info/top_level.txt
[1.186s] -- Up-to-date symlink: /home/ieee/justbaked/justbaked/install/turtlebot4_navigation/lib/python3.12/site-packages/turtlebot4_navigation/TankDemo.py
[1.187s] -- Up-to-date symlink: /home/ieee/justbaked/justbaked/install/turtlebot4_navigation/lib/python3.12/site-packages/turtlebot4_navigation/__init__.py
[1.187s] -- Up-to-date symlink: /home/ieee/justbaked/justbaked/install/turtlebot4_navigation/lib/python3.12/site-packages/turtlebot4_navigation/turtlebot4_navigator.py
[1.188s] -- Up-to-date symlink: /home/ieee/justbaked/justbaked/install/turtlebot4_navigation/lib/python3.12/site-packages/turtlebot4_navigator.py
[1.189s] -- Up-to-date symlink: /home/ieee/justbaked/justbaked/install/turtlebot4_navigation/share/ament_index/resource_index/package_run_dependencies/turtlebot4_navigation
[1.190s] -- Up-to-date symlink: /home/ieee/justbaked/justbaked/install/turtlebot4_navigation/share/ament_index/resource_index/parent_prefix_path/turtlebot4_navigation
[1.191s] -- Up-to-date symlink: /home/ieee/justbaked/justbaked/install/turtlebot4_navigation/share/turtlebot4_navigation/environment/ament_prefix_path.sh
[1.191s] -- Up-to-date symlink: /home/ieee/justbaked/justbaked/install/turtlebot4_navigation/share/turtlebot4_navigation/environment/ament_prefix_path.dsv
[1.192s] -- Up-to-date symlink: /home/ieee/justbaked/justbaked/install/turtlebot4_navigation/share/turtlebot4_navigation/environment/path.sh
[1.193s] -- Up-to-date symlink: /home/ieee/justbaked/justbaked/install/turtlebot4_navigation/share/turtlebot4_navigation/environment/path.dsv
[1.194s] -- Up-to-date symlink: /home/ieee/justbaked/justbaked/install/turtlebot4_navigation/share/turtlebot4_navigation/local_setup.bash
[1.194s] -- Up-to-date symlink: /home/ieee/justbaked/justbaked/install/turtlebot4_navigation/share/turtlebot4_navigation/local_setup.sh
[1.195s] -- Up-to-date symlink: /home/ieee/justbaked/justbaked/install/turtlebot4_navigation/share/turtlebot4_navigation/local_setup.zsh
[1.196s] -- Up-to-date symlink: /home/ieee/justbaked/justbaked/install/turtlebot4_navigation/share/turtlebot4_navigation/local_setup.dsv
[1.197s] -- Symlinking: /home/ieee/justbaked/justbaked/install/turtlebot4_navigation/share/turtlebot4_navigation/package.dsv
[1.221s] -- Up-to-date symlink: /home/ieee/justbaked/justbaked/install/turtlebot4_navigation/share/ament_index/resource_index/packages/turtlebot4_navigation
[1.224s] -- Up-to-date symlink: /home/ieee/justbaked/justbaked/install/turtlebot4_navigation/share/turtlebot4_navigation/cmake/turtlebot4_navigationConfig.cmake
[1.224s] -- Up-to-date symlink: /home/ieee/justbaked/justbaked/install/turtlebot4_navigation/share/turtlebot4_navigation/cmake/turtlebot4_navigationConfig-version.cmake
[1.224s] -- Up-to-date symlink: /home/ieee/justbaked/justbaked/install/turtlebot4_navigation/share/turtlebot4_navigation/package.xml
[1.316s] Listing '/home/ieee/justbaked/justbaked/install/turtlebot4_navigation/lib/python3.12/site-packages/turtlebot4_navigation'...
[1.483s] Invoked command in '/home/ieee/justbaked/justbaked/build/turtlebot4_navigation' returned '0': CMAKE_PREFIX_PATH=${CMAKE_PREFIX_PATH}:/home/ieee/justbaked/justbaked/install/temp_sens:/opt/ros/jazzy DEBUGINFOD_URLS=https://debuginfod.ubuntu.com /usr/bin/cmake --install /home/ieee/justbaked/justbaked/build/turtlebot4_navigation
