[0.024s] Invoking command in '/home/jack/justbaked/justbaked/build/robdesc': CMAKE_PREFIX_PATH=${CMAKE_PREFIX_PATH}:/opt/ros/jazzy DEBUGINFOD_URLS=https://debuginfod.ubuntu.com /usr/bin/cmake /home/jack/justbaked/justbaked/src/robdesc -DCMAKE_INSTALL_PREFIX=/home/jack/justbaked/justbaked/install/robdesc
[0.155s] -- The C compiler identification is GNU 13.3.0
[0.296s] -- The CXX compiler identification is GNU 13.3.0
[0.347s] -- Detecting C compiler ABI info
[0.550s] -- Detecting C compiler ABI info - done
[0.589s] -- Check for working C compiler: /usr/bin/cc - skipped
[0.589s] -- Detecting C compile features
[0.589s] -- Detecting C compile features - done
[0.609s] -- Detecting CXX compiler ABI info
[0.847s] -- Detecting CXX compiler ABI info - done
[0.900s] -- Check for working CXX compiler: /usr/bin/c++ - skipped
[0.901s] -- Detecting CXX compile features
[0.901s] -- Detecting CXX compile features - done
[0.908s] -- Found ament_cmake: 2.5.3 (/opt/ros/jazzy/share/ament_cmake/cmake)
[1.454s] -- Found Python3: /usr/bin/python3 (found version "3.12.3") found components: Interpreter 
[1.751s] -- Found ament_lint_auto: 0.17.1 (/opt/ros/jazzy/share/ament_lint_auto/cmake)
[2.040s] -- Added test 'copyright' to check source files copyright and LICENSE
[2.043s] -- Added test 'flake8' to check Python code syntax and style conventions
[2.043s] -- Configured 'flake8' exclude dirs and/or files: 
[2.045s] -- Added test 'lint_cmake' to check CMake code style
[2.048s] -- Added test 'pep257' to check Python code against some of the docstring style conventions in PEP 257
[2.051s] -- Added test 'xmllint' to check XML markup files
[2.056s] -- Configuring done (2.0s)
[2.063s] -- Generating done (0.0s)
[2.068s] -- Build files have been written to: /home/jack/justbaked/justbaked/build/robdesc
[2.078s] Invoked command in '/home/jack/justbaked/justbaked/build/robdesc' returned '0': CMAKE_PREFIX_PATH=${CMAKE_PREFIX_PATH}:/opt/ros/jazzy DEBUGINFOD_URLS=https://debuginfod.ubuntu.com /usr/bin/cmake /home/jack/justbaked/justbaked/src/robdesc -DCMAKE_INSTALL_PREFIX=/home/jack/justbaked/justbaked/install/robdesc
[2.081s] Invoking command in '/home/jack/justbaked/justbaked/build/robdesc': CMAKE_PREFIX_PATH=${CMAKE_PREFIX_PATH}:/opt/ros/jazzy DEBUGINFOD_URLS=https://debuginfod.ubuntu.com /usr/bin/cmake --build /home/jack/justbaked/justbaked/build/robdesc -- -j4 -l4
[2.165s] Invoked command in '/home/jack/justbaked/justbaked/build/robdesc' returned '0': CMAKE_PREFIX_PATH=${CMAKE_PREFIX_PATH}:/opt/ros/jazzy DEBUGINFOD_URLS=https://debuginfod.ubuntu.com /usr/bin/cmake --build /home/jack/justbaked/justbaked/build/robdesc -- -j4 -l4
[2.184s] Invoking command in '/home/jack/justbaked/justbaked/build/robdesc': CMAKE_PREFIX_PATH=${CMAKE_PREFIX_PATH}:/opt/ros/jazzy DEBUGINFOD_URLS=https://debuginfod.ubuntu.com /usr/bin/cmake --install /home/jack/justbaked/justbaked/build/robdesc
[2.200s] -- Install configuration: ""
[2.201s] -- Installing: /home/jack/justbaked/justbaked/install/robdesc/share/robdesc/config
[2.201s] -- Installing: /home/jack/justbaked/justbaked/install/robdesc/share/robdesc/config/empty.yaml
[2.201s] -- Installing: /home/jack/justbaked/justbaked/install/robdesc/share/robdesc/description
[2.202s] -- Installing: /home/jack/justbaked/justbaked/install/robdesc/share/robdesc/description/robot.urdf.xacro
[2.202s] -- Installing: /home/jack/justbaked/justbaked/install/robdesc/share/robdesc/description/robotcore.xacro
[2.202s] -- Installing: /home/jack/justbaked/justbaked/install/robdesc/share/robdesc/launch
[2.202s] -- Installing: /home/jack/justbaked/justbaked/install/robdesc/share/robdesc/launch/rsp.launch.py
[2.202s] -- Installing: /home/jack/justbaked/justbaked/install/robdesc/share/robdesc/worlds
[2.202s] -- Installing: /home/jack/justbaked/justbaked/install/robdesc/share/robdesc/worlds/empty.world
[2.203s] -- Installing: /home/jack/justbaked/justbaked/install/robdesc/share/robdesc/worlds/firearena.sdf
[2.235s] -- Installing: /home/jack/justbaked/justbaked/install/robdesc/share/ament_index/resource_index/package_run_dependencies/robdesc
[2.236s] -- Installing: /home/jack/justbaked/justbaked/install/robdesc/share/ament_index/resource_index/parent_prefix_path/robdesc
[2.236s] -- Installing: /home/jack/justbaked/justbaked/install/robdesc/share/robdesc/environment/ament_prefix_path.sh
[2.238s] -- Installing: /home/jack/justbaked/justbaked/install/robdesc/share/robdesc/environment/ament_prefix_path.dsv
[2.238s] -- Installing: /home/jack/justbaked/justbaked/install/robdesc/share/robdesc/environment/path.sh
[2.238s] -- Installing: /home/jack/justbaked/justbaked/install/robdesc/share/robdesc/environment/path.dsv
[2.238s] -- Installing: /home/jack/justbaked/justbaked/install/robdesc/share/robdesc/local_setup.bash
[2.238s] -- Installing: /home/jack/justbaked/justbaked/install/robdesc/share/robdesc/local_setup.sh
[2.239s] -- Installing: /home/jack/justbaked/justbaked/install/robdesc/share/robdesc/local_setup.zsh
[2.239s] -- Installing: /home/jack/justbaked/justbaked/install/robdesc/share/robdesc/local_setup.dsv
[2.239s] -- Installing: /home/jack/justbaked/justbaked/install/robdesc/share/robdesc/package.dsv
[2.239s] -- Installing: /home/jack/justbaked/justbaked/install/robdesc/share/ament_index/resource_index/packages/robdesc
[2.240s] -- Installing: /home/jack/justbaked/justbaked/install/robdesc/share/robdesc/cmake/robdescConfig.cmake
[2.240s] -- Installing: /home/jack/justbaked/justbaked/install/robdesc/share/robdesc/cmake/robdescConfig-version.cmake
[2.240s] -- Installing: /home/jack/justbaked/justbaked/install/robdesc/share/robdesc/package.xml
[2.242s] Invoked command in '/home/jack/justbaked/justbaked/build/robdesc' returned '0': CMAKE_PREFIX_PATH=${CMAKE_PREFIX_PATH}:/opt/ros/jazzy DEBUGINFOD_URLS=https://debuginfod.ubuntu.com /usr/bin/cmake --install /home/jack/justbaked/justbaked/build/robdesc
