[0.014s] Invoking command in '/home/ieee/justbaked/justbaked/build/turtlebot4_navigation': CMAKE_PREFIX_PATH=${CMAKE_PREFIX_PATH}:/opt/ros/jazzy DEBUGINFOD_URLS=https://debuginfod.ubuntu.com /usr/bin/cmake /home/ieee/justbaked/justbaked/src/turtlebot4_navigation -DAMENT_CMAKE_SYMLINK_INSTALL=1 -DCMAKE_INSTALL_PREFIX=/home/ieee/justbaked/justbaked/install/turtlebot4_navigation
[0.164s] -- The C compiler identification is GNU 13.3.0
[0.308s] -- The CXX compiler identification is GNU 13.3.0
[0.350s] -- Detecting C compiler ABI info
[0.610s] -- Detecting C compiler ABI info - done
[0.649s] -- Check for working C compiler: /usr/bin/cc - skipped
[0.649s] -- Detecting C compile features
[0.649s] -- Detecting C compile features - done
[0.687s] -- Detecting CXX compiler ABI info
[1.157s] -- Detecting CXX compiler ABI info - done
[1.201s] -- Check for working CXX compiler: /usr/bin/c++ - skipped
[1.201s] -- Detecting CXX compile features
[1.202s] -- Detecting CXX compile features - done
[1.226s] -- Found ament_cmake: 2.5.3 (/opt/ros/jazzy/share/ament_cmake/cmake)
[1.689s] -- Found Python3: /usr/bin/python3 (found version "3.12.3") found components: Interpreter 
[1.933s] -- Override CMake install command with custom implementation using symlinks instead of copying resources
[2.155s] -- Found rclpy: 7.1.3 (/opt/ros/jazzy/share/rclpy/cmake)
[2.600s] -- Found ament_lint_auto: 0.17.1 (/opt/ros/jazzy/share/ament_lint_auto/cmake)
[3.087s] -- Added test 'copyright' to check source files copyright and LICENSE
[3.099s] -- Added test 'flake8' to check Python code syntax and style conventions
[3.099s] -- Configured 'flake8' exclude dirs and/or files: 
[3.107s] -- Added test 'lint_cmake' to check CMake code style
[3.109s] -- Added test 'pep257' to check Python code against some of the docstring style conventions in PEP 257
[3.116s] -- Added test 'xmllint' to check XML markup files
[3.129s] -- Configuring done (3.1s)
[3.154s] -- Generating done (0.0s)
[3.161s] -- Build files have been written to: /home/ieee/justbaked/justbaked/build/turtlebot4_navigation
[3.191s] Invoked command in '/home/ieee/justbaked/justbaked/build/turtlebot4_navigation' returned '0': CMAKE_PREFIX_PATH=${CMAKE_PREFIX_PATH}:/opt/ros/jazzy DEBUGINFOD_URLS=https://debuginfod.ubuntu.com /usr/bin/cmake /home/ieee/justbaked/justbaked/src/turtlebot4_navigation -DAMENT_CMAKE_SYMLINK_INSTALL=1 -DCMAKE_INSTALL_PREFIX=/home/ieee/justbaked/justbaked/install/turtlebot4_navigation
[3.192s] Invoking command in '/home/ieee/justbaked/justbaked/build/turtlebot4_navigation': CMAKE_PREFIX_PATH=${CMAKE_PREFIX_PATH}:/opt/ros/jazzy DEBUGINFOD_URLS=https://debuginfod.ubuntu.com /usr/bin/cmake --build /home/ieee/justbaked/justbaked/build/turtlebot4_navigation -- -j4 -l4
[3.495s] Built target ament_cmake_python_symlink_turtlebot4_navigation
[4.366s] running egg_info
[4.370s] creating turtlebot4_navigation.egg-info
[4.410s] writing turtlebot4_navigation.egg-info/PKG-INFO
[4.411s] writing dependency_links to turtlebot4_navigation.egg-info/dependency_links.txt
[4.412s] writing top-level names to turtlebot4_navigation.egg-info/top_level.txt
[4.412s] writing manifest file 'turtlebot4_navigation.egg-info/SOURCES.txt'
[4.577s] reading manifest file 'turtlebot4_navigation.egg-info/SOURCES.txt'
[4.580s] writing manifest file 'turtlebot4_navigation.egg-info/SOURCES.txt'
[4.801s] Built target ament_cmake_python_build_turtlebot4_navigation_egg
[4.853s] Invoked command in '/home/ieee/justbaked/justbaked/build/turtlebot4_navigation' returned '0': CMAKE_PREFIX_PATH=${CMAKE_PREFIX_PATH}:/opt/ros/jazzy DEBUGINFOD_URLS=https://debuginfod.ubuntu.com /usr/bin/cmake --build /home/ieee/justbaked/justbaked/build/turtlebot4_navigation -- -j4 -l4
[4.861s] Invoking command in '/home/ieee/justbaked/justbaked/build/turtlebot4_navigation': CMAKE_PREFIX_PATH=${CMAKE_PREFIX_PATH}:/opt/ros/jazzy DEBUGINFOD_URLS=https://debuginfod.ubuntu.com /usr/bin/cmake --install /home/ieee/justbaked/justbaked/build/turtlebot4_navigation
[4.903s] -- Install configuration: ""
[4.906s] -- Execute custom install script
[4.907s] -- Symlinking: /home/ieee/justbaked/justbaked/install/turtlebot4_navigation/lib/turtlebot4_navigation/TankDemo.py
[4.964s] -- Symlinking: /home/ieee/justbaked/justbaked/install/turtlebot4_navigation/share/turtlebot4_navigation/config/localization.yaml
[4.987s] -- Symlinking: /home/ieee/justbaked/justbaked/install/turtlebot4_navigation/share/turtlebot4_navigation/config/nav2.yaml
[5.012s] -- Symlinking: /home/ieee/justbaked/justbaked/install/turtlebot4_navigation/share/turtlebot4_navigation/config/navigate_to_pose_with_recovery.xml
[5.057s] -- Symlinking: /home/ieee/justbaked/justbaked/install/turtlebot4_navigation/share/turtlebot4_navigation/config/slam.yaml
[5.109s] -- Symlinking: /home/ieee/justbaked/justbaked/install/turtlebot4_navigation/share/turtlebot4_navigation/launch/.lgd-nfy0
[5.156s] -- Symlinking: /home/ieee/justbaked/justbaked/install/turtlebot4_navigation/share/turtlebot4_navigation/launch/localization.launch.py
[5.208s] -- Symlinking: /home/ieee/justbaked/justbaked/install/turtlebot4_navigation/share/turtlebot4_navigation/launch/nav2.launch.py
[5.260s] -- Symlinking: /home/ieee/justbaked/justbaked/install/turtlebot4_navigation/share/turtlebot4_navigation/launch/slam.launch.py
[5.311s] -- Symlinking: /home/ieee/justbaked/justbaked/install/turtlebot4_navigation/share/turtlebot4_navigation/launch/tank_mov.launch.py
[5.361s] -- Symlinking: /home/ieee/justbaked/justbaked/install/turtlebot4_navigation/share/turtlebot4_navigation/maps/depot.pgm
[5.384s] -- Symlinking: /home/ieee/justbaked/justbaked/install/turtlebot4_navigation/share/turtlebot4_navigation/maps/depot.yaml
[5.411s] -- Symlinking: /home/ieee/justbaked/justbaked/install/turtlebot4_navigation/share/turtlebot4_navigation/maps/maze.pgm
[5.435s] -- Symlinking: /home/ieee/justbaked/justbaked/install/turtlebot4_navigation/share/turtlebot4_navigation/maps/maze.yaml
[5.461s] -- Symlinking: /home/ieee/justbaked/justbaked/install/turtlebot4_navigation/share/turtlebot4_navigation/maps/warehouse.pgm
[5.481s] -- Symlinking: /home/ieee/justbaked/justbaked/install/turtlebot4_navigation/share/turtlebot4_navigation/maps/warehouse.yaml
[5.507s] -- Symlinking: /home/ieee/justbaked/justbaked/install/turtlebot4_navigation/share/turtlebot4_navigation/turtlebot4_navigation/TankDemo.py
[5.530s] -- Symlinking: /home/ieee/justbaked/justbaked/install/turtlebot4_navigation/share/turtlebot4_navigation/turtlebot4_navigation/__init__.py
[5.554s] -- Symlinking: /home/ieee/justbaked/justbaked/install/turtlebot4_navigation/share/turtlebot4_navigation/turtlebot4_navigation/turtlebot4_navigator.py
[5.582s] -- Symlinking: /home/ieee/justbaked/justbaked/install/turtlebot4_navigation/share/turtlebot4_navigation/environment/pythonpath.sh
[5.610s] -- Symlinking: /home/ieee/justbaked/justbaked/install/turtlebot4_navigation/share/turtlebot4_navigation/environment/pythonpath.dsv
[5.633s] -- Symlinking: /home/ieee/justbaked/justbaked/install/turtlebot4_navigation/lib/python3.12/site-packages/turtlebot4_navigation-2.0.1-py3.12.egg-info/PKG-INFO
[5.659s] -- Symlinking: /home/ieee/justbaked/justbaked/install/turtlebot4_navigation/lib/python3.12/site-packages/turtlebot4_navigation-2.0.1-py3.12.egg-info/SOURCES.txt
[5.685s] -- Symlinking: /home/ieee/justbaked/justbaked/install/turtlebot4_navigation/lib/python3.12/site-packages/turtlebot4_navigation-2.0.1-py3.12.egg-info/dependency_links.txt
[5.714s] -- Symlinking: /home/ieee/justbaked/justbaked/install/turtlebot4_navigation/lib/python3.12/site-packages/turtlebot4_navigation-2.0.1-py3.12.egg-info/top_level.txt
[5.739s] -- Symlinking: /home/ieee/justbaked/justbaked/install/turtlebot4_navigation/lib/python3.12/site-packages/turtlebot4_navigation/TankDemo.py
[5.763s] -- Symlinking: /home/ieee/justbaked/justbaked/install/turtlebot4_navigation/lib/python3.12/site-packages/turtlebot4_navigation/__init__.py
[5.788s] -- Symlinking: /home/ieee/justbaked/justbaked/install/turtlebot4_navigation/lib/python3.12/site-packages/turtlebot4_navigation/turtlebot4_navigator.py
[5.812s] -- Symlinking: /home/ieee/justbaked/justbaked/install/turtlebot4_navigation/lib/python3.12/site-packages/turtlebot4_navigator.py
[5.838s] -- Symlinking: /home/ieee/justbaked/justbaked/install/turtlebot4_navigation/share/ament_index/resource_index/package_run_dependencies/turtlebot4_navigation
[5.867s] -- Symlinking: /home/ieee/justbaked/justbaked/install/turtlebot4_navigation/share/ament_index/resource_index/parent_prefix_path/turtlebot4_navigation
[5.890s] -- Symlinking: /home/ieee/justbaked/justbaked/install/turtlebot4_navigation/share/turtlebot4_navigation/environment/ament_prefix_path.sh
[5.914s] -- Symlinking: /home/ieee/justbaked/justbaked/install/turtlebot4_navigation/share/turtlebot4_navigation/environment/ament_prefix_path.dsv
[5.941s] -- Symlinking: /home/ieee/justbaked/justbaked/install/turtlebot4_navigation/share/turtlebot4_navigation/environment/path.sh
[5.971s] -- Symlinking: /home/ieee/justbaked/justbaked/install/turtlebot4_navigation/share/turtlebot4_navigation/environment/path.dsv
[5.994s] -- Symlinking: /home/ieee/justbaked/justbaked/install/turtlebot4_navigation/share/turtlebot4_navigation/local_setup.bash
[6.020s] -- Symlinking: /home/ieee/justbaked/justbaked/install/turtlebot4_navigation/share/turtlebot4_navigation/local_setup.sh
[6.063s] -- Symlinking: /home/ieee/justbaked/justbaked/install/turtlebot4_navigation/share/turtlebot4_navigation/local_setup.zsh
[6.113s] -- Symlinking: /home/ieee/justbaked/justbaked/install/turtlebot4_navigation/share/turtlebot4_navigation/local_setup.dsv
[6.163s] -- Symlinking: /home/ieee/justbaked/justbaked/install/turtlebot4_navigation/share/turtlebot4_navigation/package.dsv
[6.215s] -- Symlinking: /home/ieee/justbaked/justbaked/install/turtlebot4_navigation/share/ament_index/resource_index/packages/turtlebot4_navigation
[6.257s] -- Symlinking: /home/ieee/justbaked/justbaked/install/turtlebot4_navigation/share/turtlebot4_navigation/cmake/turtlebot4_navigationConfig.cmake
[6.283s] -- Symlinking: /home/ieee/justbaked/justbaked/install/turtlebot4_navigation/share/turtlebot4_navigation/cmake/turtlebot4_navigationConfig-version.cmake
[6.309s] -- Symlinking: /home/ieee/justbaked/justbaked/install/turtlebot4_navigation/share/turtlebot4_navigation/package.xml
[6.430s] Listing '/home/ieee/justbaked/justbaked/install/turtlebot4_navigation/lib/python3.12/site-packages/turtlebot4_navigation'...
[6.430s] Compiling '/home/ieee/justbaked/justbaked/install/turtlebot4_navigation/lib/python3.12/site-packages/turtlebot4_navigation/TankDemo.py'...
[6.430s] Compiling '/home/ieee/justbaked/justbaked/install/turtlebot4_navigation/lib/python3.12/site-packages/turtlebot4_navigation/__init__.py'...
[6.431s] Compiling '/home/ieee/justbaked/justbaked/install/turtlebot4_navigation/lib/python3.12/site-packages/turtlebot4_navigation/turtlebot4_navigator.py'...
[6.644s] Compiling '/home/ieee/justbaked/justbaked/install/turtlebot4_navigation/lib/python3.12/site-packages/turtlebot4_navigator.py'...
[6.701s] Invoked command in '/home/ieee/justbaked/justbaked/build/turtlebot4_navigation' returned '0': CMAKE_PREFIX_PATH=${CMAKE_PREFIX_PATH}:/opt/ros/jazzy DEBUGINFOD_URLS=https://debuginfod.ubuntu.com /usr/bin/cmake --install /home/ieee/justbaked/justbaked/build/turtlebot4_navigation
