[0.085s] Invoking command in '/home/jack/ASUIEEE25/justbaked/build/ros_gz_bridge': AMENT_PREFIX_PATH=/home/jack/ASUIEEE25/justbaked/install/ros_gz_interfaces:${AMENT_PREFIX_PATH} CMAKE_PREFIX_PATH=/home/jack/ASUIEEE25/justbaked/install/ros_gz_interfaces:/opt/ros/jazzy/opt/gz_sim_vendor:/opt/ros/jazzy/opt/gz_sensors_vendor:/opt/ros/jazzy/opt/gz_physics_vendor:/opt/ros/jazzy/opt/sdformat_vendor:/opt/ros/jazzy/opt/gz_gui_vendor:/opt/ros/jazzy/opt/gz_transport_vendor:/opt/ros/jazzy/opt/gz_rendering_vendor:/opt/ros/jazzy/opt/gz_plugin_vendor:/opt/ros/jazzy/opt/gz_fuel_tools_vendor:/opt/ros/jazzy/opt/gz_msgs_vendor:/opt/ros/jazzy/opt/gz_common_vendor:/opt/ros/jazzy/opt/gz_math_vendor:/opt/ros/jazzy/opt/gz_utils_vendor:/opt/ros/jazzy/opt/gz_tools_vendor:/opt/ros/jazzy/opt/gz_ogre_next_vendor:/opt/ros/jazzy/opt/gz_dartsim_vendor:/opt/ros/jazzy/opt/gz_cmake_vendor:/opt/ros/jazzy DEBUGINFOD_URLS=https://debuginfod.ubuntu.com LD_LIBRARY_PATH=/home/jack/ASUIEEE25/justbaked/install/ros_gz_interfaces/lib:${LD_LIBRARY_PATH} PYTHONPATH=/home/jack/ASUIEEE25/justbaked/install/ros_gz_interfaces/lib/python3.12/site-packages:${PYTHONPATH} /usr/bin/cmake --build /home/jack/ASUIEEE25/justbaked/build/ros_gz_bridge -- -j4 -l4
[0.672s] [  0%] Built target ament_cmake_python_copy_ros_gz_bridge_setup
[0.737s] [  0%] Built target ament_cmake_python_copy_ros_gz_bridge
[0.737s] [  2%] Built target bridge_node
[0.779s] [  4%] Built target gtest_main
[0.858s] [  6%] Built target gtest
[1.013s] [  9%] Built target test_rcl_interfaces
[1.112s] [ 13%] Built target test_utils
[1.172s] [ 14%] [32mBuilding CXX object CMakeFiles/test_ros_publisher.dir/generated/test/ros_publisher.cpp.o[0m
[1.207s] [ 17%] Built target test_gz_publisher
[1.279s] running egg_info
[1.320s] writing ros_gz_bridge.egg-info/PKG-INFO
[1.320s] writing dependency_links to ros_gz_bridge.egg-info/dependency_links.txt
[1.321s] writing entry points to ros_gz_bridge.egg-info/entry_points.txt
[1.321s] writing top-level names to ros_gz_bridge.egg-info/top_level.txt
[1.362s] [ 18%] [32mBuilding CXX object CMakeFiles/ros_gz_bridge.dir/generated/factories/geometry_msgs.cpp.o[0m
[1.441s] [ 19%] [32mBuilding CXX object CMakeFiles/test_gz_subscriber.dir/generated/test/gz_subscriber.cpp.o[0m
[1.448s] reading manifest file 'ros_gz_bridge.egg-info/SOURCES.txt'
[1.463s] writing manifest file 'ros_gz_bridge.egg-info/SOURCES.txt'
[1.511s] [ 19%] Built target ament_cmake_python_build_ros_gz_bridge_egg
[1.625s] [ 20%] [32mBuilding CXX object CMakeFiles/test_gz_server.dir/test/serverclient/gz_server.cpp.o[0m
[17.976s] [ 21%] [32m[1mLinking CXX executable test_gz_server[0m
[21.334s] [ 21%] Built target test_gz_server
[21.548s] [ 23%] [32mBuilding CXX object CMakeFiles/test_ros_client.dir/test/serverclient/ros_client.cpp.o[0m
[31.331s] [ 24%] [32m[1mLinking CXX executable test_ros_client[0m
[32.278s] [ 24%] Built target test_ros_client
[32.349s] [ 25%] [32mBuilding CXX object CMakeFiles/test_ros_subscriber.dir/test/subscribers/ros_subscriber.cpp.o[0m
[35.767s] [ 26%] [32m[1mLinking CXX executable test_gz_subscriber[0m
[37.634s] [ 27%] Built target test_gz_subscriber
[37.650s] [ 28%] [32mBuilding CXX object CMakeFiles/test_ros_subscriber.dir/generated/test/builtin_interfaces_subscriber.cpp.o[0m
[41.553s] [ 29%] [32mBuilding CXX object CMakeFiles/ros_gz_bridge.dir/generated/factories/rcl_interfaces.cpp.o[0m
[57.808s] [ 30%] [32mBuilding CXX object CMakeFiles/test_ros_subscriber.dir/generated/test/actuator_msgs_subscriber.cpp.o[0m
[60.608s] [ 31%] [32mBuilding CXX object CMakeFiles/test_ros_subscriber.dir/generated/test/geometry_msgs_subscriber.cpp.o[0m
[77.703s] [ 32%] [32mBuilding CXX object CMakeFiles/test_ros_subscriber.dir/generated/test/gps_msgs_subscriber.cpp.o[0m
