[0.427s] Invoking command in '/home/ieee/justbaked/justbaked/build/turtlebot4_description': CMAKE_PREFIX_PATH=${CMAKE_PREFIX_PATH}:/opt/ros/jazzy:/home/ieee/justbaked/justbaked/install/temp_sens DEBUGINFOD_URLS=https://debuginfod.ubuntu.com /usr/bin/cmake --build /home/ieee/justbaked/justbaked/build/turtlebot4_description -- -j4 -l4
[0.540s] Invoked command in '/home/ieee/justbaked/justbaked/build/turtlebot4_description' returned '0': CMAKE_PREFIX_PATH=${CMAKE_PREFIX_PATH}:/opt/ros/jazzy:/home/ieee/justbaked/justbaked/install/temp_sens DEBUGINFOD_URLS=https://debuginfod.ubuntu.com /usr/bin/cmake --build /home/ieee/justbaked/justbaked/build/turtlebot4_description -- -j4 -l4
[0.542s] Invoking command in '/home/ieee/justbaked/justbaked/build/turtlebot4_description': CMAKE_PREFIX_PATH=${CMAKE_PREFIX_PATH}:/opt/ros/jazzy:/home/ieee/justbaked/justbaked/install/temp_sens DEBUGINFOD_URLS=https://debuginfod.ubuntu.com /usr/bin/cmake --install /home/ieee/justbaked/justbaked/build/turtlebot4_description
[0.559s] -- Install configuration: ""
[0.560s] -- Execute custom install script
[0.561s] -- Up-to-date symlink: /home/ieee/justbaked/justbaked/install/turtlebot4_description/share/turtlebot4_description/launch/robot_description.launch.py
[0.561s] -- Up-to-date symlink: /home/ieee/justbaked/justbaked/install/turtlebot4_description/share/turtlebot4_description/urdf/lite/robot.urdf.xacro
[0.563s] -- Up-to-date symlink: /home/ieee/justbaked/justbaked/install/turtlebot4_description/share/turtlebot4_description/urdf/lite/rplidar.xacro
[0.563s] -- Up-to-date symlink: /home/ieee/justbaked/justbaked/install/turtlebot4_description/share/turtlebot4_description/urdf/sensors/rplidar.xacro
[0.564s] -- Up-to-date symlink: /home/ieee/justbaked/justbaked/install/turtlebot4_description/share/turtlebot4_description/urdf/standard/robotcore.xacro
[0.564s] -- Up-to-date symlink: /home/ieee/justbaked/justbaked/install/turtlebot4_description/share/turtlebot4_description/urdf/standard/turtlebot4.urdf.xacro
[0.564s] -- Up-to-date symlink: /home/ieee/justbaked/justbaked/install/turtlebot4_description/share/ament_index/resource_index/package_run_dependencies/turtlebot4_description
[0.564s] -- Up-to-date symlink: /home/ieee/justbaked/justbaked/install/turtlebot4_description/share/ament_index/resource_index/parent_prefix_path/turtlebot4_description
[0.564s] -- Up-to-date symlink: /home/ieee/justbaked/justbaked/install/turtlebot4_description/share/turtlebot4_description/environment/ament_prefix_path.sh
[0.564s] -- Up-to-date symlink: /home/ieee/justbaked/justbaked/install/turtlebot4_description/share/turtlebot4_description/environment/ament_prefix_path.dsv
[0.564s] -- Up-to-date symlink: /home/ieee/justbaked/justbaked/install/turtlebot4_description/share/turtlebot4_description/environment/path.sh
[0.564s] -- Up-to-date symlink: /home/ieee/justbaked/justbaked/install/turtlebot4_description/share/turtlebot4_description/environment/path.dsv
[0.565s] -- Up-to-date symlink: /home/ieee/justbaked/justbaked/install/turtlebot4_description/share/turtlebot4_description/local_setup.bash
[0.565s] -- Up-to-date symlink: /home/ieee/justbaked/justbaked/install/turtlebot4_description/share/turtlebot4_description/local_setup.sh
[0.566s] -- Up-to-date symlink: /home/ieee/justbaked/justbaked/install/turtlebot4_description/share/turtlebot4_description/local_setup.zsh
[0.566s] -- Up-to-date symlink: /home/ieee/justbaked/justbaked/install/turtlebot4_description/share/turtlebot4_description/local_setup.dsv
[0.566s] -- Symlinking: /home/ieee/justbaked/justbaked/install/turtlebot4_description/share/turtlebot4_description/package.dsv
[0.586s] -- Up-to-date symlink: /home/ieee/justbaked/justbaked/install/turtlebot4_description/share/ament_index/resource_index/packages/turtlebot4_description
[0.587s] -- Up-to-date symlink: /home/ieee/justbaked/justbaked/install/turtlebot4_description/share/turtlebot4_description/cmake/turtlebot4_descriptionConfig.cmake
[0.587s] -- Up-to-date symlink: /home/ieee/justbaked/justbaked/install/turtlebot4_description/share/turtlebot4_description/cmake/turtlebot4_descriptionConfig-version.cmake
[0.587s] -- Up-to-date symlink: /home/ieee/justbaked/justbaked/install/turtlebot4_description/share/turtlebot4_description/package.xml
[0.590s] Invoked command in '/home/ieee/justbaked/justbaked/build/turtlebot4_description' returned '0': CMAKE_PREFIX_PATH=${CMAKE_PREFIX_PATH}:/opt/ros/jazzy:/home/ieee/justbaked/justbaked/install/temp_sens DEBUGINFOD_URLS=https://debuginfod.ubuntu.com /usr/bin/cmake --install /home/ieee/justbaked/justbaked/build/turtlebot4_description
