[0.561s] Invoking command in '/home/ieee/justbaked/justbaked/build/turtlebot4_description': CMAKE_PREFIX_PATH=${CMAKE_PREFIX_PATH}:/home/ieee/justbaked/justbaked/install/temp_sens:/opt/ros/jazzy DEBUGINFOD_URLS=https://debuginfod.ubuntu.com /usr/bin/cmake --build /home/ieee/justbaked/justbaked/build/turtlebot4_description -- -j4 -l4
[0.754s] Invoked command in '/home/ieee/justbaked/justbaked/build/turtlebot4_description' returned '0': CMAKE_PREFIX_PATH=${CMAKE_PREFIX_PATH}:/home/ieee/justbaked/justbaked/install/temp_sens:/opt/ros/jazzy DEBUGINFOD_URLS=https://debuginfod.ubuntu.com /usr/bin/cmake --build /home/ieee/justbaked/justbaked/build/turtlebot4_description -- -j4 -l4
[0.761s] Invoking command in '/home/ieee/justbaked/justbaked/build/turtlebot4_description': CMAKE_PREFIX_PATH=${CMAKE_PREFIX_PATH}:/home/ieee/justbaked/justbaked/install/temp_sens:/opt/ros/jazzy DEBUGINFOD_URLS=https://debuginfod.ubuntu.com /usr/bin/cmake --install /home/ieee/justbaked/justbaked/build/turtlebot4_description
[0.798s] -- Install configuration: ""
[0.801s] -- Execute custom install script
[0.803s] -- Up-to-date symlink: /home/ieee/justbaked/justbaked/install/turtlebot4_description/share/turtlebot4_description/launch/robot_description.launch.py
[0.804s] -- Up-to-date symlink: /home/ieee/justbaked/justbaked/install/turtlebot4_description/share/turtlebot4_description/urdf/lite/robot.urdf.xacro
[0.804s] -- Up-to-date symlink: /home/ieee/justbaked/justbaked/install/turtlebot4_description/share/turtlebot4_description/urdf/lite/rplidar.xacro
[0.805s] -- Up-to-date symlink: /home/ieee/justbaked/justbaked/install/turtlebot4_description/share/turtlebot4_description/urdf/sensors/rplidar.xacro
[0.805s] -- Up-to-date symlink: /home/ieee/justbaked/justbaked/install/turtlebot4_description/share/turtlebot4_description/urdf/standard/robotcore.xacro
[0.807s] -- Up-to-date symlink: /home/ieee/justbaked/justbaked/install/turtlebot4_description/share/turtlebot4_description/urdf/standard/turtlebot4.urdf.xacro
[0.807s] -- Up-to-date symlink: /home/ieee/justbaked/justbaked/install/turtlebot4_description/share/ament_index/resource_index/package_run_dependencies/turtlebot4_description
[0.809s] -- Up-to-date symlink: /home/ieee/justbaked/justbaked/install/turtlebot4_description/share/ament_index/resource_index/parent_prefix_path/turtlebot4_description
[0.810s] -- Up-to-date symlink: /home/ieee/justbaked/justbaked/install/turtlebot4_description/share/turtlebot4_description/environment/ament_prefix_path.sh
[0.812s] -- Up-to-date symlink: /home/ieee/justbaked/justbaked/install/turtlebot4_description/share/turtlebot4_description/environment/ament_prefix_path.dsv
[0.813s] -- Up-to-date symlink: /home/ieee/justbaked/justbaked/install/turtlebot4_description/share/turtlebot4_description/environment/path.sh
[0.814s] -- Up-to-date symlink: /home/ieee/justbaked/justbaked/install/turtlebot4_description/share/turtlebot4_description/environment/path.dsv
[0.815s] -- Up-to-date symlink: /home/ieee/justbaked/justbaked/install/turtlebot4_description/share/turtlebot4_description/local_setup.bash
[0.817s] -- Up-to-date symlink: /home/ieee/justbaked/justbaked/install/turtlebot4_description/share/turtlebot4_description/local_setup.sh
[0.817s] -- Up-to-date symlink: /home/ieee/justbaked/justbaked/install/turtlebot4_description/share/turtlebot4_description/local_setup.zsh
[0.819s] -- Up-to-date symlink: /home/ieee/justbaked/justbaked/install/turtlebot4_description/share/turtlebot4_description/local_setup.dsv
[0.819s] -- Symlinking: /home/ieee/justbaked/justbaked/install/turtlebot4_description/share/turtlebot4_description/package.dsv
[0.874s] -- Up-to-date symlink: /home/ieee/justbaked/justbaked/install/turtlebot4_description/share/ament_index/resource_index/packages/turtlebot4_description
[0.874s] -- Up-to-date symlink: /home/ieee/justbaked/justbaked/install/turtlebot4_description/share/turtlebot4_description/cmake/turtlebot4_descriptionConfig.cmake
[0.874s] -- Up-to-date symlink: /home/ieee/justbaked/justbaked/install/turtlebot4_description/share/turtlebot4_description/cmake/turtlebot4_descriptionConfig-version.cmake
[0.874s] -- Up-to-date symlink: /home/ieee/justbaked/justbaked/install/turtlebot4_description/share/turtlebot4_description/package.xml
[0.888s] Invoked command in '/home/ieee/justbaked/justbaked/build/turtlebot4_description' returned '0': CMAKE_PREFIX_PATH=${CMAKE_PREFIX_PATH}:/home/ieee/justbaked/justbaked/install/temp_sens:/opt/ros/jazzy DEBUGINFOD_URLS=https://debuginfod.ubuntu.com /usr/bin/cmake --install /home/ieee/justbaked/justbaked/build/turtlebot4_description
