[0.085s] Invoking command in '/home/jack/justbaked/justbaked/build/robdesc': CMAKE_PREFIX_PATH=${CMAKE_PREFIX_PATH}:/opt/ros/jazzy DEBUGINFOD_URLS=https://debuginfod.ubuntu.com /usr/bin/cmake --build /home/jack/justbaked/justbaked/build/robdesc -- -j4 -l4
[0.239s] Invoked command in '/home/jack/justbaked/justbaked/build/robdesc' returned '0': CMAKE_PREFIX_PATH=${CMAKE_PREFIX_PATH}:/opt/ros/jazzy DEBUGINFOD_URLS=https://debuginfod.ubuntu.com /usr/bin/cmake --build /home/jack/justbaked/justbaked/build/robdesc -- -j4 -l4
[0.242s] Invoking command in '/home/jack/justbaked/justbaked/build/robdesc': CMAKE_PREFIX_PATH=${CMAKE_PREFIX_PATH}:/opt/ros/jazzy DEBUGINFOD_URLS=https://debuginfod.ubuntu.com /usr/bin/cmake --install /home/jack/justbaked/justbaked/build/robdesc
[0.342s] -- Install configuration: ""
[0.342s] -- Up-to-date: /home/jack/justbaked/justbaked/install/robdesc/share/robdesc/config
[0.342s] -- Up-to-date: /home/jack/justbaked/justbaked/install/robdesc/share/robdesc/config/empty.yaml
[0.342s] -- Up-to-date: /home/jack/justbaked/justbaked/install/robdesc/share/robdesc/description
[0.343s] -- Installing: /home/jack/justbaked/justbaked/install/robdesc/share/robdesc/description/mobile.gazebo
[0.343s] -- Up-to-date: /home/jack/justbaked/justbaked/install/robdesc/share/robdesc/description/rviz
[0.343s] -- Up-to-date: /home/jack/justbaked/justbaked/install/robdesc/share/robdesc/description/rviz/description.rviz
[0.343s] -- Up-to-date: /home/jack/justbaked/justbaked/install/robdesc/share/robdesc/description/robot.urdf.xacro
[0.344s] -- Up-to-date: /home/jack/justbaked/justbaked/install/robdesc/share/robdesc/description/robotcore.xacro
[0.344s] -- Up-to-date: /home/jack/justbaked/justbaked/install/robdesc/share/robdesc/launch
[0.344s] -- Up-to-date: /home/jack/justbaked/justbaked/install/robdesc/share/robdesc/launch/rsp.launch.py
[0.344s] -- Up-to-date: /home/jack/justbaked/justbaked/install/robdesc/share/ament_index/resource_index/package_run_dependencies/robdesc
[0.344s] -- Up-to-date: /home/jack/justbaked/justbaked/install/robdesc/share/ament_index/resource_index/parent_prefix_path/robdesc
[0.345s] -- Up-to-date: /home/jack/justbaked/justbaked/install/robdesc/share/robdesc/environment/ament_prefix_path.sh
[0.345s] -- Up-to-date: /home/jack/justbaked/justbaked/install/robdesc/share/robdesc/environment/ament_prefix_path.dsv
[0.345s] -- Up-to-date: /home/jack/justbaked/justbaked/install/robdesc/share/robdesc/environment/path.sh
[0.345s] -- Up-to-date: /home/jack/justbaked/justbaked/install/robdesc/share/robdesc/environment/path.dsv
[0.345s] -- Up-to-date: /home/jack/justbaked/justbaked/install/robdesc/share/robdesc/local_setup.bash
[0.345s] -- Up-to-date: /home/jack/justbaked/justbaked/install/robdesc/share/robdesc/local_setup.sh
[0.346s] -- Up-to-date: /home/jack/justbaked/justbaked/install/robdesc/share/robdesc/local_setup.zsh
[0.346s] -- Up-to-date: /home/jack/justbaked/justbaked/install/robdesc/share/robdesc/local_setup.dsv
[0.346s] -- Installing: /home/jack/justbaked/justbaked/install/robdesc/share/robdesc/package.dsv
[0.376s] -- Up-to-date: /home/jack/justbaked/justbaked/install/robdesc/share/ament_index/resource_index/packages/robdesc
[0.376s] -- Up-to-date: /home/jack/justbaked/justbaked/install/robdesc/share/robdesc/cmake/robdescConfig.cmake
[0.376s] -- Up-to-date: /home/jack/justbaked/justbaked/install/robdesc/share/robdesc/cmake/robdescConfig-version.cmake
[0.376s] -- Up-to-date: /home/jack/justbaked/justbaked/install/robdesc/share/robdesc/package.xml
[0.631s] Invoked command in '/home/jack/justbaked/justbaked/build/robdesc' returned '0': CMAKE_PREFIX_PATH=${CMAKE_PREFIX_PATH}:/opt/ros/jazzy DEBUGINFOD_URLS=https://debuginfod.ubuntu.com /usr/bin/cmake --install /home/jack/justbaked/justbaked/build/robdesc
