[0.020s] Invoking command in '/home/lsw155linuxbox/justbaked/justbaked/build/turtlebot4_description': CMAKE_PREFIX_PATH=${CMAKE_PREFIX_PATH}:/home/lsw155linuxbox/homer_ws/install/homer_description:/home/lsw155linuxbox/homer_ws/install/homer_control:/opt/ros/jazzy DEBUGINFOD_URLS=https://debuginfod.ubuntu.com /usr/bin/cmake /home/lsw155linuxbox/justbaked/justbaked/src/turtlebot4_description -DCMAKE_INSTALL_PREFIX=/home/lsw155linuxbox/justbaked/justbaked/install/turtlebot4_description
[0.407s] -- The C compiler identification is GNU 13.3.0
[0.546s] -- The CXX compiler identification is GNU 13.3.0
[0.598s] -- Detecting C compiler ABI info
[0.744s] -- Detecting C compiler ABI info - done
[0.761s] -- Check for working C compiler: /usr/bin/cc - skipped
[0.761s] -- Detecting C compile features
[0.781s] -- Detecting C compile features - done
[0.793s] -- Detecting CXX compiler ABI info
[0.966s] -- Detecting CXX compiler ABI info - done
[0.989s] -- Check for working CXX compiler: /usr/bin/c++ - skipped
[0.989s] -- Detecting CXX compile features
[0.990s] -- Detecting CXX compile features - done
[1.080s] -- Found ament_cmake: 2.5.3 (/opt/ros/jazzy/share/ament_cmake/cmake)
[1.307s] -- Found Python3: /usr/bin/python3 (found version "3.12.3") found components: Interpreter 
[1.501s] -- Found urdf: 2.10.0 (/opt/ros/jazzy/share/urdf/cmake)
[1.563s] -- Found TinyXML2 via Config file: /usr/lib/x86_64-linux-gnu/cmake/tinyxml2
[1.583s] -- Found irobot_create_description: 3.0.4 (/opt/ros/jazzy/share/irobot_create_description/cmake)
[1.587s] -- Found ament_lint_auto: 0.17.1 (/opt/ros/jazzy/share/ament_lint_auto/cmake)
[1.742s] -- Added test 'copyright' to check source files copyright and LICENSE
[1.746s] -- Added test 'flake8' to check Python code syntax and style conventions
[1.746s] -- Configured 'flake8' exclude dirs and/or files: 
[1.747s] -- Added test 'lint_cmake' to check CMake code style
[1.749s] -- Added test 'pep257' to check Python code against some of the docstring style conventions in PEP 257
[1.751s] -- Added test 'xmllint' to check XML markup files
[1.754s] -- Configuring done (1.7s)
[1.758s] -- Generating done (0.0s)
[1.760s] -- Build files have been written to: /home/lsw155linuxbox/justbaked/justbaked/build/turtlebot4_description
[1.767s] Invoked command in '/home/lsw155linuxbox/justbaked/justbaked/build/turtlebot4_description' returned '0': CMAKE_PREFIX_PATH=${CMAKE_PREFIX_PATH}:/home/lsw155linuxbox/homer_ws/install/homer_description:/home/lsw155linuxbox/homer_ws/install/homer_control:/opt/ros/jazzy DEBUGINFOD_URLS=https://debuginfod.ubuntu.com /usr/bin/cmake /home/lsw155linuxbox/justbaked/justbaked/src/turtlebot4_description -DCMAKE_INSTALL_PREFIX=/home/lsw155linuxbox/justbaked/justbaked/install/turtlebot4_description
[1.769s] Invoking command in '/home/lsw155linuxbox/justbaked/justbaked/build/turtlebot4_description': CMAKE_PREFIX_PATH=${CMAKE_PREFIX_PATH}:/home/lsw155linuxbox/homer_ws/install/homer_description:/home/lsw155linuxbox/homer_ws/install/homer_control:/opt/ros/jazzy DEBUGINFOD_URLS=https://debuginfod.ubuntu.com /usr/bin/cmake --build /home/lsw155linuxbox/justbaked/justbaked/build/turtlebot4_description -- -j8 -l8
[1.815s] Invoked command in '/home/lsw155linuxbox/justbaked/justbaked/build/turtlebot4_description' returned '0': CMAKE_PREFIX_PATH=${CMAKE_PREFIX_PATH}:/home/lsw155linuxbox/homer_ws/install/homer_description:/home/lsw155linuxbox/homer_ws/install/homer_control:/opt/ros/jazzy DEBUGINFOD_URLS=https://debuginfod.ubuntu.com /usr/bin/cmake --build /home/lsw155linuxbox/justbaked/justbaked/build/turtlebot4_description -- -j8 -l8
[1.828s] Invoking command in '/home/lsw155linuxbox/justbaked/justbaked/build/turtlebot4_description': CMAKE_PREFIX_PATH=${CMAKE_PREFIX_PATH}:/home/lsw155linuxbox/homer_ws/install/homer_description:/home/lsw155linuxbox/homer_ws/install/homer_control:/opt/ros/jazzy DEBUGINFOD_URLS=https://debuginfod.ubuntu.com /usr/bin/cmake --install /home/lsw155linuxbox/justbaked/justbaked/build/turtlebot4_description
[1.837s] -- Install configuration: ""
[1.837s] -- Installing: /home/lsw155linuxbox/justbaked/justbaked/install/turtlebot4_description/share/turtlebot4_description/launch
[1.837s] -- Installing: /home/lsw155linuxbox/justbaked/justbaked/install/turtlebot4_description/share/turtlebot4_description/launch/robot_description.launch.py
[1.837s] -- Installing: /home/lsw155linuxbox/justbaked/justbaked/install/turtlebot4_description/share/turtlebot4_description/urdf
[1.838s] -- Installing: /home/lsw155linuxbox/justbaked/justbaked/install/turtlebot4_description/share/turtlebot4_description/urdf/lite
[1.838s] -- Installing: /home/lsw155linuxbox/justbaked/justbaked/install/turtlebot4_description/share/turtlebot4_description/urdf/sensors
[1.838s] -- Installing: /home/lsw155linuxbox/justbaked/justbaked/install/turtlebot4_description/share/turtlebot4_description/urdf/sensors/rplidar.xacro
[1.838s] -- Installing: /home/lsw155linuxbox/justbaked/justbaked/install/turtlebot4_description/share/turtlebot4_description/urdf/standard
[1.838s] -- Installing: /home/lsw155linuxbox/justbaked/justbaked/install/turtlebot4_description/share/turtlebot4_description/urdf/standard/robot.urdf.xacro
[1.875s] -- Installing: /home/lsw155linuxbox/justbaked/justbaked/install/turtlebot4_description/share/turtlebot4_description/urdf/standard/rplidar.xacro
[1.891s] -- Installing: /home/lsw155linuxbox/justbaked/justbaked/install/turtlebot4_description/share/turtlebot4_description/urdf/standard/turtlebot4.urdf.xacro
[1.892s] -- Installing: /home/lsw155linuxbox/justbaked/justbaked/install/turtlebot4_description/share/turtlebot4_description/urdf/standard/robotcore.xacro
[1.900s] -- Installing: /home/lsw155linuxbox/justbaked/justbaked/install/turtlebot4_description/share/ament_index/resource_index/package_run_dependencies/turtlebot4_description
[1.900s] -- Installing: /home/lsw155linuxbox/justbaked/justbaked/install/turtlebot4_description/share/ament_index/resource_index/parent_prefix_path/turtlebot4_description
[1.900s] -- Installing: /home/lsw155linuxbox/justbaked/justbaked/install/turtlebot4_description/share/turtlebot4_description/environment/ament_prefix_path.sh
[1.901s] -- Installing: /home/lsw155linuxbox/justbaked/justbaked/install/turtlebot4_description/share/turtlebot4_description/environment/ament_prefix_path.dsv
[1.901s] -- Installing: /home/lsw155linuxbox/justbaked/justbaked/install/turtlebot4_description/share/turtlebot4_description/environment/path.sh
[1.901s] -- Installing: /home/lsw155linuxbox/justbaked/justbaked/install/turtlebot4_description/share/turtlebot4_description/environment/path.dsv
[1.901s] -- Installing: /home/lsw155linuxbox/justbaked/justbaked/install/turtlebot4_description/share/turtlebot4_description/local_setup.bash
[1.901s] -- Installing: /home/lsw155linuxbox/justbaked/justbaked/install/turtlebot4_description/share/turtlebot4_description/local_setup.sh
[1.901s] -- Installing: /home/lsw155linuxbox/justbaked/justbaked/install/turtlebot4_description/share/turtlebot4_description/local_setup.zsh
[1.901s] -- Installing: /home/lsw155linuxbox/justbaked/justbaked/install/turtlebot4_description/share/turtlebot4_description/local_setup.dsv
[1.902s] -- Installing: /home/lsw155linuxbox/justbaked/justbaked/install/turtlebot4_description/share/turtlebot4_description/package.dsv
[1.902s] -- Installing: /home/lsw155linuxbox/justbaked/justbaked/install/turtlebot4_description/share/ament_index/resource_index/packages/turtlebot4_description
[1.902s] -- Installing: /home/lsw155linuxbox/justbaked/justbaked/install/turtlebot4_description/share/turtlebot4_description/cmake/turtlebot4_descriptionConfig.cmake
[1.902s] -- Installing: /home/lsw155linuxbox/justbaked/justbaked/install/turtlebot4_description/share/turtlebot4_description/cmake/turtlebot4_descriptionConfig-version.cmake
[1.902s] -- Installing: /home/lsw155linuxbox/justbaked/justbaked/install/turtlebot4_description/share/turtlebot4_description/package.xml
[1.904s] Invoked command in '/home/lsw155linuxbox/justbaked/justbaked/build/turtlebot4_description' returned '0': CMAKE_PREFIX_PATH=${CMAKE_PREFIX_PATH}:/home/lsw155linuxbox/homer_ws/install/homer_description:/home/lsw155linuxbox/homer_ws/install/homer_control:/opt/ros/jazzy DEBUGINFOD_URLS=https://debuginfod.ubuntu.com /usr/bin/cmake --install /home/lsw155linuxbox/justbaked/justbaked/build/turtlebot4_description
