[0.155s] Invoking command in '/home/jack/justbaked/justbaked/build/robdesc': CMAKE_PREFIX_PATH=${CMAKE_PREFIX_PATH}:/opt/ros/jazzy DEBUGINFOD_URLS=https://debuginfod.ubuntu.com /usr/bin/cmake /home/jack/justbaked/justbaked/src/robdesc -DCMAKE_INSTALL_PREFIX=/home/jack/justbaked/justbaked/install/robdesc
[0.798s] -- The C compiler identification is GNU 13.3.0
[1.776s] -- The CXX compiler identification is GNU 13.3.0
[1.871s] -- Detecting C compiler ABI info
[2.192s] -- Detecting C compiler ABI info - done
[2.217s] -- Check for working C compiler: /usr/bin/cc - skipped
[2.218s] -- Detecting C compile features
[2.219s] -- Detecting C compile features - done
[2.237s] -- Detecting CXX compiler ABI info
[2.435s] -- Detecting CXX compiler ABI info - done
[2.461s] -- Check for working CXX compiler: /usr/bin/c++ - skipped
[2.461s] -- Detecting CXX compile features
[2.462s] -- Detecting CXX compile features - done
[2.666s] -- Found ament_cmake: 2.5.3 (/opt/ros/jazzy/share/ament_cmake/cmake)
[2.956s] -- Found Python3: /usr/bin/python3 (found version "3.12.3") found components: Interpreter 
[3.195s] -- Found ament_lint_auto: 0.17.1 (/opt/ros/jazzy/share/ament_lint_auto/cmake)
[3.425s] -- Added test 'copyright' to check source files copyright and LICENSE
[3.431s] -- Added test 'flake8' to check Python code syntax and style conventions
[3.431s] -- Configured 'flake8' exclude dirs and/or files: 
[3.431s] -- Added test 'lint_cmake' to check CMake code style
[3.433s] -- Added test 'pep257' to check Python code against some of the docstring style conventions in PEP 257
[3.436s] -- Added test 'xmllint' to check XML markup files
[3.440s] -- Configuring done (3.3s)
[3.444s] -- Generating done (0.0s)
[3.448s] -- Build files have been written to: /home/jack/justbaked/justbaked/build/robdesc
[3.458s] Invoked command in '/home/jack/justbaked/justbaked/build/robdesc' returned '0': CMAKE_PREFIX_PATH=${CMAKE_PREFIX_PATH}:/opt/ros/jazzy DEBUGINFOD_URLS=https://debuginfod.ubuntu.com /usr/bin/cmake /home/jack/justbaked/justbaked/src/robdesc -DCMAKE_INSTALL_PREFIX=/home/jack/justbaked/justbaked/install/robdesc
[3.460s] Invoking command in '/home/jack/justbaked/justbaked/build/robdesc': CMAKE_PREFIX_PATH=${CMAKE_PREFIX_PATH}:/opt/ros/jazzy DEBUGINFOD_URLS=https://debuginfod.ubuntu.com /usr/bin/cmake --build /home/jack/justbaked/justbaked/build/robdesc -- -j4 -l4
[3.536s] Invoked command in '/home/jack/justbaked/justbaked/build/robdesc' returned '0': CMAKE_PREFIX_PATH=${CMAKE_PREFIX_PATH}:/opt/ros/jazzy DEBUGINFOD_URLS=https://debuginfod.ubuntu.com /usr/bin/cmake --build /home/jack/justbaked/justbaked/build/robdesc -- -j4 -l4
[3.538s] Invoking command in '/home/jack/justbaked/justbaked/build/robdesc': CMAKE_PREFIX_PATH=${CMAKE_PREFIX_PATH}:/opt/ros/jazzy DEBUGINFOD_URLS=https://debuginfod.ubuntu.com /usr/bin/cmake --install /home/jack/justbaked/justbaked/build/robdesc
[3.551s] -- Install configuration: ""
[3.551s] -- Installing: /home/jack/justbaked/justbaked/install/robdesc/share/robdesc/config
[3.551s] -- Installing: /home/jack/justbaked/justbaked/install/robdesc/share/robdesc/config/empty.yaml
[3.552s] -- Installing: /home/jack/justbaked/justbaked/install/robdesc/share/robdesc/description
[3.552s] -- Installing: /home/jack/justbaked/justbaked/install/robdesc/share/robdesc/description/rviz
[3.553s] -- Installing: /home/jack/justbaked/justbaked/install/robdesc/share/robdesc/description/rviz/description.rviz
[3.553s] -- Installing: /home/jack/justbaked/justbaked/install/robdesc/share/robdesc/description/robot.urdf.xacro
[3.553s] -- Installing: /home/jack/justbaked/justbaked/install/robdesc/share/robdesc/description/robotcore.xacro
[3.553s] -- Installing: /home/jack/justbaked/justbaked/install/robdesc/share/robdesc/launch
[3.553s] -- Installing: /home/jack/justbaked/justbaked/install/robdesc/share/robdesc/launch/rsp.launch.py
[3.558s] [31mCMake Error at cmake_install.cmake:46 (file):
[3.559s]   file INSTALL cannot find
[3.559s]   "/home/jack/justbaked/justbaked/src/robdesc/worlds": No such file or
[3.559s]   directory.
[3.559s] 
[3.559s] [0m
[3.588s] Invoked command in '/home/jack/justbaked/justbaked/build/robdesc' returned '1': CMAKE_PREFIX_PATH=${CMAKE_PREFIX_PATH}:/opt/ros/jazzy DEBUGINFOD_URLS=https://debuginfod.ubuntu.com /usr/bin/cmake --install /home/jack/justbaked/justbaked/build/robdesc
