[0.493s] Invoking command in '/home/jack/justbaked/justbaked/build/tempsens': CMAKE_PREFIX_PATH=${CMAKE_PREFIX_PATH}:/opt/ros/jazzy DEBUGINFOD_URLS=https://debuginfod.ubuntu.com /usr/bin/cmake --build /home/jack/justbaked/justbaked/build/tempsens -- -j4 -l4
[1.936s] Invoked command in '/home/jack/justbaked/justbaked/build/tempsens' returned '0': CMAKE_PREFIX_PATH=${CMAKE_PREFIX_PATH}:/opt/ros/jazzy DEBUGINFOD_URLS=https://debuginfod.ubuntu.com /usr/bin/cmake --build /home/jack/justbaked/justbaked/build/tempsens -- -j4 -l4
[1.940s] Invoking command in '/home/jack/justbaked/justbaked/build/tempsens': CMAKE_PREFIX_PATH=${CMAKE_PREFIX_PATH}:/opt/ros/jazzy DEBUGINFOD_URLS=https://debuginfod.ubuntu.com /usr/bin/cmake --install /home/jack/justbaked/justbaked/build/tempsens
[1.967s] -- Install configuration: ""
[1.967s] -- Up-to-date: /home/jack/justbaked/justbaked/install/tempsens/share/tempsens/include
[1.967s] -- Up-to-date: /home/jack/justbaked/justbaked/install/tempsens/share/tempsens/include/tempsens
[1.967s] -- Up-to-date: /home/jack/justbaked/justbaked/install/tempsens/share/tempsens/src
[1.967s] -- Up-to-date: /home/jack/justbaked/justbaked/install/tempsens/share/ament_index/resource_index/package_run_dependencies/tempsens
[1.967s] -- Up-to-date: /home/jack/justbaked/justbaked/install/tempsens/share/ament_index/resource_index/parent_prefix_path/tempsens
[1.968s] -- Up-to-date: /home/jack/justbaked/justbaked/install/tempsens/share/tempsens/environment/ament_prefix_path.sh
[1.968s] -- Up-to-date: /home/jack/justbaked/justbaked/install/tempsens/share/tempsens/environment/ament_prefix_path.dsv
[2.179s] -- Up-to-date: /home/jack/justbaked/justbaked/install/tempsens/share/tempsens/environment/path.sh
[2.179s] -- Up-to-date: /home/jack/justbaked/justbaked/install/tempsens/share/tempsens/environment/path.dsv
[2.179s] -- Up-to-date: /home/jack/justbaked/justbaked/install/tempsens/share/tempsens/local_setup.bash
[2.179s] -- Up-to-date: /home/jack/justbaked/justbaked/install/tempsens/share/tempsens/local_setup.sh
[2.180s] -- Up-to-date: /home/jack/justbaked/justbaked/install/tempsens/share/tempsens/local_setup.zsh
[2.180s] -- Up-to-date: /home/jack/justbaked/justbaked/install/tempsens/share/tempsens/local_setup.dsv
[2.180s] -- Installing: /home/jack/justbaked/justbaked/install/tempsens/share/tempsens/package.dsv
[2.220s] -- Up-to-date: /home/jack/justbaked/justbaked/install/tempsens/share/ament_index/resource_index/packages/tempsens
[2.222s] -- Up-to-date: /home/jack/justbaked/justbaked/install/tempsens/share/tempsens/cmake/tempsensConfig.cmake
[2.223s] -- Up-to-date: /home/jack/justbaked/justbaked/install/tempsens/share/tempsens/cmake/tempsensConfig-version.cmake
[2.223s] -- Up-to-date: /home/jack/justbaked/justbaked/install/tempsens/share/tempsens/package.xml
[2.228s] Invoked command in '/home/jack/justbaked/justbaked/build/tempsens' returned '0': CMAKE_PREFIX_PATH=${CMAKE_PREFIX_PATH}:/opt/ros/jazzy DEBUGINFOD_URLS=https://debuginfod.ubuntu.com /usr/bin/cmake --install /home/jack/justbaked/justbaked/build/tempsens
