[0.252s] DEBUG:colcon:Command line arguments: ['/usr/bin/colcon', 'build']
[0.252s] DEBUG:colcon:Parsed command line arguments: Namespace(log_base=None, log_level=None, verb_name='build', build_base='build', install_base='install', merge_install=False, symlink_install=False, test_result_base=None, continue_on_error=False, executor='parallel', parallel_workers=4, event_handlers=None, ignore_user_meta=False, metas=['./colcon.meta'], base_paths=['.'], packages_ignore=None, packages_ignore_regex=None, paths=None, packages_up_to=None, packages_up_to_regex=None, packages_above=None, packages_above_and_dependencies=None, packages_above_depth=None, packages_select_by_dep=None, packages_skip_by_dep=None, packages_skip_up_to=None, packages_select_build_failed=False, packages_skip_build_finished=False, packages_select_test_failures=False, packages_skip_test_passed=False, packages_select=None, packages_skip=None, packages_select_regex=None, packages_skip_regex=None, packages_start=None, packages_end=None, cmake_args=None, cmake_target=None, cmake_target_skip_unavailable=False, cmake_clean_cache=False, cmake_clean_first=False, cmake_force_configure=False, ament_cmake_args=None, catkin_cmake_args=None, catkin_skip_building_tests=False, verb_parser=<colcon_defaults.argument_parser.defaults.DefaultArgumentsDecorator object at 0xffffb0f84bf0>, verb_extension=<colcon_core.verb.build.BuildVerb object at 0xffffb0f84920>, main=<bound method BuildVerb.main of <colcon_core.verb.build.BuildVerb object at 0xffffb0f84920>>)
[0.330s] Level 1:colcon.colcon_core.package_discovery:discover_packages(colcon_meta) check parameters
[0.330s] Level 1:colcon.colcon_core.package_discovery:discover_packages(recursive) check parameters
[0.330s] Level 1:colcon.colcon_core.package_discovery:discover_packages(ignore) check parameters
[0.330s] Level 1:colcon.colcon_core.package_discovery:discover_packages(path) check parameters
[0.330s] Level 1:colcon.colcon_core.package_discovery:discover_packages(colcon_meta) discover
[0.330s] Level 1:colcon.colcon_core.package_discovery:discover_packages(recursive) discover
[0.330s] INFO:colcon.colcon_core.package_discovery:Crawling recursively for packages in '/home/ieee/justbaked/justbaked'
[0.330s] Level 1:colcon.colcon_core.package_identification:_identify(.) by extensions ['ignore', 'ignore_ament_install']
[0.330s] Level 1:colcon.colcon_core.package_identification:_identify(.) by extension 'ignore'
[0.330s] Level 1:colcon.colcon_core.package_identification:_identify(.) by extension 'ignore_ament_install'
[0.331s] Level 1:colcon.colcon_core.package_identification:_identify(.) by extensions ['colcon_pkg']
[0.331s] Level 1:colcon.colcon_core.package_identification:_identify(.) by extension 'colcon_pkg'
[0.331s] Level 1:colcon.colcon_core.package_identification:_identify(.) by extensions ['colcon_meta']
[0.331s] Level 1:colcon.colcon_core.package_identification:_identify(.) by extension 'colcon_meta'
[0.331s] Level 1:colcon.colcon_core.package_identification:_identify(.) by extensions ['ros']
[0.331s] Level 1:colcon.colcon_core.package_identification:_identify(.) by extension 'ros'
[0.372s] Level 1:colcon.colcon_core.package_identification:_identify(.) by extensions ['cmake', 'python']
[0.372s] Level 1:colcon.colcon_core.package_identification:_identify(.) by extension 'cmake'
[0.372s] Level 1:colcon.colcon_core.package_identification:_identify(.) by extension 'python'
[0.372s] Level 1:colcon.colcon_core.package_identification:_identify(.) by extensions ['python_setup_py']
[0.372s] Level 1:colcon.colcon_core.package_identification:_identify(.) by extension 'python_setup_py'
[0.373s] Level 1:colcon.colcon_core.package_identification:_identify(build) by extensions ['ignore', 'ignore_ament_install']
[0.373s] Level 1:colcon.colcon_core.package_identification:_identify(build) by extension 'ignore'
[0.373s] Level 1:colcon.colcon_core.package_identification:_identify(build) ignored
[0.373s] Level 1:colcon.colcon_core.package_identification:_identify(install) by extensions ['ignore', 'ignore_ament_install']
[0.373s] Level 1:colcon.colcon_core.package_identification:_identify(install) by extension 'ignore'
[0.373s] Level 1:colcon.colcon_core.package_identification:_identify(install) ignored
[0.373s] Level 1:colcon.colcon_core.package_identification:_identify(log) by extensions ['ignore', 'ignore_ament_install']
[0.373s] Level 1:colcon.colcon_core.package_identification:_identify(log) by extension 'ignore'
[0.373s] Level 1:colcon.colcon_core.package_identification:_identify(log) ignored
[0.373s] Level 1:colcon.colcon_core.package_identification:_identify(src) by extensions ['ignore', 'ignore_ament_install']
[0.373s] Level 1:colcon.colcon_core.package_identification:_identify(src) by extension 'ignore'
[0.374s] Level 1:colcon.colcon_core.package_identification:_identify(src) by extension 'ignore_ament_install'
[0.374s] Level 1:colcon.colcon_core.package_identification:_identify(src) by extensions ['colcon_pkg']
[0.374s] Level 1:colcon.colcon_core.package_identification:_identify(src) by extension 'colcon_pkg'
[0.374s] Level 1:colcon.colcon_core.package_identification:_identify(src) by extensions ['colcon_meta']
[0.374s] Level 1:colcon.colcon_core.package_identification:_identify(src) by extension 'colcon_meta'
[0.374s] Level 1:colcon.colcon_core.package_identification:_identify(src) by extensions ['ros']
[0.374s] Level 1:colcon.colcon_core.package_identification:_identify(src) by extension 'ros'
[0.374s] Level 1:colcon.colcon_core.package_identification:_identify(src) by extensions ['cmake', 'python']
[0.374s] Level 1:colcon.colcon_core.package_identification:_identify(src) by extension 'cmake'
[0.374s] Level 1:colcon.colcon_core.package_identification:_identify(src) by extension 'python'
[0.374s] Level 1:colcon.colcon_core.package_identification:_identify(src) by extensions ['python_setup_py']
[0.374s] Level 1:colcon.colcon_core.package_identification:_identify(src) by extension 'python_setup_py'
[0.374s] Level 1:colcon.colcon_core.package_identification:_identify(src/sllidar_ros2) by extensions ['ignore', 'ignore_ament_install']
[0.374s] Level 1:colcon.colcon_core.package_identification:_identify(src/sllidar_ros2) by extension 'ignore'
[0.374s] Level 1:colcon.colcon_core.package_identification:_identify(src/sllidar_ros2) by extension 'ignore_ament_install'
[0.374s] Level 1:colcon.colcon_core.package_identification:_identify(src/sllidar_ros2) by extensions ['colcon_pkg']
[0.374s] Level 1:colcon.colcon_core.package_identification:_identify(src/sllidar_ros2) by extension 'colcon_pkg'
[0.374s] Level 1:colcon.colcon_core.package_identification:_identify(src/sllidar_ros2) by extensions ['colcon_meta']
[0.374s] Level 1:colcon.colcon_core.package_identification:_identify(src/sllidar_ros2) by extension 'colcon_meta'
[0.375s] Level 1:colcon.colcon_core.package_identification:_identify(src/sllidar_ros2) by extensions ['ros']
[0.375s] Level 1:colcon.colcon_core.package_identification:_identify(src/sllidar_ros2) by extension 'ros'
[0.381s] DEBUG:colcon.colcon_core.package_identification:Package 'src/sllidar_ros2' with type 'ros.ament_cmake' and name 'sllidar_ros2'
[0.381s] Level 1:colcon.colcon_core.package_identification:_identify(src/turtlebot4_description) by extensions ['ignore', 'ignore_ament_install']
[0.381s] Level 1:colcon.colcon_core.package_identification:_identify(src/turtlebot4_description) by extension 'ignore'
[0.381s] Level 1:colcon.colcon_core.package_identification:_identify(src/turtlebot4_description) by extension 'ignore_ament_install'
[0.381s] Level 1:colcon.colcon_core.package_identification:_identify(src/turtlebot4_description) by extensions ['colcon_pkg']
[0.381s] Level 1:colcon.colcon_core.package_identification:_identify(src/turtlebot4_description) by extension 'colcon_pkg'
[0.381s] Level 1:colcon.colcon_core.package_identification:_identify(src/turtlebot4_description) by extensions ['colcon_meta']
[0.381s] Level 1:colcon.colcon_core.package_identification:_identify(src/turtlebot4_description) by extension 'colcon_meta'
[0.381s] Level 1:colcon.colcon_core.package_identification:_identify(src/turtlebot4_description) by extensions ['ros']
[0.381s] Level 1:colcon.colcon_core.package_identification:_identify(src/turtlebot4_description) by extension 'ros'
[0.383s] DEBUG:colcon.colcon_core.package_identification:Package 'src/turtlebot4_description' with type 'ros.ament_cmake' and name 'turtlebot4_description'
[0.383s] Level 1:colcon.colcon_core.package_identification:_identify(src/turtlebot4_navigation) by extensions ['ignore', 'ignore_ament_install']
[0.383s] Level 1:colcon.colcon_core.package_identification:_identify(src/turtlebot4_navigation) by extension 'ignore'
[0.383s] Level 1:colcon.colcon_core.package_identification:_identify(src/turtlebot4_navigation) by extension 'ignore_ament_install'
[0.383s] Level 1:colcon.colcon_core.package_identification:_identify(src/turtlebot4_navigation) by extensions ['colcon_pkg']
[0.383s] Level 1:colcon.colcon_core.package_identification:_identify(src/turtlebot4_navigation) by extension 'colcon_pkg'
[0.383s] Level 1:colcon.colcon_core.package_identification:_identify(src/turtlebot4_navigation) by extensions ['colcon_meta']
[0.383s] Level 1:colcon.colcon_core.package_identification:_identify(src/turtlebot4_navigation) by extension 'colcon_meta'
[0.383s] Level 1:colcon.colcon_core.package_identification:_identify(src/turtlebot4_navigation) by extensions ['ros']
[0.383s] Level 1:colcon.colcon_core.package_identification:_identify(src/turtlebot4_navigation) by extension 'ros'
[0.384s] DEBUG:colcon.colcon_core.package_identification:Package 'src/turtlebot4_navigation' with type 'ros.ament_cmake' and name 'turtlebot4_navigation'
[0.384s] Level 1:colcon.colcon_core.package_discovery:discover_packages(recursive) using defaults
[0.384s] Level 1:colcon.colcon_core.package_discovery:discover_packages(ignore) discover
[0.384s] Level 1:colcon.colcon_core.package_discovery:discover_packages(ignore) using defaults
[0.384s] Level 1:colcon.colcon_core.package_discovery:discover_packages(path) discover
[0.384s] Level 1:colcon.colcon_core.package_discovery:discover_packages(path) using defaults
[0.414s] Level 5:colcon.colcon_core.verb:set package 'sllidar_ros2' build argument 'cmake_args' from command line to 'None'
[0.414s] Level 5:colcon.colcon_core.verb:set package 'sllidar_ros2' build argument 'cmake_target' from command line to 'None'
[0.414s] Level 5:colcon.colcon_core.verb:set package 'sllidar_ros2' build argument 'cmake_target_skip_unavailable' from command line to 'False'
[0.414s] Level 5:colcon.colcon_core.verb:set package 'sllidar_ros2' build argument 'cmake_clean_cache' from command line to 'False'
[0.414s] Level 5:colcon.colcon_core.verb:set package 'sllidar_ros2' build argument 'cmake_clean_first' from command line to 'False'
[0.414s] Level 5:colcon.colcon_core.verb:set package 'sllidar_ros2' build argument 'cmake_force_configure' from command line to 'False'
[0.414s] Level 5:colcon.colcon_core.verb:set package 'sllidar_ros2' build argument 'ament_cmake_args' from command line to 'None'
[0.414s] Level 5:colcon.colcon_core.verb:set package 'sllidar_ros2' build argument 'catkin_cmake_args' from command line to 'None'
[0.414s] Level 5:colcon.colcon_core.verb:set package 'sllidar_ros2' build argument 'catkin_skip_building_tests' from command line to 'False'
[0.414s] DEBUG:colcon.colcon_core.verb:Building package 'sllidar_ros2' with the following arguments: {'ament_cmake_args': None, 'build_base': '/home/ieee/justbaked/justbaked/build/sllidar_ros2', 'catkin_cmake_args': None, 'catkin_skip_building_tests': False, 'cmake_args': None, 'cmake_clean_cache': False, 'cmake_clean_first': False, 'cmake_force_configure': False, 'cmake_target': None, 'cmake_target_skip_unavailable': False, 'install_base': '/home/ieee/justbaked/justbaked/install/sllidar_ros2', 'merge_install': False, 'path': '/home/ieee/justbaked/justbaked/src/sllidar_ros2', 'symlink_install': False, 'test_result_base': None}
[0.415s] Level 5:colcon.colcon_core.verb:set package 'turtlebot4_description' build argument 'cmake_args' from command line to 'None'
[0.415s] Level 5:colcon.colcon_core.verb:set package 'turtlebot4_description' build argument 'cmake_target' from command line to 'None'
[0.415s] Level 5:colcon.colcon_core.verb:set package 'turtlebot4_description' build argument 'cmake_target_skip_unavailable' from command line to 'False'
[0.415s] Level 5:colcon.colcon_core.verb:set package 'turtlebot4_description' build argument 'cmake_clean_cache' from command line to 'False'
[0.415s] Level 5:colcon.colcon_core.verb:set package 'turtlebot4_description' build argument 'cmake_clean_first' from command line to 'False'
[0.415s] Level 5:colcon.colcon_core.verb:set package 'turtlebot4_description' build argument 'cmake_force_configure' from command line to 'False'
[0.415s] Level 5:colcon.colcon_core.verb:set package 'turtlebot4_description' build argument 'ament_cmake_args' from command line to 'None'
[0.415s] Level 5:colcon.colcon_core.verb:set package 'turtlebot4_description' build argument 'catkin_cmake_args' from command line to 'None'
[0.415s] Level 5:colcon.colcon_core.verb:set package 'turtlebot4_description' build argument 'catkin_skip_building_tests' from command line to 'False'
[0.415s] DEBUG:colcon.colcon_core.verb:Building package 'turtlebot4_description' with the following arguments: {'ament_cmake_args': None, 'build_base': '/home/ieee/justbaked/justbaked/build/turtlebot4_description', 'catkin_cmake_args': None, 'catkin_skip_building_tests': False, 'cmake_args': None, 'cmake_clean_cache': False, 'cmake_clean_first': False, 'cmake_force_configure': False, 'cmake_target': None, 'cmake_target_skip_unavailable': False, 'install_base': '/home/ieee/justbaked/justbaked/install/turtlebot4_description', 'merge_install': False, 'path': '/home/ieee/justbaked/justbaked/src/turtlebot4_description', 'symlink_install': False, 'test_result_base': None}
[0.415s] Level 5:colcon.colcon_core.verb:set package 'turtlebot4_navigation' build argument 'cmake_args' from command line to 'None'
[0.415s] Level 5:colcon.colcon_core.verb:set package 'turtlebot4_navigation' build argument 'cmake_target' from command line to 'None'
[0.415s] Level 5:colcon.colcon_core.verb:set package 'turtlebot4_navigation' build argument 'cmake_target_skip_unavailable' from command line to 'False'
[0.415s] Level 5:colcon.colcon_core.verb:set package 'turtlebot4_navigation' build argument 'cmake_clean_cache' from command line to 'False'
[0.415s] Level 5:colcon.colcon_core.verb:set package 'turtlebot4_navigation' build argument 'cmake_clean_first' from command line to 'False'
[0.415s] Level 5:colcon.colcon_core.verb:set package 'turtlebot4_navigation' build argument 'cmake_force_configure' from command line to 'False'
[0.415s] Level 5:colcon.colcon_core.verb:set package 'turtlebot4_navigation' build argument 'ament_cmake_args' from command line to 'None'
[0.415s] Level 5:colcon.colcon_core.verb:set package 'turtlebot4_navigation' build argument 'catkin_cmake_args' from command line to 'None'
[0.415s] Level 5:colcon.colcon_core.verb:set package 'turtlebot4_navigation' build argument 'catkin_skip_building_tests' from command line to 'False'
[0.415s] DEBUG:colcon.colcon_core.verb:Building package 'turtlebot4_navigation' with the following arguments: {'ament_cmake_args': None, 'build_base': '/home/ieee/justbaked/justbaked/build/turtlebot4_navigation', 'catkin_cmake_args': None, 'catkin_skip_building_tests': False, 'cmake_args': None, 'cmake_clean_cache': False, 'cmake_clean_first': False, 'cmake_force_configure': False, 'cmake_target': None, 'cmake_target_skip_unavailable': False, 'install_base': '/home/ieee/justbaked/justbaked/install/turtlebot4_navigation', 'merge_install': False, 'path': '/home/ieee/justbaked/justbaked/src/turtlebot4_navigation', 'symlink_install': False, 'test_result_base': None}
[0.416s] INFO:colcon.colcon_core.executor:Executing jobs using 'parallel' executor
[0.417s] DEBUG:colcon.colcon_parallel_executor.executor.parallel:run_until_complete
[0.417s] INFO:colcon.colcon_ros.task.ament_cmake.build:Building ROS package in '/home/ieee/justbaked/justbaked/src/sllidar_ros2' with build type 'ament_cmake'
[0.418s] INFO:colcon.colcon_cmake.task.cmake.build:Building CMake package in '/home/ieee/justbaked/justbaked/src/sllidar_ros2'
[0.422s] INFO:colcon.colcon_core.plugin_system:Skipping extension 'colcon_core.shell.bat': Not used on non-Windows systems
[0.422s] DEBUG:colcon.colcon_core.shell:Skip shell extension 'dsv' for command environment
[0.430s] INFO:colcon.colcon_ros.task.ament_cmake.build:Building ROS package in '/home/ieee/justbaked/justbaked/src/turtlebot4_description' with build type 'ament_cmake'
[0.430s] INFO:colcon.colcon_cmake.task.cmake.build:Building CMake package in '/home/ieee/justbaked/justbaked/src/turtlebot4_description'
[0.431s] DEBUG:colcon.colcon_core.shell:Skip shell extension 'dsv' for command environment
[0.436s] INFO:colcon.colcon_ros.task.ament_cmake.build:Building ROS package in '/home/ieee/justbaked/justbaked/src/turtlebot4_navigation' with build type 'ament_cmake'
[0.437s] INFO:colcon.colcon_cmake.task.cmake.build:Building CMake package in '/home/ieee/justbaked/justbaked/src/turtlebot4_navigation'
[0.437s] DEBUG:colcon.colcon_core.shell:Skip shell extension 'dsv' for command environment
[0.447s] DEBUG:colcon.colcon_core.event_handler.log_command:Invoking command in '/home/ieee/justbaked/justbaked/build/sllidar_ros2': CMAKE_PREFIX_PATH=${CMAKE_PREFIX_PATH}:/opt/ros/jazzy DEBUGINFOD_URLS=https://debuginfod.ubuntu.com /usr/bin/cmake --build /home/ieee/justbaked/justbaked/build/sllidar_ros2 -- -j4 -l4
[0.453s] DEBUG:colcon.colcon_core.event_handler.log_command:Invoking command in '/home/ieee/justbaked/justbaked/build/turtlebot4_description': CMAKE_PREFIX_PATH=${CMAKE_PREFIX_PATH}:/opt/ros/jazzy DEBUGINFOD_URLS=https://debuginfod.ubuntu.com /usr/bin/cmake --build /home/ieee/justbaked/justbaked/build/turtlebot4_description -- -j4 -l4
[0.460s] DEBUG:colcon.colcon_core.event_handler.log_command:Invoking command in '/home/ieee/justbaked/justbaked/build/turtlebot4_navigation': CMAKE_PREFIX_PATH=${CMAKE_PREFIX_PATH}:/opt/ros/jazzy DEBUGINFOD_URLS=https://debuginfod.ubuntu.com /usr/bin/cmake --build /home/ieee/justbaked/justbaked/build/turtlebot4_navigation -- -j4 -l4
[0.581s] DEBUG:colcon.colcon_core.event_handler.log_command:Invoked command in '/home/ieee/justbaked/justbaked/build/turtlebot4_description' returned '0': CMAKE_PREFIX_PATH=${CMAKE_PREFIX_PATH}:/opt/ros/jazzy DEBUGINFOD_URLS=https://debuginfod.ubuntu.com /usr/bin/cmake --build /home/ieee/justbaked/justbaked/build/turtlebot4_description -- -j4 -l4
[0.606s] DEBUG:colcon.colcon_core.event_handler.log_command:Invoking command in '/home/ieee/justbaked/justbaked/build/turtlebot4_description': CMAKE_PREFIX_PATH=${CMAKE_PREFIX_PATH}:/opt/ros/jazzy DEBUGINFOD_URLS=https://debuginfod.ubuntu.com /usr/bin/cmake --install /home/ieee/justbaked/justbaked/build/turtlebot4_description
[0.661s] Level 1:colcon.colcon_core.environment:create_environment_scripts_only(turtlebot4_description)
[0.662s] DEBUG:colcon.colcon_core.event_handler.log_command:Invoked command in '/home/ieee/justbaked/justbaked/build/turtlebot4_description' returned '0': CMAKE_PREFIX_PATH=${CMAKE_PREFIX_PATH}:/opt/ros/jazzy DEBUGINFOD_URLS=https://debuginfod.ubuntu.com /usr/bin/cmake --install /home/ieee/justbaked/justbaked/build/turtlebot4_description
[0.668s] Level 1:colcon.colcon_core.environment:checking '/home/ieee/justbaked/justbaked/install/turtlebot4_description' for CMake module files
[0.670s] Level 1:colcon.colcon_core.environment:checking '/home/ieee/justbaked/justbaked/install/turtlebot4_description' for CMake config files
[0.670s] Level 1:colcon.colcon_core.shell:create_environment_hook('turtlebot4_description', 'cmake_prefix_path')
[0.671s] INFO:colcon.colcon_core.shell:Creating environment descriptor '/home/ieee/justbaked/justbaked/install/turtlebot4_description/share/turtlebot4_description/hook/cmake_prefix_path.dsv'
[0.672s] INFO:colcon.colcon_core.shell:Creating environment hook '/home/ieee/justbaked/justbaked/install/turtlebot4_description/share/turtlebot4_description/hook/cmake_prefix_path.sh'
[0.673s] Level 1:colcon.colcon_core.environment:checking '/home/ieee/justbaked/justbaked/install/turtlebot4_description/bin'
[0.673s] Level 1:colcon.colcon_core.environment:checking '/home/ieee/justbaked/justbaked/install/turtlebot4_description/lib/pkgconfig/turtlebot4_description.pc'
[0.678s] Level 1:colcon.colcon_core.environment:checking '/home/ieee/justbaked/justbaked/install/turtlebot4_description/lib/python3.12/site-packages'
[0.679s] Level 1:colcon.colcon_core.environment:checking '/home/ieee/justbaked/justbaked/install/turtlebot4_description/bin'
[0.679s] INFO:colcon.colcon_core.shell:Creating package descriptor '/home/ieee/justbaked/justbaked/install/turtlebot4_description/share/turtlebot4_description/package.dsv'
[0.680s] INFO:colcon.colcon_core.shell:Creating package script '/home/ieee/justbaked/justbaked/install/turtlebot4_description/share/turtlebot4_description/package.sh'
[0.681s] INFO:colcon.colcon_core.shell:Creating package script '/home/ieee/justbaked/justbaked/install/turtlebot4_description/share/turtlebot4_description/package.bash'
[0.682s] INFO:colcon.colcon_core.shell:Creating package script '/home/ieee/justbaked/justbaked/install/turtlebot4_description/share/turtlebot4_description/package.zsh'
[0.683s] Level 1:colcon.colcon_core.environment:create_file_with_runtime_dependencies(/home/ieee/justbaked/justbaked/install/turtlebot4_description/share/colcon-core/packages/turtlebot4_description)
[0.684s] Level 1:colcon.colcon_core.environment:create_environment_scripts_only(turtlebot4_description)
[0.685s] Level 1:colcon.colcon_core.environment:checking '/home/ieee/justbaked/justbaked/install/turtlebot4_description' for CMake module files
[0.685s] Level 1:colcon.colcon_core.environment:checking '/home/ieee/justbaked/justbaked/install/turtlebot4_description' for CMake config files
[0.686s] Level 1:colcon.colcon_core.shell:create_environment_hook('turtlebot4_description', 'cmake_prefix_path')
[0.686s] INFO:colcon.colcon_core.shell:Creating environment descriptor '/home/ieee/justbaked/justbaked/install/turtlebot4_description/share/turtlebot4_description/hook/cmake_prefix_path.dsv'
[0.687s] INFO:colcon.colcon_core.shell:Creating environment hook '/home/ieee/justbaked/justbaked/install/turtlebot4_description/share/turtlebot4_description/hook/cmake_prefix_path.sh'
[0.687s] Level 1:colcon.colcon_core.environment:checking '/home/ieee/justbaked/justbaked/install/turtlebot4_description/bin'
[0.688s] Level 1:colcon.colcon_core.environment:checking '/home/ieee/justbaked/justbaked/install/turtlebot4_description/lib/pkgconfig/turtlebot4_description.pc'
[0.688s] Level 1:colcon.colcon_core.environment:checking '/home/ieee/justbaked/justbaked/install/turtlebot4_description/lib/python3.12/site-packages'
[0.688s] Level 1:colcon.colcon_core.environment:checking '/home/ieee/justbaked/justbaked/install/turtlebot4_description/bin'
[0.689s] INFO:colcon.colcon_core.shell:Creating package descriptor '/home/ieee/justbaked/justbaked/install/turtlebot4_description/share/turtlebot4_description/package.dsv'
[0.689s] INFO:colcon.colcon_core.shell:Creating package script '/home/ieee/justbaked/justbaked/install/turtlebot4_description/share/turtlebot4_description/package.sh'
[0.690s] INFO:colcon.colcon_core.shell:Creating package script '/home/ieee/justbaked/justbaked/install/turtlebot4_description/share/turtlebot4_description/package.bash'
[0.691s] INFO:colcon.colcon_core.shell:Creating package script '/home/ieee/justbaked/justbaked/install/turtlebot4_description/share/turtlebot4_description/package.zsh'
[0.692s] Level 1:colcon.colcon_core.environment:create_file_with_runtime_dependencies(/home/ieee/justbaked/justbaked/install/turtlebot4_description/share/colcon-core/packages/turtlebot4_description)
[0.694s] DEBUG:colcon.colcon_core.event_handler.log_command:Invoked command in '/home/ieee/justbaked/justbaked/build/sllidar_ros2' returned '0': CMAKE_PREFIX_PATH=${CMAKE_PREFIX_PATH}:/opt/ros/jazzy DEBUGINFOD_URLS=https://debuginfod.ubuntu.com /usr/bin/cmake --build /home/ieee/justbaked/justbaked/build/sllidar_ros2 -- -j4 -l4
[0.696s] DEBUG:colcon.colcon_core.event_handler.log_command:Invoking command in '/home/ieee/justbaked/justbaked/build/sllidar_ros2': CMAKE_PREFIX_PATH=${CMAKE_PREFIX_PATH}:/opt/ros/jazzy DEBUGINFOD_URLS=https://debuginfod.ubuntu.com /usr/bin/cmake --install /home/ieee/justbaked/justbaked/build/sllidar_ros2
[0.742s] Level 1:colcon.colcon_core.environment:create_environment_scripts_only(sllidar_ros2)
[0.743s] Level 1:colcon.colcon_core.environment:checking '/home/ieee/justbaked/justbaked/install/sllidar_ros2' for CMake module files
[0.743s] DEBUG:colcon.colcon_core.event_handler.log_command:Invoked command in '/home/ieee/justbaked/justbaked/build/sllidar_ros2' returned '0': CMAKE_PREFIX_PATH=${CMAKE_PREFIX_PATH}:/opt/ros/jazzy DEBUGINFOD_URLS=https://debuginfod.ubuntu.com /usr/bin/cmake --install /home/ieee/justbaked/justbaked/build/sllidar_ros2
[0.744s] Level 1:colcon.colcon_core.environment:checking '/home/ieee/justbaked/justbaked/install/sllidar_ros2' for CMake config files
[0.744s] Level 1:colcon.colcon_core.shell:create_environment_hook('sllidar_ros2', 'cmake_prefix_path')
[0.745s] INFO:colcon.colcon_core.shell:Creating environment descriptor '/home/ieee/justbaked/justbaked/install/sllidar_ros2/share/sllidar_ros2/hook/cmake_prefix_path.dsv'
[0.745s] INFO:colcon.colcon_core.shell:Creating environment hook '/home/ieee/justbaked/justbaked/install/sllidar_ros2/share/sllidar_ros2/hook/cmake_prefix_path.sh'
[0.746s] Level 1:colcon.colcon_core.environment:checking '/home/ieee/justbaked/justbaked/install/sllidar_ros2/lib'
[0.746s] Level 1:colcon.colcon_core.environment:checking '/home/ieee/justbaked/justbaked/install/sllidar_ros2/bin'
[0.746s] Level 1:colcon.colcon_core.environment:checking '/home/ieee/justbaked/justbaked/install/sllidar_ros2/lib/pkgconfig/sllidar_ros2.pc'
[0.747s] Level 1:colcon.colcon_core.environment:checking '/home/ieee/justbaked/justbaked/install/sllidar_ros2/lib/python3.12/site-packages'
[0.747s] Level 1:colcon.colcon_core.environment:checking '/home/ieee/justbaked/justbaked/install/sllidar_ros2/bin'
[0.747s] INFO:colcon.colcon_core.shell:Creating package descriptor '/home/ieee/justbaked/justbaked/install/sllidar_ros2/share/sllidar_ros2/package.dsv'
[0.748s] INFO:colcon.colcon_core.shell:Creating package script '/home/ieee/justbaked/justbaked/install/sllidar_ros2/share/sllidar_ros2/package.sh'
[0.748s] INFO:colcon.colcon_core.shell:Creating package script '/home/ieee/justbaked/justbaked/install/sllidar_ros2/share/sllidar_ros2/package.bash'
[0.749s] INFO:colcon.colcon_core.shell:Creating package script '/home/ieee/justbaked/justbaked/install/sllidar_ros2/share/sllidar_ros2/package.zsh'
[0.750s] Level 1:colcon.colcon_core.environment:create_file_with_runtime_dependencies(/home/ieee/justbaked/justbaked/install/sllidar_ros2/share/colcon-core/packages/sllidar_ros2)
[0.750s] Level 1:colcon.colcon_core.environment:create_environment_scripts_only(sllidar_ros2)
[0.751s] Level 1:colcon.colcon_core.environment:checking '/home/ieee/justbaked/justbaked/install/sllidar_ros2' for CMake module files
[0.751s] Level 1:colcon.colcon_core.environment:checking '/home/ieee/justbaked/justbaked/install/sllidar_ros2' for CMake config files
[0.752s] Level 1:colcon.colcon_core.shell:create_environment_hook('sllidar_ros2', 'cmake_prefix_path')
[0.752s] INFO:colcon.colcon_core.shell:Creating environment descriptor '/home/ieee/justbaked/justbaked/install/sllidar_ros2/share/sllidar_ros2/hook/cmake_prefix_path.dsv'
[0.753s] INFO:colcon.colcon_core.shell:Creating environment hook '/home/ieee/justbaked/justbaked/install/sllidar_ros2/share/sllidar_ros2/hook/cmake_prefix_path.sh'
[0.753s] Level 1:colcon.colcon_core.environment:checking '/home/ieee/justbaked/justbaked/install/sllidar_ros2/lib'
[0.754s] Level 1:colcon.colcon_core.environment:checking '/home/ieee/justbaked/justbaked/install/sllidar_ros2/bin'
[0.754s] Level 1:colcon.colcon_core.environment:checking '/home/ieee/justbaked/justbaked/install/sllidar_ros2/lib/pkgconfig/sllidar_ros2.pc'
[0.754s] Level 1:colcon.colcon_core.environment:checking '/home/ieee/justbaked/justbaked/install/sllidar_ros2/lib/python3.12/site-packages'
[0.754s] Level 1:colcon.colcon_core.environment:checking '/home/ieee/justbaked/justbaked/install/sllidar_ros2/bin'
[0.755s] INFO:colcon.colcon_core.shell:Creating package descriptor '/home/ieee/justbaked/justbaked/install/sllidar_ros2/share/sllidar_ros2/package.dsv'
[0.755s] INFO:colcon.colcon_core.shell:Creating package script '/home/ieee/justbaked/justbaked/install/sllidar_ros2/share/sllidar_ros2/package.sh'
[0.756s] INFO:colcon.colcon_core.shell:Creating package script '/home/ieee/justbaked/justbaked/install/sllidar_ros2/share/sllidar_ros2/package.bash'
[0.756s] INFO:colcon.colcon_core.shell:Creating package script '/home/ieee/justbaked/justbaked/install/sllidar_ros2/share/sllidar_ros2/package.zsh'
[0.757s] Level 1:colcon.colcon_core.environment:create_file_with_runtime_dependencies(/home/ieee/justbaked/justbaked/install/sllidar_ros2/share/colcon-core/packages/sllidar_ros2)
[1.128s] DEBUG:colcon.colcon_core.event_handler.log_command:Invoked command in '/home/ieee/justbaked/justbaked/build/turtlebot4_navigation' returned '0': CMAKE_PREFIX_PATH=${CMAKE_PREFIX_PATH}:/opt/ros/jazzy DEBUGINFOD_URLS=https://debuginfod.ubuntu.com /usr/bin/cmake --build /home/ieee/justbaked/justbaked/build/turtlebot4_navigation -- -j4 -l4
[1.130s] DEBUG:colcon.colcon_core.event_handler.log_command:Invoking command in '/home/ieee/justbaked/justbaked/build/turtlebot4_navigation': CMAKE_PREFIX_PATH=${CMAKE_PREFIX_PATH}:/opt/ros/jazzy DEBUGINFOD_URLS=https://debuginfod.ubuntu.com /usr/bin/cmake --install /home/ieee/justbaked/justbaked/build/turtlebot4_navigation
[1.327s] Level 1:colcon.colcon_core.environment:create_environment_scripts_only(turtlebot4_navigation)
[1.328s] Level 1:colcon.colcon_core.environment:checking '/home/ieee/justbaked/justbaked/install/turtlebot4_navigation' for CMake module files
[1.328s] DEBUG:colcon.colcon_core.event_handler.log_command:Invoked command in '/home/ieee/justbaked/justbaked/build/turtlebot4_navigation' returned '0': CMAKE_PREFIX_PATH=${CMAKE_PREFIX_PATH}:/opt/ros/jazzy DEBUGINFOD_URLS=https://debuginfod.ubuntu.com /usr/bin/cmake --install /home/ieee/justbaked/justbaked/build/turtlebot4_navigation
[1.329s] Level 1:colcon.colcon_core.environment:checking '/home/ieee/justbaked/justbaked/install/turtlebot4_navigation' for CMake config files
[1.330s] Level 1:colcon.colcon_core.shell:create_environment_hook('turtlebot4_navigation', 'cmake_prefix_path')
[1.330s] INFO:colcon.colcon_core.shell:Creating environment descriptor '/home/ieee/justbaked/justbaked/install/turtlebot4_navigation/share/turtlebot4_navigation/hook/cmake_prefix_path.dsv'
[1.331s] INFO:colcon.colcon_core.shell:Creating environment hook '/home/ieee/justbaked/justbaked/install/turtlebot4_navigation/share/turtlebot4_navigation/hook/cmake_prefix_path.sh'
[1.331s] Level 1:colcon.colcon_core.environment:checking '/home/ieee/justbaked/justbaked/install/turtlebot4_navigation/lib'
[1.331s] Level 1:colcon.colcon_core.environment:checking '/home/ieee/justbaked/justbaked/install/turtlebot4_navigation/bin'
[1.332s] Level 1:colcon.colcon_core.environment:checking '/home/ieee/justbaked/justbaked/install/turtlebot4_navigation/lib/pkgconfig/turtlebot4_navigation.pc'
[1.332s] Level 1:colcon.colcon_core.environment:checking '/home/ieee/justbaked/justbaked/install/turtlebot4_navigation/lib/python3.12/site-packages'
[1.332s] Level 1:colcon.colcon_core.shell:create_environment_hook('turtlebot4_navigation', 'pythonpath')
[1.332s] INFO:colcon.colcon_core.shell:Creating environment descriptor '/home/ieee/justbaked/justbaked/install/turtlebot4_navigation/share/turtlebot4_navigation/hook/pythonpath.dsv'
[1.333s] INFO:colcon.colcon_core.shell:Creating environment hook '/home/ieee/justbaked/justbaked/install/turtlebot4_navigation/share/turtlebot4_navigation/hook/pythonpath.sh'
[1.334s] Level 1:colcon.colcon_core.environment:checking '/home/ieee/justbaked/justbaked/install/turtlebot4_navigation/bin'
[1.334s] INFO:colcon.colcon_core.shell:Creating package descriptor '/home/ieee/justbaked/justbaked/install/turtlebot4_navigation/share/turtlebot4_navigation/package.dsv'
[1.335s] INFO:colcon.colcon_core.shell:Creating package script '/home/ieee/justbaked/justbaked/install/turtlebot4_navigation/share/turtlebot4_navigation/package.sh'
[1.335s] INFO:colcon.colcon_core.shell:Creating package script '/home/ieee/justbaked/justbaked/install/turtlebot4_navigation/share/turtlebot4_navigation/package.bash'
[1.336s] INFO:colcon.colcon_core.shell:Creating package script '/home/ieee/justbaked/justbaked/install/turtlebot4_navigation/share/turtlebot4_navigation/package.zsh'
[1.336s] Level 1:colcon.colcon_core.environment:create_file_with_runtime_dependencies(/home/ieee/justbaked/justbaked/install/turtlebot4_navigation/share/colcon-core/packages/turtlebot4_navigation)
[1.337s] Level 1:colcon.colcon_core.environment:create_environment_scripts_only(turtlebot4_navigation)
[1.337s] Level 1:colcon.colcon_core.environment:checking '/home/ieee/justbaked/justbaked/install/turtlebot4_navigation' for CMake module files
[1.338s] Level 1:colcon.colcon_core.environment:checking '/home/ieee/justbaked/justbaked/install/turtlebot4_navigation' for CMake config files
[1.339s] Level 1:colcon.colcon_core.shell:create_environment_hook('turtlebot4_navigation', 'cmake_prefix_path')
[1.339s] INFO:colcon.colcon_core.shell:Creating environment descriptor '/home/ieee/justbaked/justbaked/install/turtlebot4_navigation/share/turtlebot4_navigation/hook/cmake_prefix_path.dsv'
[1.339s] INFO:colcon.colcon_core.shell:Creating environment hook '/home/ieee/justbaked/justbaked/install/turtlebot4_navigation/share/turtlebot4_navigation/hook/cmake_prefix_path.sh'
[1.340s] Level 1:colcon.colcon_core.environment:checking '/home/ieee/justbaked/justbaked/install/turtlebot4_navigation/lib'
[1.340s] Level 1:colcon.colcon_core.environment:checking '/home/ieee/justbaked/justbaked/install/turtlebot4_navigation/bin'
[1.341s] Level 1:colcon.colcon_core.environment:checking '/home/ieee/justbaked/justbaked/install/turtlebot4_navigation/lib/pkgconfig/turtlebot4_navigation.pc'
[1.341s] Level 1:colcon.colcon_core.environment:checking '/home/ieee/justbaked/justbaked/install/turtlebot4_navigation/lib/python3.12/site-packages'
[1.341s] Level 1:colcon.colcon_core.shell:create_environment_hook('turtlebot4_navigation', 'pythonpath')
[1.341s] INFO:colcon.colcon_core.shell:Creating environment descriptor '/home/ieee/justbaked/justbaked/install/turtlebot4_navigation/share/turtlebot4_navigation/hook/pythonpath.dsv'
[1.342s] INFO:colcon.colcon_core.shell:Creating environment hook '/home/ieee/justbaked/justbaked/install/turtlebot4_navigation/share/turtlebot4_navigation/hook/pythonpath.sh'
[1.342s] Level 1:colcon.colcon_core.environment:checking '/home/ieee/justbaked/justbaked/install/turtlebot4_navigation/bin'
[1.343s] INFO:colcon.colcon_core.shell:Creating package descriptor '/home/ieee/justbaked/justbaked/install/turtlebot4_navigation/share/turtlebot4_navigation/package.dsv'
[1.343s] INFO:colcon.colcon_core.shell:Creating package script '/home/ieee/justbaked/justbaked/install/turtlebot4_navigation/share/turtlebot4_navigation/package.sh'
[1.344s] INFO:colcon.colcon_core.shell:Creating package script '/home/ieee/justbaked/justbaked/install/turtlebot4_navigation/share/turtlebot4_navigation/package.bash'
[1.344s] INFO:colcon.colcon_core.shell:Creating package script '/home/ieee/justbaked/justbaked/install/turtlebot4_navigation/share/turtlebot4_navigation/package.zsh'
[1.345s] Level 1:colcon.colcon_core.environment:create_file_with_runtime_dependencies(/home/ieee/justbaked/justbaked/install/turtlebot4_navigation/share/colcon-core/packages/turtlebot4_navigation)
[1.345s] DEBUG:colcon.colcon_parallel_executor.executor.parallel:closing loop
[1.345s] DEBUG:colcon.colcon_parallel_executor.executor.parallel:loop closed
[1.346s] DEBUG:colcon.colcon_parallel_executor.executor.parallel:run_until_complete finished with '0'
[1.346s] DEBUG:colcon.colcon_core.event_reactor:joining thread
[1.355s] INFO:colcon.colcon_core.plugin_system:Skipping extension 'colcon_notification.desktop_notification.terminal_notifier': Not used on non-Darwin systems
[1.355s] INFO:colcon.colcon_core.plugin_system:Skipping extension 'colcon_notification.desktop_notification.win32': Not used on non-Windows systems
[1.355s] INFO:colcon.colcon_notification.desktop_notification:Sending desktop notification using 'notify2'
[1.372s] DEBUG:colcon.colcon_core.event_reactor:joined thread
[1.372s] INFO:colcon.colcon_core.shell:Creating prefix script '/home/ieee/justbaked/justbaked/install/local_setup.sh'
[1.374s] INFO:colcon.colcon_core.shell:Creating prefix util module '/home/ieee/justbaked/justbaked/install/_local_setup_util_sh.py'
[1.375s] INFO:colcon.colcon_core.shell:Creating prefix chain script '/home/ieee/justbaked/justbaked/install/setup.sh'
[1.377s] INFO:colcon.colcon_core.shell:Creating prefix script '/home/ieee/justbaked/justbaked/install/local_setup.bash'
[1.377s] INFO:colcon.colcon_core.shell:Creating prefix chain script '/home/ieee/justbaked/justbaked/install/setup.bash'
[1.379s] INFO:colcon.colcon_core.shell:Creating prefix script '/home/ieee/justbaked/justbaked/install/local_setup.zsh'
[1.379s] INFO:colcon.colcon_core.shell:Creating prefix chain script '/home/ieee/justbaked/justbaked/install/setup.zsh'
