[1.375s] DEBUG:colcon:Command line arguments: ['/usr/bin/colcon', 'build']
[1.375s] DEBUG:colcon:Parsed command line arguments: Namespace(log_base=None, log_level=None, verb_name='build', build_base='build', install_base='install', merge_install=False, symlink_install=False, test_result_base=None, continue_on_error=False, executor='parallel', parallel_workers=4, event_handlers=None, ignore_user_meta=False, metas=['./colcon.meta'], base_paths=['.'], packages_ignore=None, packages_ignore_regex=None, paths=None, packages_up_to=None, packages_up_to_regex=None, packages_above=None, packages_above_and_dependencies=None, packages_above_depth=None, packages_select_by_dep=None, packages_skip_by_dep=None, packages_skip_up_to=None, packages_select_build_failed=False, packages_skip_build_finished=False, packages_select_test_failures=False, packages_skip_test_passed=False, packages_select=None, packages_skip=None, packages_select_regex=None, packages_skip_regex=None, packages_start=None, packages_end=None, allow_overriding=[], cmake_args=None, cmake_target=None, cmake_target_skip_unavailable=False, cmake_clean_cache=False, cmake_clean_first=False, cmake_force_configure=False, ament_cmake_args=None, catkin_cmake_args=None, catkin_skip_building_tests=False, mixin_files=None, mixin=None, verb_parser=<colcon_mixin.mixin.mixin_argument.MixinArgumentDecorator object at 0x765b32c87f50>, verb_extension=<colcon_core.verb.build.BuildVerb object at 0x765b32c87aa0>, main=<bound method BuildVerb.main of <colcon_core.verb.build.BuildVerb object at 0x765b32c87aa0>>, mixin_verb=('build',))
[1.452s] Level 1:colcon.colcon_core.package_discovery:discover_packages(colcon_meta) check parameters
[1.453s] Level 1:colcon.colcon_core.package_discovery:discover_packages(recursive) check parameters
[1.453s] Level 1:colcon.colcon_core.package_discovery:discover_packages(ignore) check parameters
[1.453s] Level 1:colcon.colcon_core.package_discovery:discover_packages(path) check parameters
[1.453s] Level 1:colcon.colcon_core.package_discovery:discover_packages(colcon_meta) discover
[1.453s] Level 1:colcon.colcon_core.package_discovery:discover_packages(recursive) discover
[1.453s] INFO:colcon.colcon_core.package_discovery:Crawling recursively for packages in '/home/jack/justbaked/justbaked'
[1.453s] Level 1:colcon.colcon_core.package_identification:_identify(.) by extensions ['ignore', 'ignore_ament_install']
[1.453s] Level 1:colcon.colcon_core.package_identification:_identify(.) by extension 'ignore'
[1.453s] Level 1:colcon.colcon_core.package_identification:_identify(.) by extension 'ignore_ament_install'
[1.453s] Level 1:colcon.colcon_core.package_identification:_identify(.) by extensions ['colcon_pkg']
[1.453s] Level 1:colcon.colcon_core.package_identification:_identify(.) by extension 'colcon_pkg'
[1.454s] Level 1:colcon.colcon_core.package_identification:_identify(.) by extensions ['colcon_meta']
[1.454s] Level 1:colcon.colcon_core.package_identification:_identify(.) by extension 'colcon_meta'
[1.454s] Level 1:colcon.colcon_core.package_identification:_identify(.) by extensions ['ros']
[1.454s] Level 1:colcon.colcon_core.package_identification:_identify(.) by extension 'ros'
[1.509s] Level 1:colcon.colcon_core.package_identification:_identify(.) by extensions ['cmake', 'python']
[1.509s] Level 1:colcon.colcon_core.package_identification:_identify(.) by extension 'cmake'
[1.509s] Level 1:colcon.colcon_core.package_identification:_identify(.) by extension 'python'
[1.509s] Level 1:colcon.colcon_core.package_identification:_identify(.) by extensions ['python_setup_py']
[1.509s] Level 1:colcon.colcon_core.package_identification:_identify(.) by extension 'python_setup_py'
[1.510s] Level 1:colcon.colcon_core.package_identification:_identify(build) by extensions ['ignore', 'ignore_ament_install']
[1.510s] Level 1:colcon.colcon_core.package_identification:_identify(build) by extension 'ignore'
[1.510s] Level 1:colcon.colcon_core.package_identification:_identify(build) ignored
[1.510s] Level 1:colcon.colcon_core.package_identification:_identify(install) by extensions ['ignore', 'ignore_ament_install']
[1.510s] Level 1:colcon.colcon_core.package_identification:_identify(install) by extension 'ignore'
[1.510s] Level 1:colcon.colcon_core.package_identification:_identify(install) ignored
[1.510s] Level 1:colcon.colcon_core.package_identification:_identify(log) by extensions ['ignore', 'ignore_ament_install']
[1.511s] Level 1:colcon.colcon_core.package_identification:_identify(log) by extension 'ignore'
[1.511s] Level 1:colcon.colcon_core.package_identification:_identify(log) ignored
[1.511s] Level 1:colcon.colcon_core.package_identification:_identify(src) by extensions ['ignore', 'ignore_ament_install']
[1.511s] Level 1:colcon.colcon_core.package_identification:_identify(src) by extension 'ignore'
[1.511s] Level 1:colcon.colcon_core.package_identification:_identify(src) by extension 'ignore_ament_install'
[1.511s] Level 1:colcon.colcon_core.package_identification:_identify(src) by extensions ['colcon_pkg']
[1.511s] Level 1:colcon.colcon_core.package_identification:_identify(src) by extension 'colcon_pkg'
[1.511s] Level 1:colcon.colcon_core.package_identification:_identify(src) by extensions ['colcon_meta']
[1.511s] Level 1:colcon.colcon_core.package_identification:_identify(src) by extension 'colcon_meta'
[1.511s] Level 1:colcon.colcon_core.package_identification:_identify(src) by extensions ['ros']
[1.511s] Level 1:colcon.colcon_core.package_identification:_identify(src) by extension 'ros'
[1.511s] Level 1:colcon.colcon_core.package_identification:_identify(src) by extensions ['cmake', 'python']
[1.512s] Level 1:colcon.colcon_core.package_identification:_identify(src) by extension 'cmake'
[1.512s] Level 1:colcon.colcon_core.package_identification:_identify(src) by extension 'python'
[1.512s] Level 1:colcon.colcon_core.package_identification:_identify(src) by extensions ['python_setup_py']
[1.512s] Level 1:colcon.colcon_core.package_identification:_identify(src) by extension 'python_setup_py'
[1.512s] Level 1:colcon.colcon_core.package_identification:_identify(src/gazebo) by extensions ['ignore', 'ignore_ament_install']
[1.512s] Level 1:colcon.colcon_core.package_identification:_identify(src/gazebo) by extension 'ignore'
[1.512s] Level 1:colcon.colcon_core.package_identification:_identify(src/gazebo) by extension 'ignore_ament_install'
[1.512s] Level 1:colcon.colcon_core.package_identification:_identify(src/gazebo) by extensions ['colcon_pkg']
[1.512s] Level 1:colcon.colcon_core.package_identification:_identify(src/gazebo) by extension 'colcon_pkg'
[1.512s] Level 1:colcon.colcon_core.package_identification:_identify(src/gazebo) by extensions ['colcon_meta']
[1.512s] Level 1:colcon.colcon_core.package_identification:_identify(src/gazebo) by extension 'colcon_meta'
[1.512s] Level 1:colcon.colcon_core.package_identification:_identify(src/gazebo) by extensions ['ros']
[1.512s] Level 1:colcon.colcon_core.package_identification:_identify(src/gazebo) by extension 'ros'
[1.516s] DEBUG:colcon.colcon_core.package_identification:Package 'src/gazebo' with type 'ros.ament_cmake' and name 'gazebo'
[1.516s] Level 1:colcon.colcon_core.package_identification:_identify(src/robdesc) by extensions ['ignore', 'ignore_ament_install']
[1.516s] Level 1:colcon.colcon_core.package_identification:_identify(src/robdesc) by extension 'ignore'
[1.517s] Level 1:colcon.colcon_core.package_identification:_identify(src/robdesc) by extension 'ignore_ament_install'
[1.517s] Level 1:colcon.colcon_core.package_identification:_identify(src/robdesc) by extensions ['colcon_pkg']
[1.517s] Level 1:colcon.colcon_core.package_identification:_identify(src/robdesc) by extension 'colcon_pkg'
[1.517s] Level 1:colcon.colcon_core.package_identification:_identify(src/robdesc) by extensions ['colcon_meta']
[1.517s] Level 1:colcon.colcon_core.package_identification:_identify(src/robdesc) by extension 'colcon_meta'
[1.517s] Level 1:colcon.colcon_core.package_identification:_identify(src/robdesc) by extensions ['ros']
[1.517s] Level 1:colcon.colcon_core.package_identification:_identify(src/robdesc) by extension 'ros'
[1.518s] DEBUG:colcon.colcon_core.package_identification:Package 'src/robdesc' with type 'ros.ament_cmake' and name 'robdesc'
[1.518s] Level 1:colcon.colcon_core.package_discovery:discover_packages(recursive) using defaults
[1.518s] Level 1:colcon.colcon_core.package_discovery:discover_packages(ignore) discover
[1.518s] Level 1:colcon.colcon_core.package_discovery:discover_packages(ignore) using defaults
[1.518s] Level 1:colcon.colcon_core.package_discovery:discover_packages(path) discover
[1.518s] Level 1:colcon.colcon_core.package_discovery:discover_packages(path) using defaults
[1.552s] Level 1:colcon.colcon_core.package_discovery:discover_packages(prefix_path) check parameters
[1.552s] Level 1:colcon.colcon_core.package_discovery:discover_packages(prefix_path) discover
[1.556s] DEBUG:colcon.colcon_installed_package_information.package_discovery:Found 2 installed packages in /home/jack/justbaked/justbaked/install
[1.560s] DEBUG:colcon.colcon_installed_package_information.package_discovery:Found 351 installed packages in /opt/ros/jazzy
[1.563s] Level 1:colcon.colcon_core.package_discovery:discover_packages(prefix_path) using defaults
[1.685s] Level 5:colcon.colcon_core.verb:set package 'gazebo' build argument 'cmake_args' from command line to 'None'
[1.685s] Level 5:colcon.colcon_core.verb:set package 'gazebo' build argument 'cmake_target' from command line to 'None'
[1.685s] Level 5:colcon.colcon_core.verb:set package 'gazebo' build argument 'cmake_target_skip_unavailable' from command line to 'False'
[1.686s] Level 5:colcon.colcon_core.verb:set package 'gazebo' build argument 'cmake_clean_cache' from command line to 'False'
[1.686s] Level 5:colcon.colcon_core.verb:set package 'gazebo' build argument 'cmake_clean_first' from command line to 'False'
[1.686s] Level 5:colcon.colcon_core.verb:set package 'gazebo' build argument 'cmake_force_configure' from command line to 'False'
[1.686s] Level 5:colcon.colcon_core.verb:set package 'gazebo' build argument 'ament_cmake_args' from command line to 'None'
[1.686s] Level 5:colcon.colcon_core.verb:set package 'gazebo' build argument 'catkin_cmake_args' from command line to 'None'
[1.686s] Level 5:colcon.colcon_core.verb:set package 'gazebo' build argument 'catkin_skip_building_tests' from command line to 'False'
[1.686s] DEBUG:colcon.colcon_core.verb:Building package 'gazebo' with the following arguments: {'ament_cmake_args': None, 'build_base': '/home/jack/justbaked/justbaked/build/gazebo', 'catkin_cmake_args': None, 'catkin_skip_building_tests': False, 'cmake_args': None, 'cmake_clean_cache': False, 'cmake_clean_first': False, 'cmake_force_configure': False, 'cmake_target': None, 'cmake_target_skip_unavailable': False, 'install_base': '/home/jack/justbaked/justbaked/install/gazebo', 'merge_install': False, 'path': '/home/jack/justbaked/justbaked/src/gazebo', 'symlink_install': False, 'test_result_base': None}
[1.686s] Level 5:colcon.colcon_core.verb:set package 'robdesc' build argument 'cmake_args' from command line to 'None'
[1.686s] Level 5:colcon.colcon_core.verb:set package 'robdesc' build argument 'cmake_target' from command line to 'None'
[1.686s] Level 5:colcon.colcon_core.verb:set package 'robdesc' build argument 'cmake_target_skip_unavailable' from command line to 'False'
[1.687s] Level 5:colcon.colcon_core.verb:set package 'robdesc' build argument 'cmake_clean_cache' from command line to 'False'
[1.687s] Level 5:colcon.colcon_core.verb:set package 'robdesc' build argument 'cmake_clean_first' from command line to 'False'
[1.687s] Level 5:colcon.colcon_core.verb:set package 'robdesc' build argument 'cmake_force_configure' from command line to 'False'
[1.687s] Level 5:colcon.colcon_core.verb:set package 'robdesc' build argument 'ament_cmake_args' from command line to 'None'
[1.687s] Level 5:colcon.colcon_core.verb:set package 'robdesc' build argument 'catkin_cmake_args' from command line to 'None'
[1.687s] Level 5:colcon.colcon_core.verb:set package 'robdesc' build argument 'catkin_skip_building_tests' from command line to 'False'
[1.687s] DEBUG:colcon.colcon_core.verb:Building package 'robdesc' with the following arguments: {'ament_cmake_args': None, 'build_base': '/home/jack/justbaked/justbaked/build/robdesc', 'catkin_cmake_args': None, 'catkin_skip_building_tests': False, 'cmake_args': None, 'cmake_clean_cache': False, 'cmake_clean_first': False, 'cmake_force_configure': False, 'cmake_target': None, 'cmake_target_skip_unavailable': False, 'install_base': '/home/jack/justbaked/justbaked/install/robdesc', 'merge_install': False, 'path': '/home/jack/justbaked/justbaked/src/robdesc', 'symlink_install': False, 'test_result_base': None}
[1.687s] INFO:colcon.colcon_core.executor:Executing jobs using 'parallel' executor
[1.688s] DEBUG:colcon.colcon_parallel_executor.executor.parallel:run_until_complete
[1.689s] INFO:colcon.colcon_ros.task.ament_cmake.build:Building ROS package in '/home/jack/justbaked/justbaked/src/gazebo' with build type 'ament_cmake'
[1.689s] INFO:colcon.colcon_cmake.task.cmake.build:Building CMake package in '/home/jack/justbaked/justbaked/src/gazebo'
[1.692s] INFO:colcon.colcon_core.plugin_system:Skipping extension 'colcon_core.shell.bat': Not used on non-Windows systems
[1.692s] INFO:colcon.colcon_core.shell:Skip shell extension 'powershell' for command environment: Not usable outside of PowerShell
[1.692s] DEBUG:colcon.colcon_core.shell:Skip shell extension 'dsv' for command environment
[1.703s] INFO:colcon.colcon_ros.task.ament_cmake.build:Building ROS package in '/home/jack/justbaked/justbaked/src/robdesc' with build type 'ament_cmake'
[1.703s] INFO:colcon.colcon_cmake.task.cmake.build:Building CMake package in '/home/jack/justbaked/justbaked/src/robdesc'
[1.704s] INFO:colcon.colcon_core.shell:Skip shell extension 'powershell' for command environment: Not usable outside of PowerShell
[1.704s] DEBUG:colcon.colcon_core.shell:Skip shell extension 'dsv' for command environment
[1.719s] DEBUG:colcon.colcon_core.event_handler.log_command:Invoking command in '/home/jack/justbaked/justbaked/build/gazebo': CMAKE_PREFIX_PATH=${CMAKE_PREFIX_PATH}:/opt/ros/jazzy DEBUGINFOD_URLS=https://debuginfod.ubuntu.com /usr/bin/cmake --build /home/jack/justbaked/justbaked/build/gazebo -- -j4 -l4
[1.753s] DEBUG:colcon.colcon_core.event_handler.log_command:Invoking command in '/home/jack/justbaked/justbaked/build/robdesc': CMAKE_PREFIX_PATH=${CMAKE_PREFIX_PATH}:/opt/ros/jazzy DEBUGINFOD_URLS=https://debuginfod.ubuntu.com /usr/bin/cmake --build /home/jack/justbaked/justbaked/build/robdesc -- -j4 -l4
[3.377s] DEBUG:colcon.colcon_core.event_handler.log_command:Invoked command in '/home/jack/justbaked/justbaked/build/gazebo' returned '0': CMAKE_PREFIX_PATH=${CMAKE_PREFIX_PATH}:/opt/ros/jazzy DEBUGINFOD_URLS=https://debuginfod.ubuntu.com /usr/bin/cmake --build /home/jack/justbaked/justbaked/build/gazebo -- -j4 -l4
[3.412s] DEBUG:colcon.colcon_core.event_handler.log_command:Invoking command in '/home/jack/justbaked/justbaked/build/gazebo': CMAKE_PREFIX_PATH=${CMAKE_PREFIX_PATH}:/opt/ros/jazzy DEBUGINFOD_URLS=https://debuginfod.ubuntu.com /usr/bin/cmake --install /home/jack/justbaked/justbaked/build/gazebo
[3.417s] DEBUG:colcon.colcon_core.event_handler.log_command:Invoked command in '/home/jack/justbaked/justbaked/build/robdesc' returned '0': CMAKE_PREFIX_PATH=${CMAKE_PREFIX_PATH}:/opt/ros/jazzy DEBUGINFOD_URLS=https://debuginfod.ubuntu.com /usr/bin/cmake --build /home/jack/justbaked/justbaked/build/robdesc -- -j4 -l4
[3.418s] DEBUG:colcon.colcon_core.event_handler.log_command:Invoking command in '/home/jack/justbaked/justbaked/build/robdesc': CMAKE_PREFIX_PATH=${CMAKE_PREFIX_PATH}:/opt/ros/jazzy DEBUGINFOD_URLS=https://debuginfod.ubuntu.com /usr/bin/cmake --install /home/jack/justbaked/justbaked/build/robdesc
[3.447s] Level 1:colcon.colcon_core.environment:create_environment_scripts_only(gazebo)
[3.451s] DEBUG:colcon.colcon_core.event_handler.log_command:Invoked command in '/home/jack/justbaked/justbaked/build/gazebo' returned '0': CMAKE_PREFIX_PATH=${CMAKE_PREFIX_PATH}:/opt/ros/jazzy DEBUGINFOD_URLS=https://debuginfod.ubuntu.com /usr/bin/cmake --install /home/jack/justbaked/justbaked/build/gazebo
[3.454s] Level 1:colcon.colcon_core.environment:checking '/home/jack/justbaked/justbaked/install/gazebo' for CMake module files
[3.455s] Level 1:colcon.colcon_core.environment:checking '/home/jack/justbaked/justbaked/install/gazebo' for CMake config files
[3.456s] Level 1:colcon.colcon_core.shell:create_environment_hook('gazebo', 'cmake_prefix_path')
[3.456s] INFO:colcon.colcon_core.shell:Creating environment hook '/home/jack/justbaked/justbaked/install/gazebo/share/gazebo/hook/cmake_prefix_path.ps1'
[3.457s] INFO:colcon.colcon_core.shell:Creating environment descriptor '/home/jack/justbaked/justbaked/install/gazebo/share/gazebo/hook/cmake_prefix_path.dsv'
[3.458s] INFO:colcon.colcon_core.shell:Creating environment hook '/home/jack/justbaked/justbaked/install/gazebo/share/gazebo/hook/cmake_prefix_path.sh'
[3.459s] Level 1:colcon.colcon_core.environment:checking '/home/jack/justbaked/justbaked/install/gazebo/bin'
[3.459s] Level 1:colcon.colcon_core.environment:checking '/home/jack/justbaked/justbaked/install/gazebo/lib/pkgconfig/gazebo.pc'
[3.460s] Level 1:colcon.colcon_core.environment:checking '/home/jack/justbaked/justbaked/install/gazebo/lib/python3.12/site-packages'
[3.460s] Level 1:colcon.colcon_core.environment:checking '/home/jack/justbaked/justbaked/install/gazebo/bin'
[3.461s] INFO:colcon.colcon_core.shell:Creating package script '/home/jack/justbaked/justbaked/install/gazebo/share/gazebo/package.ps1'
[3.462s] INFO:colcon.colcon_core.shell:Creating package descriptor '/home/jack/justbaked/justbaked/install/gazebo/share/gazebo/package.dsv'
[3.463s] INFO:colcon.colcon_core.shell:Creating package script '/home/jack/justbaked/justbaked/install/gazebo/share/gazebo/package.sh'
[3.464s] INFO:colcon.colcon_core.shell:Creating package script '/home/jack/justbaked/justbaked/install/gazebo/share/gazebo/package.bash'
[3.465s] INFO:colcon.colcon_core.shell:Creating package script '/home/jack/justbaked/justbaked/install/gazebo/share/gazebo/package.zsh'
[3.466s] Level 1:colcon.colcon_core.environment:create_file_with_runtime_dependencies(/home/jack/justbaked/justbaked/install/gazebo/share/colcon-core/packages/gazebo)
[3.467s] Level 1:colcon.colcon_core.environment:create_environment_scripts_only(gazebo)
[3.468s] Level 1:colcon.colcon_core.environment:checking '/home/jack/justbaked/justbaked/install/gazebo' for CMake module files
[3.469s] Level 1:colcon.colcon_core.environment:checking '/home/jack/justbaked/justbaked/install/gazebo' for CMake config files
[3.470s] Level 1:colcon.colcon_core.shell:create_environment_hook('gazebo', 'cmake_prefix_path')
[3.470s] INFO:colcon.colcon_core.shell:Creating environment hook '/home/jack/justbaked/justbaked/install/gazebo/share/gazebo/hook/cmake_prefix_path.ps1'
[3.471s] INFO:colcon.colcon_core.shell:Creating environment descriptor '/home/jack/justbaked/justbaked/install/gazebo/share/gazebo/hook/cmake_prefix_path.dsv'
[3.472s] INFO:colcon.colcon_core.shell:Creating environment hook '/home/jack/justbaked/justbaked/install/gazebo/share/gazebo/hook/cmake_prefix_path.sh'
[3.473s] Level 1:colcon.colcon_core.environment:checking '/home/jack/justbaked/justbaked/install/gazebo/bin'
[3.473s] Level 1:colcon.colcon_core.environment:checking '/home/jack/justbaked/justbaked/install/gazebo/lib/pkgconfig/gazebo.pc'
[3.473s] Level 1:colcon.colcon_core.environment:checking '/home/jack/justbaked/justbaked/install/gazebo/lib/python3.12/site-packages'
[3.473s] Level 1:colcon.colcon_core.environment:checking '/home/jack/justbaked/justbaked/install/gazebo/bin'
[3.474s] INFO:colcon.colcon_core.shell:Creating package script '/home/jack/justbaked/justbaked/install/gazebo/share/gazebo/package.ps1'
[3.475s] INFO:colcon.colcon_core.shell:Creating package descriptor '/home/jack/justbaked/justbaked/install/gazebo/share/gazebo/package.dsv'
[3.476s] INFO:colcon.colcon_core.shell:Creating package script '/home/jack/justbaked/justbaked/install/gazebo/share/gazebo/package.sh'
[3.477s] INFO:colcon.colcon_core.shell:Creating package script '/home/jack/justbaked/justbaked/install/gazebo/share/gazebo/package.bash'
[3.478s] INFO:colcon.colcon_core.shell:Creating package script '/home/jack/justbaked/justbaked/install/gazebo/share/gazebo/package.zsh'
[3.479s] Level 1:colcon.colcon_core.environment:create_file_with_runtime_dependencies(/home/jack/justbaked/justbaked/install/gazebo/share/colcon-core/packages/gazebo)
[3.482s] Level 1:colcon.colcon_core.environment:create_environment_scripts_only(robdesc)
[3.482s] Level 1:colcon.colcon_core.environment:checking '/home/jack/justbaked/justbaked/install/robdesc' for CMake module files
[3.485s] Level 1:colcon.colcon_core.environment:checking '/home/jack/justbaked/justbaked/install/robdesc' for CMake config files
[3.486s] Level 1:colcon.colcon_core.shell:create_environment_hook('robdesc', 'cmake_prefix_path')
[3.486s] INFO:colcon.colcon_core.shell:Creating environment hook '/home/jack/justbaked/justbaked/install/robdesc/share/robdesc/hook/cmake_prefix_path.ps1'
[3.488s] DEBUG:colcon.colcon_core.event_handler.log_command:Invoked command in '/home/jack/justbaked/justbaked/build/robdesc' returned '0': CMAKE_PREFIX_PATH=${CMAKE_PREFIX_PATH}:/opt/ros/jazzy DEBUGINFOD_URLS=https://debuginfod.ubuntu.com /usr/bin/cmake --install /home/jack/justbaked/justbaked/build/robdesc
[3.490s] INFO:colcon.colcon_core.shell:Creating environment descriptor '/home/jack/justbaked/justbaked/install/robdesc/share/robdesc/hook/cmake_prefix_path.dsv'
[3.491s] INFO:colcon.colcon_core.shell:Creating environment hook '/home/jack/justbaked/justbaked/install/robdesc/share/robdesc/hook/cmake_prefix_path.sh'
[3.492s] Level 1:colcon.colcon_core.environment:checking '/home/jack/justbaked/justbaked/install/robdesc/bin'
[3.492s] Level 1:colcon.colcon_core.environment:checking '/home/jack/justbaked/justbaked/install/robdesc/lib/pkgconfig/robdesc.pc'
[3.493s] Level 1:colcon.colcon_core.environment:checking '/home/jack/justbaked/justbaked/install/robdesc/lib/python3.12/site-packages'
[3.493s] Level 1:colcon.colcon_core.environment:checking '/home/jack/justbaked/justbaked/install/robdesc/bin'
[3.494s] INFO:colcon.colcon_core.shell:Creating package script '/home/jack/justbaked/justbaked/install/robdesc/share/robdesc/package.ps1'
[3.495s] INFO:colcon.colcon_core.shell:Creating package descriptor '/home/jack/justbaked/justbaked/install/robdesc/share/robdesc/package.dsv'
[3.495s] INFO:colcon.colcon_core.shell:Creating package script '/home/jack/justbaked/justbaked/install/robdesc/share/robdesc/package.sh'
[3.496s] INFO:colcon.colcon_core.shell:Creating package script '/home/jack/justbaked/justbaked/install/robdesc/share/robdesc/package.bash'
[3.497s] INFO:colcon.colcon_core.shell:Creating package script '/home/jack/justbaked/justbaked/install/robdesc/share/robdesc/package.zsh'
[3.498s] Level 1:colcon.colcon_core.environment:create_file_with_runtime_dependencies(/home/jack/justbaked/justbaked/install/robdesc/share/colcon-core/packages/robdesc)
[3.499s] Level 1:colcon.colcon_core.environment:create_environment_scripts_only(robdesc)
[3.499s] Level 1:colcon.colcon_core.environment:checking '/home/jack/justbaked/justbaked/install/robdesc' for CMake module files
[3.500s] Level 1:colcon.colcon_core.environment:checking '/home/jack/justbaked/justbaked/install/robdesc' for CMake config files
[3.501s] Level 1:colcon.colcon_core.shell:create_environment_hook('robdesc', 'cmake_prefix_path')
[3.501s] INFO:colcon.colcon_core.shell:Creating environment hook '/home/jack/justbaked/justbaked/install/robdesc/share/robdesc/hook/cmake_prefix_path.ps1'
[3.502s] INFO:colcon.colcon_core.shell:Creating environment descriptor '/home/jack/justbaked/justbaked/install/robdesc/share/robdesc/hook/cmake_prefix_path.dsv'
[3.503s] INFO:colcon.colcon_core.shell:Creating environment hook '/home/jack/justbaked/justbaked/install/robdesc/share/robdesc/hook/cmake_prefix_path.sh'
[3.505s] Level 1:colcon.colcon_core.environment:checking '/home/jack/justbaked/justbaked/install/robdesc/bin'
[3.505s] Level 1:colcon.colcon_core.environment:checking '/home/jack/justbaked/justbaked/install/robdesc/lib/pkgconfig/robdesc.pc'
[3.505s] Level 1:colcon.colcon_core.environment:checking '/home/jack/justbaked/justbaked/install/robdesc/lib/python3.12/site-packages'
[3.506s] Level 1:colcon.colcon_core.environment:checking '/home/jack/justbaked/justbaked/install/robdesc/bin'
[3.506s] INFO:colcon.colcon_core.shell:Creating package script '/home/jack/justbaked/justbaked/install/robdesc/share/robdesc/package.ps1'
[3.507s] INFO:colcon.colcon_core.shell:Creating package descriptor '/home/jack/justbaked/justbaked/install/robdesc/share/robdesc/package.dsv'
[3.508s] INFO:colcon.colcon_core.shell:Creating package script '/home/jack/justbaked/justbaked/install/robdesc/share/robdesc/package.sh'
[3.508s] INFO:colcon.colcon_core.shell:Creating package script '/home/jack/justbaked/justbaked/install/robdesc/share/robdesc/package.bash'
[3.509s] INFO:colcon.colcon_core.shell:Creating package script '/home/jack/justbaked/justbaked/install/robdesc/share/robdesc/package.zsh'
[3.509s] Level 1:colcon.colcon_core.environment:create_file_with_runtime_dependencies(/home/jack/justbaked/justbaked/install/robdesc/share/colcon-core/packages/robdesc)
[3.510s] DEBUG:colcon.colcon_parallel_executor.executor.parallel:closing loop
[3.511s] DEBUG:colcon.colcon_parallel_executor.executor.parallel:loop closed
[3.511s] DEBUG:colcon.colcon_parallel_executor.executor.parallel:run_until_complete finished with '0'
[3.511s] DEBUG:colcon.colcon_core.event_reactor:joining thread
[3.584s] INFO:colcon.colcon_core.plugin_system:Skipping extension 'colcon_notification.desktop_notification.terminal_notifier': Not used on non-Darwin systems
[3.585s] INFO:colcon.colcon_core.plugin_system:Skipping extension 'colcon_notification.desktop_notification.win32': Not used on non-Windows systems
[3.585s] INFO:colcon.colcon_notification.desktop_notification:Sending desktop notification using 'notify2'
[3.607s] DEBUG:colcon.colcon_core.event_reactor:joined thread
[3.608s] INFO:colcon.colcon_core.shell:Creating prefix script '/home/jack/justbaked/justbaked/install/local_setup.ps1'
[3.610s] INFO:colcon.colcon_core.shell:Creating prefix util module '/home/jack/justbaked/justbaked/install/_local_setup_util_ps1.py'
[3.612s] INFO:colcon.colcon_core.shell:Creating prefix chain script '/home/jack/justbaked/justbaked/install/setup.ps1'
[3.615s] INFO:colcon.colcon_core.shell:Creating prefix script '/home/jack/justbaked/justbaked/install/local_setup.sh'
[3.616s] INFO:colcon.colcon_core.shell:Creating prefix util module '/home/jack/justbaked/justbaked/install/_local_setup_util_sh.py'
[3.617s] INFO:colcon.colcon_core.shell:Creating prefix chain script '/home/jack/justbaked/justbaked/install/setup.sh'
[3.620s] INFO:colcon.colcon_core.shell:Creating prefix script '/home/jack/justbaked/justbaked/install/local_setup.bash'
[3.621s] INFO:colcon.colcon_core.shell:Creating prefix chain script '/home/jack/justbaked/justbaked/install/setup.bash'
[3.623s] INFO:colcon.colcon_core.shell:Creating prefix script '/home/jack/justbaked/justbaked/install/local_setup.zsh'
[3.624s] INFO:colcon.colcon_core.shell:Creating prefix chain script '/home/jack/justbaked/justbaked/install/setup.zsh'
