[0.031s] Invoking command in '/home/jack/justbaked/justbaked/build/gazebo': CMAKE_PREFIX_PATH=${CMAKE_PREFIX_PATH}:/opt/ros/jazzy DEBUGINFOD_URLS=https://debuginfod.ubuntu.com /usr/bin/cmake --build /home/jack/justbaked/justbaked/build/gazebo -- -j4 -l4
[0.127s] Invoked command in '/home/jack/justbaked/justbaked/build/gazebo' returned '0': CMAKE_PREFIX_PATH=${CMAKE_PREFIX_PATH}:/opt/ros/jazzy DEBUGINFOD_URLS=https://debuginfod.ubuntu.com /usr/bin/cmake --build /home/jack/justbaked/justbaked/build/gazebo -- -j4 -l4
[0.130s] Invoking command in '/home/jack/justbaked/justbaked/build/gazebo': CMAKE_PREFIX_PATH=${CMAKE_PREFIX_PATH}:/opt/ros/jazzy DEBUGINFOD_URLS=https://debuginfod.ubuntu.com /usr/bin/cmake --install /home/jack/justbaked/justbaked/build/gazebo
[0.151s] -- Install configuration: ""
[0.151s] -- Up-to-date: /home/jack/justbaked/justbaked/install/gazebo/share/gazebo/include
[0.151s] -- Up-to-date: /home/jack/justbaked/justbaked/install/gazebo/share/gazebo/include/gazebo
[0.152s] -- Up-to-date: /home/jack/justbaked/justbaked/install/gazebo/share/gazebo/launch
[0.152s] -- Up-to-date: /home/jack/justbaked/justbaked/install/gazebo/share/gazebo/launch/world.launch.py
[0.152s] -- Up-to-date: /home/jack/justbaked/justbaked/install/gazebo/share/gazebo/launch/spawn_robot.launch.py
[0.152s] -- Up-to-date: /home/jack/justbaked/justbaked/install/gazebo/share/gazebo/worlds
[0.152s] -- Up-to-date: /home/jack/justbaked/justbaked/install/gazebo/share/gazebo/worlds/firearena.sdf
[0.155s] -- Up-to-date: /home/jack/justbaked/justbaked/install/gazebo/share/ament_index/resource_index/package_run_dependencies/gazebo
[0.155s] -- Up-to-date: /home/jack/justbaked/justbaked/install/gazebo/share/ament_index/resource_index/parent_prefix_path/gazebo
[0.155s] -- Up-to-date: /home/jack/justbaked/justbaked/install/gazebo/share/gazebo/environment/ament_prefix_path.sh
[0.156s] -- Up-to-date: /home/jack/justbaked/justbaked/install/gazebo/share/gazebo/environment/ament_prefix_path.dsv
[0.156s] -- Up-to-date: /home/jack/justbaked/justbaked/install/gazebo/share/gazebo/environment/path.sh
[0.156s] -- Up-to-date: /home/jack/justbaked/justbaked/install/gazebo/share/gazebo/environment/path.dsv
[0.156s] -- Up-to-date: /home/jack/justbaked/justbaked/install/gazebo/share/gazebo/local_setup.bash
[0.157s] -- Up-to-date: /home/jack/justbaked/justbaked/install/gazebo/share/gazebo/local_setup.sh
[0.157s] -- Up-to-date: /home/jack/justbaked/justbaked/install/gazebo/share/gazebo/local_setup.zsh
[0.157s] -- Up-to-date: /home/jack/justbaked/justbaked/install/gazebo/share/gazebo/local_setup.dsv
[0.157s] -- Installing: /home/jack/justbaked/justbaked/install/gazebo/share/gazebo/package.dsv
[0.157s] -- Up-to-date: /home/jack/justbaked/justbaked/install/gazebo/share/ament_index/resource_index/packages/gazebo
[0.158s] -- Up-to-date: /home/jack/justbaked/justbaked/install/gazebo/share/gazebo/cmake/gazeboConfig.cmake
[0.158s] -- Up-to-date: /home/jack/justbaked/justbaked/install/gazebo/share/gazebo/cmake/gazeboConfig-version.cmake
[0.158s] -- Up-to-date: /home/jack/justbaked/justbaked/install/gazebo/share/gazebo/package.xml
[0.191s] Invoked command in '/home/jack/justbaked/justbaked/build/gazebo' returned '0': CMAKE_PREFIX_PATH=${CMAKE_PREFIX_PATH}:/opt/ros/jazzy DEBUGINFOD_URLS=https://debuginfod.ubuntu.com /usr/bin/cmake --install /home/jack/justbaked/justbaked/build/gazebo
