[0.713s] Invoking command in '/home/ieee/justbaked/justbaked/build/turtlebot4_description': CMAKE_PREFIX_PATH=${CMAKE_PREFIX_PATH}:/home/ieee/justbaked/justbaked/install/temp_sens:/opt/ros/jazzy DEBUGINFOD_URLS=https://debuginfod.ubuntu.com /usr/bin/cmake --build /home/ieee/justbaked/justbaked/build/turtlebot4_description -- -j4 -l4
[0.945s] Invoked command in '/home/ieee/justbaked/justbaked/build/turtlebot4_description' returned '0': CMAKE_PREFIX_PATH=${CMAKE_PREFIX_PATH}:/home/ieee/justbaked/justbaked/install/temp_sens:/opt/ros/jazzy DEBUGINFOD_URLS=https://debuginfod.ubuntu.com /usr/bin/cmake --build /home/ieee/justbaked/justbaked/build/turtlebot4_description -- -j4 -l4
[0.952s] Invoking command in '/home/ieee/justbaked/justbaked/build/turtlebot4_description': CMAKE_PREFIX_PATH=${CMAKE_PREFIX_PATH}:/home/ieee/justbaked/justbaked/install/temp_sens:/opt/ros/jazzy DEBUGINFOD_URLS=https://debuginfod.ubuntu.com /usr/bin/cmake --install /home/ieee/justbaked/justbaked/build/turtlebot4_description
[0.992s] -- Install configuration: ""
[0.992s] -- Execute custom install script
[0.992s] -- Up-to-date symlink: /home/ieee/justbaked/justbaked/install/turtlebot4_description/share/turtlebot4_description/launch/robot_description.launch.py
[0.992s] -- Up-to-date symlink: /home/ieee/justbaked/justbaked/install/turtlebot4_description/share/turtlebot4_description/urdf/lite/robot.urdf.xacro
[0.992s] -- Up-to-date symlink: /home/ieee/justbaked/justbaked/install/turtlebot4_description/share/turtlebot4_description/urdf/lite/rplidar.xacro
[0.993s] -- Up-to-date symlink: /home/ieee/justbaked/justbaked/install/turtlebot4_description/share/turtlebot4_description/urdf/sensors/rplidar.xacro
[0.993s] -- Up-to-date symlink: /home/ieee/justbaked/justbaked/install/turtlebot4_description/share/turtlebot4_description/urdf/standard/robotcore.xacro
[0.993s] -- Up-to-date symlink: /home/ieee/justbaked/justbaked/install/turtlebot4_description/share/turtlebot4_description/urdf/standard/turtlebot4.urdf.xacro
[0.993s] -- Up-to-date symlink: /home/ieee/justbaked/justbaked/install/turtlebot4_description/share/ament_index/resource_index/package_run_dependencies/turtlebot4_description
[0.994s] -- Up-to-date symlink: /home/ieee/justbaked/justbaked/install/turtlebot4_description/share/ament_index/resource_index/parent_prefix_path/turtlebot4_description
[0.997s] -- Up-to-date symlink: /home/ieee/justbaked/justbaked/install/turtlebot4_description/share/turtlebot4_description/environment/ament_prefix_path.sh
[0.998s] -- Up-to-date symlink: /home/ieee/justbaked/justbaked/install/turtlebot4_description/share/turtlebot4_description/environment/ament_prefix_path.dsv
[0.998s] -- Up-to-date symlink: /home/ieee/justbaked/justbaked/install/turtlebot4_description/share/turtlebot4_description/environment/path.sh
[0.998s] -- Up-to-date symlink: /home/ieee/justbaked/justbaked/install/turtlebot4_description/share/turtlebot4_description/environment/path.dsv
[0.999s] -- Up-to-date symlink: /home/ieee/justbaked/justbaked/install/turtlebot4_description/share/turtlebot4_description/local_setup.bash
[1.000s] -- Up-to-date symlink: /home/ieee/justbaked/justbaked/install/turtlebot4_description/share/turtlebot4_description/local_setup.sh
[1.001s] -- Up-to-date symlink: /home/ieee/justbaked/justbaked/install/turtlebot4_description/share/turtlebot4_description/local_setup.zsh
[1.001s] -- Up-to-date symlink: /home/ieee/justbaked/justbaked/install/turtlebot4_description/share/turtlebot4_description/local_setup.dsv
[1.002s] -- Symlinking: /home/ieee/justbaked/justbaked/install/turtlebot4_description/share/turtlebot4_description/package.dsv
[1.043s] -- Up-to-date symlink: /home/ieee/justbaked/justbaked/install/turtlebot4_description/share/ament_index/resource_index/packages/turtlebot4_description
[1.043s] -- Up-to-date symlink: /home/ieee/justbaked/justbaked/install/turtlebot4_description/share/turtlebot4_description/cmake/turtlebot4_descriptionConfig.cmake
[1.044s] -- Up-to-date symlink: /home/ieee/justbaked/justbaked/install/turtlebot4_description/share/turtlebot4_description/cmake/turtlebot4_descriptionConfig-version.cmake
[1.045s] -- Up-to-date symlink: /home/ieee/justbaked/justbaked/install/turtlebot4_description/share/turtlebot4_description/package.xml
[1.050s] Invoked command in '/home/ieee/justbaked/justbaked/build/turtlebot4_description' returned '0': CMAKE_PREFIX_PATH=${CMAKE_PREFIX_PATH}:/home/ieee/justbaked/justbaked/install/temp_sens:/opt/ros/jazzy DEBUGINFOD_URLS=https://debuginfod.ubuntu.com /usr/bin/cmake --install /home/ieee/justbaked/justbaked/build/turtlebot4_description
