[0.043s] Invoking command in '/home/ieee/justbaked/justbaked/build/sllidar_ros2': CMAKE_PREFIX_PATH=${CMAKE_PREFIX_PATH}:/home/ieee/justbaked/justbaked/install/temp_sens:/opt/ros/jazzy DEBUGINFOD_URLS=https://debuginfod.ubuntu.com /usr/bin/cmake --build /home/ieee/justbaked/justbaked/build/sllidar_ros2 -- -j4 -l4
[0.648s] [ 90%] Built target sllidar_node
[0.648s] [100%] Built target sllidar_client
[0.678s] Invoked command in '/home/ieee/justbaked/justbaked/build/sllidar_ros2' returned '0': CMAKE_PREFIX_PATH=${CMAKE_PREFIX_PATH}:/home/ieee/justbaked/justbaked/install/temp_sens:/opt/ros/jazzy DEBUGINFOD_URLS=https://debuginfod.ubuntu.com /usr/bin/cmake --build /home/ieee/justbaked/justbaked/build/sllidar_ros2 -- -j4 -l4
[0.680s] Invoking command in '/home/ieee/justbaked/justbaked/build/sllidar_ros2': CMAKE_PREFIX_PATH=${CMAKE_PREFIX_PATH}:/home/ieee/justbaked/justbaked/install/temp_sens:/opt/ros/jazzy DEBUGINFOD_URLS=https://debuginfod.ubuntu.com /usr/bin/cmake --install /home/ieee/justbaked/justbaked/build/sllidar_ros2
[0.715s] -- Install configuration: ""
[0.717s] -- Execute custom install script
[0.718s] -- Up-to-date symlink: /home/ieee/justbaked/justbaked/install/sllidar_ros2/share/sllidar_ros2/launch/sllidar_a1_launch.py
[0.718s] -- Up-to-date symlink: /home/ieee/justbaked/justbaked/install/sllidar_ros2/share/sllidar_ros2/rviz/sllidar_ros2.rviz
[0.719s] -- Up-to-date symlink: /home/ieee/justbaked/justbaked/install/sllidar_ros2/lib/sllidar_ros2/sllidar_node
[0.719s] -- Up-to-date symlink: /home/ieee/justbaked/justbaked/install/sllidar_ros2/lib/sllidar_ros2/sllidar_client
[0.719s] -- Up-to-date symlink: /home/ieee/justbaked/justbaked/install/sllidar_ros2/share/ament_index/resource_index/package_run_dependencies/sllidar_ros2
[0.719s] -- Up-to-date symlink: /home/ieee/justbaked/justbaked/install/sllidar_ros2/share/ament_index/resource_index/parent_prefix_path/sllidar_ros2
[0.720s] -- Up-to-date symlink: /home/ieee/justbaked/justbaked/install/sllidar_ros2/share/sllidar_ros2/environment/ament_prefix_path.sh
[0.720s] -- Up-to-date symlink: /home/ieee/justbaked/justbaked/install/sllidar_ros2/share/sllidar_ros2/environment/ament_prefix_path.dsv
[0.720s] -- Up-to-date symlink: /home/ieee/justbaked/justbaked/install/sllidar_ros2/share/sllidar_ros2/environment/path.sh
[0.720s] -- Up-to-date symlink: /home/ieee/justbaked/justbaked/install/sllidar_ros2/share/sllidar_ros2/environment/path.dsv
[0.723s] -- Up-to-date symlink: /home/ieee/justbaked/justbaked/install/sllidar_ros2/share/sllidar_ros2/local_setup.bash
[0.723s] -- Up-to-date symlink: /home/ieee/justbaked/justbaked/install/sllidar_ros2/share/sllidar_ros2/local_setup.sh
[0.723s] -- Up-to-date symlink: /home/ieee/justbaked/justbaked/install/sllidar_ros2/share/sllidar_ros2/local_setup.zsh
[0.723s] -- Up-to-date symlink: /home/ieee/justbaked/justbaked/install/sllidar_ros2/share/sllidar_ros2/local_setup.dsv
[0.723s] -- Symlinking: /home/ieee/justbaked/justbaked/install/sllidar_ros2/share/sllidar_ros2/package.dsv
[0.750s] -- Up-to-date symlink: /home/ieee/justbaked/justbaked/install/sllidar_ros2/share/ament_index/resource_index/packages/sllidar_ros2
[0.757s] -- Up-to-date symlink: /home/ieee/justbaked/justbaked/install/sllidar_ros2/share/sllidar_ros2/cmake/ament_cmake_export_dependencies-extras.cmake
[0.757s] -- Up-to-date symlink: /home/ieee/justbaked/justbaked/install/sllidar_ros2/share/sllidar_ros2/cmake/ament_cmake_export_include_directories-extras.cmake
[0.758s] -- Up-to-date symlink: /home/ieee/justbaked/justbaked/install/sllidar_ros2/share/sllidar_ros2/cmake/sllidar_ros2Config.cmake
[0.761s] -- Up-to-date symlink: /home/ieee/justbaked/justbaked/install/sllidar_ros2/share/sllidar_ros2/cmake/sllidar_ros2Config-version.cmake
[0.764s] -- Up-to-date symlink: /home/ieee/justbaked/justbaked/install/sllidar_ros2/share/sllidar_ros2/package.xml
[0.771s] Invoked command in '/home/ieee/justbaked/justbaked/build/sllidar_ros2' returned '0': CMAKE_PREFIX_PATH=${CMAKE_PREFIX_PATH}:/home/ieee/justbaked/justbaked/install/temp_sens:/opt/ros/jazzy DEBUGINFOD_URLS=https://debuginfod.ubuntu.com /usr/bin/cmake --install /home/ieee/justbaked/justbaked/build/sllidar_ros2
