-- Found ament_cmake: 2.5.3 (/opt/ros/jazzy/share/ament_cmake/cmake)
-- Override CMake install command with custom implementation using symlinks instead of copying resources
-- Found rclcpp: 28.1.6 (/opt/ros/jazzy/share/rclcpp/cmake)
-- Found rosidl_generator_c: 4.6.5 (/opt/ros/jazzy/share/rosidl_generator_c/cmake)
-- Found rosidl_generator_cpp: 4.6.5 (/opt/ros/jazzy/share/rosidl_generator_cpp/cmake)
-- Using all available rosidl_typesupport_c: rosidl_typesupport_fastrtps_c;rosidl_typesupport_introspection_c
-- Using all available rosidl_typesupport_cpp: rosidl_typesupport_fastrtps_cpp;rosidl_typesupport_introspection_cpp
-- Found rmw_implementation_cmake: 7.3.1 (/opt/ros/jazzy/share/rmw_implementation_cmake/cmake)
-- Found rmw_fastrtps_cpp: 8.4.1 (/opt/ros/jazzy/share/rmw_fastrtps_cpp/cmake)
-- Using RMW implementation 'rmw_fastrtps_cpp' as default
-- Found std_msgs: 5.3.5 (/opt/ros/jazzy/share/std_msgs/cmake)
-- Found geometry_msgs: 5.3.5 (/opt/ros/jazzy/share/geometry_msgs/cmake)
-- Found nav2_msgs: 1.3.5 (/opt/ros/jazzy/share/nav2_msgs/cmake)
-- Found tf2: 0.36.8 (/opt/ros/jazzy/share/tf2/cmake)
-- Found tf2_geometry_msgs: 0.36.8 (/opt/ros/jazzy/share/tf2_geometry_msgs/cmake)
-- Found eigen3_cmake_module: 0.3.0 (/opt/ros/jazzy/share/eigen3_cmake_module/cmake)
-- Ensuring Eigen3 include directory is part of orocos-kdl CMake target
[31mCMake Error at CMakeLists.txt:26 (find_package):
  By not providing "Findgpiozero.cmake" in CMAKE_MODULE_PATH this project has
  asked CMake to find a package configuration file provided by "gpiozero",
  but CMake did not find one.

-- Configuring incomplete, errors occurred!
  Could not find a package configuration file provided by "gpiozero" with any
  of the following names:

    gpiozeroConfig.cmake
    gpiozero-config.cmake

  Add the installation prefix of "gpiozero" to CMAKE_PREFIX_PATH or set
  "gpiozero_DIR" to a directory containing one of the above files.  If
  "gpiozero" provides a separate development package or SDK, be sure it has
  been installed.

[0m
gmake: *** [Makefile:308: cmake_check_build_system] Error 1
