[0.051s] Invoking command in '/home/jack/ASUIEEE25/justbaked/build/slam': CMAKE_PREFIX_PATH=${CMAKE_PREFIX_PATH}:/opt/ros/jazzy DEBUGINFOD_URLS=https://debuginfod.ubuntu.com /usr/bin/cmake /home/jack/ASUIEEE25/justbaked/src/slam -DCMAKE_INSTALL_PREFIX=/home/jack/ASUIEEE25/justbaked/install/slam
[0.181s] -- The C compiler identification is GNU 13.3.0
[0.302s] -- The CXX compiler identification is GNU 13.3.0
[0.337s] -- Detecting C compiler ABI info
[0.528s] -- Detecting C compiler ABI info - done
[0.576s] -- Check for working C compiler: /usr/bin/cc - skipped
[0.576s] -- Detecting C compile features
[0.576s] -- Detecting C compile features - done
[0.611s] -- Detecting CXX compiler ABI info
[0.850s] -- Detecting CXX compiler ABI info - done
[0.875s] -- Check for working CXX compiler: /usr/bin/c++ - skipped
[0.876s] -- Detecting CXX compile features
[0.877s] -- Detecting CXX compile features - done
[1.048s] -- Found ament_cmake: 2.5.3 (/opt/ros/jazzy/share/ament_cmake/cmake)
[1.330s] -- Found Python3: /usr/bin/python3 (found version "3.12.3") found components: Interpreter 
[1.552s] -- Found ament_lint_auto: 0.17.1 (/opt/ros/jazzy/share/ament_lint_auto/cmake)
[1.834s] -- Added test 'lint_cmake' to check CMake code style
[1.838s] -- Added test 'xmllint' to check XML markup files
[1.841s] -- Configuring done (1.8s)
[1.844s] -- Generating done (0.0s)
[1.847s] -- Build files have been written to: /home/jack/ASUIEEE25/justbaked/build/slam
