[0.032s] Invoking command in '/home/jack/justbaked/justbaked/build/gazebo': CMAKE_PREFIX_PATH=${CMAKE_PREFIX_PATH}:/opt/ros/jazzy DEBUGINFOD_URLS=https://debuginfod.ubuntu.com /usr/bin/cmake --build /home/jack/justbaked/justbaked/build/gazebo -- -j4 -l4
[0.099s] Invoked command in '/home/jack/justbaked/justbaked/build/gazebo' returned '0': CMAKE_PREFIX_PATH=${CMAKE_PREFIX_PATH}:/opt/ros/jazzy DEBUGINFOD_URLS=https://debuginfod.ubuntu.com /usr/bin/cmake --build /home/jack/justbaked/justbaked/build/gazebo -- -j4 -l4
[0.120s] Invoking command in '/home/jack/justbaked/justbaked/build/gazebo': CMAKE_PREFIX_PATH=${CMAKE_PREFIX_PATH}:/opt/ros/jazzy DEBUGINFOD_URLS=https://debuginfod.ubuntu.com /usr/bin/cmake --install /home/jack/justbaked/justbaked/build/gazebo
[0.140s] -- Install configuration: ""
[0.146s] -- Up-to-date: /home/jack/justbaked/justbaked/install/gazebo/share/ament_index/resource_index/package_run_dependencies/gazebo
[0.146s] -- Up-to-date: /home/jack/justbaked/justbaked/install/gazebo/share/ament_index/resource_index/parent_prefix_path/gazebo
[0.146s] -- Up-to-date: /home/jack/justbaked/justbaked/install/gazebo/share/gazebo/environment/ament_prefix_path.sh
[0.146s] -- Up-to-date: /home/jack/justbaked/justbaked/install/gazebo/share/gazebo/environment/ament_prefix_path.dsv
[0.147s] -- Up-to-date: /home/jack/justbaked/justbaked/install/gazebo/share/gazebo/environment/path.sh
[0.147s] -- Up-to-date: /home/jack/justbaked/justbaked/install/gazebo/share/gazebo/environment/path.dsv
[0.147s] -- Up-to-date: /home/jack/justbaked/justbaked/install/gazebo/share/gazebo/local_setup.bash
[0.147s] -- Up-to-date: /home/jack/justbaked/justbaked/install/gazebo/share/gazebo/local_setup.sh
[0.147s] -- Up-to-date: /home/jack/justbaked/justbaked/install/gazebo/share/gazebo/local_setup.zsh
[0.147s] -- Up-to-date: /home/jack/justbaked/justbaked/install/gazebo/share/gazebo/local_setup.dsv
[0.147s] -- Up-to-date: /home/jack/justbaked/justbaked/install/gazebo/share/gazebo/package.dsv
[0.148s] -- Up-to-date: /home/jack/justbaked/justbaked/install/gazebo/share/ament_index/resource_index/packages/gazebo
[0.148s] -- Up-to-date: /home/jack/justbaked/justbaked/install/gazebo/share/gazebo/cmake/gazeboConfig.cmake
[0.148s] -- Up-to-date: /home/jack/justbaked/justbaked/install/gazebo/share/gazebo/cmake/gazeboConfig-version.cmake
[0.148s] -- Up-to-date: /home/jack/justbaked/justbaked/install/gazebo/share/gazebo/package.xml
[0.152s] Invoked command in '/home/jack/justbaked/justbaked/build/gazebo' returned '0': CMAKE_PREFIX_PATH=${CMAKE_PREFIX_PATH}:/opt/ros/jazzy DEBUGINFOD_URLS=https://debuginfod.ubuntu.com /usr/bin/cmake --install /home/jack/justbaked/justbaked/build/gazebo
