[0.027s] Invoking command in '/home/lsw155linuxbox/justbaked/justbaked/build/sllidar_ros2': CMAKE_PREFIX_PATH=${CMAKE_PREFIX_PATH}:/home/lsw155linuxbox/homer_ws/install/homer_description:/home/lsw155linuxbox/homer_ws/install/homer_control:/opt/ros/jazzy DEBUGINFOD_URLS=https://debuginfod.ubuntu.com /usr/bin/cmake --build /home/lsw155linuxbox/justbaked/justbaked/build/sllidar_ros2 -- -j8 -l8
[0.142s] [ 10%] Built target sllidar_client
[0.156s] [100%] Built target sllidar_node
[0.174s] Invoked command in '/home/lsw155linuxbox/justbaked/justbaked/build/sllidar_ros2' returned '0': CMAKE_PREFIX_PATH=${CMAKE_PREFIX_PATH}:/home/lsw155linuxbox/homer_ws/install/homer_description:/home/lsw155linuxbox/homer_ws/install/homer_control:/opt/ros/jazzy DEBUGINFOD_URLS=https://debuginfod.ubuntu.com /usr/bin/cmake --build /home/lsw155linuxbox/justbaked/justbaked/build/sllidar_ros2 -- -j8 -l8
[0.175s] Invoking command in '/home/lsw155linuxbox/justbaked/justbaked/build/sllidar_ros2': CMAKE_PREFIX_PATH=${CMAKE_PREFIX_PATH}:/home/lsw155linuxbox/homer_ws/install/homer_description:/home/lsw155linuxbox/homer_ws/install/homer_control:/opt/ros/jazzy DEBUGINFOD_URLS=https://debuginfod.ubuntu.com /usr/bin/cmake --install /home/lsw155linuxbox/justbaked/justbaked/build/sllidar_ros2
[0.184s] -- Install configuration: ""
[0.185s] -- Up-to-date: /home/lsw155linuxbox/justbaked/justbaked/install/sllidar_ros2/share/sllidar_ros2/launch
[0.185s] -- Up-to-date: /home/lsw155linuxbox/justbaked/justbaked/install/sllidar_ros2/share/sllidar_ros2/launch/sllidar_a1_launch.py
[0.185s] -- Up-to-date: /home/lsw155linuxbox/justbaked/justbaked/install/sllidar_ros2/share/sllidar_ros2/rviz
[0.185s] -- Up-to-date: /home/lsw155linuxbox/justbaked/justbaked/install/sllidar_ros2/share/sllidar_ros2/rviz/sllidar_ros2.rviz
[0.185s] -- Up-to-date: /home/lsw155linuxbox/justbaked/justbaked/install/sllidar_ros2/lib/sllidar_ros2/sllidar_node
[0.185s] -- Up-to-date: /home/lsw155linuxbox/justbaked/justbaked/install/sllidar_ros2/lib/sllidar_ros2/sllidar_client
[0.185s] -- Up-to-date: /home/lsw155linuxbox/justbaked/justbaked/install/sllidar_ros2/share/ament_index/resource_index/package_run_dependencies/sllidar_ros2
[0.186s] -- Up-to-date: /home/lsw155linuxbox/justbaked/justbaked/install/sllidar_ros2/share/ament_index/resource_index/parent_prefix_path/sllidar_ros2
[0.186s] -- Up-to-date: /home/lsw155linuxbox/justbaked/justbaked/install/sllidar_ros2/share/sllidar_ros2/environment/ament_prefix_path.sh
[0.186s] -- Up-to-date: /home/lsw155linuxbox/justbaked/justbaked/install/sllidar_ros2/share/sllidar_ros2/environment/ament_prefix_path.dsv
[0.186s] -- Up-to-date: /home/lsw155linuxbox/justbaked/justbaked/install/sllidar_ros2/share/sllidar_ros2/environment/path.sh
[0.186s] -- Up-to-date: /home/lsw155linuxbox/justbaked/justbaked/install/sllidar_ros2/share/sllidar_ros2/environment/path.dsv
[0.186s] -- Up-to-date: /home/lsw155linuxbox/justbaked/justbaked/install/sllidar_ros2/share/sllidar_ros2/local_setup.bash
[0.186s] -- Up-to-date: /home/lsw155linuxbox/justbaked/justbaked/install/sllidar_ros2/share/sllidar_ros2/local_setup.sh
[0.186s] -- Up-to-date: /home/lsw155linuxbox/justbaked/justbaked/install/sllidar_ros2/share/sllidar_ros2/local_setup.zsh
[0.187s] -- Up-to-date: /home/lsw155linuxbox/justbaked/justbaked/install/sllidar_ros2/share/sllidar_ros2/local_setup.dsv
[0.187s] -- Installing: /home/lsw155linuxbox/justbaked/justbaked/install/sllidar_ros2/share/sllidar_ros2/package.dsv
[0.187s] -- Up-to-date: /home/lsw155linuxbox/justbaked/justbaked/install/sllidar_ros2/share/ament_index/resource_index/packages/sllidar_ros2
[0.187s] -- Up-to-date: /home/lsw155linuxbox/justbaked/justbaked/install/sllidar_ros2/share/sllidar_ros2/cmake/ament_cmake_export_dependencies-extras.cmake
[0.187s] -- Up-to-date: /home/lsw155linuxbox/justbaked/justbaked/install/sllidar_ros2/share/sllidar_ros2/cmake/ament_cmake_export_include_directories-extras.cmake
[0.187s] -- Up-to-date: /home/lsw155linuxbox/justbaked/justbaked/install/sllidar_ros2/share/sllidar_ros2/cmake/sllidar_ros2Config.cmake
[0.187s] -- Up-to-date: /home/lsw155linuxbox/justbaked/justbaked/install/sllidar_ros2/share/sllidar_ros2/cmake/sllidar_ros2Config-version.cmake
[0.188s] -- Up-to-date: /home/lsw155linuxbox/justbaked/justbaked/install/sllidar_ros2/share/sllidar_ros2/package.xml
[0.189s] Invoked command in '/home/lsw155linuxbox/justbaked/justbaked/build/sllidar_ros2' returned '0': CMAKE_PREFIX_PATH=${CMAKE_PREFIX_PATH}:/home/lsw155linuxbox/homer_ws/install/homer_description:/home/lsw155linuxbox/homer_ws/install/homer_control:/opt/ros/jazzy DEBUGINFOD_URLS=https://debuginfod.ubuntu.com /usr/bin/cmake --install /home/lsw155linuxbox/justbaked/justbaked/build/sllidar_ros2
