running develop
running egg_info
creating temp_sens.egg-info
writing temp_sens.egg-info/PKG-INFO
writing dependency_links to temp_sens.egg-info/dependency_links.txt
writing entry points to temp_sens.egg-info/entry_points.txt
writing requirements to temp_sens.egg-info/requires.txt
writing top-level names to temp_sens.egg-info/top_level.txt
writing manifest file 'temp_sens.egg-info/SOURCES.txt'
reading manifest file 'temp_sens.egg-info/SOURCES.txt'
writing manifest file 'temp_sens.egg-info/SOURCES.txt'
running build_ext
Creating /home/ieee/justbaked/justbaked/install/temp_sens/lib/python3.12/site-packages/temp-sens.egg-link (link to .)
Installing serial_temp_reader script to /home/ieee/justbaked/justbaked/install/temp_sens/lib/temp_sens

Installed /home/ieee/justbaked/justbaked/build/temp_sens
running symlink_data
creating /home/ieee/justbaked/justbaked/install/temp_sens/share/ament_index
creating /home/ieee/justbaked/justbaked/install/temp_sens/share/ament_index/resource_index
creating /home/ieee/justbaked/justbaked/install/temp_sens/share/ament_index/resource_index/packages
symbolically linking /home/ieee/justbaked/justbaked/build/temp_sens/resource/temp_sens -> /home/ieee/justbaked/justbaked/install/temp_sens/share/ament_index/resource_index/packages
symbolically linking /home/ieee/justbaked/justbaked/build/temp_sens/package.xml -> /home/ieee/justbaked/justbaked/install/temp_sens/share/temp_sens
