[2.053s] Invoking command in '/home/ieee/justbaked/justbaked/src/temp_sens': DEBUGINFOD_URLS=https://debuginfod.ubuntu.com PYTHONPATH=/home/ieee/justbaked/justbaked/build/temp_sens/prefix_override:/usr/lib/python3/dist-packages/colcon_core/task/python/colcon_distutils_commands:/home/ieee/justbaked/justbaked/install/temp_sens/lib/python3.12/site-packages:${PYTHONPATH} /usr/bin/python3 -W ignore:setup.py install is deprecated -W ignore:easy_install command is deprecated setup.py egg_info --egg-base ../../build/temp_sens build --build-base /home/ieee/justbaked/justbaked/build/temp_sens/build install --record /home/ieee/justbaked/justbaked/build/temp_sens/install.log --single-version-externally-managed install_data
[2.589s] running egg_info
[2.614s] writing ../../build/temp_sens/temp_sens.egg-info/PKG-INFO
[2.615s] writing dependency_links to ../../build/temp_sens/temp_sens.egg-info/dependency_links.txt
[2.615s] writing entry points to ../../build/temp_sens/temp_sens.egg-info/entry_points.txt
[2.615s] writing requirements to ../../build/temp_sens/temp_sens.egg-info/requires.txt
[2.615s] writing top-level names to ../../build/temp_sens/temp_sens.egg-info/top_level.txt
[2.668s] reading manifest file '../../build/temp_sens/temp_sens.egg-info/SOURCES.txt'
[2.669s] adding license file 'LICENSE'
[2.669s] writing manifest file '../../build/temp_sens/temp_sens.egg-info/SOURCES.txt'
[2.670s] running build
[2.670s] running build_py
[2.670s] running install
[2.681s] running install_lib
[2.712s] running install_data
[2.712s] running install_egg_info
[2.748s] removing '/home/ieee/justbaked/justbaked/install/temp_sens/lib/python3.12/site-packages/temp_sens-0.0.1-py3.12.egg-info' (and everything under it)
[2.748s] Copying ../../build/temp_sens/temp_sens.egg-info to /home/ieee/justbaked/justbaked/install/temp_sens/lib/python3.12/site-packages/temp_sens-0.0.1-py3.12.egg-info
[2.749s] running install_scripts
[2.944s] Installing serial_temp_reader script to /home/ieee/justbaked/justbaked/install/temp_sens/lib/temp_sens
[2.944s] writing list of installed files to '/home/ieee/justbaked/justbaked/build/temp_sens/install.log'
[3.027s] Invoked command in '/home/ieee/justbaked/justbaked/src/temp_sens' returned '0': DEBUGINFOD_URLS=https://debuginfod.ubuntu.com PYTHONPATH=/home/ieee/justbaked/justbaked/build/temp_sens/prefix_override:/usr/lib/python3/dist-packages/colcon_core/task/python/colcon_distutils_commands:/home/ieee/justbaked/justbaked/install/temp_sens/lib/python3.12/site-packages:${PYTHONPATH} /usr/bin/python3 -W ignore:setup.py install is deprecated -W ignore:easy_install command is deprecated setup.py egg_info --egg-base ../../build/temp_sens build --build-base /home/ieee/justbaked/justbaked/build/temp_sens/build install --record /home/ieee/justbaked/justbaked/build/temp_sens/install.log --single-version-externally-managed install_data
