[0.044s] Invoking command in '/home/ieee/justbaked/justbaked/build/robot_bringup': CMAKE_PREFIX_PATH=${CMAKE_PREFIX_PATH}:/home/ieee/justbaked/justbaked/install/temp_sens:/opt/ros/jazzy DEBUGINFOD_URLS=https://debuginfod.ubuntu.com /usr/bin/cmake --build /home/ieee/justbaked/justbaked/build/robot_bringup -- -j4 -l4
[0.543s] [100%] Built target waypoint_nav_cpp
[0.545s] Invoked command in '/home/ieee/justbaked/justbaked/build/robot_bringup' returned '0': CMAKE_PREFIX_PATH=${CMAKE_PREFIX_PATH}:/home/ieee/justbaked/justbaked/install/temp_sens:/opt/ros/jazzy DEBUGINFOD_URLS=https://debuginfod.ubuntu.com /usr/bin/cmake --build /home/ieee/justbaked/justbaked/build/robot_bringup -- -j4 -l4
[0.570s] Invoking command in '/home/ieee/justbaked/justbaked/build/robot_bringup': CMAKE_PREFIX_PATH=${CMAKE_PREFIX_PATH}:/home/ieee/justbaked/justbaked/install/temp_sens:/opt/ros/jazzy DEBUGINFOD_URLS=https://debuginfod.ubuntu.com /usr/bin/cmake --install /home/ieee/justbaked/justbaked/build/robot_bringup
[0.601s] -- Install configuration: ""
[0.605s] -- Execute custom install script
[0.605s] -- Up-to-date symlink: /home/ieee/justbaked/justbaked/install/robot_bringup/lib/robot_bringup/waypoint_nav_cpp
[0.605s] -- Up-to-date symlink: /home/ieee/justbaked/justbaked/install/robot_bringup/lib/robot_bringup/button_publisher.py
[0.605s] -- Up-to-date symlink: /home/ieee/justbaked/justbaked/install/robot_bringup/share/robot_bringup/launch/roundone.launch.py
[0.605s] -- Up-to-date symlink: /home/ieee/justbaked/justbaked/install/robot_bringup/share/robot_bringup/launch/startup.launch.py
[0.606s] -- Up-to-date symlink: /home/ieee/justbaked/justbaked/install/robot_bringup/share/robot_bringup/waypoints/round1.yaml
[0.607s] -- Up-to-date symlink: /home/ieee/justbaked/justbaked/install/robot_bringup/share/robot_bringup/waypoints/round2.yaml
[0.607s] -- Symlinking: /home/ieee/justbaked/justbaked/install/robot_bringup/share/robot_bringup/waypoints/rvizpoints.yaml
[0.643s] -- Up-to-date symlink: /home/ieee/justbaked/justbaked/install/robot_bringup/share/ament_index/resource_index/package_run_dependencies/robot_bringup
[0.643s] -- Up-to-date symlink: /home/ieee/justbaked/justbaked/install/robot_bringup/share/ament_index/resource_index/parent_prefix_path/robot_bringup
[0.643s] -- Up-to-date symlink: /home/ieee/justbaked/justbaked/install/robot_bringup/share/robot_bringup/environment/ament_prefix_path.sh
[0.644s] -- Up-to-date symlink: /home/ieee/justbaked/justbaked/install/robot_bringup/share/robot_bringup/environment/ament_prefix_path.dsv
[0.647s] -- Up-to-date symlink: /home/ieee/justbaked/justbaked/install/robot_bringup/share/robot_bringup/environment/path.sh
[0.647s] -- Up-to-date symlink: /home/ieee/justbaked/justbaked/install/robot_bringup/share/robot_bringup/environment/path.dsv
[0.648s] -- Up-to-date symlink: /home/ieee/justbaked/justbaked/install/robot_bringup/share/robot_bringup/local_setup.bash
[0.648s] -- Up-to-date symlink: /home/ieee/justbaked/justbaked/install/robot_bringup/share/robot_bringup/local_setup.sh
[0.648s] -- Up-to-date symlink: /home/ieee/justbaked/justbaked/install/robot_bringup/share/robot_bringup/local_setup.zsh
[0.648s] -- Up-to-date symlink: /home/ieee/justbaked/justbaked/install/robot_bringup/share/robot_bringup/local_setup.dsv
[0.648s] -- Symlinking: /home/ieee/justbaked/justbaked/install/robot_bringup/share/robot_bringup/package.dsv
[0.677s] -- Up-to-date symlink: /home/ieee/justbaked/justbaked/install/robot_bringup/share/ament_index/resource_index/packages/robot_bringup
[0.677s] -- Up-to-date symlink: /home/ieee/justbaked/justbaked/install/robot_bringup/share/robot_bringup/cmake/robot_bringupConfig.cmake
[0.678s] -- Up-to-date symlink: /home/ieee/justbaked/justbaked/install/robot_bringup/share/robot_bringup/cmake/robot_bringupConfig-version.cmake
[0.678s] -- Up-to-date symlink: /home/ieee/justbaked/justbaked/install/robot_bringup/share/robot_bringup/package.xml
[0.741s] Invoked command in '/home/ieee/justbaked/justbaked/build/robot_bringup' returned '0': CMAKE_PREFIX_PATH=${CMAKE_PREFIX_PATH}:/home/ieee/justbaked/justbaked/install/temp_sens:/opt/ros/jazzy DEBUGINFOD_URLS=https://debuginfod.ubuntu.com /usr/bin/cmake --install /home/ieee/justbaked/justbaked/build/robot_bringup
