[0.038s] Invoking command in '/home/ieee/justbaked/justbaked/build/temp_sens': CMAKE_PREFIX_PATH=${CMAKE_PREFIX_PATH}:/opt/ros/jazzy DEBUGINFOD_URLS=https://debuginfod.ubuntu.com /usr/bin/cmake --build /home/ieee/justbaked/justbaked/build/temp_sens -- -j4 -l4
[0.194s] Built target ament_cmake_python_symlink_temp_sens
[0.546s] running egg_info
[0.572s] writing temp_sens.egg-info/PKG-INFO
[0.572s] writing dependency_links to temp_sens.egg-info/dependency_links.txt
[0.573s] writing top-level names to temp_sens.egg-info/top_level.txt
[0.650s] reading manifest file 'temp_sens.egg-info/SOURCES.txt'
[0.651s] writing manifest file 'temp_sens.egg-info/SOURCES.txt'
[0.736s] Built target ament_cmake_python_build_temp_sens_egg
[0.760s] Invoked command in '/home/ieee/justbaked/justbaked/build/temp_sens' returned '0': CMAKE_PREFIX_PATH=${CMAKE_PREFIX_PATH}:/opt/ros/jazzy DEBUGINFOD_URLS=https://debuginfod.ubuntu.com /usr/bin/cmake --build /home/ieee/justbaked/justbaked/build/temp_sens -- -j4 -l4
[0.763s] Invoking command in '/home/ieee/justbaked/justbaked/build/temp_sens': CMAKE_PREFIX_PATH=${CMAKE_PREFIX_PATH}:/opt/ros/jazzy DEBUGINFOD_URLS=https://debuginfod.ubuntu.com /usr/bin/cmake --install /home/ieee/justbaked/justbaked/build/temp_sens
[0.779s] -- Install configuration: ""
[0.780s] -- Execute custom install script
[0.780s] -- Up-to-date symlink: /home/ieee/justbaked/justbaked/install/temp_sens/lib/temp_sens/mlx90614_node.py
[0.781s] -- Up-to-date symlink: /home/ieee/justbaked/justbaked/install/temp_sens/share/temp_sens/environment/pythonpath.sh
[0.781s] -- Up-to-date symlink: /home/ieee/justbaked/justbaked/install/temp_sens/share/temp_sens/environment/pythonpath.dsv
[0.781s] -- Up-to-date symlink: /home/ieee/justbaked/justbaked/install/temp_sens/lib/python3.12/site-packages/temp_sens-0.0.0-py3.12.egg-info/PKG-INFO
[0.782s] -- Up-to-date symlink: /home/ieee/justbaked/justbaked/install/temp_sens/lib/python3.12/site-packages/temp_sens-0.0.0-py3.12.egg-info/SOURCES.txt
[0.782s] -- Up-to-date symlink: /home/ieee/justbaked/justbaked/install/temp_sens/lib/python3.12/site-packages/temp_sens-0.0.0-py3.12.egg-info/dependency_links.txt
[0.782s] -- Up-to-date symlink: /home/ieee/justbaked/justbaked/install/temp_sens/lib/python3.12/site-packages/temp_sens-0.0.0-py3.12.egg-info/top_level.txt
[0.782s] -- Up-to-date symlink: /home/ieee/justbaked/justbaked/install/temp_sens/lib/python3.12/site-packages/temp_sens/__init__.py
[0.783s] -- Up-to-date symlink: /home/ieee/justbaked/justbaked/install/temp_sens/lib/python3.12/site-packages/temp_sens/mlx90614_node.py
[0.783s] -- Up-to-date symlink: /home/ieee/justbaked/justbaked/install/temp_sens/share/ament_index/resource_index/package_run_dependencies/temp_sens
[0.784s] -- Up-to-date symlink: /home/ieee/justbaked/justbaked/install/temp_sens/share/ament_index/resource_index/parent_prefix_path/temp_sens
[0.784s] -- Up-to-date symlink: /home/ieee/justbaked/justbaked/install/temp_sens/share/temp_sens/environment/ament_prefix_path.sh
[0.784s] -- Up-to-date symlink: /home/ieee/justbaked/justbaked/install/temp_sens/share/temp_sens/environment/ament_prefix_path.dsv
[0.785s] -- Up-to-date symlink: /home/ieee/justbaked/justbaked/install/temp_sens/share/temp_sens/environment/path.sh
[0.785s] -- Up-to-date symlink: /home/ieee/justbaked/justbaked/install/temp_sens/share/temp_sens/environment/path.dsv
[0.785s] -- Up-to-date symlink: /home/ieee/justbaked/justbaked/install/temp_sens/share/temp_sens/local_setup.bash
[0.785s] -- Up-to-date symlink: /home/ieee/justbaked/justbaked/install/temp_sens/share/temp_sens/local_setup.sh
[0.785s] -- Up-to-date symlink: /home/ieee/justbaked/justbaked/install/temp_sens/share/temp_sens/local_setup.zsh
[0.785s] -- Up-to-date symlink: /home/ieee/justbaked/justbaked/install/temp_sens/share/temp_sens/local_setup.dsv
[0.785s] -- Symlinking: /home/ieee/justbaked/justbaked/install/temp_sens/share/temp_sens/package.dsv
[0.805s] -- Up-to-date symlink: /home/ieee/justbaked/justbaked/install/temp_sens/share/ament_index/resource_index/packages/temp_sens
[0.806s] -- Up-to-date symlink: /home/ieee/justbaked/justbaked/install/temp_sens/share/temp_sens/cmake/temp_sensConfig.cmake
[0.806s] -- Up-to-date symlink: /home/ieee/justbaked/justbaked/install/temp_sens/share/temp_sens/cmake/temp_sensConfig-version.cmake
[0.806s] -- Up-to-date symlink: /home/ieee/justbaked/justbaked/install/temp_sens/share/temp_sens/package.xml
[0.861s] Listing '/home/ieee/justbaked/justbaked/install/temp_sens/lib/python3.12/site-packages/temp_sens'...
[0.879s] Invoked command in '/home/ieee/justbaked/justbaked/build/temp_sens' returned '0': CMAKE_PREFIX_PATH=${CMAKE_PREFIX_PATH}:/opt/ros/jazzy DEBUGINFOD_URLS=https://debuginfod.ubuntu.com /usr/bin/cmake --install /home/ieee/justbaked/justbaked/build/temp_sens
