[0.044s] Invoking command in '/home/jack/ASUIEEE25/justbaked/build/slam': CMAKE_PREFIX_PATH=${CMAKE_PREFIX_PATH}:/opt/ros/jazzy DEBUGINFOD_URLS=https://debuginfod.ubuntu.com /usr/bin/cmake --build /home/jack/ASUIEEE25/justbaked/build/slam -- -j4 -l4
[0.532s] Invoked command in '/home/jack/ASUIEEE25/justbaked/build/slam' returned '0': CMAKE_PREFIX_PATH=${CMAKE_PREFIX_PATH}:/opt/ros/jazzy DEBUGINFOD_URLS=https://debuginfod.ubuntu.com /usr/bin/cmake --build /home/jack/ASUIEEE25/justbaked/build/slam -- -j4 -l4
[0.547s] Invoking command in '/home/jack/ASUIEEE25/justbaked/build/slam': CMAKE_PREFIX_PATH=${CMAKE_PREFIX_PATH}:/opt/ros/jazzy DEBUGINFOD_URLS=https://debuginfod.ubuntu.com /usr/bin/cmake --install /home/jack/ASUIEEE25/justbaked/build/slam
[0.568s] -- Install configuration: ""
[0.569s] -- Installing: /home/jack/ASUIEEE25/justbaked/install/slam/share/ament_index/resource_index/package_run_dependencies/slam
[0.572s] -- Installing: /home/jack/ASUIEEE25/justbaked/install/slam/share/ament_index/resource_index/parent_prefix_path/slam
[0.572s] -- Installing: /home/jack/ASUIEEE25/justbaked/install/slam/share/slam/environment/ament_prefix_path.sh
[0.572s] -- Installing: /home/jack/ASUIEEE25/justbaked/install/slam/share/slam/environment/ament_prefix_path.dsv
[0.573s] -- Installing: /home/jack/ASUIEEE25/justbaked/install/slam/share/slam/environment/path.sh
[0.573s] -- Installing: /home/jack/ASUIEEE25/justbaked/install/slam/share/slam/environment/path.dsv
[0.573s] -- Installing: /home/jack/ASUIEEE25/justbaked/install/slam/share/slam/local_setup.bash
[0.578s] -- Installing: /home/jack/ASUIEEE25/justbaked/install/slam/share/slam/local_setup.sh
[0.580s] -- Installing: /home/jack/ASUIEEE25/justbaked/install/slam/share/slam/local_setup.zsh
[0.580s] -- Installing: /home/jack/ASUIEEE25/justbaked/install/slam/share/slam/local_setup.dsv
[0.580s] -- Installing: /home/jack/ASUIEEE25/justbaked/install/slam/share/slam/package.dsv
[0.580s] -- Installing: /home/jack/ASUIEEE25/justbaked/install/slam/share/ament_index/resource_index/packages/slam
[0.580s] -- Installing: /home/jack/ASUIEEE25/justbaked/install/slam/share/slam/cmake/slamConfig.cmake
[0.581s] -- Installing: /home/jack/ASUIEEE25/justbaked/install/slam/share/slam/cmake/slamConfig-version.cmake
[0.581s] -- Installing: /home/jack/ASUIEEE25/justbaked/install/slam/share/slam/package.xml
[0.607s] Invoked command in '/home/jack/ASUIEEE25/justbaked/build/slam' returned '0': CMAKE_PREFIX_PATH=${CMAKE_PREFIX_PATH}:/opt/ros/jazzy DEBUGINFOD_URLS=https://debuginfod.ubuntu.com /usr/bin/cmake --install /home/jack/ASUIEEE25/justbaked/build/slam
