[0.029s] Invoking command in '/home/lsw155linuxbox/justbaked/justbaked/build/gazebo': CMAKE_PREFIX_PATH=${CMAKE_PREFIX_PATH}:/opt/ros/jazzy DEBUGINFOD_URLS=https://debuginfod.ubuntu.com /usr/bin/cmake --build /home/lsw155linuxbox/justbaked/justbaked/build/gazebo -- -j8 -l8
[0.085s] Invoked command in '/home/lsw155linuxbox/justbaked/justbaked/build/gazebo' returned '0': CMAKE_PREFIX_PATH=${CMAKE_PREFIX_PATH}:/opt/ros/jazzy DEBUGINFOD_URLS=https://debuginfod.ubuntu.com /usr/bin/cmake --build /home/lsw155linuxbox/justbaked/justbaked/build/gazebo -- -j8 -l8
[0.100s] Invoking command in '/home/lsw155linuxbox/justbaked/justbaked/build/gazebo': CMAKE_PREFIX_PATH=${CMAKE_PREFIX_PATH}:/opt/ros/jazzy DEBUGINFOD_URLS=https://debuginfod.ubuntu.com /usr/bin/cmake --install /home/lsw155linuxbox/justbaked/justbaked/build/gazebo
[0.114s] -- Install configuration: ""
[0.115s] -- Up-to-date: /home/lsw155linuxbox/justbaked/justbaked/install/gazebo/share/gazebo/launch
[0.115s] -- Up-to-date: /home/lsw155linuxbox/justbaked/justbaked/install/gazebo/share/gazebo/launch/world.launch.py
[0.115s] -- Up-to-date: /home/lsw155linuxbox/justbaked/justbaked/install/gazebo/share/gazebo/launch/spawn_robot.launch.py
[0.116s] -- Up-to-date: /home/lsw155linuxbox/justbaked/justbaked/install/gazebo/share/gazebo/worlds
[0.116s] -- Up-to-date: /home/lsw155linuxbox/justbaked/justbaked/install/gazebo/share/gazebo/worlds/firearena.sdf
[0.116s] -- Up-to-date: /home/lsw155linuxbox/justbaked/justbaked/install/gazebo/share/ament_index/resource_index/package_run_dependencies/gazebo
[0.116s] -- Up-to-date: /home/lsw155linuxbox/justbaked/justbaked/install/gazebo/share/ament_index/resource_index/parent_prefix_path/gazebo
[0.116s] -- Up-to-date: /home/lsw155linuxbox/justbaked/justbaked/install/gazebo/share/gazebo/environment/ament_prefix_path.sh
[0.117s] -- Up-to-date: /home/lsw155linuxbox/justbaked/justbaked/install/gazebo/share/gazebo/environment/ament_prefix_path.dsv
[0.117s] -- Up-to-date: /home/lsw155linuxbox/justbaked/justbaked/install/gazebo/share/gazebo/environment/path.sh
[0.117s] -- Up-to-date: /home/lsw155linuxbox/justbaked/justbaked/install/gazebo/share/gazebo/environment/path.dsv
[0.117s] -- Up-to-date: /home/lsw155linuxbox/justbaked/justbaked/install/gazebo/share/gazebo/local_setup.bash
[0.118s] -- Up-to-date: /home/lsw155linuxbox/justbaked/justbaked/install/gazebo/share/gazebo/local_setup.sh
[0.119s] -- Up-to-date: /home/lsw155linuxbox/justbaked/justbaked/install/gazebo/share/gazebo/local_setup.zsh
[0.119s] -- Up-to-date: /home/lsw155linuxbox/justbaked/justbaked/install/gazebo/share/gazebo/local_setup.dsv
[0.119s] -- Installing: /home/lsw155linuxbox/justbaked/justbaked/install/gazebo/share/gazebo/package.dsv
[0.120s] -- Up-to-date: /home/lsw155linuxbox/justbaked/justbaked/install/gazebo/share/ament_index/resource_index/packages/gazebo
[0.120s] -- Up-to-date: /home/lsw155linuxbox/justbaked/justbaked/install/gazebo/share/gazebo/cmake/gazeboConfig.cmake
[0.122s] -- Up-to-date: /home/lsw155linuxbox/justbaked/justbaked/install/gazebo/share/gazebo/cmake/gazeboConfig-version.cmake
[0.122s] -- Up-to-date: /home/lsw155linuxbox/justbaked/justbaked/install/gazebo/share/gazebo/package.xml
[0.134s] Invoked command in '/home/lsw155linuxbox/justbaked/justbaked/build/gazebo' returned '0': CMAKE_PREFIX_PATH=${CMAKE_PREFIX_PATH}:/opt/ros/jazzy DEBUGINFOD_URLS=https://debuginfod.ubuntu.com /usr/bin/cmake --install /home/lsw155linuxbox/justbaked/justbaked/build/gazebo
