[1.608s] Invoking command in '/home/ieee/justbaked/justbaked/src/temp_sens': DEBUGINFOD_URLS=https://debuginfod.ubuntu.com PYTHONPATH=/home/ieee/justbaked/justbaked/build/temp_sens/prefix_override:/usr/lib/python3/dist-packages/colcon_core/task/python/colcon_distutils_commands:/home/ieee/justbaked/justbaked/install/temp_sens/lib/python3.12/site-packages:${PYTHONPATH} /usr/bin/python3 -W ignore:setup.py install is deprecated -W ignore:easy_install command is deprecated setup.py egg_info --egg-base ../../build/temp_sens build --build-base /home/ieee/justbaked/justbaked/build/temp_sens/build install --record /home/ieee/justbaked/justbaked/build/temp_sens/install.log --single-version-externally-managed install_data
[1.973s] running egg_info
[1.999s] writing ../../build/temp_sens/temp_sens.egg-info/PKG-INFO
[2.001s] writing dependency_links to ../../build/temp_sens/temp_sens.egg-info/dependency_links.txt
[2.001s] writing entry points to ../../build/temp_sens/temp_sens.egg-info/entry_points.txt
[2.002s] writing requirements to ../../build/temp_sens/temp_sens.egg-info/requires.txt
[2.002s] writing top-level names to ../../build/temp_sens/temp_sens.egg-info/top_level.txt
[2.056s] reading manifest file '../../build/temp_sens/temp_sens.egg-info/SOURCES.txt'
[2.056s] adding license file 'LICENSE'
[2.057s] writing manifest file '../../build/temp_sens/temp_sens.egg-info/SOURCES.txt'
[2.057s] running build
[2.057s] running build_py
[2.058s] running install
[2.067s] running install_lib
[2.094s] running install_data
[2.095s] running install_egg_info
[2.122s] removing '/home/ieee/justbaked/justbaked/install/temp_sens/lib/python3.12/site-packages/temp_sens-0.0.1-py3.12.egg-info' (and everything under it)
[2.123s] Copying ../../build/temp_sens/temp_sens.egg-info to /home/ieee/justbaked/justbaked/install/temp_sens/lib/python3.12/site-packages/temp_sens-0.0.1-py3.12.egg-info
[2.124s] running install_scripts
[2.305s] Installing serial_temp_reader script to /home/ieee/justbaked/justbaked/install/temp_sens/lib/temp_sens
[2.307s] writing list of installed files to '/home/ieee/justbaked/justbaked/build/temp_sens/install.log'
[2.386s] Invoked command in '/home/ieee/justbaked/justbaked/src/temp_sens' returned '0': DEBUGINFOD_URLS=https://debuginfod.ubuntu.com PYTHONPATH=/home/ieee/justbaked/justbaked/build/temp_sens/prefix_override:/usr/lib/python3/dist-packages/colcon_core/task/python/colcon_distutils_commands:/home/ieee/justbaked/justbaked/install/temp_sens/lib/python3.12/site-packages:${PYTHONPATH} /usr/bin/python3 -W ignore:setup.py install is deprecated -W ignore:easy_install command is deprecated setup.py egg_info --egg-base ../../build/temp_sens build --build-base /home/ieee/justbaked/justbaked/build/temp_sens/build install --record /home/ieee/justbaked/justbaked/build/temp_sens/install.log --single-version-externally-managed install_data
