[0.027s] Invoking command in '/home/ieee/justbaked/justbaked/build/temp_sens': CMAKE_PREFIX_PATH=${CMAKE_PREFIX_PATH}:/opt/ros/jazzy DEBUGINFOD_URLS=https://debuginfod.ubuntu.com /usr/bin/cmake --build /home/ieee/justbaked/justbaked/build/temp_sens -- -j4 -l4
[0.169s] Built target ament_cmake_python_symlink_temp_sens
[0.526s] running egg_info
[0.553s] writing temp_sens.egg-info/PKG-INFO
[0.553s] writing dependency_links to temp_sens.egg-info/dependency_links.txt
[0.553s] writing top-level names to temp_sens.egg-info/top_level.txt
[0.629s] reading manifest file 'temp_sens.egg-info/SOURCES.txt'
[0.630s] writing manifest file 'temp_sens.egg-info/SOURCES.txt'
[0.702s] Built target ament_cmake_python_build_temp_sens_egg
[0.724s] Invoked command in '/home/ieee/justbaked/justbaked/build/temp_sens' returned '0': CMAKE_PREFIX_PATH=${CMAKE_PREFIX_PATH}:/opt/ros/jazzy DEBUGINFOD_URLS=https://debuginfod.ubuntu.com /usr/bin/cmake --build /home/ieee/justbaked/justbaked/build/temp_sens -- -j4 -l4
[0.726s] Invoking command in '/home/ieee/justbaked/justbaked/build/temp_sens': CMAKE_PREFIX_PATH=${CMAKE_PREFIX_PATH}:/opt/ros/jazzy DEBUGINFOD_URLS=https://debuginfod.ubuntu.com /usr/bin/cmake --install /home/ieee/justbaked/justbaked/build/temp_sens
[0.741s] -- Install configuration: ""
[0.741s] -- Execute custom install script
[0.742s] -- Up-to-date symlink: /home/ieee/justbaked/justbaked/install/temp_sens/lib/temp_sens/mlx90614_node.py
[0.742s] -- Up-to-date symlink: /home/ieee/justbaked/justbaked/install/temp_sens/share/temp_sens/environment/pythonpath.sh
[0.742s] -- Up-to-date symlink: /home/ieee/justbaked/justbaked/install/temp_sens/share/temp_sens/environment/pythonpath.dsv
[0.743s] -- Up-to-date symlink: /home/ieee/justbaked/justbaked/install/temp_sens/lib/python3.12/site-packages/temp_sens-0.0.0-py3.12.egg-info/PKG-INFO
[0.743s] -- Up-to-date symlink: /home/ieee/justbaked/justbaked/install/temp_sens/lib/python3.12/site-packages/temp_sens-0.0.0-py3.12.egg-info/SOURCES.txt
[0.743s] -- Up-to-date symlink: /home/ieee/justbaked/justbaked/install/temp_sens/lib/python3.12/site-packages/temp_sens-0.0.0-py3.12.egg-info/dependency_links.txt
[0.743s] -- Up-to-date symlink: /home/ieee/justbaked/justbaked/install/temp_sens/lib/python3.12/site-packages/temp_sens-0.0.0-py3.12.egg-info/top_level.txt
[0.744s] -- Up-to-date symlink: /home/ieee/justbaked/justbaked/install/temp_sens/lib/python3.12/site-packages/temp_sens/__init__.py
[0.744s] -- Up-to-date symlink: /home/ieee/justbaked/justbaked/install/temp_sens/lib/python3.12/site-packages/temp_sens/mlx90614_node.py
[0.744s] -- Up-to-date symlink: /home/ieee/justbaked/justbaked/install/temp_sens/share/ament_index/resource_index/package_run_dependencies/temp_sens
[0.744s] -- Up-to-date symlink: /home/ieee/justbaked/justbaked/install/temp_sens/share/ament_index/resource_index/parent_prefix_path/temp_sens
[0.745s] -- Up-to-date symlink: /home/ieee/justbaked/justbaked/install/temp_sens/share/temp_sens/environment/ament_prefix_path.sh
[0.745s] -- Up-to-date symlink: /home/ieee/justbaked/justbaked/install/temp_sens/share/temp_sens/environment/ament_prefix_path.dsv
[0.745s] -- Up-to-date symlink: /home/ieee/justbaked/justbaked/install/temp_sens/share/temp_sens/environment/path.sh
[0.745s] -- Up-to-date symlink: /home/ieee/justbaked/justbaked/install/temp_sens/share/temp_sens/environment/path.dsv
[0.745s] -- Up-to-date symlink: /home/ieee/justbaked/justbaked/install/temp_sens/share/temp_sens/local_setup.bash
[0.746s] -- Up-to-date symlink: /home/ieee/justbaked/justbaked/install/temp_sens/share/temp_sens/local_setup.sh
[0.746s] -- Up-to-date symlink: /home/ieee/justbaked/justbaked/install/temp_sens/share/temp_sens/local_setup.zsh
[0.746s] -- Up-to-date symlink: /home/ieee/justbaked/justbaked/install/temp_sens/share/temp_sens/local_setup.dsv
[0.746s] -- Symlinking: /home/ieee/justbaked/justbaked/install/temp_sens/share/temp_sens/package.dsv
[0.765s] -- Up-to-date symlink: /home/ieee/justbaked/justbaked/install/temp_sens/share/ament_index/resource_index/packages/temp_sens
[0.765s] -- Up-to-date symlink: /home/ieee/justbaked/justbaked/install/temp_sens/share/temp_sens/cmake/temp_sensConfig.cmake
[0.765s] -- Up-to-date symlink: /home/ieee/justbaked/justbaked/install/temp_sens/share/temp_sens/cmake/temp_sensConfig-version.cmake
[0.765s] -- Up-to-date symlink: /home/ieee/justbaked/justbaked/install/temp_sens/share/temp_sens/package.xml
[0.819s] Listing '/home/ieee/justbaked/justbaked/install/temp_sens/lib/python3.12/site-packages/temp_sens'...
[0.837s] Invoked command in '/home/ieee/justbaked/justbaked/build/temp_sens' returned '0': CMAKE_PREFIX_PATH=${CMAKE_PREFIX_PATH}:/opt/ros/jazzy DEBUGINFOD_URLS=https://debuginfod.ubuntu.com /usr/bin/cmake --install /home/ieee/justbaked/justbaked/build/temp_sens
