[0.033s] Invoking command in '/home/ieee/justbaked/justbaked/build/robot_bringup': CMAKE_PREFIX_PATH=${CMAKE_PREFIX_PATH}:/home/ieee/justbaked/justbaked/install/temp_sens:/opt/ros/jazzy DEBUGINFOD_URLS=https://debuginfod.ubuntu.com /usr/bin/cmake /home/ieee/justbaked/justbaked/src/robot_bringup -DAMENT_CMAKE_SYMLINK_INSTALL=1 -DCMAKE_INSTALL_PREFIX=/home/ieee/justbaked/justbaked/install/robot_bringup
[0.531s] -- The C compiler identification is GNU 13.3.0
[0.531s] -- The CXX compiler identification is GNU 13.3.0
[0.532s] -- Detecting C compiler ABI info
[0.532s] -- Detecting C compiler ABI info - done
[0.547s] -- Check for working C compiler: /usr/bin/cc - skipped
[0.548s] -- Detecting C compile features
[0.548s] -- Detecting C compile features - done
[0.559s] -- Detecting CXX compiler ABI info
[0.836s] -- Detecting CXX compiler ABI info - done
[0.867s] -- Check for working CXX compiler: /usr/bin/c++ - skipped
[0.867s] -- Detecting CXX compile features
[0.868s] -- Detecting CXX compile features - done
[0.881s] -- Found ament_cmake: 2.5.3 (/opt/ros/jazzy/share/ament_cmake/cmake)
[1.235s] -- Found Python3: /usr/bin/python3 (found version "3.12.3") found components: Interpreter 
[1.432s] -- Override CMake install command with custom implementation using symlinks instead of copying resources
[1.522s] -- Found rclcpp: 28.1.6 (/opt/ros/jazzy/share/rclcpp/cmake)
[1.616s] -- Found rosidl_generator_c: 4.6.5 (/opt/ros/jazzy/share/rosidl_generator_c/cmake)
[1.650s] -- Found rosidl_generator_cpp: 4.6.5 (/opt/ros/jazzy/share/rosidl_generator_cpp/cmake)
[1.690s] -- Using all available rosidl_typesupport_c: rosidl_typesupport_fastrtps_c;rosidl_typesupport_introspection_c
[1.733s] -- Using all available rosidl_typesupport_cpp: rosidl_typesupport_fastrtps_cpp;rosidl_typesupport_introspection_cpp
[1.912s] -- Found rmw_implementation_cmake: 7.3.1 (/opt/ros/jazzy/share/rmw_implementation_cmake/cmake)
[1.922s] -- Found rmw_fastrtps_cpp: 8.4.1 (/opt/ros/jazzy/share/rmw_fastrtps_cpp/cmake)
[2.114s] -- Found OpenSSL: /usr/lib/aarch64-linux-gnu/libcrypto.so (found version "3.0.13")  
[2.149s] -- Found FastRTPS: /opt/ros/jazzy/include (Required is at least version "2.13") 
[2.197s] -- Using RMW implementation 'rmw_fastrtps_cpp' as default
[2.348s] -- Found std_msgs: 5.3.5 (/opt/ros/jazzy/share/std_msgs/cmake)
[2.373s] -- Found geometry_msgs: 5.3.5 (/opt/ros/jazzy/share/geometry_msgs/cmake)
[2.401s] -- Found nav2_msgs: 1.3.5 (/opt/ros/jazzy/share/nav2_msgs/cmake)
[2.670s] -- Found tf2: 0.36.8 (/opt/ros/jazzy/share/tf2/cmake)
[2.685s] -- Found tf2_geometry_msgs: 0.36.8 (/opt/ros/jazzy/share/tf2_geometry_msgs/cmake)
[2.723s] -- Found eigen3_cmake_module: 0.3.0 (/opt/ros/jazzy/share/eigen3_cmake_module/cmake)
[2.726s] -- Found Eigen3: TRUE (found version "3.4.0") 
[2.727s] -- Ensuring Eigen3 include directory is part of orocos-kdl CMake target
[2.947s] -- Found ament_lint_auto: 0.17.1 (/opt/ros/jazzy/share/ament_lint_auto/cmake)
[3.485s] -- Added test 'copyright' to check source files copyright and LICENSE
[3.489s] -- Added test 'cppcheck' to perform static code analysis on C / C++ code
[3.493s] -- Configured cppcheck include dirs: 
[3.493s] -- Configured cppcheck exclude dirs and/or files: 
[3.494s] -- Added test 'cpplint' to check C / C++ code against the Google style
[3.495s] -- Configured cpplint exclude dirs and/or files: 
[3.497s] -- Added test 'flake8' to check Python code syntax and style conventions
[3.497s] -- Configured 'flake8' exclude dirs and/or files: 
[3.500s] -- Added test 'lint_cmake' to check CMake code style
[3.503s] -- Added test 'pep257' to check Python code against some of the docstring style conventions in PEP 257
[3.509s] -- Added test 'uncrustify' to check C / C++ code style
[3.513s] -- Configured uncrustify additional arguments: 
[3.513s] -- Added test 'xmllint' to check XML markup files
[3.521s] -- Configuring done (3.5s)
[3.592s] -- Generating done (0.0s)
[3.623s] -- Build files have been written to: /home/ieee/justbaked/justbaked/build/robot_bringup
[3.683s] Invoked command in '/home/ieee/justbaked/justbaked/build/robot_bringup' returned '0': CMAKE_PREFIX_PATH=${CMAKE_PREFIX_PATH}:/home/ieee/justbaked/justbaked/install/temp_sens:/opt/ros/jazzy DEBUGINFOD_URLS=https://debuginfod.ubuntu.com /usr/bin/cmake /home/ieee/justbaked/justbaked/src/robot_bringup -DAMENT_CMAKE_SYMLINK_INSTALL=1 -DCMAKE_INSTALL_PREFIX=/home/ieee/justbaked/justbaked/install/robot_bringup
[3.685s] Invoking command in '/home/ieee/justbaked/justbaked/build/robot_bringup': CMAKE_PREFIX_PATH=${CMAKE_PREFIX_PATH}:/home/ieee/justbaked/justbaked/install/temp_sens:/opt/ros/jazzy DEBUGINFOD_URLS=https://debuginfod.ubuntu.com /usr/bin/cmake --build /home/ieee/justbaked/justbaked/build/robot_bringup -- -j4 -l4
[3.881s] [ 25%] [32mBuilding CXX object CMakeFiles/determine_fire_location.dir/src/determine_fire_location.cpp.o[0m
[3.883s] [ 50%] [32mBuilding CXX object CMakeFiles/waypoint_nav_cpp.dir/src/waypoint_nav.cpp.o[0m
[23.277s] [ 75%] [32m[1mLinking CXX executable waypoint_nav_cpp[0m
[24.084s] [ 75%] Built target waypoint_nav_cpp
[26.945s] [100%] [32m[1mLinking CXX executable determine_fire_location[0m
[27.790s] [100%] Built target determine_fire_location
[27.814s] Invoked command in '/home/ieee/justbaked/justbaked/build/robot_bringup' returned '0': CMAKE_PREFIX_PATH=${CMAKE_PREFIX_PATH}:/home/ieee/justbaked/justbaked/install/temp_sens:/opt/ros/jazzy DEBUGINFOD_URLS=https://debuginfod.ubuntu.com /usr/bin/cmake --build /home/ieee/justbaked/justbaked/build/robot_bringup -- -j4 -l4
[27.816s] Invoking command in '/home/ieee/justbaked/justbaked/build/robot_bringup': CMAKE_PREFIX_PATH=${CMAKE_PREFIX_PATH}:/home/ieee/justbaked/justbaked/install/temp_sens:/opt/ros/jazzy DEBUGINFOD_URLS=https://debuginfod.ubuntu.com /usr/bin/cmake --install /home/ieee/justbaked/justbaked/build/robot_bringup
[27.833s] -- Install configuration: ""
[27.834s] -- Execute custom install script
[27.834s] -- Symlinking: /home/ieee/justbaked/justbaked/install/robot_bringup/lib/robot_bringup/waypoint_nav_cpp
[27.854s] -- Symlinking: /home/ieee/justbaked/justbaked/install/robot_bringup/lib/robot_bringup/determine_fire_location
[27.874s] -- Symlinking: /home/ieee/justbaked/justbaked/install/robot_bringup/lib/robot_bringup/button_publisher.py
[27.894s] -- Symlinking: /home/ieee/justbaked/justbaked/install/robot_bringup/share/robot_bringup/launch/roundone.launch.py
[27.914s] -- Symlinking: /home/ieee/justbaked/justbaked/install/robot_bringup/share/robot_bringup/launch/roundthree.launch.py
[27.933s] -- Symlinking: /home/ieee/justbaked/justbaked/install/robot_bringup/share/robot_bringup/launch/startup.launch.py
[27.953s] -- Symlinking: /home/ieee/justbaked/justbaked/install/robot_bringup/share/robot_bringup/waypoints/round1.yaml
[27.971s] -- Symlinking: /home/ieee/justbaked/justbaked/install/robot_bringup/share/robot_bringup/waypoints/round2.yaml
[27.989s] -- Symlinking: /home/ieee/justbaked/justbaked/install/robot_bringup/share/robot_bringup/waypoints/rvizpoints.yaml
[28.007s] -- Symlinking: /home/ieee/justbaked/justbaked/install/robot_bringup/share/robot_bringup/maps/.pgm
[28.025s] -- Symlinking: /home/ieee/justbaked/justbaked/install/robot_bringup/share/robot_bringup/maps/.yaml
[28.044s] -- Symlinking: /home/ieee/justbaked/justbaked/install/robot_bringup/share/robot_bringup/maps/arena_map.pgm
[28.061s] -- Symlinking: /home/ieee/justbaked/justbaked/install/robot_bringup/share/robot_bringup/maps/arena_map.yaml
[28.080s] -- Symlinking: /home/ieee/justbaked/justbaked/install/robot_bringup/share/ament_index/resource_index/package_run_dependencies/robot_bringup
[28.098s] -- Symlinking: /home/ieee/justbaked/justbaked/install/robot_bringup/share/ament_index/resource_index/parent_prefix_path/robot_bringup
[28.117s] -- Symlinking: /home/ieee/justbaked/justbaked/install/robot_bringup/share/robot_bringup/environment/ament_prefix_path.sh
[28.136s] -- Symlinking: /home/ieee/justbaked/justbaked/install/robot_bringup/share/robot_bringup/environment/ament_prefix_path.dsv
[28.155s] -- Symlinking: /home/ieee/justbaked/justbaked/install/robot_bringup/share/robot_bringup/environment/path.sh
[28.173s] -- Symlinking: /home/ieee/justbaked/justbaked/install/robot_bringup/share/robot_bringup/environment/path.dsv
[28.191s] -- Symlinking: /home/ieee/justbaked/justbaked/install/robot_bringup/share/robot_bringup/local_setup.bash
[28.210s] -- Symlinking: /home/ieee/justbaked/justbaked/install/robot_bringup/share/robot_bringup/local_setup.sh
[28.230s] -- Symlinking: /home/ieee/justbaked/justbaked/install/robot_bringup/share/robot_bringup/local_setup.zsh
[28.248s] -- Symlinking: /home/ieee/justbaked/justbaked/install/robot_bringup/share/robot_bringup/local_setup.dsv
[28.266s] -- Symlinking: /home/ieee/justbaked/justbaked/install/robot_bringup/share/robot_bringup/package.dsv
[28.285s] -- Symlinking: /home/ieee/justbaked/justbaked/install/robot_bringup/share/ament_index/resource_index/packages/robot_bringup
[28.304s] -- Symlinking: /home/ieee/justbaked/justbaked/install/robot_bringup/share/robot_bringup/cmake/robot_bringupConfig.cmake
[28.321s] -- Symlinking: /home/ieee/justbaked/justbaked/install/robot_bringup/share/robot_bringup/cmake/robot_bringupConfig-version.cmake
[28.339s] -- Symlinking: /home/ieee/justbaked/justbaked/install/robot_bringup/share/robot_bringup/package.xml
[28.361s] Invoked command in '/home/ieee/justbaked/justbaked/build/robot_bringup' returned '0': CMAKE_PREFIX_PATH=${CMAKE_PREFIX_PATH}:/home/ieee/justbaked/justbaked/install/temp_sens:/opt/ros/jazzy DEBUGINFOD_URLS=https://debuginfod.ubuntu.com /usr/bin/cmake --install /home/ieee/justbaked/justbaked/build/robot_bringup
