[1.861s] Invoking command in '/home/ieee/justbaked/justbaked/build/temp_sens': DEBUGINFOD_URLS=https://debuginfod.ubuntu.com PYTHONPATH=/home/ieee/justbaked/justbaked/build/temp_sens/prefix_override:/usr/lib/python3/dist-packages/colcon_core/task/python/colcon_distutils_commands:/home/ieee/justbaked/justbaked/install/temp_sens/lib/python3.12/site-packages:${PYTHONPATH} /usr/bin/python3 -W ignore:setup.py install is deprecated -W ignore:easy_install command is deprecated setup.py develop --editable --build-directory /home/ieee/justbaked/justbaked/build/temp_sens/build --no-deps symlink_data
[2.488s] running develop
[2.918s] running egg_info
[2.918s] creating temp_sens.egg-info
[2.979s] writing temp_sens.egg-info/PKG-INFO
[2.980s] writing dependency_links to temp_sens.egg-info/dependency_links.txt
[2.980s] writing entry points to temp_sens.egg-info/entry_points.txt
[2.980s] writing requirements to temp_sens.egg-info/requires.txt
[2.980s] writing top-level names to temp_sens.egg-info/top_level.txt
[2.980s] writing manifest file 'temp_sens.egg-info/SOURCES.txt'
[3.050s] reading manifest file 'temp_sens.egg-info/SOURCES.txt'
[3.054s] writing manifest file 'temp_sens.egg-info/SOURCES.txt'
[3.090s] running build_ext
[3.090s] Creating /home/ieee/justbaked/justbaked/install/temp_sens/lib/python3.12/site-packages/temp-sens.egg-link (link to .)
[3.090s] Installing serial_temp_reader script to /home/ieee/justbaked/justbaked/install/temp_sens/lib/temp_sens
[3.090s] 
[3.090s] Installed /home/ieee/justbaked/justbaked/build/temp_sens
[3.090s] running symlink_data
[3.090s] creating /home/ieee/justbaked/justbaked/install/temp_sens/share/ament_index
[3.091s] creating /home/ieee/justbaked/justbaked/install/temp_sens/share/ament_index/resource_index
[3.091s] creating /home/ieee/justbaked/justbaked/install/temp_sens/share/ament_index/resource_index/packages
[3.091s] symbolically linking /home/ieee/justbaked/justbaked/build/temp_sens/resource/temp_sens -> /home/ieee/justbaked/justbaked/install/temp_sens/share/ament_index/resource_index/packages
[3.091s] symbolically linking /home/ieee/justbaked/justbaked/build/temp_sens/package.xml -> /home/ieee/justbaked/justbaked/install/temp_sens/share/temp_sens
[3.302s] Invoked command in '/home/ieee/justbaked/justbaked/build/temp_sens' returned '0': DEBUGINFOD_URLS=https://debuginfod.ubuntu.com PYTHONPATH=/home/ieee/justbaked/justbaked/build/temp_sens/prefix_override:/usr/lib/python3/dist-packages/colcon_core/task/python/colcon_distutils_commands:/home/ieee/justbaked/justbaked/install/temp_sens/lib/python3.12/site-packages:${PYTHONPATH} /usr/bin/python3 -W ignore:setup.py install is deprecated -W ignore:easy_install command is deprecated setup.py develop --editable --build-directory /home/ieee/justbaked/justbaked/build/temp_sens/build --no-deps symlink_data
