[0.037s] Invoking command in '/home/ieee/justbaked/justbaked/build/robot_bringup': CMAKE_PREFIX_PATH=${CMAKE_PREFIX_PATH}:/home/ieee/justbaked/justbaked/install/temp_sens:/opt/ros/jazzy DEBUGINFOD_URLS=https://debuginfod.ubuntu.com /usr/bin/cmake /home/ieee/justbaked/justbaked/src/robot_bringup -DAMENT_CMAKE_SYMLINK_INSTALL=1 -DCMAKE_INSTALL_PREFIX=/home/ieee/justbaked/justbaked/install/robot_bringup
[0.489s] -- Found ament_cmake: 2.5.3 (/opt/ros/jazzy/share/ament_cmake/cmake)
[0.509s] -- Override CMake install command with custom implementation using symlinks instead of copying resources
[0.532s] -- Found rclpy: 7.1.3 (/opt/ros/jazzy/share/rclpy/cmake)
[0.532s] -- Found ament_lint_auto: 0.17.1 (/opt/ros/jazzy/share/ament_lint_auto/cmake)
[0.786s] -- Added test 'copyright' to check source files copyright and LICENSE
[0.790s] -- Added test 'flake8' to check Python code syntax and style conventions
[0.791s] -- Configured 'flake8' exclude dirs and/or files: 
[0.792s] -- Added test 'lint_cmake' to check CMake code style
[0.794s] -- Added test 'pep257' to check Python code against some of the docstring style conventions in PEP 257
[0.796s] -- Added test 'xmllint' to check XML markup files
[0.800s] -- Configuring done (0.7s)
[0.810s] -- Generating done (0.0s)
[0.815s] -- Build files have been written to: /home/ieee/justbaked/justbaked/build/robot_bringup
[0.832s] Invoked command in '/home/ieee/justbaked/justbaked/build/robot_bringup' returned '0': CMAKE_PREFIX_PATH=${CMAKE_PREFIX_PATH}:/home/ieee/justbaked/justbaked/install/temp_sens:/opt/ros/jazzy DEBUGINFOD_URLS=https://debuginfod.ubuntu.com /usr/bin/cmake /home/ieee/justbaked/justbaked/src/robot_bringup -DAMENT_CMAKE_SYMLINK_INSTALL=1 -DCMAKE_INSTALL_PREFIX=/home/ieee/justbaked/justbaked/install/robot_bringup
[0.832s] Invoking command in '/home/ieee/justbaked/justbaked/build/robot_bringup': CMAKE_PREFIX_PATH=${CMAKE_PREFIX_PATH}:/home/ieee/justbaked/justbaked/install/temp_sens:/opt/ros/jazzy DEBUGINFOD_URLS=https://debuginfod.ubuntu.com /usr/bin/cmake --build /home/ieee/justbaked/justbaked/build/robot_bringup -- -j4 -l4
[0.932s] Invoked command in '/home/ieee/justbaked/justbaked/build/robot_bringup' returned '0': CMAKE_PREFIX_PATH=${CMAKE_PREFIX_PATH}:/home/ieee/justbaked/justbaked/install/temp_sens:/opt/ros/jazzy DEBUGINFOD_URLS=https://debuginfod.ubuntu.com /usr/bin/cmake --build /home/ieee/justbaked/justbaked/build/robot_bringup -- -j4 -l4
[0.952s] Invoking command in '/home/ieee/justbaked/justbaked/build/robot_bringup': CMAKE_PREFIX_PATH=${CMAKE_PREFIX_PATH}:/home/ieee/justbaked/justbaked/install/temp_sens:/opt/ros/jazzy DEBUGINFOD_URLS=https://debuginfod.ubuntu.com /usr/bin/cmake --install /home/ieee/justbaked/justbaked/build/robot_bringup
[0.975s] -- Install configuration: ""
[0.976s] -- Execute custom install script
[0.976s] -- Up-to-date symlink: /home/ieee/justbaked/justbaked/install/robot_bringup/lib/robot_bringup/cat_servo_gpiozero.py
[0.977s] -- Up-to-date symlink: /home/ieee/justbaked/justbaked/install/robot_bringup/lib/robot_bringup/cat_servo_fire.py
[0.978s] -- Up-to-date symlink: /home/ieee/justbaked/justbaked/install/robot_bringup/share/robot_bringup/launch/startup.launch.py
[0.978s] -- Up-to-date symlink: /home/ieee/justbaked/justbaked/install/robot_bringup/share/ament_index/resource_index/package_run_dependencies/robot_bringup
[0.981s] -- Up-to-date symlink: /home/ieee/justbaked/justbaked/install/robot_bringup/share/ament_index/resource_index/parent_prefix_path/robot_bringup
[0.981s] -- Up-to-date symlink: /home/ieee/justbaked/justbaked/install/robot_bringup/share/robot_bringup/environment/ament_prefix_path.sh
[0.982s] -- Up-to-date symlink: /home/ieee/justbaked/justbaked/install/robot_bringup/share/robot_bringup/environment/ament_prefix_path.dsv
[0.982s] -- Up-to-date symlink: /home/ieee/justbaked/justbaked/install/robot_bringup/share/robot_bringup/environment/path.sh
[0.982s] -- Up-to-date symlink: /home/ieee/justbaked/justbaked/install/robot_bringup/share/robot_bringup/environment/path.dsv
[0.982s] -- Up-to-date symlink: /home/ieee/justbaked/justbaked/install/robot_bringup/share/robot_bringup/local_setup.bash
[0.982s] -- Up-to-date symlink: /home/ieee/justbaked/justbaked/install/robot_bringup/share/robot_bringup/local_setup.sh
[0.982s] -- Up-to-date symlink: /home/ieee/justbaked/justbaked/install/robot_bringup/share/robot_bringup/local_setup.zsh
[0.982s] -- Up-to-date symlink: /home/ieee/justbaked/justbaked/install/robot_bringup/share/robot_bringup/local_setup.dsv
[0.982s] -- Symlinking: /home/ieee/justbaked/justbaked/install/robot_bringup/share/robot_bringup/package.dsv
[1.008s] -- Up-to-date symlink: /home/ieee/justbaked/justbaked/install/robot_bringup/share/ament_index/resource_index/packages/robot_bringup
[1.008s] -- Up-to-date symlink: /home/ieee/justbaked/justbaked/install/robot_bringup/share/robot_bringup/cmake/robot_bringupConfig.cmake
[1.008s] -- Up-to-date symlink: /home/ieee/justbaked/justbaked/install/robot_bringup/share/robot_bringup/cmake/robot_bringupConfig-version.cmake
[1.009s] -- Up-to-date symlink: /home/ieee/justbaked/justbaked/install/robot_bringup/share/robot_bringup/package.xml
[1.012s] Invoked command in '/home/ieee/justbaked/justbaked/build/robot_bringup' returned '0': CMAKE_PREFIX_PATH=${CMAKE_PREFIX_PATH}:/home/ieee/justbaked/justbaked/install/temp_sens:/opt/ros/jazzy DEBUGINFOD_URLS=https://debuginfod.ubuntu.com /usr/bin/cmake --install /home/ieee/justbaked/justbaked/build/robot_bringup
