[0.018s] Invoking command in '/home/ieee/justbaked/justbaked/build/robot_bringup': DEBUGINFOD_URLS=https://debuginfod.ubuntu.com /usr/bin/cmake /home/ieee/justbaked/justbaked/src/robot_bringup -DCMAKE_INSTALL_PREFIX=/home/ieee/justbaked/justbaked/install/robot_bringup
[0.393s] -- Found ament_cmake: 2.5.3 (/opt/ros/jazzy/share/ament_cmake/cmake)
[17.195s] Traceback (most recent call last):
[17.197s]   File "/opt/ros/jazzy/share/ament_cmake_core/cmake/package_templates/templates_2_cmake.py", line 21, in <module>
[17.198s]     from ament_package.templates import get_environment_hook_template_path
[17.200s] ModuleNotFoundError: No module named 'ament_package'
[17.442s] [31mCMake Error at /opt/ros/jazzy/share/ament_cmake_core/cmake/ament_cmake_package_templates-extras.cmake:41 (message):
[17.442s]   execute_process(/usr/bin/python3
[17.443s]   /opt/ros/jazzy/share/ament_cmake_core/cmake/package_templates/templates_2_cmake.py
[17.443s]   /home/ieee/justbaked/justbaked/build/robot_bringup/ament_cmake_package_templates/templates.cmake)
[17.443s]   returned error code 1
[17.443s] Call Stack (most recent call first):
[17.443s]   /opt/ros/jazzy/share/ament_cmake_core/cmake/ament_cmake_coreConfig.cmake:41 (include)
[17.444s]   /opt/ros/jazzy/share/ament_cmake/cmake/ament_cmake_export_dependencies-extras.cmake:15 (find_package)
[17.444s]   /opt/ros/jazzy/share/ament_cmake/cmake/ament_cmakeConfig.cmake:41 (include)
[17.444s]   CMakeLists.txt:18 (find_package)
[17.445s] 
[17.445s] [0m
[17.445s] -- Configuring incomplete, errors occurred!
[17.456s] Invoked command in '/home/ieee/justbaked/justbaked/build/robot_bringup' returned '1': DEBUGINFOD_URLS=https://debuginfod.ubuntu.com /usr/bin/cmake /home/ieee/justbaked/justbaked/src/robot_bringup -DCMAKE_INSTALL_PREFIX=/home/ieee/justbaked/justbaked/install/robot_bringup
