[0.138s] DEBUG:colcon:Command line arguments: ['/usr/bin/colcon', 'build']
[0.138s] DEBUG:colcon:Parsed command line arguments: Namespace(log_base=None, log_level=None, verb_name='build', build_base='build', install_base='install', merge_install=False, symlink_install=False, test_result_base=None, continue_on_error=False, executor='parallel', parallel_workers=8, event_handlers=None, ignore_user_meta=False, metas=['./colcon.meta'], base_paths=['.'], packages_ignore=None, packages_ignore_regex=None, paths=None, packages_up_to=None, packages_up_to_regex=None, packages_above=None, packages_above_and_dependencies=None, packages_above_depth=None, packages_select_by_dep=None, packages_skip_by_dep=None, packages_skip_up_to=None, packages_select_build_failed=False, packages_skip_build_finished=False, packages_select_test_failures=False, packages_skip_test_passed=False, packages_select=None, packages_skip=None, packages_select_regex=None, packages_skip_regex=None, packages_start=None, packages_end=None, allow_overriding=[], cmake_args=None, cmake_target=None, cmake_target_skip_unavailable=False, cmake_clean_cache=False, cmake_clean_first=False, cmake_force_configure=False, ament_cmake_args=None, catkin_cmake_args=None, catkin_skip_building_tests=False, mixin_files=None, mixin=None, verb_parser=<colcon_mixin.mixin.mixin_argument.MixinArgumentDecorator object at 0x7ce79c52bda0>, verb_extension=<colcon_core.verb.build.BuildVerb object at 0x7ce79c52b680>, main=<bound method BuildVerb.main of <colcon_core.verb.build.BuildVerb object at 0x7ce79c52b680>>, mixin_verb=('build',))
[0.185s] Level 1:colcon.colcon_core.package_discovery:discover_packages(colcon_meta) check parameters
[0.185s] Level 1:colcon.colcon_core.package_discovery:discover_packages(recursive) check parameters
[0.185s] Level 1:colcon.colcon_core.package_discovery:discover_packages(ignore) check parameters
[0.185s] Level 1:colcon.colcon_core.package_discovery:discover_packages(path) check parameters
[0.185s] Level 1:colcon.colcon_core.package_discovery:discover_packages(colcon_meta) discover
[0.185s] Level 1:colcon.colcon_core.package_discovery:discover_packages(recursive) discover
[0.185s] INFO:colcon.colcon_core.package_discovery:Crawling recursively for packages in '/home/lsw155linuxbox/justbaked/justbaked'
[0.186s] Level 1:colcon.colcon_core.package_identification:_identify(.) by extensions ['ignore', 'ignore_ament_install']
[0.186s] Level 1:colcon.colcon_core.package_identification:_identify(.) by extension 'ignore'
[0.186s] Level 1:colcon.colcon_core.package_identification:_identify(.) by extension 'ignore_ament_install'
[0.186s] Level 1:colcon.colcon_core.package_identification:_identify(.) by extensions ['colcon_pkg']
[0.186s] Level 1:colcon.colcon_core.package_identification:_identify(.) by extension 'colcon_pkg'
[0.186s] Level 1:colcon.colcon_core.package_identification:_identify(.) by extensions ['colcon_meta']
[0.186s] Level 1:colcon.colcon_core.package_identification:_identify(.) by extension 'colcon_meta'
[0.186s] Level 1:colcon.colcon_core.package_identification:_identify(.) by extensions ['ros']
[0.186s] Level 1:colcon.colcon_core.package_identification:_identify(.) by extension 'ros'
[0.218s] Level 1:colcon.colcon_core.package_identification:_identify(.) by extensions ['cmake', 'python']
[0.218s] Level 1:colcon.colcon_core.package_identification:_identify(.) by extension 'cmake'
[0.218s] Level 1:colcon.colcon_core.package_identification:_identify(.) by extension 'python'
[0.218s] Level 1:colcon.colcon_core.package_identification:_identify(.) by extensions ['python_setup_py']
[0.218s] Level 1:colcon.colcon_core.package_identification:_identify(.) by extension 'python_setup_py'
[0.218s] Level 1:colcon.colcon_core.package_identification:_identify(build) by extensions ['ignore', 'ignore_ament_install']
[0.218s] Level 1:colcon.colcon_core.package_identification:_identify(build) by extension 'ignore'
[0.218s] Level 1:colcon.colcon_core.package_identification:_identify(build) ignored
[0.218s] Level 1:colcon.colcon_core.package_identification:_identify(install) by extensions ['ignore', 'ignore_ament_install']
[0.219s] Level 1:colcon.colcon_core.package_identification:_identify(install) by extension 'ignore'
[0.219s] Level 1:colcon.colcon_core.package_identification:_identify(install) ignored
[0.219s] Level 1:colcon.colcon_core.package_identification:_identify(log) by extensions ['ignore', 'ignore_ament_install']
[0.219s] Level 1:colcon.colcon_core.package_identification:_identify(log) by extension 'ignore'
[0.219s] Level 1:colcon.colcon_core.package_identification:_identify(log) ignored
[0.219s] Level 1:colcon.colcon_core.package_identification:_identify(src) by extensions ['ignore', 'ignore_ament_install']
[0.219s] Level 1:colcon.colcon_core.package_identification:_identify(src) by extension 'ignore'
[0.219s] Level 1:colcon.colcon_core.package_identification:_identify(src) by extension 'ignore_ament_install'
[0.219s] Level 1:colcon.colcon_core.package_identification:_identify(src) by extensions ['colcon_pkg']
[0.219s] Level 1:colcon.colcon_core.package_identification:_identify(src) by extension 'colcon_pkg'
[0.219s] Level 1:colcon.colcon_core.package_identification:_identify(src) by extensions ['colcon_meta']
[0.219s] Level 1:colcon.colcon_core.package_identification:_identify(src) by extension 'colcon_meta'
[0.220s] Level 1:colcon.colcon_core.package_identification:_identify(src) by extensions ['ros']
[0.220s] Level 1:colcon.colcon_core.package_identification:_identify(src) by extension 'ros'
[0.220s] Level 1:colcon.colcon_core.package_identification:_identify(src) by extensions ['cmake', 'python']
[0.220s] Level 1:colcon.colcon_core.package_identification:_identify(src) by extension 'cmake'
[0.220s] Level 1:colcon.colcon_core.package_identification:_identify(src) by extension 'python'
[0.220s] Level 1:colcon.colcon_core.package_identification:_identify(src) by extensions ['python_setup_py']
[0.220s] Level 1:colcon.colcon_core.package_identification:_identify(src) by extension 'python_setup_py'
[0.220s] Level 1:colcon.colcon_core.package_identification:_identify(src/sllidar_ros2) by extensions ['ignore', 'ignore_ament_install']
[0.220s] Level 1:colcon.colcon_core.package_identification:_identify(src/sllidar_ros2) by extension 'ignore'
[0.220s] Level 1:colcon.colcon_core.package_identification:_identify(src/sllidar_ros2) by extension 'ignore_ament_install'
[0.220s] Level 1:colcon.colcon_core.package_identification:_identify(src/sllidar_ros2) by extensions ['colcon_pkg']
[0.220s] Level 1:colcon.colcon_core.package_identification:_identify(src/sllidar_ros2) by extension 'colcon_pkg'
[0.220s] Level 1:colcon.colcon_core.package_identification:_identify(src/sllidar_ros2) by extensions ['colcon_meta']
[0.220s] Level 1:colcon.colcon_core.package_identification:_identify(src/sllidar_ros2) by extension 'colcon_meta'
[0.220s] Level 1:colcon.colcon_core.package_identification:_identify(src/sllidar_ros2) by extensions ['ros']
[0.220s] Level 1:colcon.colcon_core.package_identification:_identify(src/sllidar_ros2) by extension 'ros'
[0.223s] DEBUG:colcon.colcon_core.package_identification:Package 'src/sllidar_ros2' with type 'ros.ament_cmake' and name 'sllidar_ros2'
[0.224s] Level 1:colcon.colcon_core.package_identification:_identify(src/turtlebot4_description) by extensions ['ignore', 'ignore_ament_install']
[0.224s] Level 1:colcon.colcon_core.package_identification:_identify(src/turtlebot4_description) by extension 'ignore'
[0.224s] Level 1:colcon.colcon_core.package_identification:_identify(src/turtlebot4_description) by extension 'ignore_ament_install'
[0.224s] Level 1:colcon.colcon_core.package_identification:_identify(src/turtlebot4_description) by extensions ['colcon_pkg']
[0.224s] Level 1:colcon.colcon_core.package_identification:_identify(src/turtlebot4_description) by extension 'colcon_pkg'
[0.224s] Level 1:colcon.colcon_core.package_identification:_identify(src/turtlebot4_description) by extensions ['colcon_meta']
[0.224s] Level 1:colcon.colcon_core.package_identification:_identify(src/turtlebot4_description) by extension 'colcon_meta'
[0.224s] Level 1:colcon.colcon_core.package_identification:_identify(src/turtlebot4_description) by extensions ['ros']
[0.224s] Level 1:colcon.colcon_core.package_identification:_identify(src/turtlebot4_description) by extension 'ros'
[0.225s] DEBUG:colcon.colcon_core.package_identification:Package 'src/turtlebot4_description' with type 'ros.ament_cmake' and name 'turtlebot4_description'
[0.225s] Level 1:colcon.colcon_core.package_identification:_identify(src/turtlebot4_navigation) by extensions ['ignore', 'ignore_ament_install']
[0.225s] Level 1:colcon.colcon_core.package_identification:_identify(src/turtlebot4_navigation) by extension 'ignore'
[0.225s] Level 1:colcon.colcon_core.package_identification:_identify(src/turtlebot4_navigation) by extension 'ignore_ament_install'
[0.225s] Level 1:colcon.colcon_core.package_identification:_identify(src/turtlebot4_navigation) by extensions ['colcon_pkg']
[0.225s] Level 1:colcon.colcon_core.package_identification:_identify(src/turtlebot4_navigation) by extension 'colcon_pkg'
[0.225s] Level 1:colcon.colcon_core.package_identification:_identify(src/turtlebot4_navigation) by extensions ['colcon_meta']
[0.225s] Level 1:colcon.colcon_core.package_identification:_identify(src/turtlebot4_navigation) by extension 'colcon_meta'
[0.225s] Level 1:colcon.colcon_core.package_identification:_identify(src/turtlebot4_navigation) by extensions ['ros']
[0.225s] Level 1:colcon.colcon_core.package_identification:_identify(src/turtlebot4_navigation) by extension 'ros'
[0.226s] DEBUG:colcon.colcon_core.package_identification:Package 'src/turtlebot4_navigation' with type 'ros.ament_cmake' and name 'turtlebot4_navigation'
[0.226s] Level 1:colcon.colcon_core.package_discovery:discover_packages(recursive) using defaults
[0.226s] Level 1:colcon.colcon_core.package_discovery:discover_packages(ignore) discover
[0.226s] Level 1:colcon.colcon_core.package_discovery:discover_packages(ignore) using defaults
[0.226s] Level 1:colcon.colcon_core.package_discovery:discover_packages(path) discover
[0.226s] Level 1:colcon.colcon_core.package_discovery:discover_packages(path) using defaults
[0.248s] Level 1:colcon.colcon_core.package_discovery:discover_packages(prefix_path) check parameters
[0.248s] Level 1:colcon.colcon_core.package_discovery:discover_packages(prefix_path) discover
[0.250s] DEBUG:colcon.colcon_installed_package_information.package_discovery:Found 3 installed packages in /home/lsw155linuxbox/justbaked/justbaked/install
[0.251s] DEBUG:colcon.colcon_installed_package_information.package_discovery:Found 4 installed packages in /home/lsw155linuxbox/homer_ws/install
[0.254s] DEBUG:colcon.colcon_installed_package_information.package_discovery:Found 416 installed packages in /opt/ros/jazzy
[0.256s] Level 1:colcon.colcon_core.package_discovery:discover_packages(prefix_path) using defaults
[0.335s] Level 5:colcon.colcon_core.verb:set package 'sllidar_ros2' build argument 'cmake_args' from command line to 'None'
[0.335s] Level 5:colcon.colcon_core.verb:set package 'sllidar_ros2' build argument 'cmake_target' from command line to 'None'
[0.335s] Level 5:colcon.colcon_core.verb:set package 'sllidar_ros2' build argument 'cmake_target_skip_unavailable' from command line to 'False'
[0.335s] Level 5:colcon.colcon_core.verb:set package 'sllidar_ros2' build argument 'cmake_clean_cache' from command line to 'False'
[0.335s] Level 5:colcon.colcon_core.verb:set package 'sllidar_ros2' build argument 'cmake_clean_first' from command line to 'False'
[0.335s] Level 5:colcon.colcon_core.verb:set package 'sllidar_ros2' build argument 'cmake_force_configure' from command line to 'False'
[0.335s] Level 5:colcon.colcon_core.verb:set package 'sllidar_ros2' build argument 'ament_cmake_args' from command line to 'None'
[0.335s] Level 5:colcon.colcon_core.verb:set package 'sllidar_ros2' build argument 'catkin_cmake_args' from command line to 'None'
[0.335s] Level 5:colcon.colcon_core.verb:set package 'sllidar_ros2' build argument 'catkin_skip_building_tests' from command line to 'False'
[0.335s] DEBUG:colcon.colcon_core.verb:Building package 'sllidar_ros2' with the following arguments: {'ament_cmake_args': None, 'build_base': '/home/lsw155linuxbox/justbaked/justbaked/build/sllidar_ros2', 'catkin_cmake_args': None, 'catkin_skip_building_tests': False, 'cmake_args': None, 'cmake_clean_cache': False, 'cmake_clean_first': False, 'cmake_force_configure': False, 'cmake_target': None, 'cmake_target_skip_unavailable': False, 'install_base': '/home/lsw155linuxbox/justbaked/justbaked/install/sllidar_ros2', 'merge_install': False, 'path': '/home/lsw155linuxbox/justbaked/justbaked/src/sllidar_ros2', 'symlink_install': False, 'test_result_base': None}
[0.336s] Level 5:colcon.colcon_core.verb:set package 'turtlebot4_description' build argument 'cmake_args' from command line to 'None'
[0.336s] Level 5:colcon.colcon_core.verb:set package 'turtlebot4_description' build argument 'cmake_target' from command line to 'None'
[0.336s] Level 5:colcon.colcon_core.verb:set package 'turtlebot4_description' build argument 'cmake_target_skip_unavailable' from command line to 'False'
[0.336s] Level 5:colcon.colcon_core.verb:set package 'turtlebot4_description' build argument 'cmake_clean_cache' from command line to 'False'
[0.336s] Level 5:colcon.colcon_core.verb:set package 'turtlebot4_description' build argument 'cmake_clean_first' from command line to 'False'
[0.336s] Level 5:colcon.colcon_core.verb:set package 'turtlebot4_description' build argument 'cmake_force_configure' from command line to 'False'
[0.336s] Level 5:colcon.colcon_core.verb:set package 'turtlebot4_description' build argument 'ament_cmake_args' from command line to 'None'
[0.336s] Level 5:colcon.colcon_core.verb:set package 'turtlebot4_description' build argument 'catkin_cmake_args' from command line to 'None'
[0.336s] Level 5:colcon.colcon_core.verb:set package 'turtlebot4_description' build argument 'catkin_skip_building_tests' from command line to 'False'
[0.336s] DEBUG:colcon.colcon_core.verb:Building package 'turtlebot4_description' with the following arguments: {'ament_cmake_args': None, 'build_base': '/home/lsw155linuxbox/justbaked/justbaked/build/turtlebot4_description', 'catkin_cmake_args': None, 'catkin_skip_building_tests': False, 'cmake_args': None, 'cmake_clean_cache': False, 'cmake_clean_first': False, 'cmake_force_configure': False, 'cmake_target': None, 'cmake_target_skip_unavailable': False, 'install_base': '/home/lsw155linuxbox/justbaked/justbaked/install/turtlebot4_description', 'merge_install': False, 'path': '/home/lsw155linuxbox/justbaked/justbaked/src/turtlebot4_description', 'symlink_install': False, 'test_result_base': None}
[0.337s] Level 5:colcon.colcon_core.verb:set package 'turtlebot4_navigation' build argument 'cmake_args' from command line to 'None'
[0.337s] Level 5:colcon.colcon_core.verb:set package 'turtlebot4_navigation' build argument 'cmake_target' from command line to 'None'
[0.337s] Level 5:colcon.colcon_core.verb:set package 'turtlebot4_navigation' build argument 'cmake_target_skip_unavailable' from command line to 'False'
[0.337s] Level 5:colcon.colcon_core.verb:set package 'turtlebot4_navigation' build argument 'cmake_clean_cache' from command line to 'False'
[0.337s] Level 5:colcon.colcon_core.verb:set package 'turtlebot4_navigation' build argument 'cmake_clean_first' from command line to 'False'
[0.337s] Level 5:colcon.colcon_core.verb:set package 'turtlebot4_navigation' build argument 'cmake_force_configure' from command line to 'False'
[0.337s] Level 5:colcon.colcon_core.verb:set package 'turtlebot4_navigation' build argument 'ament_cmake_args' from command line to 'None'
[0.337s] Level 5:colcon.colcon_core.verb:set package 'turtlebot4_navigation' build argument 'catkin_cmake_args' from command line to 'None'
[0.337s] Level 5:colcon.colcon_core.verb:set package 'turtlebot4_navigation' build argument 'catkin_skip_building_tests' from command line to 'False'
[0.337s] DEBUG:colcon.colcon_core.verb:Building package 'turtlebot4_navigation' with the following arguments: {'ament_cmake_args': None, 'build_base': '/home/lsw155linuxbox/justbaked/justbaked/build/turtlebot4_navigation', 'catkin_cmake_args': None, 'catkin_skip_building_tests': False, 'cmake_args': None, 'cmake_clean_cache': False, 'cmake_clean_first': False, 'cmake_force_configure': False, 'cmake_target': None, 'cmake_target_skip_unavailable': False, 'install_base': '/home/lsw155linuxbox/justbaked/justbaked/install/turtlebot4_navigation', 'merge_install': False, 'path': '/home/lsw155linuxbox/justbaked/justbaked/src/turtlebot4_navigation', 'symlink_install': False, 'test_result_base': None}
[0.337s] INFO:colcon.colcon_core.executor:Executing jobs using 'parallel' executor
[0.339s] DEBUG:colcon.colcon_parallel_executor.executor.parallel:run_until_complete
[0.339s] INFO:colcon.colcon_ros.task.ament_cmake.build:Building ROS package in '/home/lsw155linuxbox/justbaked/justbaked/src/sllidar_ros2' with build type 'ament_cmake'
[0.339s] INFO:colcon.colcon_cmake.task.cmake.build:Building CMake package in '/home/lsw155linuxbox/justbaked/justbaked/src/sllidar_ros2'
[0.342s] INFO:colcon.colcon_core.plugin_system:Skipping extension 'colcon_core.shell.bat': Not used on non-Windows systems
[0.342s] INFO:colcon.colcon_core.shell:Skip shell extension 'powershell' for command environment: Not usable outside of PowerShell
[0.343s] DEBUG:colcon.colcon_core.shell:Skip shell extension 'dsv' for command environment
[0.349s] INFO:colcon.colcon_ros.task.ament_cmake.build:Building ROS package in '/home/lsw155linuxbox/justbaked/justbaked/src/turtlebot4_description' with build type 'ament_cmake'
[0.349s] INFO:colcon.colcon_cmake.task.cmake.build:Building CMake package in '/home/lsw155linuxbox/justbaked/justbaked/src/turtlebot4_description'
[0.350s] INFO:colcon.colcon_core.shell:Skip shell extension 'powershell' for command environment: Not usable outside of PowerShell
[0.350s] DEBUG:colcon.colcon_core.shell:Skip shell extension 'dsv' for command environment
[0.357s] INFO:colcon.colcon_ros.task.ament_cmake.build:Building ROS package in '/home/lsw155linuxbox/justbaked/justbaked/src/turtlebot4_navigation' with build type 'ament_cmake'
[0.357s] INFO:colcon.colcon_cmake.task.cmake.build:Building CMake package in '/home/lsw155linuxbox/justbaked/justbaked/src/turtlebot4_navigation'
[0.357s] INFO:colcon.colcon_core.shell:Skip shell extension 'powershell' for command environment: Not usable outside of PowerShell
[0.357s] DEBUG:colcon.colcon_core.shell:Skip shell extension 'dsv' for command environment
[0.369s] DEBUG:colcon.colcon_core.event_handler.log_command:Invoking command in '/home/lsw155linuxbox/justbaked/justbaked/build/sllidar_ros2': CMAKE_PREFIX_PATH=${CMAKE_PREFIX_PATH}:/home/lsw155linuxbox/homer_ws/install/homer_description:/home/lsw155linuxbox/homer_ws/install/homer_control:/opt/ros/jazzy DEBUGINFOD_URLS=https://debuginfod.ubuntu.com /usr/bin/cmake --build /home/lsw155linuxbox/justbaked/justbaked/build/sllidar_ros2 -- -j8 -l8
[0.374s] DEBUG:colcon.colcon_core.event_handler.log_command:Invoking command in '/home/lsw155linuxbox/justbaked/justbaked/build/turtlebot4_description': CMAKE_PREFIX_PATH=${CMAKE_PREFIX_PATH}:/home/lsw155linuxbox/homer_ws/install/homer_description:/home/lsw155linuxbox/homer_ws/install/homer_control:/opt/ros/jazzy DEBUGINFOD_URLS=https://debuginfod.ubuntu.com /usr/bin/cmake --build /home/lsw155linuxbox/justbaked/justbaked/build/turtlebot4_description -- -j8 -l8
[0.380s] DEBUG:colcon.colcon_core.event_handler.log_command:Invoking command in '/home/lsw155linuxbox/justbaked/justbaked/build/turtlebot4_navigation': CMAKE_PREFIX_PATH=${CMAKE_PREFIX_PATH}:/home/lsw155linuxbox/homer_ws/install/homer_description:/home/lsw155linuxbox/homer_ws/install/homer_control:/opt/ros/jazzy DEBUGINFOD_URLS=https://debuginfod.ubuntu.com /usr/bin/cmake --build /home/lsw155linuxbox/justbaked/justbaked/build/turtlebot4_navigation -- -j8 -l8
[0.421s] DEBUG:colcon.colcon_core.event_handler.log_command:Invoked command in '/home/lsw155linuxbox/justbaked/justbaked/build/turtlebot4_description' returned '0': CMAKE_PREFIX_PATH=${CMAKE_PREFIX_PATH}:/home/lsw155linuxbox/homer_ws/install/homer_description:/home/lsw155linuxbox/homer_ws/install/homer_control:/opt/ros/jazzy DEBUGINFOD_URLS=https://debuginfod.ubuntu.com /usr/bin/cmake --build /home/lsw155linuxbox/justbaked/justbaked/build/turtlebot4_description -- -j8 -l8
[0.434s] DEBUG:colcon.colcon_core.event_handler.log_command:Invoking command in '/home/lsw155linuxbox/justbaked/justbaked/build/turtlebot4_description': CMAKE_PREFIX_PATH=${CMAKE_PREFIX_PATH}:/home/lsw155linuxbox/homer_ws/install/homer_description:/home/lsw155linuxbox/homer_ws/install/homer_control:/opt/ros/jazzy DEBUGINFOD_URLS=https://debuginfod.ubuntu.com /usr/bin/cmake --install /home/lsw155linuxbox/justbaked/justbaked/build/turtlebot4_description
[0.450s] Level 1:colcon.colcon_core.environment:create_environment_scripts_only(turtlebot4_description)
[0.450s] DEBUG:colcon.colcon_core.event_handler.log_command:Invoked command in '/home/lsw155linuxbox/justbaked/justbaked/build/turtlebot4_description' returned '0': CMAKE_PREFIX_PATH=${CMAKE_PREFIX_PATH}:/home/lsw155linuxbox/homer_ws/install/homer_description:/home/lsw155linuxbox/homer_ws/install/homer_control:/opt/ros/jazzy DEBUGINFOD_URLS=https://debuginfod.ubuntu.com /usr/bin/cmake --install /home/lsw155linuxbox/justbaked/justbaked/build/turtlebot4_description
[0.453s] Level 1:colcon.colcon_core.environment:checking '/home/lsw155linuxbox/justbaked/justbaked/install/turtlebot4_description' for CMake module files
[0.454s] Level 1:colcon.colcon_core.environment:checking '/home/lsw155linuxbox/justbaked/justbaked/install/turtlebot4_description' for CMake config files
[0.454s] Level 1:colcon.colcon_core.shell:create_environment_hook('turtlebot4_description', 'cmake_prefix_path')
[0.454s] INFO:colcon.colcon_core.shell:Creating environment hook '/home/lsw155linuxbox/justbaked/justbaked/install/turtlebot4_description/share/turtlebot4_description/hook/cmake_prefix_path.ps1'
[0.455s] INFO:colcon.colcon_core.shell:Creating environment descriptor '/home/lsw155linuxbox/justbaked/justbaked/install/turtlebot4_description/share/turtlebot4_description/hook/cmake_prefix_path.dsv'
[0.456s] INFO:colcon.colcon_core.shell:Creating environment hook '/home/lsw155linuxbox/justbaked/justbaked/install/turtlebot4_description/share/turtlebot4_description/hook/cmake_prefix_path.sh'
[0.457s] Level 1:colcon.colcon_core.environment:checking '/home/lsw155linuxbox/justbaked/justbaked/install/turtlebot4_description/bin'
[0.457s] Level 1:colcon.colcon_core.environment:checking '/home/lsw155linuxbox/justbaked/justbaked/install/turtlebot4_description/lib/pkgconfig/turtlebot4_description.pc'
[0.457s] Level 1:colcon.colcon_core.environment:checking '/home/lsw155linuxbox/justbaked/justbaked/install/turtlebot4_description/lib/python3.12/site-packages'
[0.457s] Level 1:colcon.colcon_core.environment:checking '/home/lsw155linuxbox/justbaked/justbaked/install/turtlebot4_description/bin'
[0.458s] INFO:colcon.colcon_core.shell:Creating package script '/home/lsw155linuxbox/justbaked/justbaked/install/turtlebot4_description/share/turtlebot4_description/package.ps1'
[0.458s] INFO:colcon.colcon_core.shell:Creating package descriptor '/home/lsw155linuxbox/justbaked/justbaked/install/turtlebot4_description/share/turtlebot4_description/package.dsv'
[0.459s] INFO:colcon.colcon_core.shell:Creating package script '/home/lsw155linuxbox/justbaked/justbaked/install/turtlebot4_description/share/turtlebot4_description/package.sh'
[0.460s] INFO:colcon.colcon_core.shell:Creating package script '/home/lsw155linuxbox/justbaked/justbaked/install/turtlebot4_description/share/turtlebot4_description/package.bash'
[0.461s] INFO:colcon.colcon_core.shell:Creating package script '/home/lsw155linuxbox/justbaked/justbaked/install/turtlebot4_description/share/turtlebot4_description/package.zsh'
[0.461s] Level 1:colcon.colcon_core.environment:create_file_with_runtime_dependencies(/home/lsw155linuxbox/justbaked/justbaked/install/turtlebot4_description/share/colcon-core/packages/turtlebot4_description)
[0.462s] Level 1:colcon.colcon_core.environment:create_environment_scripts_only(turtlebot4_description)
[0.462s] Level 1:colcon.colcon_core.environment:checking '/home/lsw155linuxbox/justbaked/justbaked/install/turtlebot4_description' for CMake module files
[0.463s] Level 1:colcon.colcon_core.environment:checking '/home/lsw155linuxbox/justbaked/justbaked/install/turtlebot4_description' for CMake config files
[0.463s] Level 1:colcon.colcon_core.shell:create_environment_hook('turtlebot4_description', 'cmake_prefix_path')
[0.463s] INFO:colcon.colcon_core.shell:Creating environment hook '/home/lsw155linuxbox/justbaked/justbaked/install/turtlebot4_description/share/turtlebot4_description/hook/cmake_prefix_path.ps1'
[0.464s] INFO:colcon.colcon_core.shell:Creating environment descriptor '/home/lsw155linuxbox/justbaked/justbaked/install/turtlebot4_description/share/turtlebot4_description/hook/cmake_prefix_path.dsv'
[0.464s] INFO:colcon.colcon_core.shell:Creating environment hook '/home/lsw155linuxbox/justbaked/justbaked/install/turtlebot4_description/share/turtlebot4_description/hook/cmake_prefix_path.sh'
[0.465s] Level 1:colcon.colcon_core.environment:checking '/home/lsw155linuxbox/justbaked/justbaked/install/turtlebot4_description/bin'
[0.465s] Level 1:colcon.colcon_core.environment:checking '/home/lsw155linuxbox/justbaked/justbaked/install/turtlebot4_description/lib/pkgconfig/turtlebot4_description.pc'
[0.465s] Level 1:colcon.colcon_core.environment:checking '/home/lsw155linuxbox/justbaked/justbaked/install/turtlebot4_description/lib/python3.12/site-packages'
[0.465s] Level 1:colcon.colcon_core.environment:checking '/home/lsw155linuxbox/justbaked/justbaked/install/turtlebot4_description/bin'
[0.466s] INFO:colcon.colcon_core.shell:Creating package script '/home/lsw155linuxbox/justbaked/justbaked/install/turtlebot4_description/share/turtlebot4_description/package.ps1'
[0.466s] INFO:colcon.colcon_core.shell:Creating package descriptor '/home/lsw155linuxbox/justbaked/justbaked/install/turtlebot4_description/share/turtlebot4_description/package.dsv'
[0.467s] INFO:colcon.colcon_core.shell:Creating package script '/home/lsw155linuxbox/justbaked/justbaked/install/turtlebot4_description/share/turtlebot4_description/package.sh'
[0.467s] INFO:colcon.colcon_core.shell:Creating package script '/home/lsw155linuxbox/justbaked/justbaked/install/turtlebot4_description/share/turtlebot4_description/package.bash'
[0.468s] INFO:colcon.colcon_core.shell:Creating package script '/home/lsw155linuxbox/justbaked/justbaked/install/turtlebot4_description/share/turtlebot4_description/package.zsh'
[0.468s] Level 1:colcon.colcon_core.environment:create_file_with_runtime_dependencies(/home/lsw155linuxbox/justbaked/justbaked/install/turtlebot4_description/share/colcon-core/packages/turtlebot4_description)
[0.471s] DEBUG:colcon.colcon_core.event_handler.log_command:Invoked command in '/home/lsw155linuxbox/justbaked/justbaked/build/sllidar_ros2' returned '0': CMAKE_PREFIX_PATH=${CMAKE_PREFIX_PATH}:/home/lsw155linuxbox/homer_ws/install/homer_description:/home/lsw155linuxbox/homer_ws/install/homer_control:/opt/ros/jazzy DEBUGINFOD_URLS=https://debuginfod.ubuntu.com /usr/bin/cmake --build /home/lsw155linuxbox/justbaked/justbaked/build/sllidar_ros2 -- -j8 -l8
[0.472s] DEBUG:colcon.colcon_core.event_handler.log_command:Invoking command in '/home/lsw155linuxbox/justbaked/justbaked/build/sllidar_ros2': CMAKE_PREFIX_PATH=${CMAKE_PREFIX_PATH}:/home/lsw155linuxbox/homer_ws/install/homer_description:/home/lsw155linuxbox/homer_ws/install/homer_control:/opt/ros/jazzy DEBUGINFOD_URLS=https://debuginfod.ubuntu.com /usr/bin/cmake --install /home/lsw155linuxbox/justbaked/justbaked/build/sllidar_ros2
[0.485s] Level 1:colcon.colcon_core.environment:create_environment_scripts_only(sllidar_ros2)
[0.486s] Level 1:colcon.colcon_core.environment:checking '/home/lsw155linuxbox/justbaked/justbaked/install/sllidar_ros2' for CMake module files
[0.487s] DEBUG:colcon.colcon_core.event_handler.log_command:Invoked command in '/home/lsw155linuxbox/justbaked/justbaked/build/sllidar_ros2' returned '0': CMAKE_PREFIX_PATH=${CMAKE_PREFIX_PATH}:/home/lsw155linuxbox/homer_ws/install/homer_description:/home/lsw155linuxbox/homer_ws/install/homer_control:/opt/ros/jazzy DEBUGINFOD_URLS=https://debuginfod.ubuntu.com /usr/bin/cmake --install /home/lsw155linuxbox/justbaked/justbaked/build/sllidar_ros2
[0.487s] Level 1:colcon.colcon_core.environment:checking '/home/lsw155linuxbox/justbaked/justbaked/install/sllidar_ros2' for CMake config files
[0.487s] Level 1:colcon.colcon_core.shell:create_environment_hook('sllidar_ros2', 'cmake_prefix_path')
[0.488s] INFO:colcon.colcon_core.shell:Creating environment hook '/home/lsw155linuxbox/justbaked/justbaked/install/sllidar_ros2/share/sllidar_ros2/hook/cmake_prefix_path.ps1'
[0.488s] INFO:colcon.colcon_core.shell:Creating environment descriptor '/home/lsw155linuxbox/justbaked/justbaked/install/sllidar_ros2/share/sllidar_ros2/hook/cmake_prefix_path.dsv'
[0.489s] INFO:colcon.colcon_core.shell:Creating environment hook '/home/lsw155linuxbox/justbaked/justbaked/install/sllidar_ros2/share/sllidar_ros2/hook/cmake_prefix_path.sh'
[0.489s] Level 1:colcon.colcon_core.environment:checking '/home/lsw155linuxbox/justbaked/justbaked/install/sllidar_ros2/lib'
[0.489s] Level 1:colcon.colcon_core.environment:checking '/home/lsw155linuxbox/justbaked/justbaked/install/sllidar_ros2/bin'
[0.489s] Level 1:colcon.colcon_core.environment:checking '/home/lsw155linuxbox/justbaked/justbaked/install/sllidar_ros2/lib/pkgconfig/sllidar_ros2.pc'
[0.490s] Level 1:colcon.colcon_core.environment:checking '/home/lsw155linuxbox/justbaked/justbaked/install/sllidar_ros2/lib/python3.12/site-packages'
[0.490s] Level 1:colcon.colcon_core.environment:checking '/home/lsw155linuxbox/justbaked/justbaked/install/sllidar_ros2/bin'
[0.490s] INFO:colcon.colcon_core.shell:Creating package script '/home/lsw155linuxbox/justbaked/justbaked/install/sllidar_ros2/share/sllidar_ros2/package.ps1'
[0.491s] INFO:colcon.colcon_core.shell:Creating package descriptor '/home/lsw155linuxbox/justbaked/justbaked/install/sllidar_ros2/share/sllidar_ros2/package.dsv'
[0.491s] INFO:colcon.colcon_core.shell:Creating package script '/home/lsw155linuxbox/justbaked/justbaked/install/sllidar_ros2/share/sllidar_ros2/package.sh'
[0.492s] INFO:colcon.colcon_core.shell:Creating package script '/home/lsw155linuxbox/justbaked/justbaked/install/sllidar_ros2/share/sllidar_ros2/package.bash'
[0.492s] INFO:colcon.colcon_core.shell:Creating package script '/home/lsw155linuxbox/justbaked/justbaked/install/sllidar_ros2/share/sllidar_ros2/package.zsh'
[0.492s] Level 1:colcon.colcon_core.environment:create_file_with_runtime_dependencies(/home/lsw155linuxbox/justbaked/justbaked/install/sllidar_ros2/share/colcon-core/packages/sllidar_ros2)
[0.493s] Level 1:colcon.colcon_core.environment:create_environment_scripts_only(sllidar_ros2)
[0.493s] Level 1:colcon.colcon_core.environment:checking '/home/lsw155linuxbox/justbaked/justbaked/install/sllidar_ros2' for CMake module files
[0.494s] Level 1:colcon.colcon_core.environment:checking '/home/lsw155linuxbox/justbaked/justbaked/install/sllidar_ros2' for CMake config files
[0.494s] Level 1:colcon.colcon_core.shell:create_environment_hook('sllidar_ros2', 'cmake_prefix_path')
[0.494s] INFO:colcon.colcon_core.shell:Creating environment hook '/home/lsw155linuxbox/justbaked/justbaked/install/sllidar_ros2/share/sllidar_ros2/hook/cmake_prefix_path.ps1'
[0.495s] INFO:colcon.colcon_core.shell:Creating environment descriptor '/home/lsw155linuxbox/justbaked/justbaked/install/sllidar_ros2/share/sllidar_ros2/hook/cmake_prefix_path.dsv'
[0.495s] INFO:colcon.colcon_core.shell:Creating environment hook '/home/lsw155linuxbox/justbaked/justbaked/install/sllidar_ros2/share/sllidar_ros2/hook/cmake_prefix_path.sh'
[0.496s] Level 1:colcon.colcon_core.environment:checking '/home/lsw155linuxbox/justbaked/justbaked/install/sllidar_ros2/lib'
[0.496s] Level 1:colcon.colcon_core.environment:checking '/home/lsw155linuxbox/justbaked/justbaked/install/sllidar_ros2/bin'
[0.496s] Level 1:colcon.colcon_core.environment:checking '/home/lsw155linuxbox/justbaked/justbaked/install/sllidar_ros2/lib/pkgconfig/sllidar_ros2.pc'
[0.496s] Level 1:colcon.colcon_core.environment:checking '/home/lsw155linuxbox/justbaked/justbaked/install/sllidar_ros2/lib/python3.12/site-packages'
[0.496s] Level 1:colcon.colcon_core.environment:checking '/home/lsw155linuxbox/justbaked/justbaked/install/sllidar_ros2/bin'
[0.496s] INFO:colcon.colcon_core.shell:Creating package script '/home/lsw155linuxbox/justbaked/justbaked/install/sllidar_ros2/share/sllidar_ros2/package.ps1'
[0.497s] INFO:colcon.colcon_core.shell:Creating package descriptor '/home/lsw155linuxbox/justbaked/justbaked/install/sllidar_ros2/share/sllidar_ros2/package.dsv'
[0.498s] INFO:colcon.colcon_core.shell:Creating package script '/home/lsw155linuxbox/justbaked/justbaked/install/sllidar_ros2/share/sllidar_ros2/package.sh'
[0.498s] INFO:colcon.colcon_core.shell:Creating package script '/home/lsw155linuxbox/justbaked/justbaked/install/sllidar_ros2/share/sllidar_ros2/package.bash'
[0.498s] INFO:colcon.colcon_core.shell:Creating package script '/home/lsw155linuxbox/justbaked/justbaked/install/sllidar_ros2/share/sllidar_ros2/package.zsh'
[0.499s] Level 1:colcon.colcon_core.environment:create_file_with_runtime_dependencies(/home/lsw155linuxbox/justbaked/justbaked/install/sllidar_ros2/share/colcon-core/packages/sllidar_ros2)
[0.971s] DEBUG:colcon.colcon_core.event_handler.log_command:Invoked command in '/home/lsw155linuxbox/justbaked/justbaked/build/turtlebot4_navigation' returned '0': CMAKE_PREFIX_PATH=${CMAKE_PREFIX_PATH}:/home/lsw155linuxbox/homer_ws/install/homer_description:/home/lsw155linuxbox/homer_ws/install/homer_control:/opt/ros/jazzy DEBUGINFOD_URLS=https://debuginfod.ubuntu.com /usr/bin/cmake --build /home/lsw155linuxbox/justbaked/justbaked/build/turtlebot4_navigation -- -j8 -l8
[0.972s] DEBUG:colcon.colcon_core.event_handler.log_command:Invoking command in '/home/lsw155linuxbox/justbaked/justbaked/build/turtlebot4_navigation': CMAKE_PREFIX_PATH=${CMAKE_PREFIX_PATH}:/home/lsw155linuxbox/homer_ws/install/homer_description:/home/lsw155linuxbox/homer_ws/install/homer_control:/opt/ros/jazzy DEBUGINFOD_URLS=https://debuginfod.ubuntu.com /usr/bin/cmake --install /home/lsw155linuxbox/justbaked/justbaked/build/turtlebot4_navigation
[1.091s] Level 1:colcon.colcon_core.environment:create_environment_scripts_only(turtlebot4_navigation)
[1.092s] Level 1:colcon.colcon_core.environment:checking '/home/lsw155linuxbox/justbaked/justbaked/install/turtlebot4_navigation' for CMake module files
[1.094s] DEBUG:colcon.colcon_core.event_handler.log_command:Invoked command in '/home/lsw155linuxbox/justbaked/justbaked/build/turtlebot4_navigation' returned '0': CMAKE_PREFIX_PATH=${CMAKE_PREFIX_PATH}:/home/lsw155linuxbox/homer_ws/install/homer_description:/home/lsw155linuxbox/homer_ws/install/homer_control:/opt/ros/jazzy DEBUGINFOD_URLS=https://debuginfod.ubuntu.com /usr/bin/cmake --install /home/lsw155linuxbox/justbaked/justbaked/build/turtlebot4_navigation
[1.094s] Level 1:colcon.colcon_core.environment:checking '/home/lsw155linuxbox/justbaked/justbaked/install/turtlebot4_navigation' for CMake config files
[1.094s] Level 1:colcon.colcon_core.shell:create_environment_hook('turtlebot4_navigation', 'cmake_prefix_path')
[1.095s] INFO:colcon.colcon_core.shell:Creating environment hook '/home/lsw155linuxbox/justbaked/justbaked/install/turtlebot4_navigation/share/turtlebot4_navigation/hook/cmake_prefix_path.ps1'
[1.095s] INFO:colcon.colcon_core.shell:Creating environment descriptor '/home/lsw155linuxbox/justbaked/justbaked/install/turtlebot4_navigation/share/turtlebot4_navigation/hook/cmake_prefix_path.dsv'
[1.095s] INFO:colcon.colcon_core.shell:Creating environment hook '/home/lsw155linuxbox/justbaked/justbaked/install/turtlebot4_navigation/share/turtlebot4_navigation/hook/cmake_prefix_path.sh'
[1.096s] Level 1:colcon.colcon_core.environment:checking '/home/lsw155linuxbox/justbaked/justbaked/install/turtlebot4_navigation/lib'
[1.096s] Level 1:colcon.colcon_core.environment:checking '/home/lsw155linuxbox/justbaked/justbaked/install/turtlebot4_navigation/bin'
[1.096s] Level 1:colcon.colcon_core.environment:checking '/home/lsw155linuxbox/justbaked/justbaked/install/turtlebot4_navigation/lib/pkgconfig/turtlebot4_navigation.pc'
[1.097s] Level 1:colcon.colcon_core.environment:checking '/home/lsw155linuxbox/justbaked/justbaked/install/turtlebot4_navigation/lib/python3.12/site-packages'
[1.097s] Level 1:colcon.colcon_core.shell:create_environment_hook('turtlebot4_navigation', 'pythonpath')
[1.097s] INFO:colcon.colcon_core.shell:Creating environment hook '/home/lsw155linuxbox/justbaked/justbaked/install/turtlebot4_navigation/share/turtlebot4_navigation/hook/pythonpath.ps1'
[1.097s] INFO:colcon.colcon_core.shell:Creating environment descriptor '/home/lsw155linuxbox/justbaked/justbaked/install/turtlebot4_navigation/share/turtlebot4_navigation/hook/pythonpath.dsv'
[1.098s] INFO:colcon.colcon_core.shell:Creating environment hook '/home/lsw155linuxbox/justbaked/justbaked/install/turtlebot4_navigation/share/turtlebot4_navigation/hook/pythonpath.sh'
[1.098s] Level 1:colcon.colcon_core.environment:checking '/home/lsw155linuxbox/justbaked/justbaked/install/turtlebot4_navigation/bin'
[1.098s] INFO:colcon.colcon_core.shell:Creating package script '/home/lsw155linuxbox/justbaked/justbaked/install/turtlebot4_navigation/share/turtlebot4_navigation/package.ps1'
[1.099s] INFO:colcon.colcon_core.shell:Creating package descriptor '/home/lsw155linuxbox/justbaked/justbaked/install/turtlebot4_navigation/share/turtlebot4_navigation/package.dsv'
[1.099s] INFO:colcon.colcon_core.shell:Creating package script '/home/lsw155linuxbox/justbaked/justbaked/install/turtlebot4_navigation/share/turtlebot4_navigation/package.sh'
[1.100s] INFO:colcon.colcon_core.shell:Creating package script '/home/lsw155linuxbox/justbaked/justbaked/install/turtlebot4_navigation/share/turtlebot4_navigation/package.bash'
[1.100s] INFO:colcon.colcon_core.shell:Creating package script '/home/lsw155linuxbox/justbaked/justbaked/install/turtlebot4_navigation/share/turtlebot4_navigation/package.zsh'
[1.101s] Level 1:colcon.colcon_core.environment:create_file_with_runtime_dependencies(/home/lsw155linuxbox/justbaked/justbaked/install/turtlebot4_navigation/share/colcon-core/packages/turtlebot4_navigation)
[1.101s] Level 1:colcon.colcon_core.environment:create_environment_scripts_only(turtlebot4_navigation)
[1.101s] Level 1:colcon.colcon_core.environment:checking '/home/lsw155linuxbox/justbaked/justbaked/install/turtlebot4_navigation' for CMake module files
[1.102s] Level 1:colcon.colcon_core.environment:checking '/home/lsw155linuxbox/justbaked/justbaked/install/turtlebot4_navigation' for CMake config files
[1.103s] Level 1:colcon.colcon_core.shell:create_environment_hook('turtlebot4_navigation', 'cmake_prefix_path')
[1.103s] INFO:colcon.colcon_core.shell:Creating environment hook '/home/lsw155linuxbox/justbaked/justbaked/install/turtlebot4_navigation/share/turtlebot4_navigation/hook/cmake_prefix_path.ps1'
[1.103s] INFO:colcon.colcon_core.shell:Creating environment descriptor '/home/lsw155linuxbox/justbaked/justbaked/install/turtlebot4_navigation/share/turtlebot4_navigation/hook/cmake_prefix_path.dsv'
[1.104s] INFO:colcon.colcon_core.shell:Creating environment hook '/home/lsw155linuxbox/justbaked/justbaked/install/turtlebot4_navigation/share/turtlebot4_navigation/hook/cmake_prefix_path.sh'
[1.104s] Level 1:colcon.colcon_core.environment:checking '/home/lsw155linuxbox/justbaked/justbaked/install/turtlebot4_navigation/lib'
[1.104s] Level 1:colcon.colcon_core.environment:checking '/home/lsw155linuxbox/justbaked/justbaked/install/turtlebot4_navigation/bin'
[1.104s] Level 1:colcon.colcon_core.environment:checking '/home/lsw155linuxbox/justbaked/justbaked/install/turtlebot4_navigation/lib/pkgconfig/turtlebot4_navigation.pc'
[1.105s] Level 1:colcon.colcon_core.environment:checking '/home/lsw155linuxbox/justbaked/justbaked/install/turtlebot4_navigation/lib/python3.12/site-packages'
[1.105s] Level 1:colcon.colcon_core.shell:create_environment_hook('turtlebot4_navigation', 'pythonpath')
[1.105s] INFO:colcon.colcon_core.shell:Creating environment hook '/home/lsw155linuxbox/justbaked/justbaked/install/turtlebot4_navigation/share/turtlebot4_navigation/hook/pythonpath.ps1'
[1.105s] INFO:colcon.colcon_core.shell:Creating environment descriptor '/home/lsw155linuxbox/justbaked/justbaked/install/turtlebot4_navigation/share/turtlebot4_navigation/hook/pythonpath.dsv'
[1.106s] INFO:colcon.colcon_core.shell:Creating environment hook '/home/lsw155linuxbox/justbaked/justbaked/install/turtlebot4_navigation/share/turtlebot4_navigation/hook/pythonpath.sh'
[1.106s] Level 1:colcon.colcon_core.environment:checking '/home/lsw155linuxbox/justbaked/justbaked/install/turtlebot4_navigation/bin'
[1.107s] INFO:colcon.colcon_core.shell:Creating package script '/home/lsw155linuxbox/justbaked/justbaked/install/turtlebot4_navigation/share/turtlebot4_navigation/package.ps1'
[1.107s] INFO:colcon.colcon_core.shell:Creating package descriptor '/home/lsw155linuxbox/justbaked/justbaked/install/turtlebot4_navigation/share/turtlebot4_navigation/package.dsv'
[1.108s] INFO:colcon.colcon_core.shell:Creating package script '/home/lsw155linuxbox/justbaked/justbaked/install/turtlebot4_navigation/share/turtlebot4_navigation/package.sh'
[1.109s] INFO:colcon.colcon_core.shell:Creating package script '/home/lsw155linuxbox/justbaked/justbaked/install/turtlebot4_navigation/share/turtlebot4_navigation/package.bash'
[1.109s] INFO:colcon.colcon_core.shell:Creating package script '/home/lsw155linuxbox/justbaked/justbaked/install/turtlebot4_navigation/share/turtlebot4_navigation/package.zsh'
[1.118s] Level 1:colcon.colcon_core.environment:create_file_with_runtime_dependencies(/home/lsw155linuxbox/justbaked/justbaked/install/turtlebot4_navigation/share/colcon-core/packages/turtlebot4_navigation)
[1.119s] DEBUG:colcon.colcon_parallel_executor.executor.parallel:closing loop
[1.120s] DEBUG:colcon.colcon_parallel_executor.executor.parallel:loop closed
[1.121s] DEBUG:colcon.colcon_parallel_executor.executor.parallel:run_until_complete finished with '0'
[1.121s] DEBUG:colcon.colcon_core.event_reactor:joining thread
[1.134s] INFO:colcon.colcon_core.plugin_system:Skipping extension 'colcon_notification.desktop_notification.terminal_notifier': Not used on non-Darwin systems
[1.135s] INFO:colcon.colcon_core.plugin_system:Skipping extension 'colcon_notification.desktop_notification.win32': Not used on non-Windows systems
[1.135s] INFO:colcon.colcon_notification.desktop_notification:Sending desktop notification using 'notify2'
[1.174s] DEBUG:colcon.colcon_core.event_reactor:joined thread
[1.174s] INFO:colcon.colcon_core.shell:Creating prefix script '/home/lsw155linuxbox/justbaked/justbaked/install/local_setup.ps1'
[1.176s] INFO:colcon.colcon_core.shell:Creating prefix util module '/home/lsw155linuxbox/justbaked/justbaked/install/_local_setup_util_ps1.py'
[1.178s] INFO:colcon.colcon_core.shell:Creating prefix chain script '/home/lsw155linuxbox/justbaked/justbaked/install/setup.ps1'
[1.181s] INFO:colcon.colcon_core.shell:Creating prefix script '/home/lsw155linuxbox/justbaked/justbaked/install/local_setup.sh'
[1.182s] INFO:colcon.colcon_core.shell:Creating prefix util module '/home/lsw155linuxbox/justbaked/justbaked/install/_local_setup_util_sh.py'
[1.183s] INFO:colcon.colcon_core.shell:Creating prefix chain script '/home/lsw155linuxbox/justbaked/justbaked/install/setup.sh'
[1.186s] INFO:colcon.colcon_core.shell:Creating prefix script '/home/lsw155linuxbox/justbaked/justbaked/install/local_setup.bash'
[1.187s] INFO:colcon.colcon_core.shell:Creating prefix chain script '/home/lsw155linuxbox/justbaked/justbaked/install/setup.bash'
[1.188s] INFO:colcon.colcon_core.shell:Creating prefix script '/home/lsw155linuxbox/justbaked/justbaked/install/local_setup.zsh'
[1.189s] INFO:colcon.colcon_core.shell:Creating prefix chain script '/home/lsw155linuxbox/justbaked/justbaked/install/setup.zsh'
