[1.809s] Invoking command in '/home/ieee/justbaked/justbaked/build/temp_sens': DEBUGINFOD_URLS=https://debuginfod.ubuntu.com PYTHONPATH=/home/ieee/justbaked/justbaked/build/temp_sens/prefix_override:/usr/lib/python3/dist-packages/colcon_core/task/python/colcon_distutils_commands:/home/ieee/justbaked/justbaked/install/temp_sens/lib/python3.12/site-packages:${PYTHONPATH} /usr/bin/python3 -W ignore:setup.py install is deprecated -W ignore:easy_install command is deprecated setup.py develop --uninstall --editable --build-directory /home/ieee/justbaked/justbaked/build/temp_sens/build
[2.259s] running develop
[2.532s] Removing /home/ieee/justbaked/justbaked/install/temp_sens/lib/python3.12/site-packages/temp-sens.egg-link (link to .)
[2.647s] Invoked command in '/home/ieee/justbaked/justbaked/build/temp_sens' returned '0': DEBUGINFOD_URLS=https://debuginfod.ubuntu.com PYTHONPATH=/home/ieee/justbaked/justbaked/build/temp_sens/prefix_override:/usr/lib/python3/dist-packages/colcon_core/task/python/colcon_distutils_commands:/home/ieee/justbaked/justbaked/install/temp_sens/lib/python3.12/site-packages:${PYTHONPATH} /usr/bin/python3 -W ignore:setup.py install is deprecated -W ignore:easy_install command is deprecated setup.py develop --uninstall --editable --build-directory /home/ieee/justbaked/justbaked/build/temp_sens/build
[2.649s] Invoking command in '/home/ieee/justbaked/justbaked/src/temp_sens': DEBUGINFOD_URLS=https://debuginfod.ubuntu.com PYTHONPATH=/home/ieee/justbaked/justbaked/build/temp_sens/prefix_override:/usr/lib/python3/dist-packages/colcon_core/task/python/colcon_distutils_commands:/home/ieee/justbaked/justbaked/install/temp_sens/lib/python3.12/site-packages:${PYTHONPATH} /usr/bin/python3 -W ignore:setup.py install is deprecated -W ignore:easy_install command is deprecated setup.py egg_info --egg-base ../../build/temp_sens build --build-base /home/ieee/justbaked/justbaked/build/temp_sens/build install --record /home/ieee/justbaked/justbaked/build/temp_sens/install.log --single-version-externally-managed install_data --force
[3.026s] running egg_info
[3.052s] writing ../../build/temp_sens/temp_sens.egg-info/PKG-INFO
[3.053s] writing dependency_links to ../../build/temp_sens/temp_sens.egg-info/dependency_links.txt
[3.053s] writing entry points to ../../build/temp_sens/temp_sens.egg-info/entry_points.txt
[3.053s] writing requirements to ../../build/temp_sens/temp_sens.egg-info/requires.txt
[3.053s] writing top-level names to ../../build/temp_sens/temp_sens.egg-info/top_level.txt
[3.105s] reading manifest file '../../build/temp_sens/temp_sens.egg-info/SOURCES.txt'
[3.105s] adding license file 'LICENSE'
[3.106s] writing manifest file '../../build/temp_sens/temp_sens.egg-info/SOURCES.txt'
[3.106s] running build
[3.106s] running build_py
[3.106s] creating /home/ieee/justbaked/justbaked/build/temp_sens/build
[3.106s] creating /home/ieee/justbaked/justbaked/build/temp_sens/build/lib
[3.107s] creating /home/ieee/justbaked/justbaked/build/temp_sens/build/lib/temp_sens
[3.107s] copying temp_sens/serial_temp_reader.py -> /home/ieee/justbaked/justbaked/build/temp_sens/build/lib/temp_sens
[3.107s] copying temp_sens/__init__.py -> /home/ieee/justbaked/justbaked/build/temp_sens/build/lib/temp_sens
[3.107s] running install
[3.116s] running install_lib
[3.142s] creating /home/ieee/justbaked/justbaked/install/temp_sens/lib/python3.12/site-packages/temp_sens
[3.142s] copying /home/ieee/justbaked/justbaked/build/temp_sens/build/lib/temp_sens/serial_temp_reader.py -> /home/ieee/justbaked/justbaked/install/temp_sens/lib/python3.12/site-packages/temp_sens
[3.142s] copying /home/ieee/justbaked/justbaked/build/temp_sens/build/lib/temp_sens/__init__.py -> /home/ieee/justbaked/justbaked/install/temp_sens/lib/python3.12/site-packages/temp_sens
[3.143s] byte-compiling /home/ieee/justbaked/justbaked/install/temp_sens/lib/python3.12/site-packages/temp_sens/serial_temp_reader.py to serial_temp_reader.cpython-312.pyc
[3.145s] byte-compiling /home/ieee/justbaked/justbaked/install/temp_sens/lib/python3.12/site-packages/temp_sens/__init__.py to __init__.cpython-312.pyc
[3.145s] running install_data
[3.145s] copying resource/temp_sens -> /home/ieee/justbaked/justbaked/install/temp_sens/share/ament_index/resource_index/packages
[3.145s] copying package.xml -> /home/ieee/justbaked/justbaked/install/temp_sens/share/temp_sens
[3.145s] running install_egg_info
[3.173s] Copying ../../build/temp_sens/temp_sens.egg-info to /home/ieee/justbaked/justbaked/install/temp_sens/lib/python3.12/site-packages/temp_sens-0.0.1-py3.12.egg-info
[3.175s] running install_scripts
[3.356s] Installing serial_temp_reader script to /home/ieee/justbaked/justbaked/install/temp_sens/lib/temp_sens
[3.356s] writing list of installed files to '/home/ieee/justbaked/justbaked/build/temp_sens/install.log'
[3.435s] Invoked command in '/home/ieee/justbaked/justbaked/src/temp_sens' returned '0': DEBUGINFOD_URLS=https://debuginfod.ubuntu.com PYTHONPATH=/home/ieee/justbaked/justbaked/build/temp_sens/prefix_override:/usr/lib/python3/dist-packages/colcon_core/task/python/colcon_distutils_commands:/home/ieee/justbaked/justbaked/install/temp_sens/lib/python3.12/site-packages:${PYTHONPATH} /usr/bin/python3 -W ignore:setup.py install is deprecated -W ignore:easy_install command is deprecated setup.py egg_info --egg-base ../../build/temp_sens build --build-base /home/ieee/justbaked/justbaked/build/temp_sens/build install --record /home/ieee/justbaked/justbaked/build/temp_sens/install.log --single-version-externally-managed install_data --force
