[0.064s] Invoking command in '/home/ieee/justbaked/justbaked/build/sllidar_ros2': CMAKE_PREFIX_PATH=${CMAKE_PREFIX_PATH}:/home/ieee/justbaked/justbaked/install/temp_sens:/opt/ros/jazzy DEBUGINFOD_URLS=https://debuginfod.ubuntu.com /usr/bin/cmake --build /home/ieee/justbaked/justbaked/build/sllidar_ros2 -- -j4 -l4
[0.689s] [ 90%] Built target sllidar_node
[0.689s] [100%] Built target sllidar_client
[0.742s] Invoked command in '/home/ieee/justbaked/justbaked/build/sllidar_ros2' returned '0': CMAKE_PREFIX_PATH=${CMAKE_PREFIX_PATH}:/home/ieee/justbaked/justbaked/install/temp_sens:/opt/ros/jazzy DEBUGINFOD_URLS=https://debuginfod.ubuntu.com /usr/bin/cmake --build /home/ieee/justbaked/justbaked/build/sllidar_ros2 -- -j4 -l4
[0.745s] Invoking command in '/home/ieee/justbaked/justbaked/build/sllidar_ros2': CMAKE_PREFIX_PATH=${CMAKE_PREFIX_PATH}:/home/ieee/justbaked/justbaked/install/temp_sens:/opt/ros/jazzy DEBUGINFOD_URLS=https://debuginfod.ubuntu.com /usr/bin/cmake --install /home/ieee/justbaked/justbaked/build/sllidar_ros2
[0.774s] -- Install configuration: ""
[0.774s] -- Execute custom install script
[0.774s] -- Up-to-date symlink: /home/ieee/justbaked/justbaked/install/sllidar_ros2/share/sllidar_ros2/launch/sllidar_a1_launch.py
[0.778s] -- Up-to-date symlink: /home/ieee/justbaked/justbaked/install/sllidar_ros2/share/sllidar_ros2/rviz/sllidar_ros2.rviz
[0.779s] -- Up-to-date symlink: /home/ieee/justbaked/justbaked/install/sllidar_ros2/lib/sllidar_ros2/sllidar_node
[0.779s] -- Up-to-date symlink: /home/ieee/justbaked/justbaked/install/sllidar_ros2/lib/sllidar_ros2/sllidar_client
[0.779s] -- Up-to-date symlink: /home/ieee/justbaked/justbaked/install/sllidar_ros2/share/ament_index/resource_index/package_run_dependencies/sllidar_ros2
[0.779s] -- Up-to-date symlink: /home/ieee/justbaked/justbaked/install/sllidar_ros2/share/ament_index/resource_index/parent_prefix_path/sllidar_ros2
[0.783s] -- Up-to-date symlink: /home/ieee/justbaked/justbaked/install/sllidar_ros2/share/sllidar_ros2/environment/ament_prefix_path.sh
[0.784s] -- Up-to-date symlink: /home/ieee/justbaked/justbaked/install/sllidar_ros2/share/sllidar_ros2/environment/ament_prefix_path.dsv
[0.784s] -- Up-to-date symlink: /home/ieee/justbaked/justbaked/install/sllidar_ros2/share/sllidar_ros2/environment/path.sh
[0.790s] -- Up-to-date symlink: /home/ieee/justbaked/justbaked/install/sllidar_ros2/share/sllidar_ros2/environment/path.dsv
[0.790s] -- Up-to-date symlink: /home/ieee/justbaked/justbaked/install/sllidar_ros2/share/sllidar_ros2/local_setup.bash
[0.792s] -- Up-to-date symlink: /home/ieee/justbaked/justbaked/install/sllidar_ros2/share/sllidar_ros2/local_setup.sh
[0.792s] -- Up-to-date symlink: /home/ieee/justbaked/justbaked/install/sllidar_ros2/share/sllidar_ros2/local_setup.zsh
[0.793s] -- Up-to-date symlink: /home/ieee/justbaked/justbaked/install/sllidar_ros2/share/sllidar_ros2/local_setup.dsv
[0.793s] -- Symlinking: /home/ieee/justbaked/justbaked/install/sllidar_ros2/share/sllidar_ros2/package.dsv
[0.834s] -- Up-to-date symlink: /home/ieee/justbaked/justbaked/install/sllidar_ros2/share/ament_index/resource_index/packages/sllidar_ros2
[0.834s] -- Up-to-date symlink: /home/ieee/justbaked/justbaked/install/sllidar_ros2/share/sllidar_ros2/cmake/ament_cmake_export_dependencies-extras.cmake
[0.835s] -- Up-to-date symlink: /home/ieee/justbaked/justbaked/install/sllidar_ros2/share/sllidar_ros2/cmake/ament_cmake_export_include_directories-extras.cmake
[0.835s] -- Up-to-date symlink: /home/ieee/justbaked/justbaked/install/sllidar_ros2/share/sllidar_ros2/cmake/sllidar_ros2Config.cmake
[0.836s] -- Up-to-date symlink: /home/ieee/justbaked/justbaked/install/sllidar_ros2/share/sllidar_ros2/cmake/sllidar_ros2Config-version.cmake
[0.836s] -- Up-to-date symlink: /home/ieee/justbaked/justbaked/install/sllidar_ros2/share/sllidar_ros2/package.xml
[0.841s] Invoked command in '/home/ieee/justbaked/justbaked/build/sllidar_ros2' returned '0': CMAKE_PREFIX_PATH=${CMAKE_PREFIX_PATH}:/home/ieee/justbaked/justbaked/install/temp_sens:/opt/ros/jazzy DEBUGINFOD_URLS=https://debuginfod.ubuntu.com /usr/bin/cmake --install /home/ieee/justbaked/justbaked/build/sllidar_ros2
