[5.027s] DEBUG:colcon:Command line arguments: ['/usr/bin/colcon', 'build']
[5.027s] DEBUG:colcon:Parsed command line arguments: Namespace(log_base=None, log_level=None, verb_name='build', build_base='build', install_base='install', merge_install=False, symlink_install=False, test_result_base=None, continue_on_error=False, executor='parallel', parallel_workers=4, event_handlers=None, ignore_user_meta=False, metas=['./colcon.meta'], base_paths=['.'], packages_ignore=None, packages_ignore_regex=None, paths=None, packages_up_to=None, packages_up_to_regex=None, packages_above=None, packages_above_and_dependencies=None, packages_above_depth=None, packages_select_by_dep=None, packages_skip_by_dep=None, packages_skip_up_to=None, packages_select_build_failed=False, packages_skip_build_finished=False, packages_select_test_failures=False, packages_skip_test_passed=False, packages_select=None, packages_skip=None, packages_select_regex=None, packages_skip_regex=None, packages_start=None, packages_end=None, allow_overriding=[], cmake_args=None, cmake_target=None, cmake_target_skip_unavailable=False, cmake_clean_cache=False, cmake_clean_first=False, cmake_force_configure=False, ament_cmake_args=None, catkin_cmake_args=None, catkin_skip_building_tests=False, mixin_files=None, mixin=None, verb_parser=<colcon_mixin.mixin.mixin_argument.MixinArgumentDecorator object at 0x700483b83ec0>, verb_extension=<colcon_core.verb.build.BuildVerb object at 0x700483b839e0>, main=<bound method BuildVerb.main of <colcon_core.verb.build.BuildVerb object at 0x700483b839e0>>, mixin_verb=('build',))
[5.410s] Level 1:colcon.colcon_core.package_discovery:discover_packages(colcon_meta) check parameters
[5.410s] Level 1:colcon.colcon_core.package_discovery:discover_packages(recursive) check parameters
[5.410s] Level 1:colcon.colcon_core.package_discovery:discover_packages(ignore) check parameters
[5.410s] Level 1:colcon.colcon_core.package_discovery:discover_packages(path) check parameters
[5.410s] Level 1:colcon.colcon_core.package_discovery:discover_packages(colcon_meta) discover
[5.410s] Level 1:colcon.colcon_core.package_discovery:discover_packages(recursive) discover
[5.410s] INFO:colcon.colcon_core.package_discovery:Crawling recursively for packages in '/home/jack/ASUIEEE25/justbaked'
[5.410s] Level 1:colcon.colcon_core.package_identification:_identify(.) by extensions ['ignore', 'ignore_ament_install']
[5.410s] Level 1:colcon.colcon_core.package_identification:_identify(.) by extension 'ignore'
[5.411s] Level 1:colcon.colcon_core.package_identification:_identify(.) by extension 'ignore_ament_install'
[5.411s] Level 1:colcon.colcon_core.package_identification:_identify(.) by extensions ['colcon_pkg']
[5.411s] Level 1:colcon.colcon_core.package_identification:_identify(.) by extension 'colcon_pkg'
[5.411s] Level 1:colcon.colcon_core.package_identification:_identify(.) by extensions ['colcon_meta']
[5.411s] Level 1:colcon.colcon_core.package_identification:_identify(.) by extension 'colcon_meta'
[5.411s] Level 1:colcon.colcon_core.package_identification:_identify(.) by extensions ['ros']
[5.411s] Level 1:colcon.colcon_core.package_identification:_identify(.) by extension 'ros'
[5.622s] Level 1:colcon.colcon_core.package_identification:_identify(.) by extensions ['cmake', 'python']
[5.622s] Level 1:colcon.colcon_core.package_identification:_identify(.) by extension 'cmake'
[5.622s] Level 1:colcon.colcon_core.package_identification:_identify(.) by extension 'python'
[5.622s] Level 1:colcon.colcon_core.package_identification:_identify(.) by extensions ['python_setup_py']
[5.622s] Level 1:colcon.colcon_core.package_identification:_identify(.) by extension 'python_setup_py'
[5.623s] Level 1:colcon.colcon_core.package_identification:_identify(build) by extensions ['ignore', 'ignore_ament_install']
[5.623s] Level 1:colcon.colcon_core.package_identification:_identify(build) by extension 'ignore'
[5.623s] Level 1:colcon.colcon_core.package_identification:_identify(build) ignored
[5.623s] Level 1:colcon.colcon_core.package_identification:_identify(install) by extensions ['ignore', 'ignore_ament_install']
[5.623s] Level 1:colcon.colcon_core.package_identification:_identify(install) by extension 'ignore'
[5.623s] Level 1:colcon.colcon_core.package_identification:_identify(install) ignored
[5.623s] Level 1:colcon.colcon_core.package_identification:_identify(log) by extensions ['ignore', 'ignore_ament_install']
[5.624s] Level 1:colcon.colcon_core.package_identification:_identify(log) by extension 'ignore'
[5.624s] Level 1:colcon.colcon_core.package_identification:_identify(log) ignored
[5.643s] Level 1:colcon.colcon_core.package_identification:_identify(src) by extensions ['ignore', 'ignore_ament_install']
[5.644s] Level 1:colcon.colcon_core.package_identification:_identify(src) by extension 'ignore'
[5.644s] Level 1:colcon.colcon_core.package_identification:_identify(src) by extension 'ignore_ament_install'
[5.644s] Level 1:colcon.colcon_core.package_identification:_identify(src) by extensions ['colcon_pkg']
[5.644s] Level 1:colcon.colcon_core.package_identification:_identify(src) by extension 'colcon_pkg'
[5.644s] Level 1:colcon.colcon_core.package_identification:_identify(src) by extensions ['colcon_meta']
[5.644s] Level 1:colcon.colcon_core.package_identification:_identify(src) by extension 'colcon_meta'
[5.644s] Level 1:colcon.colcon_core.package_identification:_identify(src) by extensions ['ros']
[5.644s] Level 1:colcon.colcon_core.package_identification:_identify(src) by extension 'ros'
[5.644s] Level 1:colcon.colcon_core.package_identification:_identify(src) by extensions ['cmake', 'python']
[5.644s] Level 1:colcon.colcon_core.package_identification:_identify(src) by extension 'cmake'
[5.645s] Level 1:colcon.colcon_core.package_identification:_identify(src) by extension 'python'
[5.645s] Level 1:colcon.colcon_core.package_identification:_identify(src) by extensions ['python_setup_py']
[5.645s] Level 1:colcon.colcon_core.package_identification:_identify(src) by extension 'python_setup_py'
[5.666s] Level 1:colcon.colcon_core.package_identification:_identify(src/ros_gz) by extensions ['ignore', 'ignore_ament_install']
[5.666s] Level 1:colcon.colcon_core.package_identification:_identify(src/ros_gz) by extension 'ignore'
[5.666s] Level 1:colcon.colcon_core.package_identification:_identify(src/ros_gz) by extension 'ignore_ament_install'
[5.666s] Level 1:colcon.colcon_core.package_identification:_identify(src/ros_gz) by extensions ['colcon_pkg']
[5.666s] Level 1:colcon.colcon_core.package_identification:_identify(src/ros_gz) by extension 'colcon_pkg'
[5.666s] Level 1:colcon.colcon_core.package_identification:_identify(src/ros_gz) by extensions ['colcon_meta']
[5.666s] Level 1:colcon.colcon_core.package_identification:_identify(src/ros_gz) by extension 'colcon_meta'
[5.666s] Level 1:colcon.colcon_core.package_identification:_identify(src/ros_gz) by extensions ['ros']
[5.666s] Level 1:colcon.colcon_core.package_identification:_identify(src/ros_gz) by extension 'ros'
[5.666s] Level 1:colcon.colcon_core.package_identification:_identify(src/ros_gz) by extensions ['cmake', 'python']
[5.666s] Level 1:colcon.colcon_core.package_identification:_identify(src/ros_gz) by extension 'cmake'
[5.666s] Level 1:colcon.colcon_core.package_identification:_identify(src/ros_gz) by extension 'python'
[5.666s] Level 1:colcon.colcon_core.package_identification:_identify(src/ros_gz) by extensions ['python_setup_py']
[5.667s] Level 1:colcon.colcon_core.package_identification:_identify(src/ros_gz) by extension 'python_setup_py'
[5.677s] Level 1:colcon.colcon_core.package_identification:_identify(src/ros_gz/img) by extensions ['ignore', 'ignore_ament_install']
[5.677s] Level 1:colcon.colcon_core.package_identification:_identify(src/ros_gz/img) by extension 'ignore'
[5.677s] Level 1:colcon.colcon_core.package_identification:_identify(src/ros_gz/img) by extension 'ignore_ament_install'
[5.677s] Level 1:colcon.colcon_core.package_identification:_identify(src/ros_gz/img) by extensions ['colcon_pkg']
[5.677s] Level 1:colcon.colcon_core.package_identification:_identify(src/ros_gz/img) by extension 'colcon_pkg'
[5.677s] Level 1:colcon.colcon_core.package_identification:_identify(src/ros_gz/img) by extensions ['colcon_meta']
[5.677s] Level 1:colcon.colcon_core.package_identification:_identify(src/ros_gz/img) by extension 'colcon_meta'
[5.677s] Level 1:colcon.colcon_core.package_identification:_identify(src/ros_gz/img) by extensions ['ros']
[5.677s] Level 1:colcon.colcon_core.package_identification:_identify(src/ros_gz/img) by extension 'ros'
[5.678s] Level 1:colcon.colcon_core.package_identification:_identify(src/ros_gz/img) by extensions ['cmake', 'python']
[5.678s] Level 1:colcon.colcon_core.package_identification:_identify(src/ros_gz/img) by extension 'cmake'
[5.678s] Level 1:colcon.colcon_core.package_identification:_identify(src/ros_gz/img) by extension 'python'
[5.678s] Level 1:colcon.colcon_core.package_identification:_identify(src/ros_gz/img) by extensions ['python_setup_py']
[5.678s] Level 1:colcon.colcon_core.package_identification:_identify(src/ros_gz/img) by extension 'python_setup_py'
[5.679s] Level 1:colcon.colcon_core.package_identification:_identify(src/ros_gz/ros_gz) by extensions ['ignore', 'ignore_ament_install']
[5.679s] Level 1:colcon.colcon_core.package_identification:_identify(src/ros_gz/ros_gz) by extension 'ignore'
[5.679s] Level 1:colcon.colcon_core.package_identification:_identify(src/ros_gz/ros_gz) by extension 'ignore_ament_install'
[5.679s] Level 1:colcon.colcon_core.package_identification:_identify(src/ros_gz/ros_gz) by extensions ['colcon_pkg']
[5.679s] Level 1:colcon.colcon_core.package_identification:_identify(src/ros_gz/ros_gz) by extension 'colcon_pkg'
[5.679s] Level 1:colcon.colcon_core.package_identification:_identify(src/ros_gz/ros_gz) by extensions ['colcon_meta']
[5.679s] Level 1:colcon.colcon_core.package_identification:_identify(src/ros_gz/ros_gz) by extension 'colcon_meta'
[5.679s] Level 1:colcon.colcon_core.package_identification:_identify(src/ros_gz/ros_gz) by extensions ['ros']
[5.680s] Level 1:colcon.colcon_core.package_identification:_identify(src/ros_gz/ros_gz) by extension 'ros'
[5.720s] DEBUG:colcon.colcon_core.package_identification:Package 'src/ros_gz/ros_gz' with type 'ros.ament_cmake' and name 'ros_gz'
[5.721s] Level 1:colcon.colcon_core.package_identification:_identify(src/ros_gz/ros_gz_bridge) by extensions ['ignore', 'ignore_ament_install']
[5.721s] Level 1:colcon.colcon_core.package_identification:_identify(src/ros_gz/ros_gz_bridge) by extension 'ignore'
[5.721s] Level 1:colcon.colcon_core.package_identification:_identify(src/ros_gz/ros_gz_bridge) by extension 'ignore_ament_install'
[5.721s] Level 1:colcon.colcon_core.package_identification:_identify(src/ros_gz/ros_gz_bridge) by extensions ['colcon_pkg']
[5.721s] Level 1:colcon.colcon_core.package_identification:_identify(src/ros_gz/ros_gz_bridge) by extension 'colcon_pkg'
[5.721s] Level 1:colcon.colcon_core.package_identification:_identify(src/ros_gz/ros_gz_bridge) by extensions ['colcon_meta']
[5.721s] Level 1:colcon.colcon_core.package_identification:_identify(src/ros_gz/ros_gz_bridge) by extension 'colcon_meta'
[5.721s] Level 1:colcon.colcon_core.package_identification:_identify(src/ros_gz/ros_gz_bridge) by extensions ['ros']
[5.721s] Level 1:colcon.colcon_core.package_identification:_identify(src/ros_gz/ros_gz_bridge) by extension 'ros'
[5.726s] DEBUG:colcon.colcon_core.package_identification:Package 'src/ros_gz/ros_gz_bridge' with type 'ros.ament_cmake' and name 'ros_gz_bridge'
[5.746s] Level 1:colcon.colcon_core.package_identification:_identify(src/ros_gz/ros_gz_image) by extensions ['ignore', 'ignore_ament_install']
[5.746s] Level 1:colcon.colcon_core.package_identification:_identify(src/ros_gz/ros_gz_image) by extension 'ignore'
[5.746s] Level 1:colcon.colcon_core.package_identification:_identify(src/ros_gz/ros_gz_image) by extension 'ignore_ament_install'
[5.746s] Level 1:colcon.colcon_core.package_identification:_identify(src/ros_gz/ros_gz_image) by extensions ['colcon_pkg']
[5.746s] Level 1:colcon.colcon_core.package_identification:_identify(src/ros_gz/ros_gz_image) by extension 'colcon_pkg'
[5.746s] Level 1:colcon.colcon_core.package_identification:_identify(src/ros_gz/ros_gz_image) by extensions ['colcon_meta']
[5.746s] Level 1:colcon.colcon_core.package_identification:_identify(src/ros_gz/ros_gz_image) by extension 'colcon_meta'
[5.746s] Level 1:colcon.colcon_core.package_identification:_identify(src/ros_gz/ros_gz_image) by extensions ['ros']
[5.746s] Level 1:colcon.colcon_core.package_identification:_identify(src/ros_gz/ros_gz_image) by extension 'ros'
[5.749s] DEBUG:colcon.colcon_core.package_identification:Package 'src/ros_gz/ros_gz_image' with type 'ros.ament_cmake' and name 'ros_gz_image'
[5.750s] Level 1:colcon.colcon_core.package_identification:_identify(src/ros_gz/ros_gz_interfaces) by extensions ['ignore', 'ignore_ament_install']
[5.750s] Level 1:colcon.colcon_core.package_identification:_identify(src/ros_gz/ros_gz_interfaces) by extension 'ignore'
[5.750s] Level 1:colcon.colcon_core.package_identification:_identify(src/ros_gz/ros_gz_interfaces) by extension 'ignore_ament_install'
[5.750s] Level 1:colcon.colcon_core.package_identification:_identify(src/ros_gz/ros_gz_interfaces) by extensions ['colcon_pkg']
[5.750s] Level 1:colcon.colcon_core.package_identification:_identify(src/ros_gz/ros_gz_interfaces) by extension 'colcon_pkg'
[5.750s] Level 1:colcon.colcon_core.package_identification:_identify(src/ros_gz/ros_gz_interfaces) by extensions ['colcon_meta']
[5.750s] Level 1:colcon.colcon_core.package_identification:_identify(src/ros_gz/ros_gz_interfaces) by extension 'colcon_meta'
[5.750s] Level 1:colcon.colcon_core.package_identification:_identify(src/ros_gz/ros_gz_interfaces) by extensions ['ros']
[5.750s] Level 1:colcon.colcon_core.package_identification:_identify(src/ros_gz/ros_gz_interfaces) by extension 'ros'
[5.752s] DEBUG:colcon.colcon_core.package_identification:Package 'src/ros_gz/ros_gz_interfaces' with type 'ros.ament_cmake' and name 'ros_gz_interfaces'
[5.771s] Level 1:colcon.colcon_core.package_identification:_identify(src/ros_gz/ros_gz_point_cloud) by extensions ['ignore', 'ignore_ament_install']
[5.772s] Level 1:colcon.colcon_core.package_identification:_identify(src/ros_gz/ros_gz_point_cloud) by extension 'ignore'
[5.772s] Level 1:colcon.colcon_core.package_identification:_identify(src/ros_gz/ros_gz_point_cloud) ignored
[5.773s] Level 1:colcon.colcon_core.package_identification:_identify(src/ros_gz/ros_gz_sim) by extensions ['ignore', 'ignore_ament_install']
[5.773s] Level 1:colcon.colcon_core.package_identification:_identify(src/ros_gz/ros_gz_sim) by extension 'ignore'
[5.773s] Level 1:colcon.colcon_core.package_identification:_identify(src/ros_gz/ros_gz_sim) by extension 'ignore_ament_install'
[5.773s] Level 1:colcon.colcon_core.package_identification:_identify(src/ros_gz/ros_gz_sim) by extensions ['colcon_pkg']
[5.773s] Level 1:colcon.colcon_core.package_identification:_identify(src/ros_gz/ros_gz_sim) by extension 'colcon_pkg'
[5.773s] Level 1:colcon.colcon_core.package_identification:_identify(src/ros_gz/ros_gz_sim) by extensions ['colcon_meta']
[5.773s] Level 1:colcon.colcon_core.package_identification:_identify(src/ros_gz/ros_gz_sim) by extension 'colcon_meta'
[5.773s] Level 1:colcon.colcon_core.package_identification:_identify(src/ros_gz/ros_gz_sim) by extensions ['ros']
[5.773s] Level 1:colcon.colcon_core.package_identification:_identify(src/ros_gz/ros_gz_sim) by extension 'ros'
[5.787s] DEBUG:colcon.colcon_core.package_identification:Package 'src/ros_gz/ros_gz_sim' with type 'ros.ament_cmake' and name 'ros_gz_sim'
[5.795s] Level 1:colcon.colcon_core.package_identification:_identify(src/ros_gz/ros_gz_sim_demos) by extensions ['ignore', 'ignore_ament_install']
[5.795s] Level 1:colcon.colcon_core.package_identification:_identify(src/ros_gz/ros_gz_sim_demos) by extension 'ignore'
[5.795s] Level 1:colcon.colcon_core.package_identification:_identify(src/ros_gz/ros_gz_sim_demos) by extension 'ignore_ament_install'
[5.795s] Level 1:colcon.colcon_core.package_identification:_identify(src/ros_gz/ros_gz_sim_demos) by extensions ['colcon_pkg']
[5.795s] Level 1:colcon.colcon_core.package_identification:_identify(src/ros_gz/ros_gz_sim_demos) by extension 'colcon_pkg'
[5.795s] Level 1:colcon.colcon_core.package_identification:_identify(src/ros_gz/ros_gz_sim_demos) by extensions ['colcon_meta']
[5.795s] Level 1:colcon.colcon_core.package_identification:_identify(src/ros_gz/ros_gz_sim_demos) by extension 'colcon_meta'
[5.795s] Level 1:colcon.colcon_core.package_identification:_identify(src/ros_gz/ros_gz_sim_demos) by extensions ['ros']
[5.795s] Level 1:colcon.colcon_core.package_identification:_identify(src/ros_gz/ros_gz_sim_demos) by extension 'ros'
[5.802s] DEBUG:colcon.colcon_core.package_identification:Package 'src/ros_gz/ros_gz_sim_demos' with type 'ros.ament_cmake' and name 'ros_gz_sim_demos'
[5.803s] Level 1:colcon.colcon_core.package_identification:_identify(src/ros_gz/test_ros_gz_bridge) by extensions ['ignore', 'ignore_ament_install']
[5.803s] Level 1:colcon.colcon_core.package_identification:_identify(src/ros_gz/test_ros_gz_bridge) by extension 'ignore'
[5.803s] Level 1:colcon.colcon_core.package_identification:_identify(src/ros_gz/test_ros_gz_bridge) by extension 'ignore_ament_install'
[5.803s] Level 1:colcon.colcon_core.package_identification:_identify(src/ros_gz/test_ros_gz_bridge) by extensions ['colcon_pkg']
[5.803s] Level 1:colcon.colcon_core.package_identification:_identify(src/ros_gz/test_ros_gz_bridge) by extension 'colcon_pkg'
[5.803s] Level 1:colcon.colcon_core.package_identification:_identify(src/ros_gz/test_ros_gz_bridge) by extensions ['colcon_meta']
[5.803s] Level 1:colcon.colcon_core.package_identification:_identify(src/ros_gz/test_ros_gz_bridge) by extension 'colcon_meta'
[5.803s] Level 1:colcon.colcon_core.package_identification:_identify(src/ros_gz/test_ros_gz_bridge) by extensions ['ros']
[5.803s] Level 1:colcon.colcon_core.package_identification:_identify(src/ros_gz/test_ros_gz_bridge) by extension 'ros'
[5.805s] DEBUG:colcon.colcon_core.package_identification:Package 'src/ros_gz/test_ros_gz_bridge' with type 'ros.ament_cmake' and name 'test_ros_gz_bridge'
[5.822s] Level 1:colcon.colcon_core.package_identification:_identify(src/tempsens) by extensions ['ignore', 'ignore_ament_install']
[5.822s] Level 1:colcon.colcon_core.package_identification:_identify(src/tempsens) by extension 'ignore'
[5.822s] Level 1:colcon.colcon_core.package_identification:_identify(src/tempsens) by extension 'ignore_ament_install'
[5.822s] Level 1:colcon.colcon_core.package_identification:_identify(src/tempsens) by extensions ['colcon_pkg']
[5.822s] Level 1:colcon.colcon_core.package_identification:_identify(src/tempsens) by extension 'colcon_pkg'
[5.823s] Level 1:colcon.colcon_core.package_identification:_identify(src/tempsens) by extensions ['colcon_meta']
[5.823s] Level 1:colcon.colcon_core.package_identification:_identify(src/tempsens) by extension 'colcon_meta'
[5.823s] Level 1:colcon.colcon_core.package_identification:_identify(src/tempsens) by extensions ['ros']
[5.823s] Level 1:colcon.colcon_core.package_identification:_identify(src/tempsens) by extension 'ros'
[5.833s] DEBUG:colcon.colcon_core.package_identification:Package 'src/tempsens' with type 'ros.ament_cmake' and name 'tempsens'
[5.833s] Level 1:colcon.colcon_core.package_discovery:discover_packages(recursive) using defaults
[5.833s] Level 1:colcon.colcon_core.package_discovery:discover_packages(ignore) discover
[5.833s] Level 1:colcon.colcon_core.package_discovery:discover_packages(ignore) using defaults
[5.833s] Level 1:colcon.colcon_core.package_discovery:discover_packages(path) discover
[5.833s] Level 1:colcon.colcon_core.package_discovery:discover_packages(path) using defaults
[5.975s] Level 1:colcon.colcon_core.package_discovery:discover_packages(prefix_path) check parameters
[5.975s] Level 1:colcon.colcon_core.package_discovery:discover_packages(prefix_path) discover
[5.985s] DEBUG:colcon.colcon_installed_package_information.package_discovery:Found 343 installed packages in /opt/ros/jazzy
[5.987s] Level 1:colcon.colcon_core.package_discovery:discover_packages(prefix_path) using defaults
[6.099s] Level 5:colcon.colcon_core.verb:set package 'ros_gz_interfaces' build argument 'cmake_args' from command line to 'None'
[6.099s] Level 5:colcon.colcon_core.verb:set package 'ros_gz_interfaces' build argument 'cmake_target' from command line to 'None'
[6.099s] Level 5:colcon.colcon_core.verb:set package 'ros_gz_interfaces' build argument 'cmake_target_skip_unavailable' from command line to 'False'
[6.099s] Level 5:colcon.colcon_core.verb:set package 'ros_gz_interfaces' build argument 'cmake_clean_cache' from command line to 'False'
[6.099s] Level 5:colcon.colcon_core.verb:set package 'ros_gz_interfaces' build argument 'cmake_clean_first' from command line to 'False'
[6.099s] Level 5:colcon.colcon_core.verb:set package 'ros_gz_interfaces' build argument 'cmake_force_configure' from command line to 'False'
[6.099s] Level 5:colcon.colcon_core.verb:set package 'ros_gz_interfaces' build argument 'ament_cmake_args' from command line to 'None'
[6.099s] Level 5:colcon.colcon_core.verb:set package 'ros_gz_interfaces' build argument 'catkin_cmake_args' from command line to 'None'
[6.100s] Level 5:colcon.colcon_core.verb:set package 'ros_gz_interfaces' build argument 'catkin_skip_building_tests' from command line to 'False'
[6.100s] DEBUG:colcon.colcon_core.verb:Building package 'ros_gz_interfaces' with the following arguments: {'ament_cmake_args': None, 'build_base': '/home/jack/ASUIEEE25/justbaked/build/ros_gz_interfaces', 'catkin_cmake_args': None, 'catkin_skip_building_tests': False, 'cmake_args': None, 'cmake_clean_cache': False, 'cmake_clean_first': False, 'cmake_force_configure': False, 'cmake_target': None, 'cmake_target_skip_unavailable': False, 'install_base': '/home/jack/ASUIEEE25/justbaked/install/ros_gz_interfaces', 'merge_install': False, 'path': '/home/jack/ASUIEEE25/justbaked/src/ros_gz/ros_gz_interfaces', 'symlink_install': False, 'test_result_base': None}
[6.100s] Level 5:colcon.colcon_core.verb:set package 'ros_gz_sim' build argument 'cmake_args' from command line to 'None'
[6.100s] Level 5:colcon.colcon_core.verb:set package 'ros_gz_sim' build argument 'cmake_target' from command line to 'None'
[6.100s] Level 5:colcon.colcon_core.verb:set package 'ros_gz_sim' build argument 'cmake_target_skip_unavailable' from command line to 'False'
[6.100s] Level 5:colcon.colcon_core.verb:set package 'ros_gz_sim' build argument 'cmake_clean_cache' from command line to 'False'
[6.100s] Level 5:colcon.colcon_core.verb:set package 'ros_gz_sim' build argument 'cmake_clean_first' from command line to 'False'
[6.100s] Level 5:colcon.colcon_core.verb:set package 'ros_gz_sim' build argument 'cmake_force_configure' from command line to 'False'
[6.100s] Level 5:colcon.colcon_core.verb:set package 'ros_gz_sim' build argument 'ament_cmake_args' from command line to 'None'
[6.100s] Level 5:colcon.colcon_core.verb:set package 'ros_gz_sim' build argument 'catkin_cmake_args' from command line to 'None'
[6.100s] Level 5:colcon.colcon_core.verb:set package 'ros_gz_sim' build argument 'catkin_skip_building_tests' from command line to 'False'
[6.100s] DEBUG:colcon.colcon_core.verb:Building package 'ros_gz_sim' with the following arguments: {'ament_cmake_args': None, 'build_base': '/home/jack/ASUIEEE25/justbaked/build/ros_gz_sim', 'catkin_cmake_args': None, 'catkin_skip_building_tests': False, 'cmake_args': None, 'cmake_clean_cache': False, 'cmake_clean_first': False, 'cmake_force_configure': False, 'cmake_target': None, 'cmake_target_skip_unavailable': False, 'install_base': '/home/jack/ASUIEEE25/justbaked/install/ros_gz_sim', 'merge_install': False, 'path': '/home/jack/ASUIEEE25/justbaked/src/ros_gz/ros_gz_sim', 'symlink_install': False, 'test_result_base': None}
[6.101s] Level 5:colcon.colcon_core.verb:set package 'tempsens' build argument 'cmake_args' from command line to 'None'
[6.101s] Level 5:colcon.colcon_core.verb:set package 'tempsens' build argument 'cmake_target' from command line to 'None'
[6.101s] Level 5:colcon.colcon_core.verb:set package 'tempsens' build argument 'cmake_target_skip_unavailable' from command line to 'False'
[6.101s] Level 5:colcon.colcon_core.verb:set package 'tempsens' build argument 'cmake_clean_cache' from command line to 'False'
[6.101s] Level 5:colcon.colcon_core.verb:set package 'tempsens' build argument 'cmake_clean_first' from command line to 'False'
[6.101s] Level 5:colcon.colcon_core.verb:set package 'tempsens' build argument 'cmake_force_configure' from command line to 'False'
[6.101s] Level 5:colcon.colcon_core.verb:set package 'tempsens' build argument 'ament_cmake_args' from command line to 'None'
[6.101s] Level 5:colcon.colcon_core.verb:set package 'tempsens' build argument 'catkin_cmake_args' from command line to 'None'
[6.101s] Level 5:colcon.colcon_core.verb:set package 'tempsens' build argument 'catkin_skip_building_tests' from command line to 'False'
[6.101s] DEBUG:colcon.colcon_core.verb:Building package 'tempsens' with the following arguments: {'ament_cmake_args': None, 'build_base': '/home/jack/ASUIEEE25/justbaked/build/tempsens', 'catkin_cmake_args': None, 'catkin_skip_building_tests': False, 'cmake_args': None, 'cmake_clean_cache': False, 'cmake_clean_first': False, 'cmake_force_configure': False, 'cmake_target': None, 'cmake_target_skip_unavailable': False, 'install_base': '/home/jack/ASUIEEE25/justbaked/install/tempsens', 'merge_install': False, 'path': '/home/jack/ASUIEEE25/justbaked/src/tempsens', 'symlink_install': False, 'test_result_base': None}
[6.102s] Level 5:colcon.colcon_core.verb:set package 'ros_gz_bridge' build argument 'cmake_args' from command line to 'None'
[6.102s] Level 5:colcon.colcon_core.verb:set package 'ros_gz_bridge' build argument 'cmake_target' from command line to 'None'
[6.102s] Level 5:colcon.colcon_core.verb:set package 'ros_gz_bridge' build argument 'cmake_target_skip_unavailable' from command line to 'False'
[6.102s] Level 5:colcon.colcon_core.verb:set package 'ros_gz_bridge' build argument 'cmake_clean_cache' from command line to 'False'
[6.102s] Level 5:colcon.colcon_core.verb:set package 'ros_gz_bridge' build argument 'cmake_clean_first' from command line to 'False'
[6.102s] Level 5:colcon.colcon_core.verb:set package 'ros_gz_bridge' build argument 'cmake_force_configure' from command line to 'False'
[6.102s] Level 5:colcon.colcon_core.verb:set package 'ros_gz_bridge' build argument 'ament_cmake_args' from command line to 'None'
[6.102s] Level 5:colcon.colcon_core.verb:set package 'ros_gz_bridge' build argument 'catkin_cmake_args' from command line to 'None'
[6.102s] Level 5:colcon.colcon_core.verb:set package 'ros_gz_bridge' build argument 'catkin_skip_building_tests' from command line to 'False'
[6.102s] DEBUG:colcon.colcon_core.verb:Building package 'ros_gz_bridge' with the following arguments: {'ament_cmake_args': None, 'build_base': '/home/jack/ASUIEEE25/justbaked/build/ros_gz_bridge', 'catkin_cmake_args': None, 'catkin_skip_building_tests': False, 'cmake_args': None, 'cmake_clean_cache': False, 'cmake_clean_first': False, 'cmake_force_configure': False, 'cmake_target': None, 'cmake_target_skip_unavailable': False, 'install_base': '/home/jack/ASUIEEE25/justbaked/install/ros_gz_bridge', 'merge_install': False, 'path': '/home/jack/ASUIEEE25/justbaked/src/ros_gz/ros_gz_bridge', 'symlink_install': False, 'test_result_base': None}
[6.103s] Level 5:colcon.colcon_core.verb:set package 'ros_gz_image' build argument 'cmake_args' from command line to 'None'
[6.103s] Level 5:colcon.colcon_core.verb:set package 'ros_gz_image' build argument 'cmake_target' from command line to 'None'
[6.103s] Level 5:colcon.colcon_core.verb:set package 'ros_gz_image' build argument 'cmake_target_skip_unavailable' from command line to 'False'
[6.103s] Level 5:colcon.colcon_core.verb:set package 'ros_gz_image' build argument 'cmake_clean_cache' from command line to 'False'
[6.103s] Level 5:colcon.colcon_core.verb:set package 'ros_gz_image' build argument 'cmake_clean_first' from command line to 'False'
[6.103s] Level 5:colcon.colcon_core.verb:set package 'ros_gz_image' build argument 'cmake_force_configure' from command line to 'False'
[6.103s] Level 5:colcon.colcon_core.verb:set package 'ros_gz_image' build argument 'ament_cmake_args' from command line to 'None'
[6.103s] Level 5:colcon.colcon_core.verb:set package 'ros_gz_image' build argument 'catkin_cmake_args' from command line to 'None'
[6.103s] Level 5:colcon.colcon_core.verb:set package 'ros_gz_image' build argument 'catkin_skip_building_tests' from command line to 'False'
[6.103s] DEBUG:colcon.colcon_core.verb:Building package 'ros_gz_image' with the following arguments: {'ament_cmake_args': None, 'build_base': '/home/jack/ASUIEEE25/justbaked/build/ros_gz_image', 'catkin_cmake_args': None, 'catkin_skip_building_tests': False, 'cmake_args': None, 'cmake_clean_cache': False, 'cmake_clean_first': False, 'cmake_force_configure': False, 'cmake_target': None, 'cmake_target_skip_unavailable': False, 'install_base': '/home/jack/ASUIEEE25/justbaked/install/ros_gz_image', 'merge_install': False, 'path': '/home/jack/ASUIEEE25/justbaked/src/ros_gz/ros_gz_image', 'symlink_install': False, 'test_result_base': None}
[6.104s] Level 5:colcon.colcon_core.verb:set package 'test_ros_gz_bridge' build argument 'cmake_args' from command line to 'None'
[6.104s] Level 5:colcon.colcon_core.verb:set package 'test_ros_gz_bridge' build argument 'cmake_target' from command line to 'None'
[6.104s] Level 5:colcon.colcon_core.verb:set package 'test_ros_gz_bridge' build argument 'cmake_target_skip_unavailable' from command line to 'False'
[6.104s] Level 5:colcon.colcon_core.verb:set package 'test_ros_gz_bridge' build argument 'cmake_clean_cache' from command line to 'False'
[6.104s] Level 5:colcon.colcon_core.verb:set package 'test_ros_gz_bridge' build argument 'cmake_clean_first' from command line to 'False'
[6.104s] Level 5:colcon.colcon_core.verb:set package 'test_ros_gz_bridge' build argument 'cmake_force_configure' from command line to 'False'
[6.104s] Level 5:colcon.colcon_core.verb:set package 'test_ros_gz_bridge' build argument 'ament_cmake_args' from command line to 'None'
[6.104s] Level 5:colcon.colcon_core.verb:set package 'test_ros_gz_bridge' build argument 'catkin_cmake_args' from command line to 'None'
[6.104s] Level 5:colcon.colcon_core.verb:set package 'test_ros_gz_bridge' build argument 'catkin_skip_building_tests' from command line to 'False'
[6.104s] DEBUG:colcon.colcon_core.verb:Building package 'test_ros_gz_bridge' with the following arguments: {'ament_cmake_args': None, 'build_base': '/home/jack/ASUIEEE25/justbaked/build/test_ros_gz_bridge', 'catkin_cmake_args': None, 'catkin_skip_building_tests': False, 'cmake_args': None, 'cmake_clean_cache': False, 'cmake_clean_first': False, 'cmake_force_configure': False, 'cmake_target': None, 'cmake_target_skip_unavailable': False, 'install_base': '/home/jack/ASUIEEE25/justbaked/install/test_ros_gz_bridge', 'merge_install': False, 'path': '/home/jack/ASUIEEE25/justbaked/src/ros_gz/test_ros_gz_bridge', 'symlink_install': False, 'test_result_base': None}
[6.104s] Level 5:colcon.colcon_core.verb:set package 'ros_gz_sim_demos' build argument 'cmake_args' from command line to 'None'
[6.104s] Level 5:colcon.colcon_core.verb:set package 'ros_gz_sim_demos' build argument 'cmake_target' from command line to 'None'
[6.104s] Level 5:colcon.colcon_core.verb:set package 'ros_gz_sim_demos' build argument 'cmake_target_skip_unavailable' from command line to 'False'
[6.104s] Level 5:colcon.colcon_core.verb:set package 'ros_gz_sim_demos' build argument 'cmake_clean_cache' from command line to 'False'
[6.104s] Level 5:colcon.colcon_core.verb:set package 'ros_gz_sim_demos' build argument 'cmake_clean_first' from command line to 'False'
[6.104s] Level 5:colcon.colcon_core.verb:set package 'ros_gz_sim_demos' build argument 'cmake_force_configure' from command line to 'False'
[6.105s] Level 5:colcon.colcon_core.verb:set package 'ros_gz_sim_demos' build argument 'ament_cmake_args' from command line to 'None'
[6.105s] Level 5:colcon.colcon_core.verb:set package 'ros_gz_sim_demos' build argument 'catkin_cmake_args' from command line to 'None'
[6.105s] Level 5:colcon.colcon_core.verb:set package 'ros_gz_sim_demos' build argument 'catkin_skip_building_tests' from command line to 'False'
[6.105s] DEBUG:colcon.colcon_core.verb:Building package 'ros_gz_sim_demos' with the following arguments: {'ament_cmake_args': None, 'build_base': '/home/jack/ASUIEEE25/justbaked/build/ros_gz_sim_demos', 'catkin_cmake_args': None, 'catkin_skip_building_tests': False, 'cmake_args': None, 'cmake_clean_cache': False, 'cmake_clean_first': False, 'cmake_force_configure': False, 'cmake_target': None, 'cmake_target_skip_unavailable': False, 'install_base': '/home/jack/ASUIEEE25/justbaked/install/ros_gz_sim_demos', 'merge_install': False, 'path': '/home/jack/ASUIEEE25/justbaked/src/ros_gz/ros_gz_sim_demos', 'symlink_install': False, 'test_result_base': None}
[6.105s] Level 5:colcon.colcon_core.verb:set package 'ros_gz' build argument 'cmake_args' from command line to 'None'
[6.105s] Level 5:colcon.colcon_core.verb:set package 'ros_gz' build argument 'cmake_target' from command line to 'None'
[6.105s] Level 5:colcon.colcon_core.verb:set package 'ros_gz' build argument 'cmake_target_skip_unavailable' from command line to 'False'
[6.105s] Level 5:colcon.colcon_core.verb:set package 'ros_gz' build argument 'cmake_clean_cache' from command line to 'False'
[6.105s] Level 5:colcon.colcon_core.verb:set package 'ros_gz' build argument 'cmake_clean_first' from command line to 'False'
[6.105s] Level 5:colcon.colcon_core.verb:set package 'ros_gz' build argument 'cmake_force_configure' from command line to 'False'
[6.105s] Level 5:colcon.colcon_core.verb:set package 'ros_gz' build argument 'ament_cmake_args' from command line to 'None'
[6.105s] Level 5:colcon.colcon_core.verb:set package 'ros_gz' build argument 'catkin_cmake_args' from command line to 'None'
[6.105s] Level 5:colcon.colcon_core.verb:set package 'ros_gz' build argument 'catkin_skip_building_tests' from command line to 'False'
[6.105s] DEBUG:colcon.colcon_core.verb:Building package 'ros_gz' with the following arguments: {'ament_cmake_args': None, 'build_base': '/home/jack/ASUIEEE25/justbaked/build/ros_gz', 'catkin_cmake_args': None, 'catkin_skip_building_tests': False, 'cmake_args': None, 'cmake_clean_cache': False, 'cmake_clean_first': False, 'cmake_force_configure': False, 'cmake_target': None, 'cmake_target_skip_unavailable': False, 'install_base': '/home/jack/ASUIEEE25/justbaked/install/ros_gz', 'merge_install': False, 'path': '/home/jack/ASUIEEE25/justbaked/src/ros_gz/ros_gz', 'symlink_install': False, 'test_result_base': None}
[6.106s] INFO:colcon.colcon_core.executor:Executing jobs using 'parallel' executor
[6.107s] DEBUG:colcon.colcon_parallel_executor.executor.parallel:run_until_complete
[6.107s] INFO:colcon.colcon_ros.task.ament_cmake.build:Building ROS package in '/home/jack/ASUIEEE25/justbaked/src/ros_gz/ros_gz_interfaces' with build type 'ament_cmake'
[6.107s] INFO:colcon.colcon_cmake.task.cmake.build:Building CMake package in '/home/jack/ASUIEEE25/justbaked/src/ros_gz/ros_gz_interfaces'
[6.124s] INFO:colcon.colcon_core.plugin_system:Skipping extension 'colcon_core.shell.bat': Not used on non-Windows systems
[6.125s] INFO:colcon.colcon_core.shell:Skip shell extension 'powershell' for command environment: Not usable outside of PowerShell
[6.125s] DEBUG:colcon.colcon_core.shell:Skip shell extension 'dsv' for command environment
[6.153s] INFO:colcon.colcon_ros.task.ament_cmake.build:Building ROS package in '/home/jack/ASUIEEE25/justbaked/src/ros_gz/ros_gz_sim' with build type 'ament_cmake'
[6.153s] INFO:colcon.colcon_cmake.task.cmake.build:Building CMake package in '/home/jack/ASUIEEE25/justbaked/src/ros_gz/ros_gz_sim'
[6.153s] INFO:colcon.colcon_core.shell:Skip shell extension 'powershell' for command environment: Not usable outside of PowerShell
[6.153s] DEBUG:colcon.colcon_core.shell:Skip shell extension 'dsv' for command environment
[6.162s] INFO:colcon.colcon_ros.task.ament_cmake.build:Building ROS package in '/home/jack/ASUIEEE25/justbaked/src/tempsens' with build type 'ament_cmake'
[6.162s] INFO:colcon.colcon_cmake.task.cmake.build:Building CMake package in '/home/jack/ASUIEEE25/justbaked/src/tempsens'
[6.163s] INFO:colcon.colcon_core.shell:Skip shell extension 'powershell' for command environment: Not usable outside of PowerShell
[6.163s] DEBUG:colcon.colcon_core.shell:Skip shell extension 'dsv' for command environment
[6.267s] DEBUG:colcon.colcon_core.event_handler.log_command:Invoking command in '/home/jack/ASUIEEE25/justbaked/build/ros_gz_interfaces': CMAKE_PREFIX_PATH=${CMAKE_PREFIX_PATH}:/opt/ros/jazzy DEBUGINFOD_URLS=https://debuginfod.ubuntu.com /usr/bin/cmake --build /home/jack/ASUIEEE25/justbaked/build/ros_gz_interfaces -- -j4 -l4
[6.388s] DEBUG:colcon.colcon_core.event_handler.log_command:Invoking command in '/home/jack/ASUIEEE25/justbaked/build/ros_gz_sim': CMAKE_PREFIX_PATH=${CMAKE_PREFIX_PATH}:/opt/ros/jazzy DEBUGINFOD_URLS=https://debuginfod.ubuntu.com /usr/bin/cmake --build /home/jack/ASUIEEE25/justbaked/build/ros_gz_sim -- -j4 -l4
[6.485s] DEBUG:colcon.colcon_core.event_handler.log_command:Invoking command in '/home/jack/ASUIEEE25/justbaked/build/tempsens': CMAKE_PREFIX_PATH=${CMAKE_PREFIX_PATH}:/opt/ros/jazzy DEBUGINFOD_URLS=https://debuginfod.ubuntu.com /usr/bin/cmake --build /home/jack/ASUIEEE25/justbaked/build/tempsens -- -j4 -l4
[8.521s] DEBUG:colcon.colcon_core.event_handler.log_command:Invoked command in '/home/jack/ASUIEEE25/justbaked/build/tempsens' returned '0': CMAKE_PREFIX_PATH=${CMAKE_PREFIX_PATH}:/opt/ros/jazzy DEBUGINFOD_URLS=https://debuginfod.ubuntu.com /usr/bin/cmake --build /home/jack/ASUIEEE25/justbaked/build/tempsens -- -j4 -l4
[8.559s] DEBUG:colcon.colcon_core.event_handler.log_command:Invoking command in '/home/jack/ASUIEEE25/justbaked/build/tempsens': CMAKE_PREFIX_PATH=${CMAKE_PREFIX_PATH}:/opt/ros/jazzy DEBUGINFOD_URLS=https://debuginfod.ubuntu.com /usr/bin/cmake --install /home/jack/ASUIEEE25/justbaked/build/tempsens
[8.834s] Level 1:colcon.colcon_core.environment:create_environment_scripts_only(tempsens)
[8.834s] DEBUG:colcon.colcon_core.event_handler.log_command:Invoked command in '/home/jack/ASUIEEE25/justbaked/build/tempsens' returned '0': CMAKE_PREFIX_PATH=${CMAKE_PREFIX_PATH}:/opt/ros/jazzy DEBUGINFOD_URLS=https://debuginfod.ubuntu.com /usr/bin/cmake --install /home/jack/ASUIEEE25/justbaked/build/tempsens
[9.140s] Level 1:colcon.colcon_core.environment:checking '/home/jack/ASUIEEE25/justbaked/install/tempsens' for CMake module files
[9.143s] Level 1:colcon.colcon_core.environment:checking '/home/jack/ASUIEEE25/justbaked/install/tempsens' for CMake config files
[9.175s] Level 1:colcon.colcon_core.shell:create_environment_hook('tempsens', 'cmake_prefix_path')
[9.176s] INFO:colcon.colcon_core.shell:Creating environment hook '/home/jack/ASUIEEE25/justbaked/install/tempsens/share/tempsens/hook/cmake_prefix_path.ps1'
[9.179s] INFO:colcon.colcon_core.shell:Creating environment descriptor '/home/jack/ASUIEEE25/justbaked/install/tempsens/share/tempsens/hook/cmake_prefix_path.dsv'
[9.184s] INFO:colcon.colcon_core.shell:Creating environment hook '/home/jack/ASUIEEE25/justbaked/install/tempsens/share/tempsens/hook/cmake_prefix_path.sh'
[9.350s] Level 1:colcon.colcon_core.environment:checking '/home/jack/ASUIEEE25/justbaked/install/tempsens/bin'
[9.351s] Level 1:colcon.colcon_core.environment:checking '/home/jack/ASUIEEE25/justbaked/install/tempsens/lib/pkgconfig/tempsens.pc'
[9.351s] Level 1:colcon.colcon_core.environment:checking '/home/jack/ASUIEEE25/justbaked/install/tempsens/lib/python3.12/site-packages'
[9.351s] Level 1:colcon.colcon_core.environment:checking '/home/jack/ASUIEEE25/justbaked/install/tempsens/bin'
[9.352s] INFO:colcon.colcon_core.shell:Creating package script '/home/jack/ASUIEEE25/justbaked/install/tempsens/share/tempsens/package.ps1'
[9.371s] INFO:colcon.colcon_core.shell:Creating package descriptor '/home/jack/ASUIEEE25/justbaked/install/tempsens/share/tempsens/package.dsv'
[9.431s] INFO:colcon.colcon_core.shell:Creating package script '/home/jack/ASUIEEE25/justbaked/install/tempsens/share/tempsens/package.sh'
[9.478s] INFO:colcon.colcon_core.shell:Creating package script '/home/jack/ASUIEEE25/justbaked/install/tempsens/share/tempsens/package.bash'
[9.606s] INFO:colcon.colcon_core.shell:Creating package script '/home/jack/ASUIEEE25/justbaked/install/tempsens/share/tempsens/package.zsh'
[9.655s] Level 1:colcon.colcon_core.environment:create_file_with_runtime_dependencies(/home/jack/ASUIEEE25/justbaked/install/tempsens/share/colcon-core/packages/tempsens)
[9.657s] Level 1:colcon.colcon_core.environment:create_environment_scripts_only(tempsens)
[9.657s] Level 1:colcon.colcon_core.environment:checking '/home/jack/ASUIEEE25/justbaked/install/tempsens' for CMake module files
[9.658s] Level 1:colcon.colcon_core.environment:checking '/home/jack/ASUIEEE25/justbaked/install/tempsens' for CMake config files
[9.658s] Level 1:colcon.colcon_core.shell:create_environment_hook('tempsens', 'cmake_prefix_path')
[9.658s] INFO:colcon.colcon_core.shell:Creating environment hook '/home/jack/ASUIEEE25/justbaked/install/tempsens/share/tempsens/hook/cmake_prefix_path.ps1'
[9.659s] INFO:colcon.colcon_core.shell:Creating environment descriptor '/home/jack/ASUIEEE25/justbaked/install/tempsens/share/tempsens/hook/cmake_prefix_path.dsv'
[9.660s] INFO:colcon.colcon_core.shell:Creating environment hook '/home/jack/ASUIEEE25/justbaked/install/tempsens/share/tempsens/hook/cmake_prefix_path.sh'
[9.661s] Level 1:colcon.colcon_core.environment:checking '/home/jack/ASUIEEE25/justbaked/install/tempsens/bin'
[9.661s] Level 1:colcon.colcon_core.environment:checking '/home/jack/ASUIEEE25/justbaked/install/tempsens/lib/pkgconfig/tempsens.pc'
[9.661s] Level 1:colcon.colcon_core.environment:checking '/home/jack/ASUIEEE25/justbaked/install/tempsens/lib/python3.12/site-packages'
[9.662s] Level 1:colcon.colcon_core.environment:checking '/home/jack/ASUIEEE25/justbaked/install/tempsens/bin'
[9.662s] INFO:colcon.colcon_core.shell:Creating package script '/home/jack/ASUIEEE25/justbaked/install/tempsens/share/tempsens/package.ps1'
[9.663s] INFO:colcon.colcon_core.shell:Creating package descriptor '/home/jack/ASUIEEE25/justbaked/install/tempsens/share/tempsens/package.dsv'
[9.664s] INFO:colcon.colcon_core.shell:Creating package script '/home/jack/ASUIEEE25/justbaked/install/tempsens/share/tempsens/package.sh'
[9.665s] INFO:colcon.colcon_core.shell:Creating package script '/home/jack/ASUIEEE25/justbaked/install/tempsens/share/tempsens/package.bash'
[9.665s] INFO:colcon.colcon_core.shell:Creating package script '/home/jack/ASUIEEE25/justbaked/install/tempsens/share/tempsens/package.zsh'
[9.666s] Level 1:colcon.colcon_core.environment:create_file_with_runtime_dependencies(/home/jack/ASUIEEE25/justbaked/install/tempsens/share/colcon-core/packages/tempsens)
[13.166s] DEBUG:colcon.colcon_core.event_handler.log_command:Invoked command in '/home/jack/ASUIEEE25/justbaked/build/ros_gz_sim' returned '0': CMAKE_PREFIX_PATH=${CMAKE_PREFIX_PATH}:/opt/ros/jazzy DEBUGINFOD_URLS=https://debuginfod.ubuntu.com /usr/bin/cmake --build /home/jack/ASUIEEE25/justbaked/build/ros_gz_sim -- -j4 -l4
[13.290s] DEBUG:colcon.colcon_core.event_handler.log_command:Invoking command in '/home/jack/ASUIEEE25/justbaked/build/ros_gz_sim': CMAKE_PREFIX_PATH=${CMAKE_PREFIX_PATH}:/opt/ros/jazzy DEBUGINFOD_URLS=https://debuginfod.ubuntu.com /usr/bin/cmake --install /home/jack/ASUIEEE25/justbaked/build/ros_gz_sim
[13.782s] Level 1:colcon.colcon_core.environment:create_environment_scripts_only(ros_gz_sim)
[13.782s] Level 1:colcon.colcon_core.environment:checking '/home/jack/ASUIEEE25/justbaked/install/ros_gz_sim' for CMake module files
[13.783s] DEBUG:colcon.colcon_core.event_handler.log_command:Invoked command in '/home/jack/ASUIEEE25/justbaked/build/ros_gz_sim' returned '0': CMAKE_PREFIX_PATH=${CMAKE_PREFIX_PATH}:/opt/ros/jazzy DEBUGINFOD_URLS=https://debuginfod.ubuntu.com /usr/bin/cmake --install /home/jack/ASUIEEE25/justbaked/build/ros_gz_sim
[13.784s] Level 1:colcon.colcon_core.environment:checking '/home/jack/ASUIEEE25/justbaked/install/ros_gz_sim' for CMake config files
[13.787s] Level 1:colcon.colcon_core.shell:create_environment_hook('ros_gz_sim', 'cmake_prefix_path')
[13.787s] INFO:colcon.colcon_core.shell:Creating environment hook '/home/jack/ASUIEEE25/justbaked/install/ros_gz_sim/share/ros_gz_sim/hook/cmake_prefix_path.ps1'
[13.788s] INFO:colcon.colcon_core.shell:Creating environment descriptor '/home/jack/ASUIEEE25/justbaked/install/ros_gz_sim/share/ros_gz_sim/hook/cmake_prefix_path.dsv'
[13.789s] INFO:colcon.colcon_core.shell:Creating environment hook '/home/jack/ASUIEEE25/justbaked/install/ros_gz_sim/share/ros_gz_sim/hook/cmake_prefix_path.sh'
[13.789s] Level 1:colcon.colcon_core.environment:checking '/home/jack/ASUIEEE25/justbaked/install/ros_gz_sim/lib'
[13.790s] Level 1:colcon.colcon_core.shell:create_environment_hook('ros_gz_sim', 'ld_library_path_lib')
[13.790s] INFO:colcon.colcon_core.shell:Creating environment hook '/home/jack/ASUIEEE25/justbaked/install/ros_gz_sim/share/ros_gz_sim/hook/ld_library_path_lib.ps1'
[13.791s] INFO:colcon.colcon_core.shell:Creating environment descriptor '/home/jack/ASUIEEE25/justbaked/install/ros_gz_sim/share/ros_gz_sim/hook/ld_library_path_lib.dsv'
[13.791s] INFO:colcon.colcon_core.shell:Creating environment hook '/home/jack/ASUIEEE25/justbaked/install/ros_gz_sim/share/ros_gz_sim/hook/ld_library_path_lib.sh'
[13.792s] Level 1:colcon.colcon_core.environment:checking '/home/jack/ASUIEEE25/justbaked/install/ros_gz_sim/bin'
[13.792s] Level 1:colcon.colcon_core.environment:checking '/home/jack/ASUIEEE25/justbaked/install/ros_gz_sim/lib/pkgconfig/ros_gz_sim.pc'
[13.793s] Level 1:colcon.colcon_core.environment:checking '/home/jack/ASUIEEE25/justbaked/install/ros_gz_sim/lib/python3.12/site-packages'
[13.793s] Level 1:colcon.colcon_core.shell:create_environment_hook('ros_gz_sim', 'pythonpath')
[13.794s] INFO:colcon.colcon_core.shell:Creating environment hook '/home/jack/ASUIEEE25/justbaked/install/ros_gz_sim/share/ros_gz_sim/hook/pythonpath.ps1'
[13.795s] INFO:colcon.colcon_core.shell:Creating environment descriptor '/home/jack/ASUIEEE25/justbaked/install/ros_gz_sim/share/ros_gz_sim/hook/pythonpath.dsv'
[13.796s] INFO:colcon.colcon_core.shell:Creating environment hook '/home/jack/ASUIEEE25/justbaked/install/ros_gz_sim/share/ros_gz_sim/hook/pythonpath.sh'
[13.797s] Level 1:colcon.colcon_core.environment:checking '/home/jack/ASUIEEE25/justbaked/install/ros_gz_sim/bin'
[13.797s] INFO:colcon.colcon_core.shell:Creating package script '/home/jack/ASUIEEE25/justbaked/install/ros_gz_sim/share/ros_gz_sim/package.ps1'
[13.798s] INFO:colcon.colcon_core.shell:Creating package descriptor '/home/jack/ASUIEEE25/justbaked/install/ros_gz_sim/share/ros_gz_sim/package.dsv'
[13.799s] INFO:colcon.colcon_core.shell:Creating package script '/home/jack/ASUIEEE25/justbaked/install/ros_gz_sim/share/ros_gz_sim/package.sh'
[13.800s] INFO:colcon.colcon_core.shell:Creating package script '/home/jack/ASUIEEE25/justbaked/install/ros_gz_sim/share/ros_gz_sim/package.bash'
[13.800s] INFO:colcon.colcon_core.shell:Creating package script '/home/jack/ASUIEEE25/justbaked/install/ros_gz_sim/share/ros_gz_sim/package.zsh'
[13.801s] Level 1:colcon.colcon_core.environment:create_file_with_runtime_dependencies(/home/jack/ASUIEEE25/justbaked/install/ros_gz_sim/share/colcon-core/packages/ros_gz_sim)
[13.802s] Level 1:colcon.colcon_core.environment:create_environment_scripts_only(ros_gz_sim)
[13.802s] Level 1:colcon.colcon_core.environment:checking '/home/jack/ASUIEEE25/justbaked/install/ros_gz_sim' for CMake module files
[13.804s] Level 1:colcon.colcon_core.environment:checking '/home/jack/ASUIEEE25/justbaked/install/ros_gz_sim' for CMake config files
[13.804s] Level 1:colcon.colcon_core.shell:create_environment_hook('ros_gz_sim', 'cmake_prefix_path')
[13.804s] INFO:colcon.colcon_core.shell:Creating environment hook '/home/jack/ASUIEEE25/justbaked/install/ros_gz_sim/share/ros_gz_sim/hook/cmake_prefix_path.ps1'
[13.805s] INFO:colcon.colcon_core.shell:Creating environment descriptor '/home/jack/ASUIEEE25/justbaked/install/ros_gz_sim/share/ros_gz_sim/hook/cmake_prefix_path.dsv'
[13.806s] INFO:colcon.colcon_core.shell:Creating environment hook '/home/jack/ASUIEEE25/justbaked/install/ros_gz_sim/share/ros_gz_sim/hook/cmake_prefix_path.sh'
[13.807s] Level 1:colcon.colcon_core.environment:checking '/home/jack/ASUIEEE25/justbaked/install/ros_gz_sim/lib'
[13.807s] Level 1:colcon.colcon_core.shell:create_environment_hook('ros_gz_sim', 'ld_library_path_lib')
[13.808s] INFO:colcon.colcon_core.shell:Creating environment hook '/home/jack/ASUIEEE25/justbaked/install/ros_gz_sim/share/ros_gz_sim/hook/ld_library_path_lib.ps1'
[13.808s] INFO:colcon.colcon_core.shell:Creating environment descriptor '/home/jack/ASUIEEE25/justbaked/install/ros_gz_sim/share/ros_gz_sim/hook/ld_library_path_lib.dsv'
[13.809s] INFO:colcon.colcon_core.shell:Creating environment hook '/home/jack/ASUIEEE25/justbaked/install/ros_gz_sim/share/ros_gz_sim/hook/ld_library_path_lib.sh'
[13.810s] Level 1:colcon.colcon_core.environment:checking '/home/jack/ASUIEEE25/justbaked/install/ros_gz_sim/bin'
[13.810s] Level 1:colcon.colcon_core.environment:checking '/home/jack/ASUIEEE25/justbaked/install/ros_gz_sim/lib/pkgconfig/ros_gz_sim.pc'
[13.810s] Level 1:colcon.colcon_core.environment:checking '/home/jack/ASUIEEE25/justbaked/install/ros_gz_sim/lib/python3.12/site-packages'
[13.811s] Level 1:colcon.colcon_core.shell:create_environment_hook('ros_gz_sim', 'pythonpath')
[13.811s] INFO:colcon.colcon_core.shell:Creating environment hook '/home/jack/ASUIEEE25/justbaked/install/ros_gz_sim/share/ros_gz_sim/hook/pythonpath.ps1'
[13.812s] INFO:colcon.colcon_core.shell:Creating environment descriptor '/home/jack/ASUIEEE25/justbaked/install/ros_gz_sim/share/ros_gz_sim/hook/pythonpath.dsv'
[13.812s] INFO:colcon.colcon_core.shell:Creating environment hook '/home/jack/ASUIEEE25/justbaked/install/ros_gz_sim/share/ros_gz_sim/hook/pythonpath.sh'
[13.813s] Level 1:colcon.colcon_core.environment:checking '/home/jack/ASUIEEE25/justbaked/install/ros_gz_sim/bin'
[13.814s] INFO:colcon.colcon_core.shell:Creating package script '/home/jack/ASUIEEE25/justbaked/install/ros_gz_sim/share/ros_gz_sim/package.ps1'
[13.814s] INFO:colcon.colcon_core.shell:Creating package descriptor '/home/jack/ASUIEEE25/justbaked/install/ros_gz_sim/share/ros_gz_sim/package.dsv'
[13.815s] INFO:colcon.colcon_core.shell:Creating package script '/home/jack/ASUIEEE25/justbaked/install/ros_gz_sim/share/ros_gz_sim/package.sh'
[13.816s] INFO:colcon.colcon_core.shell:Creating package script '/home/jack/ASUIEEE25/justbaked/install/ros_gz_sim/share/ros_gz_sim/package.bash'
[13.817s] INFO:colcon.colcon_core.shell:Creating package script '/home/jack/ASUIEEE25/justbaked/install/ros_gz_sim/share/ros_gz_sim/package.zsh'
[13.817s] Level 1:colcon.colcon_core.environment:create_file_with_runtime_dependencies(/home/jack/ASUIEEE25/justbaked/install/ros_gz_sim/share/colcon-core/packages/ros_gz_sim)
[14.018s] DEBUG:colcon.colcon_core.event_handler.log_command:Invoked command in '/home/jack/ASUIEEE25/justbaked/build/ros_gz_interfaces' returned '0': CMAKE_PREFIX_PATH=${CMAKE_PREFIX_PATH}:/opt/ros/jazzy DEBUGINFOD_URLS=https://debuginfod.ubuntu.com /usr/bin/cmake --build /home/jack/ASUIEEE25/justbaked/build/ros_gz_interfaces -- -j4 -l4
[14.078s] DEBUG:colcon.colcon_core.event_handler.log_command:Invoking command in '/home/jack/ASUIEEE25/justbaked/build/ros_gz_interfaces': CMAKE_PREFIX_PATH=${CMAKE_PREFIX_PATH}:/opt/ros/jazzy DEBUGINFOD_URLS=https://debuginfod.ubuntu.com /usr/bin/cmake --install /home/jack/ASUIEEE25/justbaked/build/ros_gz_interfaces
[14.607s] Level 1:colcon.colcon_core.environment:create_environment_scripts_only(ros_gz_interfaces)
[14.607s] Level 1:colcon.colcon_core.environment:checking '/home/jack/ASUIEEE25/justbaked/install/ros_gz_interfaces' for CMake module files
[14.608s] DEBUG:colcon.colcon_core.event_handler.log_command:Invoked command in '/home/jack/ASUIEEE25/justbaked/build/ros_gz_interfaces' returned '0': CMAKE_PREFIX_PATH=${CMAKE_PREFIX_PATH}:/opt/ros/jazzy DEBUGINFOD_URLS=https://debuginfod.ubuntu.com /usr/bin/cmake --install /home/jack/ASUIEEE25/justbaked/build/ros_gz_interfaces
[14.609s] Level 1:colcon.colcon_core.environment:checking '/home/jack/ASUIEEE25/justbaked/install/ros_gz_interfaces' for CMake config files
[14.612s] Level 1:colcon.colcon_core.shell:create_environment_hook('ros_gz_interfaces', 'cmake_prefix_path')
[14.612s] INFO:colcon.colcon_core.shell:Creating environment hook '/home/jack/ASUIEEE25/justbaked/install/ros_gz_interfaces/share/ros_gz_interfaces/hook/cmake_prefix_path.ps1'
[14.613s] INFO:colcon.colcon_core.shell:Creating environment descriptor '/home/jack/ASUIEEE25/justbaked/install/ros_gz_interfaces/share/ros_gz_interfaces/hook/cmake_prefix_path.dsv'
[14.613s] INFO:colcon.colcon_core.shell:Creating environment hook '/home/jack/ASUIEEE25/justbaked/install/ros_gz_interfaces/share/ros_gz_interfaces/hook/cmake_prefix_path.sh'
[14.614s] Level 1:colcon.colcon_core.environment:checking '/home/jack/ASUIEEE25/justbaked/install/ros_gz_interfaces/lib'
[14.614s] Level 1:colcon.colcon_core.shell:create_environment_hook('ros_gz_interfaces', 'ld_library_path_lib')
[14.614s] INFO:colcon.colcon_core.shell:Creating environment hook '/home/jack/ASUIEEE25/justbaked/install/ros_gz_interfaces/share/ros_gz_interfaces/hook/ld_library_path_lib.ps1'
[14.615s] INFO:colcon.colcon_core.shell:Creating environment descriptor '/home/jack/ASUIEEE25/justbaked/install/ros_gz_interfaces/share/ros_gz_interfaces/hook/ld_library_path_lib.dsv'
[14.616s] INFO:colcon.colcon_core.shell:Creating environment hook '/home/jack/ASUIEEE25/justbaked/install/ros_gz_interfaces/share/ros_gz_interfaces/hook/ld_library_path_lib.sh'
[14.616s] Level 1:colcon.colcon_core.environment:checking '/home/jack/ASUIEEE25/justbaked/install/ros_gz_interfaces/bin'
[14.616s] Level 1:colcon.colcon_core.environment:checking '/home/jack/ASUIEEE25/justbaked/install/ros_gz_interfaces/lib/pkgconfig/ros_gz_interfaces.pc'
[14.617s] Level 1:colcon.colcon_core.environment:checking '/home/jack/ASUIEEE25/justbaked/install/ros_gz_interfaces/lib/python3.12/site-packages'
[14.617s] Level 1:colcon.colcon_core.shell:create_environment_hook('ros_gz_interfaces', 'pythonpath')
[14.617s] INFO:colcon.colcon_core.shell:Creating environment hook '/home/jack/ASUIEEE25/justbaked/install/ros_gz_interfaces/share/ros_gz_interfaces/hook/pythonpath.ps1'
[14.618s] INFO:colcon.colcon_core.shell:Creating environment descriptor '/home/jack/ASUIEEE25/justbaked/install/ros_gz_interfaces/share/ros_gz_interfaces/hook/pythonpath.dsv'
[14.618s] INFO:colcon.colcon_core.shell:Creating environment hook '/home/jack/ASUIEEE25/justbaked/install/ros_gz_interfaces/share/ros_gz_interfaces/hook/pythonpath.sh'
[14.619s] Level 1:colcon.colcon_core.environment:checking '/home/jack/ASUIEEE25/justbaked/install/ros_gz_interfaces/bin'
[14.620s] INFO:colcon.colcon_core.shell:Creating package script '/home/jack/ASUIEEE25/justbaked/install/ros_gz_interfaces/share/ros_gz_interfaces/package.ps1'
[14.621s] INFO:colcon.colcon_core.shell:Creating package descriptor '/home/jack/ASUIEEE25/justbaked/install/ros_gz_interfaces/share/ros_gz_interfaces/package.dsv'
[14.621s] INFO:colcon.colcon_core.shell:Creating package script '/home/jack/ASUIEEE25/justbaked/install/ros_gz_interfaces/share/ros_gz_interfaces/package.sh'
[14.622s] INFO:colcon.colcon_core.shell:Creating package script '/home/jack/ASUIEEE25/justbaked/install/ros_gz_interfaces/share/ros_gz_interfaces/package.bash'
[14.623s] INFO:colcon.colcon_core.shell:Creating package script '/home/jack/ASUIEEE25/justbaked/install/ros_gz_interfaces/share/ros_gz_interfaces/package.zsh'
[14.624s] Level 1:colcon.colcon_core.environment:create_file_with_runtime_dependencies(/home/jack/ASUIEEE25/justbaked/install/ros_gz_interfaces/share/colcon-core/packages/ros_gz_interfaces)
[14.624s] Level 1:colcon.colcon_core.environment:create_environment_scripts_only(ros_gz_interfaces)
[14.625s] Level 1:colcon.colcon_core.environment:checking '/home/jack/ASUIEEE25/justbaked/install/ros_gz_interfaces' for CMake module files
[14.626s] Level 1:colcon.colcon_core.environment:checking '/home/jack/ASUIEEE25/justbaked/install/ros_gz_interfaces' for CMake config files
[14.626s] Level 1:colcon.colcon_core.shell:create_environment_hook('ros_gz_interfaces', 'cmake_prefix_path')
[14.627s] INFO:colcon.colcon_core.shell:Creating environment hook '/home/jack/ASUIEEE25/justbaked/install/ros_gz_interfaces/share/ros_gz_interfaces/hook/cmake_prefix_path.ps1'
[14.627s] INFO:colcon.colcon_core.shell:Creating environment descriptor '/home/jack/ASUIEEE25/justbaked/install/ros_gz_interfaces/share/ros_gz_interfaces/hook/cmake_prefix_path.dsv'
[14.628s] INFO:colcon.colcon_core.shell:Creating environment hook '/home/jack/ASUIEEE25/justbaked/install/ros_gz_interfaces/share/ros_gz_interfaces/hook/cmake_prefix_path.sh'
[14.629s] Level 1:colcon.colcon_core.environment:checking '/home/jack/ASUIEEE25/justbaked/install/ros_gz_interfaces/lib'
[14.629s] Level 1:colcon.colcon_core.shell:create_environment_hook('ros_gz_interfaces', 'ld_library_path_lib')
[14.629s] INFO:colcon.colcon_core.shell:Creating environment hook '/home/jack/ASUIEEE25/justbaked/install/ros_gz_interfaces/share/ros_gz_interfaces/hook/ld_library_path_lib.ps1'
[14.630s] INFO:colcon.colcon_core.shell:Creating environment descriptor '/home/jack/ASUIEEE25/justbaked/install/ros_gz_interfaces/share/ros_gz_interfaces/hook/ld_library_path_lib.dsv'
[14.630s] INFO:colcon.colcon_core.shell:Creating environment hook '/home/jack/ASUIEEE25/justbaked/install/ros_gz_interfaces/share/ros_gz_interfaces/hook/ld_library_path_lib.sh'
[14.631s] Level 1:colcon.colcon_core.environment:checking '/home/jack/ASUIEEE25/justbaked/install/ros_gz_interfaces/bin'
[14.631s] Level 1:colcon.colcon_core.environment:checking '/home/jack/ASUIEEE25/justbaked/install/ros_gz_interfaces/lib/pkgconfig/ros_gz_interfaces.pc'
[14.632s] Level 1:colcon.colcon_core.environment:checking '/home/jack/ASUIEEE25/justbaked/install/ros_gz_interfaces/lib/python3.12/site-packages'
[14.632s] Level 1:colcon.colcon_core.shell:create_environment_hook('ros_gz_interfaces', 'pythonpath')
[14.632s] INFO:colcon.colcon_core.shell:Creating environment hook '/home/jack/ASUIEEE25/justbaked/install/ros_gz_interfaces/share/ros_gz_interfaces/hook/pythonpath.ps1'
[14.633s] INFO:colcon.colcon_core.shell:Creating environment descriptor '/home/jack/ASUIEEE25/justbaked/install/ros_gz_interfaces/share/ros_gz_interfaces/hook/pythonpath.dsv'
[14.633s] INFO:colcon.colcon_core.shell:Creating environment hook '/home/jack/ASUIEEE25/justbaked/install/ros_gz_interfaces/share/ros_gz_interfaces/hook/pythonpath.sh'
[14.634s] Level 1:colcon.colcon_core.environment:checking '/home/jack/ASUIEEE25/justbaked/install/ros_gz_interfaces/bin'
[14.635s] INFO:colcon.colcon_core.shell:Creating package script '/home/jack/ASUIEEE25/justbaked/install/ros_gz_interfaces/share/ros_gz_interfaces/package.ps1'
[14.635s] INFO:colcon.colcon_core.shell:Creating package descriptor '/home/jack/ASUIEEE25/justbaked/install/ros_gz_interfaces/share/ros_gz_interfaces/package.dsv'
[14.636s] INFO:colcon.colcon_core.shell:Creating package script '/home/jack/ASUIEEE25/justbaked/install/ros_gz_interfaces/share/ros_gz_interfaces/package.sh'
[14.637s] INFO:colcon.colcon_core.shell:Creating package script '/home/jack/ASUIEEE25/justbaked/install/ros_gz_interfaces/share/ros_gz_interfaces/package.bash'
[14.638s] INFO:colcon.colcon_core.shell:Creating package script '/home/jack/ASUIEEE25/justbaked/install/ros_gz_interfaces/share/ros_gz_interfaces/package.zsh'
[14.638s] Level 1:colcon.colcon_core.environment:create_file_with_runtime_dependencies(/home/jack/ASUIEEE25/justbaked/install/ros_gz_interfaces/share/colcon-core/packages/ros_gz_interfaces)
[14.639s] INFO:colcon.colcon_ros.task.ament_cmake.build:Building ROS package in '/home/jack/ASUIEEE25/justbaked/src/ros_gz/ros_gz_bridge' with build type 'ament_cmake'
[14.639s] INFO:colcon.colcon_cmake.task.cmake.build:Building CMake package in '/home/jack/ASUIEEE25/justbaked/src/ros_gz/ros_gz_bridge'
[14.640s] INFO:colcon.colcon_core.shell:Skip shell extension 'powershell' for command environment: Not usable outside of PowerShell
[14.640s] DEBUG:colcon.colcon_core.shell:Skip shell extension 'dsv' for command environment
[14.726s] DEBUG:colcon.colcon_core.event_handler.log_command:Invoking command in '/home/jack/ASUIEEE25/justbaked/build/ros_gz_bridge': AMENT_PREFIX_PATH=/home/jack/ASUIEEE25/justbaked/install/ros_gz_interfaces:${AMENT_PREFIX_PATH} CMAKE_PREFIX_PATH=/home/jack/ASUIEEE25/justbaked/install/ros_gz_interfaces:/opt/ros/jazzy/opt/gz_sim_vendor:/opt/ros/jazzy/opt/gz_sensors_vendor:/opt/ros/jazzy/opt/gz_physics_vendor:/opt/ros/jazzy/opt/sdformat_vendor:/opt/ros/jazzy/opt/gz_gui_vendor:/opt/ros/jazzy/opt/gz_transport_vendor:/opt/ros/jazzy/opt/gz_rendering_vendor:/opt/ros/jazzy/opt/gz_plugin_vendor:/opt/ros/jazzy/opt/gz_fuel_tools_vendor:/opt/ros/jazzy/opt/gz_msgs_vendor:/opt/ros/jazzy/opt/gz_common_vendor:/opt/ros/jazzy/opt/gz_math_vendor:/opt/ros/jazzy/opt/gz_utils_vendor:/opt/ros/jazzy/opt/gz_tools_vendor:/opt/ros/jazzy/opt/gz_ogre_next_vendor:/opt/ros/jazzy/opt/gz_dartsim_vendor:/opt/ros/jazzy/opt/gz_cmake_vendor:/opt/ros/jazzy DEBUGINFOD_URLS=https://debuginfod.ubuntu.com LD_LIBRARY_PATH=/home/jack/ASUIEEE25/justbaked/install/ros_gz_interfaces/lib:${LD_LIBRARY_PATH} PYTHONPATH=/home/jack/ASUIEEE25/justbaked/install/ros_gz_interfaces/lib/python3.12/site-packages:${PYTHONPATH} /usr/bin/cmake --build /home/jack/ASUIEEE25/justbaked/build/ros_gz_bridge -- -j4 -l4
