[1.026s] DEBUG:colcon:Command line arguments: ['/usr/bin/colcon', 'build']
[1.027s] DEBUG:colcon:Parsed command line arguments: Namespace(log_base=None, log_level=None, verb_name='build', build_base='build', install_base='install', merge_install=False, symlink_install=False, test_result_base=None, continue_on_error=False, executor='parallel', parallel_workers=8, event_handlers=None, ignore_user_meta=False, metas=['./colcon.meta'], base_paths=['.'], packages_ignore=None, packages_ignore_regex=None, paths=None, packages_up_to=None, packages_up_to_regex=None, packages_above=None, packages_above_and_dependencies=None, packages_above_depth=None, packages_select_by_dep=None, packages_skip_by_dep=None, packages_skip_up_to=None, packages_select_build_failed=False, packages_skip_build_finished=False, packages_select_test_failures=False, packages_skip_test_passed=False, packages_select=None, packages_skip=None, packages_select_regex=None, packages_skip_regex=None, packages_start=None, packages_end=None, allow_overriding=[], cmake_args=None, cmake_target=None, cmake_target_skip_unavailable=False, cmake_clean_cache=False, cmake_clean_first=False, cmake_force_configure=False, ament_cmake_args=None, catkin_cmake_args=None, catkin_skip_building_tests=False, mixin_files=None, mixin=None, verb_parser=<colcon_mixin.mixin.mixin_argument.MixinArgumentDecorator object at 0x739dc7b838c0>, verb_extension=<colcon_core.verb.build.BuildVerb object at 0x739dc7b83140>, main=<bound method BuildVerb.main of <colcon_core.verb.build.BuildVerb object at 0x739dc7b83140>>, mixin_verb=('build',))
[1.086s] Level 1:colcon.colcon_core.package_discovery:discover_packages(colcon_meta) check parameters
[1.086s] Level 1:colcon.colcon_core.package_discovery:discover_packages(recursive) check parameters
[1.086s] Level 1:colcon.colcon_core.package_discovery:discover_packages(ignore) check parameters
[1.086s] Level 1:colcon.colcon_core.package_discovery:discover_packages(path) check parameters
[1.086s] Level 1:colcon.colcon_core.package_discovery:discover_packages(colcon_meta) discover
[1.086s] Level 1:colcon.colcon_core.package_discovery:discover_packages(recursive) discover
[1.086s] INFO:colcon.colcon_core.package_discovery:Crawling recursively for packages in '/home/lsw155linuxbox/justbaked/justbaked'
[1.086s] Level 1:colcon.colcon_core.package_identification:_identify(.) by extensions ['ignore', 'ignore_ament_install']
[1.086s] Level 1:colcon.colcon_core.package_identification:_identify(.) by extension 'ignore'
[1.086s] Level 1:colcon.colcon_core.package_identification:_identify(.) by extension 'ignore_ament_install'
[1.087s] Level 1:colcon.colcon_core.package_identification:_identify(.) by extensions ['colcon_pkg']
[1.087s] Level 1:colcon.colcon_core.package_identification:_identify(.) by extension 'colcon_pkg'
[1.087s] Level 1:colcon.colcon_core.package_identification:_identify(.) by extensions ['colcon_meta']
[1.087s] Level 1:colcon.colcon_core.package_identification:_identify(.) by extension 'colcon_meta'
[1.087s] Level 1:colcon.colcon_core.package_identification:_identify(.) by extensions ['ros']
[1.087s] Level 1:colcon.colcon_core.package_identification:_identify(.) by extension 'ros'
[1.180s] Level 1:colcon.colcon_core.package_identification:_identify(.) by extensions ['cmake', 'python']
[1.180s] Level 1:colcon.colcon_core.package_identification:_identify(.) by extension 'cmake'
[1.180s] Level 1:colcon.colcon_core.package_identification:_identify(.) by extension 'python'
[1.181s] Level 1:colcon.colcon_core.package_identification:_identify(.) by extensions ['python_setup_py']
[1.181s] Level 1:colcon.colcon_core.package_identification:_identify(.) by extension 'python_setup_py'
[1.181s] Level 1:colcon.colcon_core.package_identification:_identify(build) by extensions ['ignore', 'ignore_ament_install']
[1.181s] Level 1:colcon.colcon_core.package_identification:_identify(build) by extension 'ignore'
[1.181s] Level 1:colcon.colcon_core.package_identification:_identify(build) ignored
[1.181s] Level 1:colcon.colcon_core.package_identification:_identify(install) by extensions ['ignore', 'ignore_ament_install']
[1.182s] Level 1:colcon.colcon_core.package_identification:_identify(install) by extension 'ignore'
[1.182s] Level 1:colcon.colcon_core.package_identification:_identify(install) ignored
[1.182s] Level 1:colcon.colcon_core.package_identification:_identify(log) by extensions ['ignore', 'ignore_ament_install']
[1.182s] Level 1:colcon.colcon_core.package_identification:_identify(log) by extension 'ignore'
[1.182s] Level 1:colcon.colcon_core.package_identification:_identify(log) ignored
[1.182s] Level 1:colcon.colcon_core.package_identification:_identify(src) by extensions ['ignore', 'ignore_ament_install']
[1.182s] Level 1:colcon.colcon_core.package_identification:_identify(src) by extension 'ignore'
[1.183s] Level 1:colcon.colcon_core.package_identification:_identify(src) by extension 'ignore_ament_install'
[1.183s] Level 1:colcon.colcon_core.package_identification:_identify(src) by extensions ['colcon_pkg']
[1.183s] Level 1:colcon.colcon_core.package_identification:_identify(src) by extension 'colcon_pkg'
[1.183s] Level 1:colcon.colcon_core.package_identification:_identify(src) by extensions ['colcon_meta']
[1.183s] Level 1:colcon.colcon_core.package_identification:_identify(src) by extension 'colcon_meta'
[1.183s] Level 1:colcon.colcon_core.package_identification:_identify(src) by extensions ['ros']
[1.183s] Level 1:colcon.colcon_core.package_identification:_identify(src) by extension 'ros'
[1.183s] Level 1:colcon.colcon_core.package_identification:_identify(src) by extensions ['cmake', 'python']
[1.183s] Level 1:colcon.colcon_core.package_identification:_identify(src) by extension 'cmake'
[1.183s] Level 1:colcon.colcon_core.package_identification:_identify(src) by extension 'python'
[1.183s] Level 1:colcon.colcon_core.package_identification:_identify(src) by extensions ['python_setup_py']
[1.183s] Level 1:colcon.colcon_core.package_identification:_identify(src) by extension 'python_setup_py'
[1.184s] Level 1:colcon.colcon_core.package_identification:_identify(src/gazebo) by extensions ['ignore', 'ignore_ament_install']
[1.184s] Level 1:colcon.colcon_core.package_identification:_identify(src/gazebo) by extension 'ignore'
[1.184s] Level 1:colcon.colcon_core.package_identification:_identify(src/gazebo) by extension 'ignore_ament_install'
[1.184s] Level 1:colcon.colcon_core.package_identification:_identify(src/gazebo) by extensions ['colcon_pkg']
[1.184s] Level 1:colcon.colcon_core.package_identification:_identify(src/gazebo) by extension 'colcon_pkg'
[1.184s] Level 1:colcon.colcon_core.package_identification:_identify(src/gazebo) by extensions ['colcon_meta']
[1.184s] Level 1:colcon.colcon_core.package_identification:_identify(src/gazebo) by extension 'colcon_meta'
[1.184s] Level 1:colcon.colcon_core.package_identification:_identify(src/gazebo) by extensions ['ros']
[1.184s] Level 1:colcon.colcon_core.package_identification:_identify(src/gazebo) by extension 'ros'
[1.188s] DEBUG:colcon.colcon_core.package_identification:Package 'src/gazebo' with type 'ros.ament_cmake' and name 'gazebo'
[1.188s] Level 1:colcon.colcon_core.package_identification:_identify(src/robdesc) by extensions ['ignore', 'ignore_ament_install']
[1.189s] Level 1:colcon.colcon_core.package_identification:_identify(src/robdesc) by extension 'ignore'
[1.189s] Level 1:colcon.colcon_core.package_identification:_identify(src/robdesc) by extension 'ignore_ament_install'
[1.189s] Level 1:colcon.colcon_core.package_identification:_identify(src/robdesc) by extensions ['colcon_pkg']
[1.189s] Level 1:colcon.colcon_core.package_identification:_identify(src/robdesc) by extension 'colcon_pkg'
[1.189s] Level 1:colcon.colcon_core.package_identification:_identify(src/robdesc) by extensions ['colcon_meta']
[1.189s] Level 1:colcon.colcon_core.package_identification:_identify(src/robdesc) by extension 'colcon_meta'
[1.189s] Level 1:colcon.colcon_core.package_identification:_identify(src/robdesc) by extensions ['ros']
[1.189s] Level 1:colcon.colcon_core.package_identification:_identify(src/robdesc) by extension 'ros'
[1.190s] DEBUG:colcon.colcon_core.package_identification:Package 'src/robdesc' with type 'ros.ament_cmake' and name 'robdesc'
[1.190s] Level 1:colcon.colcon_core.package_identification:_identify(src/tempsens) by extensions ['ignore', 'ignore_ament_install']
[1.190s] Level 1:colcon.colcon_core.package_identification:_identify(src/tempsens) by extension 'ignore'
[1.190s] Level 1:colcon.colcon_core.package_identification:_identify(src/tempsens) by extension 'ignore_ament_install'
[1.191s] Level 1:colcon.colcon_core.package_identification:_identify(src/tempsens) by extensions ['colcon_pkg']
[1.191s] Level 1:colcon.colcon_core.package_identification:_identify(src/tempsens) by extension 'colcon_pkg'
[1.191s] Level 1:colcon.colcon_core.package_identification:_identify(src/tempsens) by extensions ['colcon_meta']
[1.191s] Level 1:colcon.colcon_core.package_identification:_identify(src/tempsens) by extension 'colcon_meta'
[1.191s] Level 1:colcon.colcon_core.package_identification:_identify(src/tempsens) by extensions ['ros']
[1.191s] Level 1:colcon.colcon_core.package_identification:_identify(src/tempsens) by extension 'ros'
[1.213s] DEBUG:colcon.colcon_core.package_identification:Package 'src/tempsens' with type 'ros.ament_cmake' and name 'tempsens'
[1.213s] Level 1:colcon.colcon_core.package_discovery:discover_packages(recursive) using defaults
[1.213s] Level 1:colcon.colcon_core.package_discovery:discover_packages(ignore) discover
[1.214s] Level 1:colcon.colcon_core.package_discovery:discover_packages(ignore) using defaults
[1.214s] Level 1:colcon.colcon_core.package_discovery:discover_packages(path) discover
[1.214s] Level 1:colcon.colcon_core.package_discovery:discover_packages(path) using defaults
[1.242s] Level 1:colcon.colcon_core.package_discovery:discover_packages(prefix_path) check parameters
[1.242s] Level 1:colcon.colcon_core.package_discovery:discover_packages(prefix_path) discover
[1.304s] DEBUG:colcon.colcon_installed_package_information.package_discovery:Found 3 installed packages in /home/lsw155linuxbox/justbaked/justbaked/install
[1.343s] DEBUG:colcon.colcon_installed_package_information.package_discovery:Found 413 installed packages in /opt/ros/jazzy
[1.348s] Level 1:colcon.colcon_core.package_discovery:discover_packages(prefix_path) using defaults
[6.088s] Level 5:colcon.colcon_core.verb:set package 'gazebo' build argument 'cmake_args' from command line to 'None'
[6.088s] Level 5:colcon.colcon_core.verb:set package 'gazebo' build argument 'cmake_target' from command line to 'None'
[6.088s] Level 5:colcon.colcon_core.verb:set package 'gazebo' build argument 'cmake_target_skip_unavailable' from command line to 'False'
[6.088s] Level 5:colcon.colcon_core.verb:set package 'gazebo' build argument 'cmake_clean_cache' from command line to 'False'
[6.088s] Level 5:colcon.colcon_core.verb:set package 'gazebo' build argument 'cmake_clean_first' from command line to 'False'
[6.088s] Level 5:colcon.colcon_core.verb:set package 'gazebo' build argument 'cmake_force_configure' from command line to 'False'
[6.088s] Level 5:colcon.colcon_core.verb:set package 'gazebo' build argument 'ament_cmake_args' from command line to 'None'
[6.088s] Level 5:colcon.colcon_core.verb:set package 'gazebo' build argument 'catkin_cmake_args' from command line to 'None'
[6.089s] Level 5:colcon.colcon_core.verb:set package 'gazebo' build argument 'catkin_skip_building_tests' from command line to 'False'
[6.089s] DEBUG:colcon.colcon_core.verb:Building package 'gazebo' with the following arguments: {'ament_cmake_args': None, 'build_base': '/home/lsw155linuxbox/justbaked/justbaked/build/gazebo', 'catkin_cmake_args': None, 'catkin_skip_building_tests': False, 'cmake_args': None, 'cmake_clean_cache': False, 'cmake_clean_first': False, 'cmake_force_configure': False, 'cmake_target': None, 'cmake_target_skip_unavailable': False, 'install_base': '/home/lsw155linuxbox/justbaked/justbaked/install/gazebo', 'merge_install': False, 'path': '/home/lsw155linuxbox/justbaked/justbaked/src/gazebo', 'symlink_install': False, 'test_result_base': None}
[6.089s] Level 5:colcon.colcon_core.verb:set package 'robdesc' build argument 'cmake_args' from command line to 'None'
[6.089s] Level 5:colcon.colcon_core.verb:set package 'robdesc' build argument 'cmake_target' from command line to 'None'
[6.089s] Level 5:colcon.colcon_core.verb:set package 'robdesc' build argument 'cmake_target_skip_unavailable' from command line to 'False'
[6.089s] Level 5:colcon.colcon_core.verb:set package 'robdesc' build argument 'cmake_clean_cache' from command line to 'False'
[6.089s] Level 5:colcon.colcon_core.verb:set package 'robdesc' build argument 'cmake_clean_first' from command line to 'False'
[6.089s] Level 5:colcon.colcon_core.verb:set package 'robdesc' build argument 'cmake_force_configure' from command line to 'False'
[6.089s] Level 5:colcon.colcon_core.verb:set package 'robdesc' build argument 'ament_cmake_args' from command line to 'None'
[6.089s] Level 5:colcon.colcon_core.verb:set package 'robdesc' build argument 'catkin_cmake_args' from command line to 'None'
[6.089s] Level 5:colcon.colcon_core.verb:set package 'robdesc' build argument 'catkin_skip_building_tests' from command line to 'False'
[6.089s] DEBUG:colcon.colcon_core.verb:Building package 'robdesc' with the following arguments: {'ament_cmake_args': None, 'build_base': '/home/lsw155linuxbox/justbaked/justbaked/build/robdesc', 'catkin_cmake_args': None, 'catkin_skip_building_tests': False, 'cmake_args': None, 'cmake_clean_cache': False, 'cmake_clean_first': False, 'cmake_force_configure': False, 'cmake_target': None, 'cmake_target_skip_unavailable': False, 'install_base': '/home/lsw155linuxbox/justbaked/justbaked/install/robdesc', 'merge_install': False, 'path': '/home/lsw155linuxbox/justbaked/justbaked/src/robdesc', 'symlink_install': False, 'test_result_base': None}
[6.090s] Level 5:colcon.colcon_core.verb:set package 'tempsens' build argument 'cmake_args' from command line to 'None'
[6.090s] Level 5:colcon.colcon_core.verb:set package 'tempsens' build argument 'cmake_target' from command line to 'None'
[6.090s] Level 5:colcon.colcon_core.verb:set package 'tempsens' build argument 'cmake_target_skip_unavailable' from command line to 'False'
[6.090s] Level 5:colcon.colcon_core.verb:set package 'tempsens' build argument 'cmake_clean_cache' from command line to 'False'
[6.090s] Level 5:colcon.colcon_core.verb:set package 'tempsens' build argument 'cmake_clean_first' from command line to 'False'
[6.090s] Level 5:colcon.colcon_core.verb:set package 'tempsens' build argument 'cmake_force_configure' from command line to 'False'
[6.090s] Level 5:colcon.colcon_core.verb:set package 'tempsens' build argument 'ament_cmake_args' from command line to 'None'
[6.090s] Level 5:colcon.colcon_core.verb:set package 'tempsens' build argument 'catkin_cmake_args' from command line to 'None'
[6.090s] Level 5:colcon.colcon_core.verb:set package 'tempsens' build argument 'catkin_skip_building_tests' from command line to 'False'
[6.090s] DEBUG:colcon.colcon_core.verb:Building package 'tempsens' with the following arguments: {'ament_cmake_args': None, 'build_base': '/home/lsw155linuxbox/justbaked/justbaked/build/tempsens', 'catkin_cmake_args': None, 'catkin_skip_building_tests': False, 'cmake_args': None, 'cmake_clean_cache': False, 'cmake_clean_first': False, 'cmake_force_configure': False, 'cmake_target': None, 'cmake_target_skip_unavailable': False, 'install_base': '/home/lsw155linuxbox/justbaked/justbaked/install/tempsens', 'merge_install': False, 'path': '/home/lsw155linuxbox/justbaked/justbaked/src/tempsens', 'symlink_install': False, 'test_result_base': None}
[6.090s] INFO:colcon.colcon_core.executor:Executing jobs using 'parallel' executor
[6.091s] DEBUG:colcon.colcon_parallel_executor.executor.parallel:run_until_complete
[6.092s] INFO:colcon.colcon_ros.task.ament_cmake.build:Building ROS package in '/home/lsw155linuxbox/justbaked/justbaked/src/gazebo' with build type 'ament_cmake'
[6.092s] INFO:colcon.colcon_cmake.task.cmake.build:Building CMake package in '/home/lsw155linuxbox/justbaked/justbaked/src/gazebo'
[6.095s] INFO:colcon.colcon_core.plugin_system:Skipping extension 'colcon_core.shell.bat': Not used on non-Windows systems
[6.096s] INFO:colcon.colcon_core.shell:Skip shell extension 'powershell' for command environment: Not usable outside of PowerShell
[6.096s] DEBUG:colcon.colcon_core.shell:Skip shell extension 'dsv' for command environment
[6.103s] INFO:colcon.colcon_ros.task.ament_cmake.build:Building ROS package in '/home/lsw155linuxbox/justbaked/justbaked/src/robdesc' with build type 'ament_cmake'
[6.103s] INFO:colcon.colcon_cmake.task.cmake.build:Building CMake package in '/home/lsw155linuxbox/justbaked/justbaked/src/robdesc'
[6.104s] INFO:colcon.colcon_core.shell:Skip shell extension 'powershell' for command environment: Not usable outside of PowerShell
[6.104s] DEBUG:colcon.colcon_core.shell:Skip shell extension 'dsv' for command environment
[6.109s] INFO:colcon.colcon_ros.task.ament_cmake.build:Building ROS package in '/home/lsw155linuxbox/justbaked/justbaked/src/tempsens' with build type 'ament_cmake'
[6.109s] INFO:colcon.colcon_cmake.task.cmake.build:Building CMake package in '/home/lsw155linuxbox/justbaked/justbaked/src/tempsens'
[6.109s] INFO:colcon.colcon_core.shell:Skip shell extension 'powershell' for command environment: Not usable outside of PowerShell
[6.109s] DEBUG:colcon.colcon_core.shell:Skip shell extension 'dsv' for command environment
[6.167s] DEBUG:colcon.colcon_core.event_handler.log_command:Invoking command in '/home/lsw155linuxbox/justbaked/justbaked/build/gazebo': CMAKE_PREFIX_PATH=${CMAKE_PREFIX_PATH}:/opt/ros/jazzy DEBUGINFOD_URLS=https://debuginfod.ubuntu.com /usr/bin/cmake --build /home/lsw155linuxbox/justbaked/justbaked/build/gazebo -- -j8 -l8
[6.233s] DEBUG:colcon.colcon_core.event_handler.log_command:Invoking command in '/home/lsw155linuxbox/justbaked/justbaked/build/robdesc': CMAKE_PREFIX_PATH=${CMAKE_PREFIX_PATH}:/opt/ros/jazzy DEBUGINFOD_URLS=https://debuginfod.ubuntu.com /usr/bin/cmake --build /home/lsw155linuxbox/justbaked/justbaked/build/robdesc -- -j8 -l8
[6.267s] DEBUG:colcon.colcon_core.event_handler.log_command:Invoking command in '/home/lsw155linuxbox/justbaked/justbaked/build/tempsens': CMAKE_PREFIX_PATH=${CMAKE_PREFIX_PATH}:/opt/ros/jazzy DEBUGINFOD_URLS=https://debuginfod.ubuntu.com /usr/bin/cmake --build /home/lsw155linuxbox/justbaked/justbaked/build/tempsens -- -j8 -l8
[6.310s] DEBUG:colcon.colcon_core.event_handler.log_command:Invoked command in '/home/lsw155linuxbox/justbaked/justbaked/build/gazebo' returned '0': CMAKE_PREFIX_PATH=${CMAKE_PREFIX_PATH}:/opt/ros/jazzy DEBUGINFOD_URLS=https://debuginfod.ubuntu.com /usr/bin/cmake --build /home/lsw155linuxbox/justbaked/justbaked/build/gazebo -- -j8 -l8
[6.323s] DEBUG:colcon.colcon_core.event_handler.log_command:Invoking command in '/home/lsw155linuxbox/justbaked/justbaked/build/gazebo': CMAKE_PREFIX_PATH=${CMAKE_PREFIX_PATH}:/opt/ros/jazzy DEBUGINFOD_URLS=https://debuginfod.ubuntu.com /usr/bin/cmake --install /home/lsw155linuxbox/justbaked/justbaked/build/gazebo
[6.324s] DEBUG:colcon.colcon_core.event_handler.log_command:Invoked command in '/home/lsw155linuxbox/justbaked/justbaked/build/robdesc' returned '0': CMAKE_PREFIX_PATH=${CMAKE_PREFIX_PATH}:/opt/ros/jazzy DEBUGINFOD_URLS=https://debuginfod.ubuntu.com /usr/bin/cmake --build /home/lsw155linuxbox/justbaked/justbaked/build/robdesc -- -j8 -l8
[6.365s] DEBUG:colcon.colcon_core.event_handler.log_command:Invoking command in '/home/lsw155linuxbox/justbaked/justbaked/build/robdesc': CMAKE_PREFIX_PATH=${CMAKE_PREFIX_PATH}:/opt/ros/jazzy DEBUGINFOD_URLS=https://debuginfod.ubuntu.com /usr/bin/cmake --install /home/lsw155linuxbox/justbaked/justbaked/build/robdesc
[6.367s] DEBUG:colcon.colcon_core.event_handler.log_command:Invoked command in '/home/lsw155linuxbox/justbaked/justbaked/build/tempsens' returned '0': CMAKE_PREFIX_PATH=${CMAKE_PREFIX_PATH}:/opt/ros/jazzy DEBUGINFOD_URLS=https://debuginfod.ubuntu.com /usr/bin/cmake --build /home/lsw155linuxbox/justbaked/justbaked/build/tempsens -- -j8 -l8
[6.370s] Level 1:colcon.colcon_core.environment:create_environment_scripts_only(gazebo)
[6.370s] DEBUG:colcon.colcon_core.event_handler.log_command:Invoking command in '/home/lsw155linuxbox/justbaked/justbaked/build/tempsens': CMAKE_PREFIX_PATH=${CMAKE_PREFIX_PATH}:/opt/ros/jazzy DEBUGINFOD_URLS=https://debuginfod.ubuntu.com /usr/bin/cmake --install /home/lsw155linuxbox/justbaked/justbaked/build/tempsens
[6.371s] DEBUG:colcon.colcon_core.event_handler.log_command:Invoked command in '/home/lsw155linuxbox/justbaked/justbaked/build/gazebo' returned '0': CMAKE_PREFIX_PATH=${CMAKE_PREFIX_PATH}:/opt/ros/jazzy DEBUGINFOD_URLS=https://debuginfod.ubuntu.com /usr/bin/cmake --install /home/lsw155linuxbox/justbaked/justbaked/build/gazebo
[6.373s] Level 1:colcon.colcon_core.environment:checking '/home/lsw155linuxbox/justbaked/justbaked/install/gazebo' for CMake module files
[6.374s] Level 1:colcon.colcon_core.environment:checking '/home/lsw155linuxbox/justbaked/justbaked/install/gazebo' for CMake config files
[6.375s] Level 1:colcon.colcon_core.shell:create_environment_hook('gazebo', 'cmake_prefix_path')
[6.375s] INFO:colcon.colcon_core.shell:Creating environment hook '/home/lsw155linuxbox/justbaked/justbaked/install/gazebo/share/gazebo/hook/cmake_prefix_path.ps1'
[6.376s] INFO:colcon.colcon_core.shell:Creating environment descriptor '/home/lsw155linuxbox/justbaked/justbaked/install/gazebo/share/gazebo/hook/cmake_prefix_path.dsv'
[6.376s] INFO:colcon.colcon_core.shell:Creating environment hook '/home/lsw155linuxbox/justbaked/justbaked/install/gazebo/share/gazebo/hook/cmake_prefix_path.sh'
[6.380s] Level 1:colcon.colcon_core.environment:checking '/home/lsw155linuxbox/justbaked/justbaked/install/gazebo/bin'
[6.380s] Level 1:colcon.colcon_core.environment:checking '/home/lsw155linuxbox/justbaked/justbaked/install/gazebo/lib/pkgconfig/gazebo.pc'
[6.380s] Level 1:colcon.colcon_core.environment:checking '/home/lsw155linuxbox/justbaked/justbaked/install/gazebo/lib/python3.12/site-packages'
[6.381s] Level 1:colcon.colcon_core.environment:checking '/home/lsw155linuxbox/justbaked/justbaked/install/gazebo/bin'
[6.381s] INFO:colcon.colcon_core.shell:Creating package script '/home/lsw155linuxbox/justbaked/justbaked/install/gazebo/share/gazebo/package.ps1'
[6.382s] INFO:colcon.colcon_core.shell:Creating package descriptor '/home/lsw155linuxbox/justbaked/justbaked/install/gazebo/share/gazebo/package.dsv'
[6.383s] INFO:colcon.colcon_core.shell:Creating package script '/home/lsw155linuxbox/justbaked/justbaked/install/gazebo/share/gazebo/package.sh'
[6.384s] INFO:colcon.colcon_core.shell:Creating package script '/home/lsw155linuxbox/justbaked/justbaked/install/gazebo/share/gazebo/package.bash'
[6.385s] INFO:colcon.colcon_core.shell:Creating package script '/home/lsw155linuxbox/justbaked/justbaked/install/gazebo/share/gazebo/package.zsh'
[6.386s] Level 1:colcon.colcon_core.environment:create_file_with_runtime_dependencies(/home/lsw155linuxbox/justbaked/justbaked/install/gazebo/share/colcon-core/packages/gazebo)
[6.387s] Level 1:colcon.colcon_core.environment:create_environment_scripts_only(gazebo)
[6.388s] Level 1:colcon.colcon_core.environment:checking '/home/lsw155linuxbox/justbaked/justbaked/install/gazebo' for CMake module files
[6.389s] Level 1:colcon.colcon_core.environment:checking '/home/lsw155linuxbox/justbaked/justbaked/install/gazebo' for CMake config files
[6.389s] Level 1:colcon.colcon_core.shell:create_environment_hook('gazebo', 'cmake_prefix_path')
[6.390s] INFO:colcon.colcon_core.shell:Creating environment hook '/home/lsw155linuxbox/justbaked/justbaked/install/gazebo/share/gazebo/hook/cmake_prefix_path.ps1'
[6.390s] INFO:colcon.colcon_core.shell:Creating environment descriptor '/home/lsw155linuxbox/justbaked/justbaked/install/gazebo/share/gazebo/hook/cmake_prefix_path.dsv'
[6.391s] INFO:colcon.colcon_core.shell:Creating environment hook '/home/lsw155linuxbox/justbaked/justbaked/install/gazebo/share/gazebo/hook/cmake_prefix_path.sh'
[6.392s] Level 1:colcon.colcon_core.environment:checking '/home/lsw155linuxbox/justbaked/justbaked/install/gazebo/bin'
[6.393s] Level 1:colcon.colcon_core.environment:checking '/home/lsw155linuxbox/justbaked/justbaked/install/gazebo/lib/pkgconfig/gazebo.pc'
[6.393s] Level 1:colcon.colcon_core.environment:checking '/home/lsw155linuxbox/justbaked/justbaked/install/gazebo/lib/python3.12/site-packages'
[6.393s] Level 1:colcon.colcon_core.environment:checking '/home/lsw155linuxbox/justbaked/justbaked/install/gazebo/bin'
[6.394s] INFO:colcon.colcon_core.shell:Creating package script '/home/lsw155linuxbox/justbaked/justbaked/install/gazebo/share/gazebo/package.ps1'
[6.395s] INFO:colcon.colcon_core.shell:Creating package descriptor '/home/lsw155linuxbox/justbaked/justbaked/install/gazebo/share/gazebo/package.dsv'
[6.397s] INFO:colcon.colcon_core.shell:Creating package script '/home/lsw155linuxbox/justbaked/justbaked/install/gazebo/share/gazebo/package.sh'
[6.398s] INFO:colcon.colcon_core.shell:Creating package script '/home/lsw155linuxbox/justbaked/justbaked/install/gazebo/share/gazebo/package.bash'
[6.399s] INFO:colcon.colcon_core.shell:Creating package script '/home/lsw155linuxbox/justbaked/justbaked/install/gazebo/share/gazebo/package.zsh'
[6.399s] Level 1:colcon.colcon_core.environment:create_file_with_runtime_dependencies(/home/lsw155linuxbox/justbaked/justbaked/install/gazebo/share/colcon-core/packages/gazebo)
[6.417s] Level 1:colcon.colcon_core.environment:create_environment_scripts_only(tempsens)
[6.417s] Level 1:colcon.colcon_core.environment:checking '/home/lsw155linuxbox/justbaked/justbaked/install/tempsens' for CMake module files
[6.418s] DEBUG:colcon.colcon_core.event_handler.log_command:Invoked command in '/home/lsw155linuxbox/justbaked/justbaked/build/tempsens' returned '0': CMAKE_PREFIX_PATH=${CMAKE_PREFIX_PATH}:/opt/ros/jazzy DEBUGINFOD_URLS=https://debuginfod.ubuntu.com /usr/bin/cmake --install /home/lsw155linuxbox/justbaked/justbaked/build/tempsens
[6.419s] Level 1:colcon.colcon_core.environment:checking '/home/lsw155linuxbox/justbaked/justbaked/install/tempsens' for CMake config files
[6.419s] Level 1:colcon.colcon_core.shell:create_environment_hook('tempsens', 'cmake_prefix_path')
[6.419s] INFO:colcon.colcon_core.shell:Creating environment hook '/home/lsw155linuxbox/justbaked/justbaked/install/tempsens/share/tempsens/hook/cmake_prefix_path.ps1'
[6.420s] INFO:colcon.colcon_core.shell:Creating environment descriptor '/home/lsw155linuxbox/justbaked/justbaked/install/tempsens/share/tempsens/hook/cmake_prefix_path.dsv'
[6.420s] INFO:colcon.colcon_core.shell:Creating environment hook '/home/lsw155linuxbox/justbaked/justbaked/install/tempsens/share/tempsens/hook/cmake_prefix_path.sh'
[6.421s] Level 1:colcon.colcon_core.environment:checking '/home/lsw155linuxbox/justbaked/justbaked/install/tempsens/bin'
[6.421s] Level 1:colcon.colcon_core.environment:checking '/home/lsw155linuxbox/justbaked/justbaked/install/tempsens/lib/pkgconfig/tempsens.pc'
[6.422s] Level 1:colcon.colcon_core.environment:checking '/home/lsw155linuxbox/justbaked/justbaked/install/tempsens/lib/python3.12/site-packages'
[6.422s] Level 1:colcon.colcon_core.environment:checking '/home/lsw155linuxbox/justbaked/justbaked/install/tempsens/bin'
[6.422s] INFO:colcon.colcon_core.shell:Creating package script '/home/lsw155linuxbox/justbaked/justbaked/install/tempsens/share/tempsens/package.ps1'
[6.423s] INFO:colcon.colcon_core.shell:Creating package descriptor '/home/lsw155linuxbox/justbaked/justbaked/install/tempsens/share/tempsens/package.dsv'
[6.423s] INFO:colcon.colcon_core.shell:Creating package script '/home/lsw155linuxbox/justbaked/justbaked/install/tempsens/share/tempsens/package.sh'
[6.424s] INFO:colcon.colcon_core.shell:Creating package script '/home/lsw155linuxbox/justbaked/justbaked/install/tempsens/share/tempsens/package.bash'
[6.424s] INFO:colcon.colcon_core.shell:Creating package script '/home/lsw155linuxbox/justbaked/justbaked/install/tempsens/share/tempsens/package.zsh'
[6.425s] Level 1:colcon.colcon_core.environment:create_file_with_runtime_dependencies(/home/lsw155linuxbox/justbaked/justbaked/install/tempsens/share/colcon-core/packages/tempsens)
[6.426s] Level 1:colcon.colcon_core.environment:create_environment_scripts_only(tempsens)
[6.426s] Level 1:colcon.colcon_core.environment:checking '/home/lsw155linuxbox/justbaked/justbaked/install/tempsens' for CMake module files
[6.427s] Level 1:colcon.colcon_core.environment:checking '/home/lsw155linuxbox/justbaked/justbaked/install/tempsens' for CMake config files
[6.427s] Level 1:colcon.colcon_core.shell:create_environment_hook('tempsens', 'cmake_prefix_path')
[6.427s] INFO:colcon.colcon_core.shell:Creating environment hook '/home/lsw155linuxbox/justbaked/justbaked/install/tempsens/share/tempsens/hook/cmake_prefix_path.ps1'
[6.428s] INFO:colcon.colcon_core.shell:Creating environment descriptor '/home/lsw155linuxbox/justbaked/justbaked/install/tempsens/share/tempsens/hook/cmake_prefix_path.dsv'
[6.428s] INFO:colcon.colcon_core.shell:Creating environment hook '/home/lsw155linuxbox/justbaked/justbaked/install/tempsens/share/tempsens/hook/cmake_prefix_path.sh'
[6.429s] Level 1:colcon.colcon_core.environment:checking '/home/lsw155linuxbox/justbaked/justbaked/install/tempsens/bin'
[6.429s] Level 1:colcon.colcon_core.environment:checking '/home/lsw155linuxbox/justbaked/justbaked/install/tempsens/lib/pkgconfig/tempsens.pc'
[6.429s] Level 1:colcon.colcon_core.environment:checking '/home/lsw155linuxbox/justbaked/justbaked/install/tempsens/lib/python3.12/site-packages'
[6.429s] Level 1:colcon.colcon_core.environment:checking '/home/lsw155linuxbox/justbaked/justbaked/install/tempsens/bin'
[6.430s] INFO:colcon.colcon_core.shell:Creating package script '/home/lsw155linuxbox/justbaked/justbaked/install/tempsens/share/tempsens/package.ps1'
[6.430s] INFO:colcon.colcon_core.shell:Creating package descriptor '/home/lsw155linuxbox/justbaked/justbaked/install/tempsens/share/tempsens/package.dsv'
[6.431s] INFO:colcon.colcon_core.shell:Creating package script '/home/lsw155linuxbox/justbaked/justbaked/install/tempsens/share/tempsens/package.sh'
[6.431s] INFO:colcon.colcon_core.shell:Creating package script '/home/lsw155linuxbox/justbaked/justbaked/install/tempsens/share/tempsens/package.bash'
[6.432s] INFO:colcon.colcon_core.shell:Creating package script '/home/lsw155linuxbox/justbaked/justbaked/install/tempsens/share/tempsens/package.zsh'
[6.439s] Level 1:colcon.colcon_core.environment:create_file_with_runtime_dependencies(/home/lsw155linuxbox/justbaked/justbaked/install/tempsens/share/colcon-core/packages/tempsens)
[6.441s] Level 1:colcon.colcon_core.environment:create_environment_scripts_only(robdesc)
[6.442s] Level 1:colcon.colcon_core.environment:checking '/home/lsw155linuxbox/justbaked/justbaked/install/robdesc' for CMake module files
[6.443s] DEBUG:colcon.colcon_core.event_handler.log_command:Invoked command in '/home/lsw155linuxbox/justbaked/justbaked/build/robdesc' returned '0': CMAKE_PREFIX_PATH=${CMAKE_PREFIX_PATH}:/opt/ros/jazzy DEBUGINFOD_URLS=https://debuginfod.ubuntu.com /usr/bin/cmake --install /home/lsw155linuxbox/justbaked/justbaked/build/robdesc
[6.444s] Level 1:colcon.colcon_core.environment:checking '/home/lsw155linuxbox/justbaked/justbaked/install/robdesc' for CMake config files
[6.446s] Level 1:colcon.colcon_core.shell:create_environment_hook('robdesc', 'cmake_prefix_path')
[6.447s] INFO:colcon.colcon_core.shell:Creating environment hook '/home/lsw155linuxbox/justbaked/justbaked/install/robdesc/share/robdesc/hook/cmake_prefix_path.ps1'
[6.447s] INFO:colcon.colcon_core.shell:Creating environment descriptor '/home/lsw155linuxbox/justbaked/justbaked/install/robdesc/share/robdesc/hook/cmake_prefix_path.dsv'
[6.448s] INFO:colcon.colcon_core.shell:Creating environment hook '/home/lsw155linuxbox/justbaked/justbaked/install/robdesc/share/robdesc/hook/cmake_prefix_path.sh'
[6.448s] Level 1:colcon.colcon_core.environment:checking '/home/lsw155linuxbox/justbaked/justbaked/install/robdesc/bin'
[6.449s] Level 1:colcon.colcon_core.environment:checking '/home/lsw155linuxbox/justbaked/justbaked/install/robdesc/lib/pkgconfig/robdesc.pc'
[6.449s] Level 1:colcon.colcon_core.environment:checking '/home/lsw155linuxbox/justbaked/justbaked/install/robdesc/lib/python3.12/site-packages'
[6.449s] Level 1:colcon.colcon_core.environment:checking '/home/lsw155linuxbox/justbaked/justbaked/install/robdesc/bin'
[6.449s] INFO:colcon.colcon_core.shell:Creating package script '/home/lsw155linuxbox/justbaked/justbaked/install/robdesc/share/robdesc/package.ps1'
[6.450s] INFO:colcon.colcon_core.shell:Creating package descriptor '/home/lsw155linuxbox/justbaked/justbaked/install/robdesc/share/robdesc/package.dsv'
[6.450s] INFO:colcon.colcon_core.shell:Creating package script '/home/lsw155linuxbox/justbaked/justbaked/install/robdesc/share/robdesc/package.sh'
[6.451s] INFO:colcon.colcon_core.shell:Creating package script '/home/lsw155linuxbox/justbaked/justbaked/install/robdesc/share/robdesc/package.bash'
[6.451s] INFO:colcon.colcon_core.shell:Creating package script '/home/lsw155linuxbox/justbaked/justbaked/install/robdesc/share/robdesc/package.zsh'
[6.452s] Level 1:colcon.colcon_core.environment:create_file_with_runtime_dependencies(/home/lsw155linuxbox/justbaked/justbaked/install/robdesc/share/colcon-core/packages/robdesc)
[6.452s] Level 1:colcon.colcon_core.environment:create_environment_scripts_only(robdesc)
[6.452s] Level 1:colcon.colcon_core.environment:checking '/home/lsw155linuxbox/justbaked/justbaked/install/robdesc' for CMake module files
[6.453s] Level 1:colcon.colcon_core.environment:checking '/home/lsw155linuxbox/justbaked/justbaked/install/robdesc' for CMake config files
[6.453s] Level 1:colcon.colcon_core.shell:create_environment_hook('robdesc', 'cmake_prefix_path')
[6.454s] INFO:colcon.colcon_core.shell:Creating environment hook '/home/lsw155linuxbox/justbaked/justbaked/install/robdesc/share/robdesc/hook/cmake_prefix_path.ps1'
[6.454s] INFO:colcon.colcon_core.shell:Creating environment descriptor '/home/lsw155linuxbox/justbaked/justbaked/install/robdesc/share/robdesc/hook/cmake_prefix_path.dsv'
[6.454s] INFO:colcon.colcon_core.shell:Creating environment hook '/home/lsw155linuxbox/justbaked/justbaked/install/robdesc/share/robdesc/hook/cmake_prefix_path.sh'
[6.455s] Level 1:colcon.colcon_core.environment:checking '/home/lsw155linuxbox/justbaked/justbaked/install/robdesc/bin'
[6.455s] Level 1:colcon.colcon_core.environment:checking '/home/lsw155linuxbox/justbaked/justbaked/install/robdesc/lib/pkgconfig/robdesc.pc'
[6.455s] Level 1:colcon.colcon_core.environment:checking '/home/lsw155linuxbox/justbaked/justbaked/install/robdesc/lib/python3.12/site-packages'
[6.456s] Level 1:colcon.colcon_core.environment:checking '/home/lsw155linuxbox/justbaked/justbaked/install/robdesc/bin'
[6.456s] INFO:colcon.colcon_core.shell:Creating package script '/home/lsw155linuxbox/justbaked/justbaked/install/robdesc/share/robdesc/package.ps1'
[6.456s] INFO:colcon.colcon_core.shell:Creating package descriptor '/home/lsw155linuxbox/justbaked/justbaked/install/robdesc/share/robdesc/package.dsv'
[6.457s] INFO:colcon.colcon_core.shell:Creating package script '/home/lsw155linuxbox/justbaked/justbaked/install/robdesc/share/robdesc/package.sh'
[6.457s] INFO:colcon.colcon_core.shell:Creating package script '/home/lsw155linuxbox/justbaked/justbaked/install/robdesc/share/robdesc/package.bash'
[6.458s] INFO:colcon.colcon_core.shell:Creating package script '/home/lsw155linuxbox/justbaked/justbaked/install/robdesc/share/robdesc/package.zsh'
[6.458s] Level 1:colcon.colcon_core.environment:create_file_with_runtime_dependencies(/home/lsw155linuxbox/justbaked/justbaked/install/robdesc/share/colcon-core/packages/robdesc)
[6.458s] DEBUG:colcon.colcon_parallel_executor.executor.parallel:closing loop
[6.459s] DEBUG:colcon.colcon_parallel_executor.executor.parallel:loop closed
[6.459s] DEBUG:colcon.colcon_parallel_executor.executor.parallel:run_until_complete finished with '0'
[6.460s] DEBUG:colcon.colcon_core.event_reactor:joining thread
[6.542s] INFO:colcon.colcon_core.plugin_system:Skipping extension 'colcon_notification.desktop_notification.terminal_notifier': Not used on non-Darwin systems
[6.543s] INFO:colcon.colcon_core.plugin_system:Skipping extension 'colcon_notification.desktop_notification.win32': Not used on non-Windows systems
[6.543s] INFO:colcon.colcon_notification.desktop_notification:Sending desktop notification using 'notify2'
[6.671s] DEBUG:colcon.colcon_core.event_reactor:joined thread
[6.672s] INFO:colcon.colcon_core.shell:Creating prefix script '/home/lsw155linuxbox/justbaked/justbaked/install/local_setup.ps1'
[6.673s] INFO:colcon.colcon_core.shell:Creating prefix util module '/home/lsw155linuxbox/justbaked/justbaked/install/_local_setup_util_ps1.py'
[6.676s] INFO:colcon.colcon_core.shell:Creating prefix chain script '/home/lsw155linuxbox/justbaked/justbaked/install/setup.ps1'
[6.678s] INFO:colcon.colcon_core.shell:Creating prefix script '/home/lsw155linuxbox/justbaked/justbaked/install/local_setup.sh'
[6.679s] INFO:colcon.colcon_core.shell:Creating prefix util module '/home/lsw155linuxbox/justbaked/justbaked/install/_local_setup_util_sh.py'
[6.681s] INFO:colcon.colcon_core.shell:Creating prefix chain script '/home/lsw155linuxbox/justbaked/justbaked/install/setup.sh'
[6.683s] INFO:colcon.colcon_core.shell:Creating prefix script '/home/lsw155linuxbox/justbaked/justbaked/install/local_setup.bash'
[6.684s] INFO:colcon.colcon_core.shell:Creating prefix chain script '/home/lsw155linuxbox/justbaked/justbaked/install/setup.bash'
[6.687s] INFO:colcon.colcon_core.shell:Creating prefix script '/home/lsw155linuxbox/justbaked/justbaked/install/local_setup.zsh'
[6.688s] INFO:colcon.colcon_core.shell:Creating prefix chain script '/home/lsw155linuxbox/justbaked/justbaked/install/setup.zsh'
