[2.428s] Invoking command in '/home/ieee/justbaked/justbaked/src/temp_sens': DEBUGINFOD_URLS=https://debuginfod.ubuntu.com PYTHONPATH=/home/ieee/justbaked/justbaked/build/temp_sens/prefix_override:/usr/lib/python3/dist-packages/colcon_core/task/python/colcon_distutils_commands:/home/ieee/justbaked/justbaked/install/temp_sens/lib/python3.12/site-packages:${PYTHONPATH} /usr/bin/python3 -W ignore:setup.py install is deprecated -W ignore:easy_install command is deprecated setup.py egg_info --egg-base ../../build/temp_sens build --build-base /home/ieee/justbaked/justbaked/build/temp_sens/build install --record /home/ieee/justbaked/justbaked/build/temp_sens/install.log --single-version-externally-managed install_data
[2.970s] running egg_info
[3.002s] writing ../../build/temp_sens/temp_sens.egg-info/PKG-INFO
[3.002s] writing dependency_links to ../../build/temp_sens/temp_sens.egg-info/dependency_links.txt
[3.003s] writing entry points to ../../build/temp_sens/temp_sens.egg-info/entry_points.txt
[3.004s] writing requirements to ../../build/temp_sens/temp_sens.egg-info/requires.txt
[3.004s] writing top-level names to ../../build/temp_sens/temp_sens.egg-info/top_level.txt
[3.115s] reading manifest file '../../build/temp_sens/temp_sens.egg-info/SOURCES.txt'
[3.115s] adding license file 'LICENSE'
[3.116s] writing manifest file '../../build/temp_sens/temp_sens.egg-info/SOURCES.txt'
[3.116s] running build
[3.117s] running build_py
[3.118s] running install
[3.131s] running install_lib
[3.207s] running install_data
[3.208s] running install_egg_info
[3.283s] removing '/home/ieee/justbaked/justbaked/install/temp_sens/lib/python3.12/site-packages/temp_sens-0.0.1-py3.12.egg-info' (and everything under it)
[3.285s] Copying ../../build/temp_sens/temp_sens.egg-info to /home/ieee/justbaked/justbaked/install/temp_sens/lib/python3.12/site-packages/temp_sens-0.0.1-py3.12.egg-info
[3.287s] running install_scripts
[3.687s] Installing serial_temp_reader script to /home/ieee/justbaked/justbaked/install/temp_sens/lib/temp_sens
[3.687s] writing list of installed files to '/home/ieee/justbaked/justbaked/build/temp_sens/install.log'
[3.834s] Invoked command in '/home/ieee/justbaked/justbaked/src/temp_sens' returned '0': DEBUGINFOD_URLS=https://debuginfod.ubuntu.com PYTHONPATH=/home/ieee/justbaked/justbaked/build/temp_sens/prefix_override:/usr/lib/python3/dist-packages/colcon_core/task/python/colcon_distutils_commands:/home/ieee/justbaked/justbaked/install/temp_sens/lib/python3.12/site-packages:${PYTHONPATH} /usr/bin/python3 -W ignore:setup.py install is deprecated -W ignore:easy_install command is deprecated setup.py egg_info --egg-base ../../build/temp_sens build --build-base /home/ieee/justbaked/justbaked/build/temp_sens/build install --record /home/ieee/justbaked/justbaked/build/temp_sens/install.log --single-version-externally-managed install_data
